{"/home/mike/dev/imperium/packages/router/src/index.ts": {"path":"/home/mike/dev/imperium/packages/router/src/index.ts","statementMap":{"0":{"start":{"line":4,"column":1},"end":{"line":7,"column":3}}},"fnMap":{"0":{"name":"ImperiumRouterModule","decl":{"start":{"line":3,"column":24},"end":{"line":3,"column":44}},"loc":{"start":{"line":3,"column":47},"end":{"line":8,"column":1}},"line":3}},"branchMap":{},"s":{"0":0},"f":{"0":0},"b":{},"hash":"facdf2b2a44b47b07dffa2865e3e7968a65b089e"}
,"/home/mike/dev/imperium/packages/router/src/types.ts": {"path":"/home/mike/dev/imperium/packages/router/src/types.ts","statementMap":{},"fnMap":{},"branchMap":{},"s":{},"f":{},"b":{},"hash":"89131a1fdfa538a338ea116e3cab702a086e8b42"}
,"/home/mike/dev/imperium/packages/router/src/withRouter.tsx": {"path":"/home/mike/dev/imperium/packages/router/src/withRouter.tsx","statementMap":{"0":{"start":{"line":7,"column":10},"end":{"line":7,"column":45}},"1":{"start":{"line":11,"column":1},"end":{"line":11,"column":21}},"2":{"start":{"line":12,"column":16},"end":{"line":17,"column":26}},"3":{"start":{"line":13,"column":2},"end":{"line":15,"column":3}},"4":{"start":{"line":14,"column":3},"end":{"line":14,"column":38}},"5":{"start":{"line":16,"column":2},"end":{"line":16,"column":14}},"6":{"start":{"line":19,"column":1},"end":{"line":32,"column":3}},"7":{"start":{"line":20,"column":22},"end":{"line":20,"column":90}},"8":{"start":{"line":23,"column":3},"end":{"line":27,"column":5}},"9":{"start":{"line":30,"column":2},"end":{"line":30,"column":64}},"10":{"start":{"line":31,"column":2},"end":{"line":31,"column":29}}},"fnMap":{"0":{"name":"withRouter","decl":{"start":{"line":9,"column":24},"end":{"line":9,"column":34}},"loc":{"start":{"line":9,"column":65},"end":{"line":33,"column":1}},"line":9},"1":{"name":"(anonymous_1)","decl":{"start":{"line":12,"column":38},"end":{"line":12,"column":39}},"loc":{"start":{"line":12,"column":107},"end":{"line":17,"column":2}},"line":12},"2":{"name":"routerHoc","decl":{"start":{"line":19,"column":17},"end":{"line":19,"column":26}},"loc":{"start":{"line":19,"column":66},"end":{"line":32,"column":2}},"line":19},"3":{"name":"ComponentWithRouter","decl":{"start":{"line":22,"column":11},"end":{"line":22,"column":30}},"loc":{"start":{"line":22,"column":43},"end":{"line":28,"column":3}},"line":22}},"branchMap":{"0":{"loc":{"start":{"line":13,"column":2},"end":{"line":15,"column":3}},"type":"if","locations":[{"start":{"line":13,"column":2},"end":{"line":15,"column":3}},{"start":{"line":13,"column":2},"end":{"line":15,"column":3}}],"line":13},"1":{"loc":{"start":{"line":20,"column":22},"end":{"line":20,"column":90}},"type":"binary-expr","locations":[{"start":{"line":20,"column":22},"end":{"line":20,"column":50}},{"start":{"line":20,"column":54},"end":{"line":20,"column":75}},{"start":{"line":20,"column":79},"end":{"line":20,"column":90}}],"line":20}},"s":{"0":0,"1":0,"2":0,"3":0,"4":0,"5":0,"6":0,"7":0,"8":0,"9":0,"10":0},"f":{"0":0,"1":0,"2":0,"3":0},"b":{"0":[0,0],"1":[0,0,0]},"hash":"2d38c09f5c4365069ff631ed04ee710b6b0226a8"}
,"/home/mike/dev/imperium/packages/router/src/RouteDirector/RouteDirector.tsx": {"path":"/home/mike/dev/imperium/packages/router/src/RouteDirector/RouteDirector.tsx","statementMap":{"0":{"start":{"line":7,"column":10},"end":{"line":7,"column":48}},"1":{"start":{"line":16,"column":25},"end":{"line":16,"column":30}},"2":{"start":{"line":17,"column":14},"end":{"line":17,"column":31}},"3":{"start":{"line":18,"column":1},"end":{"line":20,"column":2}},"4":{"start":{"line":19,"column":2},"end":{"line":19,"column":39}},"5":{"start":{"line":22,"column":1},"end":{"line":54,"column":3}},"6":{"start":{"line":26,"column":38},"end":{"line":26,"column":74}},"7":{"start":{"line":28,"column":4},"end":{"line":51,"column":6}},"8":{"start":{"line":32,"column":7},"end":{"line":32,"column":48}},"9":{"start":{"line":33,"column":7},"end":{"line":39,"column":8}},"10":{"start":{"line":34,"column":8},"end":{"line":38,"column":10}},"11":{"start":{"line":40,"column":7},"end":{"line":46,"column":8}},"12":{"start":{"line":41,"column":8},"end":{"line":45,"column":10}},"13":{"start":{"line":47,"column":7},"end":{"line":47,"column":19}}},"fnMap":{"0":{"name":"RouteDirector","decl":{"start":{"line":15,"column":24},"end":{"line":15,"column":37}},"loc":{"start":{"line":15,"column":65},"end":{"line":55,"column":1}},"line":15},"1":{"name":"(anonymous_1)","decl":{"start":{"line":24,"column":15},"end":{"line":24,"column":16}},"loc":{"start":{"line":24,"column":24},"end":{"line":52,"column":4}},"line":24},"2":{"name":"(anonymous_2)","decl":{"start":{"line":31,"column":14},"end":{"line":31,"column":15}},"loc":{"start":{"line":31,"column":41},"end":{"line":48,"column":7}},"line":31}},"branchMap":{"0":{"loc":{"start":{"line":18,"column":1},"end":{"line":20,"column":2}},"type":"if","locations":[{"start":{"line":18,"column":1},"end":{"line":20,"column":2}},{"start":{"line":18,"column":1},"end":{"line":20,"column":2}}],"line":18},"1":{"loc":{"start":{"line":26,"column":43},"end":{"line":26,"column":62}},"type":"binary-expr","locations":[{"start":{"line":26,"column":43},"end":{"line":26,"column":56}},{"start":{"line":26,"column":60},"end":{"line":26,"column":62}}],"line":26},"2":{"loc":{"start":{"line":33,"column":7},"end":{"line":39,"column":8}},"type":"if","locations":[{"start":{"line":33,"column":7},"end":{"line":39,"column":8}},{"start":{"line":33,"column":7},"end":{"line":39,"column":8}}],"line":33},"3":{"loc":{"start":{"line":40,"column":7},"end":{"line":46,"column":8}},"type":"if","locations":[{"start":{"line":40,"column":7},"end":{"line":46,"column":8}},{"start":{"line":40,"column":7},"end":{"line":46,"column":8}}],"line":40}},"s":{"0":0,"1":0,"2":0,"3":0,"4":0,"5":0,"6":0,"7":0,"8":0,"9":0,"10":0,"11":0,"12":0,"13":0},"f":{"0":0,"1":0,"2":0},"b":{"0":[0,0],"1":[0,0],"2":[0,0],"3":[0,0]},"hash":"ad26648e9b426f13744410dda07b85502897f00b"}
,"/home/mike/dev/imperium/packages/router/src/RouteDirector/RouteErrorBoundary.tsx": {"path":"/home/mike/dev/imperium/packages/router/src/RouteDirector/RouteErrorBoundary.tsx","statementMap":{"0":{"start":{"line":4,"column":10},"end":{"line":4,"column":53}},"1":{"start":{"line":12,"column":2},"end":{"line":12,"column":15}},"2":{"start":{"line":13,"column":2},"end":{"line":13,"column":33}},"3":{"start":{"line":17,"column":2},"end":{"line":17,"column":26}},"4":{"start":{"line":21,"column":2},"end":{"line":21,"column":11}},"5":{"start":{"line":22,"column":2},"end":{"line":22,"column":15}},"6":{"start":{"line":26,"column":2},"end":{"line":28,"column":3}},"7":{"start":{"line":27,"column":3},"end":{"line":27,"column":41}},"8":{"start":{"line":29,"column":2},"end":{"line":29,"column":29}}},"fnMap":{"0":{"name":"(anonymous_0)","decl":{"start":{"line":11,"column":1},"end":{"line":11,"column":2}},"loc":{"start":{"line":11,"column":34},"end":{"line":14,"column":2}},"line":11},"1":{"name":"(anonymous_1)","decl":{"start":{"line":16,"column":1},"end":{"line":16,"column":2}},"loc":{"start":{"line":16,"column":46},"end":{"line":18,"column":2}},"line":16},"2":{"name":"(anonymous_2)","decl":{"start":{"line":20,"column":1},"end":{"line":20,"column":2}},"loc":{"start":{"line":20,"column":67},"end":{"line":23,"column":2}},"line":20},"3":{"name":"(anonymous_3)","decl":{"start":{"line":25,"column":1},"end":{"line":25,"column":2}},"loc":{"start":{"line":25,"column":10},"end":{"line":30,"column":2}},"line":25}},"branchMap":{"0":{"loc":{"start":{"line":26,"column":2},"end":{"line":28,"column":3}},"type":"if","locations":[{"start":{"line":26,"column":2},"end":{"line":28,"column":3}},{"start":{"line":26,"column":2},"end":{"line":28,"column":3}}],"line":26}},"s":{"0":0,"1":0,"2":0,"3":0,"4":0,"5":0,"6":0,"7":0,"8":0},"f":{"0":0,"1":0,"2":0,"3":0},"b":{"0":[0,0]},"hash":"b33c3948b21555d719a5b0aeb52d4727ff16825e"}
,"/home/mike/dev/imperium/packages/router/src/RouteDirector/index.ts": {"path":"/home/mike/dev/imperium/packages/router/src/RouteDirector/index.ts","statementMap":{},"fnMap":{},"branchMap":{},"s":{},"f":{},"b":{},"hash":"a4b51bb9b8f455cd23a76dc267a2fd35439f59e5"}
}
