{"/home/mike/dev/imperium/packages/core/src/client/index.js": {"path":"/home/mike/dev/imperium/packages/core/src/client/index.js","statementMap":{"0":{"start":{"line":2,"column":0},"end":{"line":null,"column":-1}},"1":{"start":{"line":3,"column":0},"end":{"line":null,"column":-1}},"2":{"start":{"line":4,"column":0},"end":{"line":null,"column":-1}},"3":{"start":{"line":5,"column":0},"end":{"line":null,"column":-1}},"4":{"start":{"line":6,"column":0},"end":{"line":null,"column":-1}},"5":{"start":{"line":7,"column":0},"end":{"line":null,"column":-1}},"6":{"start":{"line":8,"column":0},"end":{"line":null,"column":-1}},"7":{"start":{"line":9,"column":0},"end":{"line":null,"column":-1}},"8":{"start":{"line":10,"column":0},"end":{"line":null,"column":-1}},"9":{"start":{"line":11,"column":0},"end":{"line":null,"column":-1}},"10":{"start":{"line":12,"column":0},"end":{"line":null,"column":-1}},"11":{"start":{"line":13,"column":0},"end":{"line":null,"column":-1}},"12":{"start":{"line":14,"column":0},"end":{"line":null,"column":-1}},"13":{"start":{"line":15,"column":0},"end":{"line":null,"column":-1}},"14":{"start":{"line":16,"column":0},"end":{"line":null,"column":-1}},"15":{"start":{"line":18,"column":10},"end":{"line":18,"column":0}},"16":{"start":{"line":30,"column":1},"end":{"line":null,"column":-1}},"17":{"start":{"line":31,"column":2},"end":{"line":31,"column":47}},"18":{"start":{"line":31,"column":47},"end":{"line":null,"column":-1}},"19":{"start":{"line":32,"column":2},"end":{"line":null,"column":-1}},"20":{"start":{"line":43,"column":1},"end":{"line":42,"column":41}},"21":{"start":{"line":55,"column":1},"end":{"line":null,"column":-1}},"22":{"start":{"line":56,"column":17},"end":{"line":56,"column":1}},"23":{"start":{"line":56,"column":49},"end":{"line":56,"column":17}},"24":{"start":{"line":59,"column":22},"end":{"line":59,"column":1}},"25":{"start":{"line":62,"column":15},"end":{"line":62,"column":1}},"26":{"start":{"line":65,"column":1},"end":{"line":53,"column":35}},"27":{"start":{"line":66,"column":2},"end":{"line":65,"column":27}},"28":{"start":{"line":66,"column":52},"end":{"line":65,"column":27}},"29":{"start":{"line":70,"column":16},"end":{"line":70,"column":1}},"30":{"start":{"line":73,"column":1},"end":{"line":53,"column":35}},"31":{"start":{"line":76,"column":1},"end":{"line":103,"column":2}},"32":{"start":{"line":85,"column":2},"end":{"line":null,"column":-1}},"33":{"start":{"line":87,"column":19},"end":{"line":87,"column":3}},"34":{"start":{"line":88,"column":3},"end":{"line":null,"column":-1}},"35":{"start":{"line":96,"column":2},"end":{"line":null,"column":-1}},"36":{"start":{"line":98,"column":16},"end":{"line":98,"column":3}},"37":{"start":{"line":99,"column":21},"end":{"line":99,"column":3}},"38":{"start":{"line":99,"column":62},"end":{"line":99,"column":39}},"39":{"start":{"line":100,"column":20},"end":{"line":100,"column":3}},"40":{"start":{"line":101,"column":3},"end":{"line":null,"column":-1}},"41":{"start":{"line":105,"column":1},"end":{"line":null,"column":-1}},"42":{"start":{"line":110,"column":1},"end":{"line":112,"column":2}},"43":{"start":{"line":111,"column":2},"end":{"line":null,"column":-1}},"44":{"start":{"line":113,"column":15},"end":{"line":113,"column":1}},"45":{"start":{"line":114,"column":1},"end":{"line":null,"column":-1}},"46":{"start":{"line":115,"column":1},"end":{"line":null,"column":-1}},"47":{"start":{"line":120,"column":12},"end":{"line":120,"column":0}},"48":{"start":{"line":121,"column":0},"end":{"line":148,"column":1}},"49":{"start":{"line":122,"column":15},"end":{"line":121,"column":9}},"50":{"start":{"line":121,"column":9},"end":{"line":121,"column":8}},"51":{"start":{"line":123,"column":1},"end":{"line":144,"column":2}},"52":{"start":{"line":124,"column":2},"end":{"line":null,"column":-1}},"53":{"start":{"line":125,"column":2},"end":{"line":123,"column":50}},"54":{"start":{"line":127,"column":2},"end":{"line":127,"column":16}},"55":{"start":{"line":130,"column":2},"end":{"line":null,"column":-1}},"56":{"start":{"line":131,"column":2},"end":{"line":null,"column":-1}},"57":{"start":{"line":137,"column":16},"end":{"line":131,"column":2}},"58":{"start":{"line":141,"column":4},"end":{"line":null,"column":-1}},"59":{"start":{"line":142,"column":4},"end":{"line":142,"column":18}},"60":{"start":{"line":147,"column":1},"end":{"line":147,"column":15}}},"fnMap":{"0":{"name":"mergeModuleRoutes","decl":{"start":{"line":29,"column":9},"end":{"line":29,"column":0}},"loc":{"start":{"line":29,"column":36},"end":{"line":34,"column":1}}},"1":{"name":"(anonymous_2)","decl":{"start":{"line":30,"column":23},"end":{"line":30,"column":24}},"loc":{"start":{"line":30,"column":41},"end":{"line":30,"column":8}}},"2":{"name":"(anonymous_5)","decl":{"start":{"line":56,"column":35},"end":{"line":56,"column":44}},"loc":{"start":{"line":56,"column":49},"end":{"line":56,"column":17}}},"3":{"name":"(anonymous_6)","decl":{"start":{"line":65,"column":17},"end":{"line":65,"column":22}},"loc":{"start":{"line":65,"column":27},"end":{"line":65,"column":1}}},"4":{"name":"(anonymous_7)","decl":{"start":{"line":85,"column":34},"end":{"line":85,"column":39}},"loc":{"start":{"line":85,"column":40},"end":{"line":85,"column":2}}},"5":{"name":"(anonymous_8)","decl":{"start":{"line":96,"column":37},"end":{"line":96,"column":42}},"loc":{"start":{"line":96,"column":43},"end":{"line":96,"column":2}}},"6":{"name":"(anonymous_9)","decl":{"start":{"line":99,"column":48},"end":{"line":99,"column":57}},"loc":{"start":{"line":99,"column":62},"end":{"line":99,"column":39}}},"7":{"name":"(anonymous_11)","decl":{"start":{"line":137,"column":9},"end":{"line":137,"column":11}},"loc":{"start":{"line":137,"column":16},"end":{"line":131,"column":2}}},"8":{"name":"(anonymous_12)","decl":{"start":{"line":139,"column":10},"end":{"line":139,"column":12}},"loc":{"start":{"line":139,"column":17},"end":{"line":131,"column":2}}}},"branchMap":{"0":{"loc":{"start":{"line":31,"column":2},"end":{"line":31,"column":47}},"type":"if","locations":[{"start":{"line":31,"column":2},"end":{"line":31,"column":47}},{"start":{"line":31,"column":2},"end":{"line":31,"column":47}}]},"1":{"loc":{"start":{"line":31,"column":6},"end":{"line":31,"column":5}},"type":"binary-expr","locations":[{"start":{"line":31,"column":6},"end":{"line":31,"column":5}},{"start":{"line":31,"column":23},"end":{"line":31,"column":2}}]},"2":{"loc":{"start":{"line":59,"column":34},"end":{"line":59,"column":31}},"type":"cond-expr","locations":[{"start":{"line":59,"column":34},"end":{"line":59,"column":31}},{"start":{"line":59,"column":56},"end":{"line":59,"column":1}}]},"3":{"loc":{"start":{"line":66,"column":2},"end":{"line":65,"column":27}},"type":"if","locations":[{"start":{"line":66,"column":2},"end":{"line":65,"column":27}},{"start":{"line":66,"column":2},"end":{"line":65,"column":27}}]},"4":{"loc":{"start":{"line":66,"column":6},"end":{"line":66,"column":5}},"type":"binary-expr","locations":[{"start":{"line":66,"column":6},"end":{"line":66,"column":5}},{"start":{"line":66,"column":24},"end":{"line":66,"column":2}}]},"5":{"loc":{"start":{"line":76,"column":1},"end":{"line":103,"column":2}},"type":"if","locations":[{"start":{"line":76,"column":1},"end":{"line":103,"column":2}},{"start":{"line":76,"column":1},"end":{"line":103,"column":2}}]},"6":{"loc":{"start":{"line":110,"column":1},"end":{"line":112,"column":2}},"type":"if","locations":[{"start":{"line":110,"column":1},"end":{"line":112,"column":2}},{"start":{"line":110,"column":1},"end":{"line":112,"column":2}}]},"7":{"loc":{"start":{"line":110,"column":5},"end":{"line":110,"column":4}},"type":"binary-expr","locations":[{"start":{"line":110,"column":5},"end":{"line":110,"column":4}},{"start":{"line":110,"column":31},"end":{"line":110,"column":1}}]},"8":{"loc":{"start":{"line":121,"column":0},"end":{"line":148,"column":1}},"type":"if","locations":[{"start":{"line":121,"column":0},"end":{"line":148,"column":1}},{"start":{"line":121,"column":0},"end":{"line":148,"column":1}}]},"9":{"loc":{"start":{"line":123,"column":1},"end":{"line":144,"column":2}},"type":"if","locations":[{"start":{"line":123,"column":1},"end":{"line":144,"column":2}},{"start":{"line":123,"column":1},"end":{"line":144,"column":2}}]},"10":{"loc":{"start":{"line":123,"column":5},"end":{"line":123,"column":4}},"type":"binary-expr","locations":[{"start":{"line":123,"column":5},"end":{"line":123,"column":4}},{"start":{"line":123,"column":13},"end":{"line":123,"column":1}}]}},"s":{"0":0,"1":0,"2":0,"3":0,"4":0,"5":0,"6":0,"7":0,"8":0,"9":0,"10":0,"11":0,"12":0,"13":0,"14":0,"15":0,"16":0,"17":0,"18":0,"19":0,"20":0,"21":0,"22":0,"23":0,"24":0,"25":0,"26":0,"27":0,"28":0,"29":0,"30":0,"31":0,"32":0,"33":0,"34":0,"35":0,"36":0,"37":0,"38":0,"39":0,"40":0,"41":0,"42":0,"43":0,"44":0,"45":0,"46":0,"47":0,"48":0,"49":0,"50":0,"51":0,"52":0,"53":0,"54":0,"55":0,"56":0,"57":0,"58":0,"59":0,"60":0},"f":{"0":0,"1":0,"2":0,"3":0,"4":0,"5":0,"6":0,"7":0,"8":0},"b":{"0":[0,0],"1":[0,0],"2":[0,0],"3":[0,0],"4":[0,0],"5":[0,0],"6":[0,0],"7":[0,0],"8":[0,0],"9":[0,0],"10":[0,0]}}
,"/home/mike/dev/imperium/packages/core/src/client/components/Root/Root.js": {"path":"/home/mike/dev/imperium/packages/core/src/client/components/Root/Root.js","statementMap":{"0":{"start":{"line":25,"column":34},"end":{"line":25,"column":44}},"1":{"start":{"line":26,"column":16},"end":{"line":30,"column":3}},"2":{"start":{"line":27,"column":3},"end":{"line":29,"column":12}},"3":{"start":{"line":31,"column":2},"end":{"line":37,"column":4}}},"fnMap":{"0":{"name":"(anonymous_0)","decl":{"start":{"line":24,"column":1},"end":{"line":24,"column":2}},"loc":{"start":{"line":24,"column":10},"end":{"line":38,"column":2}},"line":24},"1":{"name":"(anonymous_1)","decl":{"start":{"line":26,"column":16},"end":{"line":26,"column":17}},"loc":{"start":{"line":27,"column":3},"end":{"line":29,"column":12}},"line":27}},"branchMap":{},"s":{"0":1,"1":1,"2":1,"3":1},"f":{"0":1,"1":1},"b":{},"_coverageSchema":"332fd63041d2c1bcb487cc26dd0d5f7d97098a6c","hash":"cc3f70fcf12f7dc7c9bdd06b5c7374c376728891"}
,"/home/mike/dev/imperium/packages/core/src/client/components/Root/index.js": {"path":"/home/mike/dev/imperium/packages/core/src/client/components/Root/index.js","statementMap":{"0":{"start":{"line":1,"column":0},"end":{"line":null,"column":-1}}},"fnMap":{},"branchMap":{},"s":{"0":0},"f":{},"b":{}}
,"/home/mike/dev/imperium/packages/core/src/client/redux/makeReducer.js": {"path":"/home/mike/dev/imperium/packages/core/src/client/redux/makeReducer.js","statementMap":{"0":{"start":{"line":1,"column":0},"end":{"line":null,"column":-1}},"1":{"start":{"line":2,"column":0},"end":{"line":null,"column":-1}},"2":{"start":{"line":4,"column":10},"end":{"line":4,"column":0}},"3":{"start":{"line":7,"column":1},"end":{"line":null,"column":-1}},"4":{"start":{"line":8,"column":1},"end":{"line":null,"column":-1}}},"fnMap":{"0":{"name":"_default","decl":{"start":{"line":6,"column":15},"end":{"line":6,"column":23}},"loc":{"start":{"line":6,"column":34},"end":{"line":11,"column":1}}}},"branchMap":{},"s":{"0":0,"1":0,"2":0,"3":0,"4":0},"f":{"0":0},"b":{}}
,"/home/mike/dev/imperium/packages/core/src/client/redux/makeStore.js": {"path":"/home/mike/dev/imperium/packages/core/src/client/redux/makeStore.js","statementMap":{"0":{"start":{"line":1,"column":0},"end":{"line":null,"column":-1}},"1":{"start":{"line":2,"column":0},"end":{"line":null,"column":-1}},"2":{"start":{"line":3,"column":0},"end":{"line":null,"column":-1}},"3":{"start":{"line":4,"column":0},"end":{"line":null,"column":-1}},"4":{"start":{"line":5,"column":0},"end":{"line":null,"column":-1}},"5":{"start":{"line":6,"column":0},"end":{"line":null,"column":-1}},"6":{"start":{"line":8,"column":10},"end":{"line":8,"column":0}},"7":{"start":{"line":10,"column":13},"end":{"line":10,"column":0}},"8":{"start":{"line":19,"column":1},"end":{"line":null,"column":-1}},"9":{"start":{"line":23,"column":24},"end":{"line":23,"column":1}},"10":{"start":{"line":24,"column":2},"end":{"line":24,"column":52}},"11":{"start":{"line":24,"column":52},"end":{"line":null,"column":-1}},"12":{"start":{"line":25,"column":2},"end":{"line":null,"column":-1}},"13":{"start":{"line":29,"column":17},"end":{"line":29,"column":1}},"14":{"start":{"line":32,"column":21},"end":{"line":32,"column":1}},"15":{"start":{"line":37,"column":1},"end":{"line":18,"column":47}},"16":{"start":{"line":38,"column":2},"end":{"line":null,"column":-1}},"17":{"start":{"line":41,"column":22},"end":{"line":41,"column":2}},"18":{"start":{"line":42,"column":2},"end":{"line":49,"column":3}},"19":{"start":{"line":43,"column":26},"end":{"line":42,"column":20}},"20":{"start":{"line":42,"column":20},"end":{"line":42,"column":19}},"21":{"start":{"line":44,"column":18},"end":{"line":44,"column":3}},"22":{"start":{"line":48,"column":3},"end":{"line":null,"column":-1}},"23":{"start":{"line":50,"column":2},"end":{"line":null,"column":-1}},"24":{"start":{"line":52,"column":24},"end":{"line":52,"column":14}},"25":{"start":{"line":57,"column":1},"end":{"line":63,"column":2}},"26":{"start":{"line":58,"column":2},"end":{"line":null,"column":-1}},"27":{"start":{"line":59,"column":3},"end":{"line":null,"column":-1}},"28":{"start":{"line":60,"column":23},"end":{"line":60,"column":3}},"29":{"start":{"line":61,"column":3},"end":{"line":null,"column":-1}},"30":{"start":{"line":65,"column":1},"end":{"line":null,"column":-1}}},"fnMap":{"0":{"name":"_default","decl":{"start":{"line":18,"column":15},"end":{"line":18,"column":23}},"loc":{"start":{"line":18,"column":47},"end":{"line":66,"column":1}}},"1":{"name":"(anonymous_2)","decl":{"start":{"line":23,"column":39},"end":{"line":23,"column":40}},"loc":{"start":{"line":23,"column":57},"end":{"line":23,"column":24}}},"2":{"name":"(anonymous_3)","decl":{"start":{"line":52,"column":19},"end":{"line":52,"column":20}},"loc":{"start":{"line":52,"column":24},"end":{"line":52,"column":14}}},"3":{"name":"(anonymous_4)","decl":{"start":{"line":58,"column":37},"end":{"line":58,"column":42}},"loc":{"start":{"line":58,"column":43},"end":{"line":58,"column":2}}}},"branchMap":{"0":{"loc":{"start":{"line":24,"column":2},"end":{"line":24,"column":52}},"type":"if","locations":[{"start":{"line":24,"column":2},"end":{"line":24,"column":52}},{"start":{"line":24,"column":2},"end":{"line":24,"column":52}}]},"1":{"loc":{"start":{"line":24,"column":6},"end":{"line":24,"column":5}},"type":"binary-expr","locations":[{"start":{"line":24,"column":6},"end":{"line":24,"column":5}},{"start":{"line":24,"column":25},"end":{"line":24,"column":2}}]},"2":{"loc":{"start":{"line":37,"column":1},"end":{"line":18,"column":47}},"type":"if","locations":[{"start":{"line":37,"column":1},"end":{"line":18,"column":47}},{"start":{"line":37,"column":1},"end":{"line":18,"column":47}}]},"3":{"loc":{"start":{"line":41,"column":22},"end":{"line":41,"column":21}},"type":"binary-expr","locations":[{"start":{"line":41,"column":22},"end":{"line":41,"column":21}},{"start":{"line":41,"column":50},"end":{"line":41,"column":2}}]},"4":{"loc":{"start":{"line":42,"column":2},"end":{"line":49,"column":3}},"type":"if","locations":[{"start":{"line":42,"column":2},"end":{"line":49,"column":3}},{"start":{"line":42,"column":2},"end":{"line":49,"column":3}}]},"5":{"loc":{"start":{"line":52,"column":3},"end":{"line":52,"column":14}},"type":"binary-expr","locations":[{"start":{"line":52,"column":3},"end":{"line":52,"column":14}},{"start":{"line":52,"column":19},"end":{"line":52,"column":14}}]},"6":{"loc":{"start":{"line":57,"column":1},"end":{"line":63,"column":2}},"type":"if","locations":[{"start":{"line":57,"column":1},"end":{"line":63,"column":2}},{"start":{"line":57,"column":1},"end":{"line":63,"column":2}}]}},"s":{"0":0,"1":0,"2":0,"3":0,"4":0,"5":0,"6":0,"7":0,"8":0,"9":0,"10":0,"11":0,"12":0,"13":0,"14":0,"15":0,"16":0,"17":0,"18":0,"19":0,"20":0,"21":0,"22":0,"23":0,"24":0,"25":0,"26":0,"27":0,"28":0,"29":0,"30":0},"f":{"0":0,"1":0,"2":0,"3":0},"b":{"0":[0,0],"1":[0,0],"2":[0,0],"3":[0,0],"4":[0,0],"5":[0,0],"6":[0,0]}}
,"/home/mike/dev/imperium/packages/core/src/server/WorkerDev.js": {"path":"/home/mike/dev/imperium/packages/core/src/server/WorkerDev.js","statementMap":{"0":{"start":{"line":2,"column":16},"end":{"line":2,"column":0}},"1":{"start":{"line":3,"column":17},"end":{"line":3,"column":0}},"2":{"start":{"line":4,"column":10},"end":{"line":4,"column":0}},"3":{"start":{"line":5,"column":13},"end":{"line":5,"column":0}},"4":{"start":{"line":6,"column":21},"end":{"line":6,"column":0}},"5":{"start":{"line":8,"column":0},"end":{"line":null,"column":-1}},"6":{"start":{"line":17,"column":15},"end":{"line":17,"column":0}},"7":{"start":{"line":18,"column":22},"end":{"line":18,"column":0}},"8":{"start":{"line":19,"column":15},"end":{"line":19,"column":0}},"9":{"start":{"line":22,"column":19},"end":{"line":22,"column":0}},"10":{"start":{"line":23,"column":22},"end":{"line":23,"column":0}},"11":{"start":{"line":26,"column":0},"end":{"line":null,"column":-1}},"12":{"start":{"line":27,"column":1},"end":{"line":null,"column":-1}},"13":{"start":{"line":36,"column":1},"end":{"line":35,"column":18}},"14":{"start":{"line":39,"column":18},"end":{"line":39,"column":1}},"15":{"start":{"line":40,"column":21},"end":{"line":40,"column":1}},"16":{"start":{"line":43,"column":1},"end":{"line":35,"column":18}},"17":{"start":{"line":46,"column":1},"end":{"line":35,"column":18}},"18":{"start":{"line":48,"column":1},"end":{"line":null,"column":-1}},"19":{"start":{"line":53,"column":2},"end":{"line":null,"column":-1}}},"fnMap":{"0":{"name":"(anonymous_0)","decl":{"start":{"line":26,"column":33},"end":{"line":26,"column":34}},"loc":{"start":{"line":26,"column":48},"end":{"line":26,"column":0}}},"1":{"name":"hmr","decl":{"start":{"line":35,"column":9},"end":{"line":35,"column":0}},"loc":{"start":{"line":35,"column":18},"end":{"line":49,"column":1}}},"2":{"name":"(anonymous_2)","decl":{"start":{"line":52,"column":1},"end":{"line":52,"column":3}},"loc":{"start":{"line":52,"column":7},"end":{"line":58,"column":2}}}},"branchMap":{},"s":{"0":0,"1":0,"2":0,"3":0,"4":0,"5":0,"6":0,"7":0,"8":0,"9":0,"10":0,"11":0,"12":0,"13":0,"14":0,"15":0,"16":0,"17":0,"18":0,"19":0},"f":{"0":0,"1":0,"2":0},"b":{}}
,"/home/mike/dev/imperium/packages/core/src/server/WorkerProd.js": {"path":"/home/mike/dev/imperium/packages/core/src/server/WorkerProd.js","statementMap":{"0":{"start":{"line":1,"column":17},"end":{"line":1,"column":0}},"1":{"start":{"line":2,"column":10},"end":{"line":2,"column":0}},"2":{"start":{"line":3,"column":19},"end":{"line":3,"column":0}},"3":{"start":{"line":4,"column":22},"end":{"line":4,"column":0}},"4":{"start":{"line":5,"column":15},"end":{"line":5,"column":0}},"5":{"start":{"line":8,"column":0},"end":{"line":null,"column":-1}},"6":{"start":{"line":9,"column":1},"end":{"line":null,"column":-1}},"7":{"start":{"line":14,"column":2},"end":{"line":null,"column":-1}}},"fnMap":{"0":{"name":"(anonymous_0)","decl":{"start":{"line":8,"column":33},"end":{"line":8,"column":34}},"loc":{"start":{"line":8,"column":48},"end":{"line":8,"column":0}}},"1":{"name":"(anonymous_1)","decl":{"start":{"line":13,"column":1},"end":{"line":13,"column":3}},"loc":{"start":{"line":13,"column":7},"end":{"line":18,"column":2}}}},"branchMap":{},"s":{"0":0,"1":0,"2":0,"3":0,"4":0,"5":0,"6":0,"7":0},"f":{"0":0,"1":0},"b":{}}
,"/home/mike/dev/imperium/packages/core/src/server/broker.js": {"path":"/home/mike/dev/imperium/packages/core/src/server/broker.js","statementMap":{"0":{"start":{"line":1,"column":17},"end":{"line":1,"column":0}},"1":{"start":{"line":2,"column":14},"end":{"line":2,"column":0}},"2":{"start":{"line":4,"column":10},"end":{"line":4,"column":0}},"3":{"start":{"line":8,"column":2},"end":{"line":null,"column":-1}}},"fnMap":{"0":{"name":"(anonymous_0)","decl":{"start":{"line":7,"column":1},"end":{"line":7,"column":3}},"loc":{"start":{"line":7,"column":7},"end":{"line":9,"column":2}}}},"branchMap":{},"s":{"0":0,"1":0,"2":0,"3":0},"f":{"0":0},"b":{}}
,"/home/mike/dev/imperium/packages/core/src/server/createHtml.js": {"path":"/home/mike/dev/imperium/packages/core/src/server/createHtml.js","statementMap":{"0":{"start":{"line":6,"column":10},"end":{"line":6,"column":50}},"1":{"start":{"line":7,"column":21},"end":{"line":7,"column":58}},"2":{"start":{"line":16,"column":1},"end":{"line":20,"column":4}},"3":{"start":{"line":17,"column":2},"end":{"line":19,"column":5}},"4":{"start":{"line":18,"column":3},"end":{"line":18,"column":50}},"5":{"start":{"line":29,"column":18},"end":{"line":29,"column":40}},"6":{"start":{"line":34,"column":19},"end":{"line":34,"column":125}},"7":{"start":{"line":35,"column":14},"end":{"line":35,"column":107}},"8":{"start":{"line":36,"column":1},"end":{"line":36,"column":25}},"9":{"start":{"line":39,"column":1},"end":{"line":43,"column":3}},"10":{"start":{"line":40,"column":2},"end":{"line":40,"column":30}},"11":{"start":{"line":41,"column":2},"end":{"line":41,"column":18}},"12":{"start":{"line":42,"column":2},"end":{"line":42,"column":12}}},"fnMap":{"0":{"name":"readDevFile","decl":{"start":{"line":15,"column":9},"end":{"line":15,"column":20}},"loc":{"start":{"line":15,"column":40},"end":{"line":21,"column":1}},"line":15},"1":{"name":"(anonymous_1)","decl":{"start":{"line":16,"column":20},"end":{"line":16,"column":21}},"loc":{"start":{"line":16,"column":27},"end":{"line":20,"column":2}},"line":16},"2":{"name":"(anonymous_2)","decl":{"start":{"line":17,"column":29},"end":{"line":17,"column":30}},"loc":{"start":{"line":17,"column":35},"end":{"line":19,"column":3}},"line":17},"3":{"name":"createHtml","decl":{"start":{"line":28,"column":30},"end":{"line":28,"column":40}},"loc":{"start":{"line":28,"column":54},"end":{"line":44,"column":1}},"line":28},"4":{"name":"(anonymous_4)","decl":{"start":{"line":39,"column":8},"end":{"line":39,"column":9}},"loc":{"start":{"line":39,"column":22},"end":{"line":43,"column":2}},"line":39}},"branchMap":{"0":{"loc":{"start":{"line":34,"column":19},"end":{"line":34,"column":125}},"type":"cond-expr","locations":[{"start":{"line":34,"column":34},"end":{"line":34,"column":73}},{"start":{"line":34,"column":76},"end":{"line":34,"column":125}}],"line":34},"1":{"loc":{"start":{"line":35,"column":14},"end":{"line":35,"column":107}},"type":"cond-expr","locations":[{"start":{"line":35,"column":29},"end":{"line":35,"column":63}},{"start":{"line":35,"column":66},"end":{"line":35,"column":107}}],"line":35}},"s":{"0":2,"1":2,"2":1,"3":1,"4":1,"5":2,"6":2,"7":2,"8":2,"9":2,"10":2,"11":2,"12":2},"f":{"0":1,"1":1,"2":1,"3":2,"4":2},"b":{"0":[1,1],"1":[1,1]},"_coverageSchema":"332fd63041d2c1bcb487cc26dd0d5f7d97098a6c","hash":"20e8eeb6091b0fde4c8955f045c2c1e9df122c73"}
,"/home/mike/dev/imperium/packages/core/src/server/index.js": {"path":"/home/mike/dev/imperium/packages/core/src/server/index.js","statementMap":{"0":{"start":{"line":1,"column":0},"end":{"line":null,"column":-1}},"1":{"start":{"line":2,"column":0},"end":{"line":null,"column":-1}},"2":{"start":{"line":3,"column":0},"end":{"line":null,"column":-1}},"3":{"start":{"line":4,"column":0},"end":{"line":null,"column":-1}},"4":{"start":{"line":5,"column":0},"end":{"line":null,"column":-1}},"5":{"start":{"line":6,"column":0},"end":{"line":null,"column":-1}},"6":{"start":{"line":7,"column":0},"end":{"line":null,"column":-1}},"7":{"start":{"line":8,"column":0},"end":{"line":null,"column":-1}},"8":{"start":{"line":9,"column":0},"end":{"line":null,"column":-1}},"9":{"start":{"line":11,"column":10},"end":{"line":11,"column":0}},"10":{"start":{"line":14,"column":1},"end":{"line":13,"column":33}},"11":{"start":{"line":17,"column":1},"end":{"line":null,"column":-1}},"12":{"start":{"line":19,"column":17},"end":{"line":19,"column":1}},"13":{"start":{"line":20,"column":22},"end":{"line":20,"column":1}},"14":{"start":{"line":21,"column":23},"end":{"line":21,"column":1}},"15":{"start":{"line":26,"column":17},"end":{"line":26,"column":1}},"16":{"start":{"line":41,"column":12},"end":{"line":41,"column":1}},"17":{"start":{"line":44,"column":1},"end":{"line":13,"column":33}},"18":{"start":{"line":45,"column":2},"end":{"line":null,"column":-1}},"19":{"start":{"line":46,"column":3},"end":{"line":null,"column":-1}},"20":{"start":{"line":51,"column":1},"end":{"line":80,"column":2}},"21":{"start":{"line":53,"column":25},"end":{"line":53,"column":2}},"22":{"start":{"line":54,"column":3},"end":{"line":53,"column":40}},"23":{"start":{"line":55,"column":3},"end":{"line":null,"column":-1}},"24":{"start":{"line":59,"column":2},"end":{"line":null,"column":-1}},"25":{"start":{"line":65,"column":3},"end":{"line":64,"column":30}},"26":{"start":{"line":67,"column":3},"end":{"line":64,"column":30}},"27":{"start":{"line":71,"column":4},"end":{"line":null,"column":-1}},"28":{"start":{"line":75,"column":3},"end":{"line":78,"column":4}},"29":{"start":{"line":76,"column":4},"end":{"line":75,"column":66}},"30":{"start":{"line":77,"column":4},"end":{"line":77,"column":18}}},"fnMap":{"0":{"name":"server","decl":{"start":{"line":13,"column":24},"end":{"line":13,"column":15}},"loc":{"start":{"line":13,"column":33},"end":{"line":81,"column":1}}},"1":{"name":"(anonymous_2)","decl":{"start":{"line":45,"column":16},"end":{"line":45,"column":21}},"loc":{"start":{"line":45,"column":22},"end":{"line":45,"column":2}}},"2":{"name":"(anonymous_3)","decl":{"start":{"line":53,"column":34},"end":{"line":53,"column":39}},"loc":{"start":{"line":53,"column":40},"end":{"line":53,"column":25}}},"3":{"name":"(anonymous_4)","decl":{"start":{"line":64,"column":18},"end":{"line":64,"column":25}},"loc":{"start":{"line":64,"column":30},"end":{"line":59,"column":2}}}},"branchMap":{"0":{"loc":{"start":{"line":27,"column":11},"end":{"line":27,"column":15}},"type":"binary-expr","locations":[{"start":{"line":27,"column":11},"end":{"line":27,"column":15}},{"start":{"line":27,"column":16},"end":{"line":26,"column":17}}]},"1":{"loc":{"start":{"line":29,"column":8},"end":{"line":29,"column":7}},"type":"binary-expr","locations":[{"start":{"line":29,"column":8},"end":{"line":29,"column":7}},{"start":{"line":29,"column":28},"end":{"line":26,"column":17}}]},"2":{"loc":{"start":{"line":31,"column":11},"end":{"line":31,"column":10}},"type":"binary-expr","locations":[{"start":{"line":31,"column":11},"end":{"line":31,"column":10}},{"start":{"line":31,"column":34},"end":{"line":26,"column":17}}]},"3":{"loc":{"start":{"line":32,"column":35},"end":{"line":32,"column":32}},"type":"cond-expr","locations":[{"start":{"line":32,"column":35},"end":{"line":32,"column":32}},{"start":{"line":32,"column":76},"end":{"line":26,"column":17}}]},"4":{"loc":{"start":{"line":44,"column":1},"end":{"line":13,"column":33}},"type":"if","locations":[{"start":{"line":44,"column":1},"end":{"line":13,"column":33}},{"start":{"line":44,"column":1},"end":{"line":13,"column":33}}]},"5":{"loc":{"start":{"line":51,"column":1},"end":{"line":80,"column":2}},"type":"if","locations":[{"start":{"line":51,"column":1},"end":{"line":80,"column":2}},{"start":{"line":51,"column":1},"end":{"line":80,"column":2}}]},"6":{"loc":{"start":{"line":67,"column":3},"end":{"line":64,"column":30}},"type":"if","locations":[{"start":{"line":67,"column":3},"end":{"line":64,"column":30}},{"start":{"line":67,"column":3},"end":{"line":64,"column":30}}]},"7":{"loc":{"start":{"line":68,"column":4},"end":{"line":68,"column":3}},"type":"binary-expr","locations":[{"start":{"line":68,"column":4},"end":{"line":68,"column":3}},{"start":{"line":69,"column":7},"end":{"line":67,"column":3}}]},"8":{"loc":{"start":{"line":75,"column":3},"end":{"line":78,"column":4}},"type":"if","locations":[{"start":{"line":75,"column":3},"end":{"line":78,"column":4}},{"start":{"line":75,"column":3},"end":{"line":78,"column":4}}]},"9":{"loc":{"start":{"line":75,"column":7},"end":{"line":75,"column":35}},"type":"binary-expr","locations":[{"start":{"line":75,"column":7},"end":{"line":75,"column":35}},{"start":{"line":75,"column":36},"end":{"line":75,"column":3}}]}},"s":{"0":0,"1":0,"2":0,"3":0,"4":0,"5":0,"6":0,"7":0,"8":0,"9":0,"10":0,"11":0,"12":0,"13":0,"14":0,"15":0,"16":0,"17":0,"18":0,"19":0,"20":0,"21":0,"22":0,"23":0,"24":0,"25":0,"26":0,"27":0,"28":0,"29":0,"30":0},"f":{"0":0,"1":0,"2":0,"3":0},"b":{"0":[0,0],"1":[0,0],"2":[0,0],"3":[0,0],"4":[0,0],"5":[0,0],"6":[0,0],"7":[0,0],"8":[0,0],"9":[0,0]}}
,"/home/mike/dev/imperium/packages/core/src/server/worker.js": {"path":"/home/mike/dev/imperium/packages/core/src/server/worker.js","statementMap":{"0":{"start":{"line":1,"column":0},"end":{"line":null,"column":-1}},"1":{"start":{"line":2,"column":0},"end":{"line":null,"column":-1}},"2":{"start":{"line":3,"column":0},"end":{"line":null,"column":-1}},"3":{"start":{"line":4,"column":0},"end":{"line":null,"column":-1}},"4":{"start":{"line":5,"column":0},"end":{"line":null,"column":-1}},"5":{"start":{"line":6,"column":0},"end":{"line":null,"column":-1}},"6":{"start":{"line":7,"column":0},"end":{"line":null,"column":-1}},"7":{"start":{"line":8,"column":0},"end":{"line":null,"column":-1}},"8":{"start":{"line":9,"column":0},"end":{"line":null,"column":-1}},"9":{"start":{"line":11,"column":10},"end":{"line":11,"column":0}},"10":{"start":{"line":18,"column":1},"end":{"line":17,"column":3}},"11":{"start":{"line":21,"column":23},"end":{"line":21,"column":1}},"12":{"start":{"line":23,"column":1},"end":{"line":17,"column":3}},"13":{"start":{"line":24,"column":2},"end":{"line":null,"column":-1}},"14":{"start":{"line":28,"column":1},"end":{"line":null,"column":-1}},"15":{"start":{"line":29,"column":19},"end":{"line":29,"column":1}},"16":{"start":{"line":30,"column":1},"end":{"line":null,"column":-1}},"17":{"start":{"line":32,"column":2},"end":{"line":null,"column":-1}},"18":{"start":{"line":33,"column":18},"end":{"line":33,"column":2}},"19":{"start":{"line":33,"column":50},"end":{"line":33,"column":18}},"20":{"start":{"line":36,"column":2},"end":{"line":null,"column":-1}},"21":{"start":{"line":37,"column":14},"end":{"line":37,"column":2}},"22":{"start":{"line":38,"column":2},"end":{"line":30,"column":39}},"23":{"start":{"line":42,"column":2},"end":{"line":30,"column":39}},"24":{"start":{"line":42,"column":28},"end":{"line":30,"column":39}},"25":{"start":{"line":45,"column":2},"end":{"line":null,"column":-1}},"26":{"start":{"line":46,"column":2},"end":{"line":null,"column":-1}},"27":{"start":{"line":47,"column":2},"end":{"line":null,"column":-1}},"28":{"start":{"line":48,"column":2},"end":{"line":30,"column":39}},"29":{"start":{"line":49,"column":3},"end":{"line":53,"column":4}},"30":{"start":{"line":50,"column":4},"end":{"line":null,"column":-1}},"31":{"start":{"line":52,"column":4},"end":{"line":52,"column":8}},"32":{"start":{"line":57,"column":2},"end":{"line":30,"column":39}},"33":{"start":{"line":60,"column":2},"end":{"line":30,"column":39}},"34":{"start":{"line":63,"column":2},"end":{"line":null,"column":-1}},"35":{"start":{"line":64,"column":2},"end":{"line":30,"column":39}},"36":{"start":{"line":65,"column":3},"end":{"line":65,"column":57}},"37":{"start":{"line":65,"column":57},"end":{"line":null,"column":-1}},"38":{"start":{"line":69,"column":2},"end":{"line":30,"column":39}},"39":{"start":{"line":70,"column":3},"end":{"line":null,"column":-1}},"40":{"start":{"line":71,"column":3},"end":{"line":null,"column":-1}},"41":{"start":{"line":75,"column":14},"end":{"line":75,"column":2}},"42":{"start":{"line":76,"column":2},"end":{"line":30,"column":39}},"43":{"start":{"line":80,"column":26},"end":{"line":80,"column":2}},"44":{"start":{"line":81,"column":3},"end":{"line":83,"column":4}},"45":{"start":{"line":82,"column":4},"end":{"line":null,"column":-1}},"46":{"start":{"line":84,"column":3},"end":{"line":null,"column":-1}},"47":{"start":{"line":88,"column":2},"end":{"line":null,"column":-1}},"48":{"start":{"line":89,"column":2},"end":{"line":null,"column":-1}},"49":{"start":{"line":90,"column":3},"end":{"line":null,"column":-1}},"50":{"start":{"line":93,"column":2},"end":{"line":92,"column":20}},"51":{"start":{"line":94,"column":2},"end":{"line":92,"column":20}},"52":{"start":{"line":95,"column":2},"end":{"line":null,"column":-1}}},"fnMap":{"0":{"name":"worker","decl":{"start":{"line":13,"column":24},"end":{"line":13,"column":15}},"loc":{"start":{"line":17,"column":3},"end":{"line":97,"column":1}}},"1":{"name":"(anonymous_2)","decl":{"start":{"line":30,"column":25},"end":{"line":30,"column":34}},"loc":{"start":{"line":30,"column":39},"end":{"line":30,"column":1}}},"2":{"name":"(anonymous_3)","decl":{"start":{"line":33,"column":36},"end":{"line":33,"column":45}},"loc":{"start":{"line":33,"column":50},"end":{"line":33,"column":18}}},"3":{"name":"(anonymous_4)","decl":{"start":{"line":48,"column":10},"end":{"line":48,"column":11}},"loc":{"start":{"line":48,"column":30},"end":{"line":48,"column":2}}},"4":{"name":"(anonymous_5)","decl":{"start":{"line":64,"column":18},"end":{"line":64,"column":23}},"loc":{"start":{"line":64,"column":28},"end":{"line":64,"column":2}}},"5":{"name":"(anonymous_6)","decl":{"start":{"line":69,"column":31},"end":{"line":69,"column":53}},"loc":{"start":{"line":69,"column":58},"end":{"line":69,"column":2}}},"6":{"name":"(anonymous_7)","decl":{"start":{"line":76,"column":55},"end":{"line":76,"column":60}},"loc":{"start":{"line":76,"column":61},"end":{"line":76,"column":2}}},"7":{"name":"(anonymous_8)","decl":{"start":{"line":80,"column":41},"end":{"line":80,"column":42}},"loc":{"start":{"line":80,"column":59},"end":{"line":80,"column":26}}},"8":{"name":"(anonymous_9)","decl":{"start":{"line":89,"column":37},"end":{"line":89,"column":39}},"loc":{"start":{"line":89,"column":44},"end":{"line":89,"column":2}}},"9":{"name":"(anonymous_10)","decl":{"start":{"line":92,"column":10},"end":{"line":92,"column":15}},"loc":{"start":{"line":92,"column":20},"end":{"line":30,"column":1}}}},"branchMap":{"0":{"loc":{"start":{"line":23,"column":1},"end":{"line":17,"column":3}},"type":"if","locations":[{"start":{"line":23,"column":1},"end":{"line":17,"column":3}},{"start":{"line":23,"column":1},"end":{"line":17,"column":3}}]},"1":{"loc":{"start":{"line":42,"column":2},"end":{"line":30,"column":39}},"type":"if","locations":[{"start":{"line":42,"column":2},"end":{"line":30,"column":39}},{"start":{"line":42,"column":2},"end":{"line":30,"column":39}}]},"2":{"loc":{"start":{"line":42,"column":6},"end":{"line":42,"column":19}},"type":"binary-expr","locations":[{"start":{"line":42,"column":6},"end":{"line":42,"column":19}},{"start":{"line":42,"column":23},"end":{"line":42,"column":2}}]},"3":{"loc":{"start":{"line":49,"column":3},"end":{"line":53,"column":4}},"type":"if","locations":[{"start":{"line":49,"column":3},"end":{"line":53,"column":4}},{"start":{"line":49,"column":3},"end":{"line":53,"column":4}}]},"4":{"loc":{"start":{"line":65,"column":3},"end":{"line":65,"column":57}},"type":"if","locations":[{"start":{"line":65,"column":3},"end":{"line":65,"column":57}},{"start":{"line":65,"column":3},"end":{"line":65,"column":57}}]},"5":{"loc":{"start":{"line":65,"column":7},"end":{"line":65,"column":6}},"type":"binary-expr","locations":[{"start":{"line":65,"column":7},"end":{"line":65,"column":6}},{"start":{"line":65,"column":27},"end":{"line":65,"column":3}}]},"6":{"loc":{"start":{"line":81,"column":3},"end":{"line":83,"column":4}},"type":"if","locations":[{"start":{"line":81,"column":3},"end":{"line":83,"column":4}},{"start":{"line":81,"column":3},"end":{"line":83,"column":4}}]},"7":{"loc":{"start":{"line":81,"column":7},"end":{"line":81,"column":6}},"type":"binary-expr","locations":[{"start":{"line":81,"column":7},"end":{"line":81,"column":6}},{"start":{"line":81,"column":25},"end":{"line":81,"column":3}}]}},"s":{"0":0,"1":0,"2":0,"3":0,"4":0,"5":0,"6":0,"7":0,"8":0,"9":0,"10":0,"11":0,"12":0,"13":0,"14":0,"15":0,"16":0,"17":0,"18":0,"19":0,"20":0,"21":0,"22":0,"23":0,"24":0,"25":0,"26":0,"27":0,"28":0,"29":0,"30":0,"31":0,"32":0,"33":0,"34":0,"35":0,"36":0,"37":0,"38":0,"39":0,"40":0,"41":0,"42":0,"43":0,"44":0,"45":0,"46":0,"47":0,"48":0,"49":0,"50":0,"51":0,"52":0},"f":{"0":0,"1":0,"2":0,"3":0,"4":0,"5":0,"6":0,"7":0,"8":0,"9":0},"b":{"0":[0,0],"1":[0,0],"2":[0,0],"3":[0,0],"4":[0,0],"5":[0,0],"6":[0,0],"7":[0,0]}}
,"/home/mike/dev/imperium/packages/core/src/server/endpoints/initialState.js": {"path":"/home/mike/dev/imperium/packages/core/src/server/endpoints/initialState.js","statementMap":{"0":{"start":{"line":1,"column":0},"end":{"line":null,"column":-1}},"1":{"start":{"line":2,"column":0},"end":{"line":null,"column":-1}},"2":{"start":{"line":3,"column":0},"end":{"line":null,"column":-1}},"3":{"start":{"line":4,"column":0},"end":{"line":null,"column":-1}},"4":{"start":{"line":5,"column":0},"end":{"line":null,"column":-1}},"5":{"start":{"line":7,"column":10},"end":{"line":7,"column":0}},"6":{"start":{"line":16,"column":29},"end":{"line":15,"column":52}},"7":{"start":{"line":17,"column":1},"end":{"line":null,"column":-1}},"8":{"start":{"line":26,"column":3},"end":{"line":null,"column":-1}},"9":{"start":{"line":27,"column":3},"end":{"line":null,"column":-1}},"10":{"start":{"line":29,"column":29},"end":{"line":29,"column":5}},"11":{"start":{"line":32,"column":5},"end":{"line":null,"column":-1}},"12":{"start":{"line":33,"column":5},"end":{"line":null,"column":-1}}},"fnMap":{"0":{"name":"_default","decl":{"start":{"line":15,"column":15},"end":{"line":15,"column":23}},"loc":{"start":{"line":15,"column":52},"end":{"line":37,"column":1}}},"1":{"name":"(anonymous_2)","decl":{"start":{"line":25,"column":2},"end":{"line":25,"column":3}},"loc":{"start":{"line":25,"column":16},"end":{"line":17,"column":1}}},"2":{"name":"(anonymous_3)","decl":{"start":{"line":28,"column":10},"end":{"line":28,"column":23}},"loc":{"start":{"line":28,"column":28},"end":{"line":27,"column":3}}}},"branchMap":{},"s":{"0":0,"1":0,"2":0,"3":0,"4":0,"5":0,"6":0,"7":0,"8":0,"9":0,"10":0,"11":0,"12":0},"f":{"0":0,"1":0,"2":0},"b":{}}
,"/home/mike/dev/imperium/packages/core/src/server/endpoints/production.js": {"path":"/home/mike/dev/imperium/packages/core/src/server/endpoints/production.js","statementMap":{"0":{"start":{"line":1,"column":0},"end":{"line":null,"column":-1}},"1":{"start":{"line":2,"column":0},"end":{"line":null,"column":-1}},"2":{"start":{"line":3,"column":0},"end":{"line":null,"column":-1}},"3":{"start":{"line":4,"column":0},"end":{"line":null,"column":-1}},"4":{"start":{"line":6,"column":10},"end":{"line":6,"column":0}},"5":{"start":{"line":8,"column":21},"end":{"line":8,"column":0}},"6":{"start":{"line":15,"column":1},"end":{"line":19,"column":2}},"7":{"start":{"line":16,"column":2},"end":{"line":null,"column":-1}},"8":{"start":{"line":17,"column":2},"end":{"line":null,"column":-1}},"9":{"start":{"line":18,"column":2},"end":{"line":null,"column":-1}}},"fnMap":{"0":{"name":"_default","decl":{"start":{"line":14,"column":15},"end":{"line":14,"column":23}},"loc":{"start":{"line":14,"column":31},"end":{"line":20,"column":1}}}},"branchMap":{"0":{"loc":{"start":{"line":15,"column":1},"end":{"line":19,"column":2}},"type":"if","locations":[{"start":{"line":15,"column":1},"end":{"line":19,"column":2}},{"start":{"line":15,"column":1},"end":{"line":19,"column":2}}]}},"s":{"0":0,"1":0,"2":0,"3":0,"4":0,"5":0,"6":0,"7":0,"8":0,"9":0},"f":{"0":0},"b":{"0":[0,0]}}
,"/home/mike/dev/imperium/packages/core/src/server/middleware/ContextMap.js": {"path":"/home/mike/dev/imperium/packages/core/src/server/middleware/ContextMap.js","statementMap":{"0":{"start":{"line":3,"column":2},"end":{"line":3,"column":32}},"1":{"start":{"line":4,"column":2},"end":{"line":4,"column":20}},"2":{"start":{"line":5,"column":2},"end":{"line":5,"column":20}},"3":{"start":{"line":15,"column":23},"end":{"line":15,"column":57}},"4":{"start":{"line":16,"column":2},"end":{"line":16,"column":63}},"5":{"start":{"line":25,"column":2},"end":{"line":25,"column":28}},"6":{"start":{"line":33,"column":2},"end":{"line":33,"column":22}},"7":{"start":{"line":41,"column":2},"end":{"line":41,"column":21}},"8":{"start":{"line":49,"column":2},"end":{"line":49,"column":20}},"9":{"start":{"line":53,"column":2},"end":{"line":53,"column":26}}},"fnMap":{"0":{"name":"(anonymous_0)","decl":{"start":{"line":2,"column":1},"end":{"line":2,"column":2}},"loc":{"start":{"line":2,"column":25},"end":{"line":6,"column":2}},"line":2},"1":{"name":"(anonymous_1)","decl":{"start":{"line":14,"column":1},"end":{"line":14,"column":2}},"loc":{"start":{"line":14,"column":23},"end":{"line":17,"column":2}},"line":14},"2":{"name":"(anonymous_2)","decl":{"start":{"line":24,"column":1},"end":{"line":24,"column":2}},"loc":{"start":{"line":24,"column":16},"end":{"line":26,"column":2}},"line":24},"3":{"name":"(anonymous_3)","decl":{"start":{"line":32,"column":1},"end":{"line":32,"column":2}},"loc":{"start":{"line":32,"column":14},"end":{"line":34,"column":2}},"line":32},"4":{"name":"(anonymous_4)","decl":{"start":{"line":40,"column":1},"end":{"line":40,"column":2}},"loc":{"start":{"line":40,"column":17},"end":{"line":42,"column":2}},"line":40},"5":{"name":"(anonymous_5)","decl":{"start":{"line":48,"column":1},"end":{"line":48,"column":2}},"loc":{"start":{"line":48,"column":12},"end":{"line":50,"column":2}},"line":48},"6":{"name":"(anonymous_6)","decl":{"start":{"line":52,"column":1},"end":{"line":52,"column":2}},"loc":{"start":{"line":52,"column":18},"end":{"line":54,"column":2}},"line":52}},"branchMap":{},"s":{"0":4,"1":4,"2":4,"3":2,"4":2,"5":2,"6":1,"7":1,"8":1,"9":1},"f":{"0":4,"1":2,"2":2,"3":1,"4":1,"5":1,"6":1},"b":{},"_coverageSchema":"332fd63041d2c1bcb487cc26dd0d5f7d97098a6c","hash":"b97d8d13a2c9b9866f50c00c483cdde73c8f07f0"}
,"/home/mike/dev/imperium/packages/core/src/server/middleware/context.js": {"path":"/home/mike/dev/imperium/packages/core/src/server/middleware/context.js","statementMap":{"0":{"start":{"line":5,"column":10},"end":{"line":5,"column":47}},"1":{"start":{"line":17,"column":1},"end":{"line":33,"column":3}},"2":{"start":{"line":18,"column":2},"end":{"line":18,"column":24}},"3":{"start":{"line":20,"column":21},"end":{"line":20,"column":47}},"4":{"start":{"line":22,"column":2},"end":{"line":22,"column":59}},"5":{"start":{"line":22,"column":16},"end":{"line":22,"column":59}},"6":{"start":{"line":25,"column":2},"end":{"line":27,"column":5}},"7":{"start":{"line":26,"column":3},"end":{"line":26,"column":87}},"8":{"start":{"line":26,"column":51},"end":{"line":26,"column":87}},"9":{"start":{"line":30,"column":2},"end":{"line":30,"column":27}},"10":{"start":{"line":32,"column":2},"end":{"line":32,"column":9}}},"fnMap":{"0":{"name":"context","decl":{"start":{"line":16,"column":24},"end":{"line":16,"column":31}},"loc":{"start":{"line":16,"column":55},"end":{"line":34,"column":1}},"line":16},"1":{"name":"(anonymous_1)","decl":{"start":{"line":17,"column":8},"end":{"line":17,"column":9}},"loc":{"start":{"line":17,"column":28},"end":{"line":33,"column":2}},"line":17},"2":{"name":"(anonymous_2)","decl":{"start":{"line":25,"column":18},"end":{"line":25,"column":19}},"loc":{"start":{"line":25,"column":28},"end":{"line":27,"column":3}},"line":25}},"branchMap":{"0":{"loc":{"start":{"line":22,"column":2},"end":{"line":22,"column":59}},"type":"if","locations":[{"start":{"line":22,"column":2},"end":{"line":22,"column":59}},{"start":{"line":22,"column":2},"end":{"line":22,"column":59}}],"line":22},"1":{"loc":{"start":{"line":26,"column":3},"end":{"line":26,"column":87}},"type":"if","locations":[{"start":{"line":26,"column":3},"end":{"line":26,"column":87}},{"start":{"line":26,"column":3},"end":{"line":26,"column":87}}],"line":26},"2":{"loc":{"start":{"line":26,"column":7},"end":{"line":26,"column":49}},"type":"binary-expr","locations":[{"start":{"line":26,"column":7},"end":{"line":26,"column":20}},{"start":{"line":26,"column":24},"end":{"line":26,"column":49}}],"line":26}},"s":{"0":1,"1":1,"2":1,"3":1,"4":1,"5":0,"6":1,"7":1,"8":1,"9":1,"10":1},"f":{"0":1,"1":1,"2":1},"b":{"0":[0,1],"1":[1,0],"2":[1,1]},"_coverageSchema":"332fd63041d2c1bcb487cc26dd0d5f7d97098a6c","hash":"1f8e01114a3a02e38d0e857049923659d73c5e12"}
,"/home/mike/dev/imperium/packages/core/src/server/middleware/index.js": {"path":"/home/mike/dev/imperium/packages/core/src/server/middleware/index.js","statementMap":{"0":{"start":{"line":1,"column":0},"end":{"line":null,"column":-1}},"1":{"start":{"line":2,"column":0},"end":{"line":null,"column":-1}}},"fnMap":{},"branchMap":{},"s":{"0":0,"1":0},"f":{},"b":{}}
,"/home/mike/dev/imperium/packages/core/src/server/middleware/userAuth.js": {"path":"/home/mike/dev/imperium/packages/core/src/server/middleware/userAuth.js","statementMap":{"0":{"start":{"line":2,"column":0},"end":{"line":null,"column":-1}},"1":{"start":{"line":3,"column":0},"end":{"line":null,"column":-1}},"2":{"start":{"line":4,"column":0},"end":{"line":null,"column":-1}},"3":{"start":{"line":5,"column":0},"end":{"line":null,"column":-1}},"4":{"start":{"line":7,"column":10},"end":{"line":7,"column":0}},"5":{"start":{"line":16,"column":1},"end":{"line":null,"column":-1}},"6":{"start":{"line":17,"column":2},"end":{"line":16,"column":28}},"7":{"start":{"line":20,"column":20},"end":{"line":16,"column":28}},"8":{"start":{"line":21,"column":42},"end":{"line":16,"column":28}},"9":{"start":{"line":16,"column":28},"end":{"line":16,"column":27}},"10":{"start":{"line":24,"column":19},"end":{"line":24,"column":2}},"11":{"start":{"line":25,"column":2},"end":{"line":null,"column":-1}},"12":{"start":{"line":27,"column":2},"end":{"line":16,"column":28}},"13":{"start":{"line":27,"column":16},"end":{"line":16,"column":28}},"14":{"start":{"line":32,"column":19},"end":{"line":32,"column":2}},"15":{"start":{"line":33,"column":2},"end":{"line":16,"column":28}},"16":{"start":{"line":34,"column":24},"end":{"line":34,"column":3}},"17":{"start":{"line":35,"column":3},"end":{"line":null,"column":-1}},"18":{"start":{"line":39,"column":2},"end":{"line":48,"column":3}},"19":{"start":{"line":40,"column":3},"end":{"line":null,"column":-1}},"20":{"start":{"line":42,"column":5},"end":{"line":null,"column":-1}},"21":{"start":{"line":43,"column":5},"end":{"line":null,"column":-1}},"22":{"start":{"line":44,"column":5},"end":{"line":44,"column":9}},"23":{"start":{"line":47,"column":3},"end":{"line":47,"column":7}}},"fnMap":{"0":{"name":"_default","decl":{"start":{"line":15,"column":15},"end":{"line":15,"column":23}},"loc":{"start":{"line":15,"column":67},"end":{"line":50,"column":1}}},"1":{"name":"(anonymous_2)","decl":{"start":{"line":16,"column":8},"end":{"line":16,"column":9}},"loc":{"start":{"line":16,"column":28},"end":{"line":16,"column":1}}},"2":{"name":"(anonymous_3)","decl":{"start":{"line":41,"column":10},"end":{"line":41,"column":13}},"loc":{"start":{"line":41,"column":18},"end":{"line":40,"column":3}}}},"branchMap":{"0":{"loc":{"start":{"line":15,"column":63},"end":{"line":15,"column":15}},"type":"default-arg","locations":[{"start":{"line":15,"column":63},"end":{"line":15,"column":15}}]},"1":{"loc":{"start":{"line":15,"column":40},"end":{"line":15,"column":24}},"type":"default-arg","locations":[{"start":{"line":15,"column":40},"end":{"line":15,"column":24}}]},"2":{"loc":{"start":{"line":15,"column":55},"end":{"line":null,"column":-1}},"type":"default-arg","locations":[{"start":{"line":15,"column":55},"end":{"line":null,"column":-1}}]},"3":{"loc":{"start":{"line":27,"column":2},"end":{"line":16,"column":28}},"type":"if","locations":[{"start":{"line":27,"column":2},"end":{"line":16,"column":28}},{"start":{"line":27,"column":2},"end":{"line":16,"column":28}}]},"4":{"loc":{"start":{"line":33,"column":2},"end":{"line":16,"column":28}},"type":"if","locations":[{"start":{"line":33,"column":2},"end":{"line":16,"column":28}},{"start":{"line":33,"column":2},"end":{"line":16,"column":28}}]},"5":{"loc":{"start":{"line":39,"column":2},"end":{"line":48,"column":3}},"type":"if","locations":[{"start":{"line":39,"column":2},"end":{"line":48,"column":3}},{"start":{"line":39,"column":2},"end":{"line":48,"column":3}}]}},"s":{"0":0,"1":0,"2":0,"3":0,"4":0,"5":0,"6":0,"7":0,"8":0,"9":0,"10":0,"11":0,"12":0,"13":0,"14":0,"15":0,"16":0,"17":0,"18":0,"19":0,"20":0,"21":0,"22":0,"23":0},"f":{"0":0,"1":0,"2":0},"b":{"0":[0],"1":[0],"2":[0],"3":[0,0],"4":[0,0],"5":[0,0]}}
}
