{"/home/mike/dev/imperium/packages/core/src/serverlib.ts": {"path":"/home/mike/dev/imperium/packages/core/src/serverlib.ts","statementMap":{},"fnMap":{},"branchMap":{},"s":{},"f":{},"b":{},"hash":"a8947b29a34c476a779f9094db8647c034cf5589"}
,"/home/mike/dev/imperium/packages/core/src/client/index.d.ts": {"path":"/home/mike/dev/imperium/packages/core/src/client/index.d.ts","statementMap":{},"fnMap":{},"branchMap":{},"s":{},"f":{},"b":{},"hash":"6f082f2fe1a16fcf9202e2af3af6213e7049af81"}
,"/home/mike/dev/imperium/packages/core/src/client/index.tsx": {"path":"/home/mike/dev/imperium/packages/core/src/client/index.tsx","statementMap":{"0":{"start":{"line":16,"column":10},"end":{"line":16,"column":39}},"1":{"start":{"line":24,"column":0},"end":{"line":24,"column":22}},"2":{"start":{"line":27,"column":0},"end":{"line":27,"column":66}},"3":{"start":{"line":27,"column":46},"end":{"line":27,"column":52}},"4":{"start":{"line":28,"column":22},"end":{"line":28,"column":83}},"5":{"start":{"line":28,"column":70},"end":{"line":28,"column":82}},"6":{"start":{"line":35,"column":1},"end":{"line":38,"column":17}},"7":{"start":{"line":36,"column":2},"end":{"line":36,"column":82}},"8":{"start":{"line":36,"column":47},"end":{"line":36,"column":82}},"9":{"start":{"line":37,"column":2},"end":{"line":37,"column":14}},"10":{"start":{"line":47,"column":1},"end":{"line":55,"column":8}},"11":{"start":{"line":48,"column":2},"end":{"line":53,"column":3}},"12":{"start":{"line":49,"column":3},"end":{"line":52,"column":5}},"13":{"start":{"line":54,"column":2},"end":{"line":54,"column":14}},"14":{"start":{"line":66,"column":1},"end":{"line":74,"column":3}},"15":{"start":{"line":80,"column":22},"end":{"line":80,"column":37}},"16":{"start":{"line":83,"column":21},"end":{"line":91,"column":7}},"17":{"start":{"line":84,"column":2},"end":{"line":89,"column":3}},"18":{"start":{"line":85,"column":3},"end":{"line":88,"column":5}},"19":{"start":{"line":90,"column":2},"end":{"line":90,"column":14}},"20":{"start":{"line":94,"column":16},"end":{"line":94,"column":48}},"21":{"start":{"line":97,"column":19},"end":{"line":97,"column":54}},"22":{"start":{"line":100,"column":1},"end":{"line":100,"column":59}},"23":{"start":{"line":103,"column":1},"end":{"line":138,"column":2}},"24":{"start":{"line":113,"column":2},"end":{"line":118,"column":5}},"25":{"start":{"line":116,"column":19},"end":{"line":116,"column":55}},"26":{"start":{"line":117,"column":3},"end":{"line":117,"column":55}},"27":{"start":{"line":120,"column":2},"end":{"line":122,"column":5}},"28":{"start":{"line":121,"column":3},"end":{"line":121,"column":61}},"29":{"start":{"line":129,"column":2},"end":{"line":137,"column":5}},"30":{"start":{"line":132,"column":16},"end":{"line":132,"column":48}},"31":{"start":{"line":133,"column":21},"end":{"line":133,"column":92}},"32":{"start":{"line":133,"column":78},"end":{"line":133,"column":90}},"33":{"start":{"line":134,"column":24},"end":{"line":134,"column":98}},"34":{"start":{"line":134,"column":84},"end":{"line":134,"column":96}},"35":{"start":{"line":136,"column":3},"end":{"line":136,"column":67}},"36":{"start":{"line":140,"column":1},"end":{"line":140,"column":19}},"37":{"start":{"line":143,"column":28},"end":{"line":157,"column":21}},"38":{"start":{"line":144,"column":15},"end":{"line":144,"column":25}},"39":{"start":{"line":145,"column":1},"end":{"line":155,"column":2}},"40":{"start":{"line":147,"column":20},"end":{"line":147,"column":68}},"41":{"start":{"line":148,"column":2},"end":{"line":153,"column":3}},"42":{"start":{"line":149,"column":3},"end":{"line":152,"column":5}},"43":{"start":{"line":154,"column":2},"end":{"line":154,"column":15}},"44":{"start":{"line":156,"column":1},"end":{"line":156,"column":14}},"45":{"start":{"line":159,"column":0},"end":{"line":159,"column":41}}},"fnMap":{"0":{"name":"(anonymous_0)","decl":{"start":{"line":27,"column":41},"end":{"line":27,"column":42}},"loc":{"start":{"line":27,"column":46},"end":{"line":27,"column":52}},"line":27},"1":{"name":"(anonymous_1)","decl":{"start":{"line":28,"column":40},"end":{"line":28,"column":41}},"loc":{"start":{"line":28,"column":70},"end":{"line":28,"column":82}},"line":28},"2":{"name":"mergeModuleRoutes","decl":{"start":{"line":34,"column":9},"end":{"line":34,"column":26}},"loc":{"start":{"line":34,"column":53},"end":{"line":39,"column":1}},"line":34},"3":{"name":"(anonymous_3)","decl":{"start":{"line":35,"column":23},"end":{"line":35,"column":24}},"loc":{"start":{"line":35,"column":58},"end":{"line":38,"column":2}},"line":35},"4":{"name":"mergeModuleFragments","decl":{"start":{"line":46,"column":9},"end":{"line":46,"column":29}},"loc":{"start":{"line":46,"column":39},"end":{"line":56,"column":1}},"line":46},"5":{"name":"(anonymous_5)","decl":{"start":{"line":47,"column":23},"end":{"line":47,"column":24}},"loc":{"start":{"line":47,"column":41},"end":{"line":55,"column":2}},"line":47},"6":{"name":"renderRoot","decl":{"start":{"line":65,"column":9},"end":{"line":65,"column":19}},"loc":{"start":{"line":65,"column":64},"end":{"line":75,"column":1}},"line":65},"7":{"name":"startFromState","decl":{"start":{"line":78,"column":9},"end":{"line":78,"column":23}},"loc":{"start":{"line":78,"column":46},"end":{"line":141,"column":1}},"line":78},"8":{"name":"(anonymous_8)","decl":{"start":{"line":83,"column":42},"end":{"line":83,"column":43}},"loc":{"start":{"line":83,"column":73},"end":{"line":91,"column":2}},"line":83},"9":{"name":"(anonymous_9)","decl":{"start":{"line":113,"column":34},"end":{"line":113,"column":35}},"loc":{"start":{"line":113,"column":46},"end":{"line":118,"column":3}},"line":113},"10":{"name":"(anonymous_10)","decl":{"start":{"line":120,"column":37},"end":{"line":120,"column":38}},"loc":{"start":{"line":120,"column":49},"end":{"line":122,"column":3}},"line":120},"11":{"name":"(anonymous_11)","decl":{"start":{"line":129,"column":37},"end":{"line":129,"column":38}},"loc":{"start":{"line":129,"column":49},"end":{"line":137,"column":3}},"line":129},"12":{"name":"(anonymous_12)","decl":{"start":{"line":133,"column":48},"end":{"line":133,"column":49}},"loc":{"start":{"line":133,"column":78},"end":{"line":133,"column":90}},"line":133},"13":{"name":"(anonymous_13)","decl":{"start":{"line":134,"column":54},"end":{"line":134,"column":55}},"loc":{"start":{"line":134,"column":84},"end":{"line":134,"column":96}},"line":134},"14":{"name":"(anonymous_14)","decl":{"start":{"line":143,"column":49},"end":{"line":143,"column":50}},"loc":{"start":{"line":143,"column":86},"end":{"line":157,"column":1}},"line":143}},"branchMap":{"0":{"loc":{"start":{"line":36,"column":2},"end":{"line":36,"column":82}},"type":"if","locations":[{"start":{"line":36,"column":2},"end":{"line":36,"column":82}},{"start":{"line":36,"column":2},"end":{"line":36,"column":82}}],"line":36},"1":{"loc":{"start":{"line":36,"column":6},"end":{"line":36,"column":45}},"type":"binary-expr","locations":[{"start":{"line":36,"column":6},"end":{"line":36,"column":19}},{"start":{"line":36,"column":23},"end":{"line":36,"column":45}}],"line":36},"2":{"loc":{"start":{"line":48,"column":2},"end":{"line":53,"column":3}},"type":"if","locations":[{"start":{"line":48,"column":2},"end":{"line":53,"column":3}},{"start":{"line":48,"column":2},"end":{"line":53,"column":3}}],"line":48},"3":{"loc":{"start":{"line":80,"column":22},"end":{"line":80,"column":37}},"type":"binary-expr","locations":[{"start":{"line":80,"column":22},"end":{"line":80,"column":31}},{"start":{"line":80,"column":35},"end":{"line":80,"column":37}}],"line":80},"4":{"loc":{"start":{"line":84,"column":2},"end":{"line":89,"column":3}},"type":"if","locations":[{"start":{"line":84,"column":2},"end":{"line":89,"column":3}},{"start":{"line":84,"column":2},"end":{"line":89,"column":3}}],"line":84},"5":{"loc":{"start":{"line":84,"column":6},"end":{"line":84,"column":50}},"type":"binary-expr","locations":[{"start":{"line":84,"column":6},"end":{"line":84,"column":20}},{"start":{"line":84,"column":24},"end":{"line":84,"column":50}}],"line":84},"6":{"loc":{"start":{"line":103,"column":1},"end":{"line":138,"column":2}},"type":"if","locations":[{"start":{"line":103,"column":1},"end":{"line":138,"column":2}},{"start":{"line":103,"column":1},"end":{"line":138,"column":2}}],"line":103},"7":{"loc":{"start":{"line":145,"column":1},"end":{"line":155,"column":2}},"type":"if","locations":[{"start":{"line":145,"column":1},"end":{"line":155,"column":2}},{"start":{"line":145,"column":1},"end":{"line":155,"column":2}}],"line":145},"8":{"loc":{"start":{"line":145,"column":5},"end":{"line":145,"column":41}},"type":"binary-expr","locations":[{"start":{"line":145,"column":5},"end":{"line":145,"column":15}},{"start":{"line":145,"column":19},"end":{"line":145,"column":41}}],"line":145},"9":{"loc":{"start":{"line":148,"column":2},"end":{"line":153,"column":3}},"type":"if","locations":[{"start":{"line":148,"column":2},"end":{"line":153,"column":3}},{"start":{"line":148,"column":2},"end":{"line":153,"column":3}}],"line":148}},"s":{"0":0,"1":0,"2":0,"3":0,"4":0,"5":0,"6":0,"7":0,"8":0,"9":0,"10":0,"11":0,"12":0,"13":0,"14":0,"15":0,"16":0,"17":0,"18":0,"19":0,"20":0,"21":0,"22":0,"23":0,"24":0,"25":0,"26":0,"27":0,"28":0,"29":0,"30":0,"31":0,"32":0,"33":0,"34":0,"35":0,"36":0,"37":0,"38":0,"39":0,"40":0,"41":0,"42":0,"43":0,"44":0,"45":0},"f":{"0":0,"1":0,"2":0,"3":0,"4":0,"5":0,"6":0,"7":0,"8":0,"9":0,"10":0,"11":0,"12":0,"13":0,"14":0},"b":{"0":[0,0],"1":[0,0],"2":[0,0],"3":[0,0],"4":[0,0],"5":[0,0],"6":[0,0],"7":[0,0],"8":[0,0],"9":[0,0]},"hash":"eb7c7168db273a5fa66ad88ca130a5c2521c41c9"}
,"/home/mike/dev/imperium/packages/core/src/client/components/Root/Root.tsx": {"path":"/home/mike/dev/imperium/packages/core/src/client/components/Root/Root.tsx","statementMap":{"0":{"start":{"line":12,"column":10},"end":{"line":12,"column":37}},"1":{"start":{"line":26,"column":1},"end":{"line":26,"column":31}},"2":{"start":{"line":27,"column":50},"end":{"line":27,"column":55}},"3":{"start":{"line":29,"column":40},"end":{"line":31,"column":2}},"4":{"start":{"line":30,"column":2},"end":{"line":30,"column":75}},"5":{"start":{"line":33,"column":1},"end":{"line":39,"column":3}}},"fnMap":{"0":{"name":"Root","decl":{"start":{"line":25,"column":9},"end":{"line":25,"column":13}},"loc":{"start":{"line":25,"column":41},"end":{"line":40,"column":1}},"line":25},"1":{"name":"(anonymous_1)","decl":{"start":{"line":29,"column":40},"end":{"line":29,"column":41}},"loc":{"start":{"line":30,"column":2},"end":{"line":30,"column":75}},"line":30}},"branchMap":{"0":{"loc":{"start":{"line":35,"column":36},"end":{"line":35,"column":51}},"type":"binary-expr","locations":[{"start":{"line":35,"column":36},"end":{"line":35,"column":45}},{"start":{"line":35,"column":49},"end":{"line":35,"column":51}}],"line":35}},"s":{"0":1,"1":1,"2":1,"3":1,"4":0,"5":1},"f":{"0":1,"1":0},"b":{"0":[1,1]},"_coverageSchema":"43e27e138ebf9cfc5966b082cf9a028302ed4184","hash":"cf4c2a926110548a82a13a795106a1b1242c6263"}
,"/home/mike/dev/imperium/packages/core/src/client/components/Root/index.ts": {"path":"/home/mike/dev/imperium/packages/core/src/client/components/Root/index.ts","statementMap":{},"fnMap":{},"branchMap":{},"s":{},"f":{},"b":{},"hash":"c77198a95fccaabab1945bfb82237ab32e244a39"}
,"/home/mike/dev/imperium/packages/core/src/client/components/RouteDirector/RouteDirector.tsx": {"path":"/home/mike/dev/imperium/packages/core/src/client/components/RouteDirector/RouteDirector.tsx","statementMap":{"0":{"start":{"line":8,"column":10},"end":{"line":8,"column":46}},"1":{"start":{"line":37,"column":1},"end":{"line":37,"column":48}},"2":{"start":{"line":47,"column":94},"end":{"line":47,"column":99}},"3":{"start":{"line":49,"column":1},"end":{"line":49,"column":59}},"4":{"start":{"line":51,"column":22},"end":{"line":51,"column":35}},"5":{"start":{"line":53,"column":38},"end":{"line":53,"column":82}},"6":{"start":{"line":55,"column":1},"end":{"line":114,"column":3}},"7":{"start":{"line":58,"column":4},"end":{"line":111,"column":10}},"8":{"start":{"line":62,"column":41},"end":{"line":62,"column":81}},"9":{"start":{"line":65,"column":7},"end":{"line":65,"column":42}},"10":{"start":{"line":65,"column":30},"end":{"line":65,"column":42}},"11":{"start":{"line":68,"column":7},"end":{"line":84,"column":9}},"12":{"start":{"line":72,"column":10},"end":{"line":72,"column":51}},"13":{"start":{"line":73,"column":10},"end":{"line":75,"column":11}},"14":{"start":{"line":74,"column":11},"end":{"line":74,"column":71}},"15":{"start":{"line":76,"column":10},"end":{"line":78,"column":11}},"16":{"start":{"line":77,"column":11},"end":{"line":77,"column":72}},"17":{"start":{"line":79,"column":10},"end":{"line":79,"column":22}},"18":{"start":{"line":90,"column":7},"end":{"line":90,"column":80}},"19":{"start":{"line":90,"column":68},"end":{"line":90,"column":80}},"20":{"start":{"line":91,"column":7},"end":{"line":91,"column":42}},"21":{"start":{"line":92,"column":7},"end":{"line":108,"column":9}},"22":{"start":{"line":97,"column":10},"end":{"line":97,"column":51}},"23":{"start":{"line":99,"column":10},"end":{"line":99,"column":40}},"24":{"start":{"line":100,"column":10},"end":{"line":103,"column":13}}},"fnMap":{"0":{"name":"NoAuthContextConsumer","decl":{"start":{"line":36,"column":9},"end":{"line":36,"column":30}},"loc":{"start":{"line":36,"column":123},"end":{"line":38,"column":1}},"line":36},"1":{"name":"RouteDirector","decl":{"start":{"line":46,"column":9},"end":{"line":46,"column":22}},"loc":{"start":{"line":46,"column":50},"end":{"line":115,"column":1}},"line":46},"2":{"name":"(anonymous_2)","decl":{"start":{"line":57,"column":4},"end":{"line":57,"column":5}},"loc":{"start":{"line":58,"column":4},"end":{"line":111,"column":10}},"line":58},"3":{"name":"(anonymous_3)","decl":{"start":{"line":60,"column":18},"end":{"line":60,"column":19}},"loc":{"start":{"line":60,"column":27},"end":{"line":85,"column":7}},"line":60},"4":{"name":"(anonymous_4)","decl":{"start":{"line":71,"column":17},"end":{"line":71,"column":18}},"loc":{"start":{"line":71,"column":45},"end":{"line":80,"column":10}},"line":71},"5":{"name":"(anonymous_5)","decl":{"start":{"line":88,"column":17},"end":{"line":88,"column":18}},"loc":{"start":{"line":88,"column":26},"end":{"line":109,"column":7}},"line":88},"6":{"name":"(anonymous_6)","decl":{"start":{"line":96,"column":23},"end":{"line":96,"column":24}},"loc":{"start":{"line":96,"column":45},"end":{"line":104,"column":10}},"line":96}},"branchMap":{"0":{"loc":{"start":{"line":53,"column":38},"end":{"line":53,"column":82}},"type":"binary-expr","locations":[{"start":{"line":53,"column":38},"end":{"line":53,"column":57}},{"start":{"line":53,"column":61},"end":{"line":53,"column":82}}],"line":53},"1":{"loc":{"start":{"line":62,"column":59},"end":{"line":62,"column":73}},"type":"binary-expr","locations":[{"start":{"line":62,"column":59},"end":{"line":62,"column":67}},{"start":{"line":62,"column":71},"end":{"line":62,"column":73}}],"line":62},"2":{"loc":{"start":{"line":65,"column":7},"end":{"line":65,"column":42}},"type":"if","locations":[{"start":{"line":65,"column":7},"end":{"line":65,"column":42}},{"start":{"line":65,"column":7},"end":{"line":65,"column":42}}],"line":65},"3":{"loc":{"start":{"line":73,"column":10},"end":{"line":75,"column":11}},"type":"if","locations":[{"start":{"line":73,"column":10},"end":{"line":75,"column":11}},{"start":{"line":73,"column":10},"end":{"line":75,"column":11}}],"line":73},"4":{"loc":{"start":{"line":76,"column":10},"end":{"line":78,"column":11}},"type":"if","locations":[{"start":{"line":76,"column":10},"end":{"line":78,"column":11}},{"start":{"line":76,"column":10},"end":{"line":78,"column":11}}],"line":76},"5":{"loc":{"start":{"line":90,"column":7},"end":{"line":90,"column":80}},"type":"if","locations":[{"start":{"line":90,"column":7},"end":{"line":90,"column":80}},{"start":{"line":90,"column":7},"end":{"line":90,"column":80}}],"line":90},"6":{"loc":{"start":{"line":90,"column":11},"end":{"line":90,"column":66}},"type":"binary-expr","locations":[{"start":{"line":90,"column":11},"end":{"line":90,"column":24}},{"start":{"line":90,"column":28},"end":{"line":90,"column":38}},{"start":{"line":90,"column":42},"end":{"line":90,"column":66}}],"line":90}},"s":{"0":1,"1":0,"2":0,"3":0,"4":0,"5":0,"6":0,"7":0,"8":0,"9":0,"10":0,"11":0,"12":0,"13":0,"14":0,"15":0,"16":0,"17":0,"18":0,"19":0,"20":0,"21":0,"22":0,"23":0,"24":0},"f":{"0":0,"1":0,"2":0,"3":0,"4":0,"5":0,"6":0},"b":{"0":[0,0],"1":[0,0],"2":[0,0],"3":[0,0],"4":[0,0],"5":[0,0],"6":[0,0,0]},"_coverageSchema":"43e27e138ebf9cfc5966b082cf9a028302ed4184","hash":"fe5b79ef898368366f5d62bc8dfa7beb39039540"}
,"/home/mike/dev/imperium/packages/core/src/client/components/RouteDirector/index.ts": {"path":"/home/mike/dev/imperium/packages/core/src/client/components/RouteDirector/index.ts","statementMap":{},"fnMap":{},"branchMap":{},"s":{},"f":{},"b":{},"_coverageSchema":"43e27e138ebf9cfc5966b082cf9a028302ed4184","hash":"0504fa1d1ea91d9fdd4b03dfbf2f77758acbaef5"}
,"/home/mike/dev/imperium/packages/core/src/server/WorkerDev.js": {"path":"/home/mike/dev/imperium/packages/core/src/server/WorkerDev.js","statementMap":{"0":{"start":{"line":2,"column":16},"end":{"line":2,"column":34}},"1":{"start":{"line":3,"column":17},"end":{"line":3,"column":50}},"2":{"start":{"line":4,"column":10},"end":{"line":4,"column":60}},"3":{"start":{"line":5,"column":13},"end":{"line":5,"column":28}},"4":{"start":{"line":6,"column":21},"end":{"line":6,"column":58}},"5":{"start":{"line":8,"column":0},"end":{"line":17,"column":3}},"6":{"start":{"line":18,"column":15},"end":{"line":18,"column":42}},"7":{"start":{"line":19,"column":22},"end":{"line":19,"column":57}},"8":{"start":{"line":20,"column":15},"end":{"line":20,"column":38}},"9":{"start":{"line":23,"column":19},"end":{"line":23,"column":87}},"10":{"start":{"line":24,"column":22},"end":{"line":24,"column":93}},"11":{"start":{"line":27,"column":0},"end":{"line":29,"column":3}},"12":{"start":{"line":28,"column":1},"end":{"line":28,"column":60}},"13":{"start":{"line":37,"column":1},"end":{"line":37,"column":30}},"14":{"start":{"line":40,"column":18},"end":{"line":40,"column":40}},"15":{"start":{"line":41,"column":21},"end":{"line":47,"column":3}},"16":{"start":{"line":48,"column":1},"end":{"line":48,"column":22}},"17":{"start":{"line":51,"column":1},"end":{"line":51,"column":54}},"18":{"start":{"line":53,"column":1},"end":{"line":53,"column":20}},"19":{"start":{"line":58,"column":2},"end":{"line":62,"column":5}},"20":{"start":{"line":66,"column":0},"end":{"line":66,"column":13}}},"fnMap":{"0":{"name":"(anonymous_0)","decl":{"start":{"line":27,"column":33},"end":{"line":27,"column":34}},"loc":{"start":{"line":27,"column":48},"end":{"line":29,"column":1}},"line":27},"1":{"name":"hmr","decl":{"start":{"line":36,"column":9},"end":{"line":36,"column":12}},"loc":{"start":{"line":36,"column":18},"end":{"line":54,"column":1}},"line":36},"2":{"name":"(anonymous_2)","decl":{"start":{"line":57,"column":1},"end":{"line":57,"column":2}},"loc":{"start":{"line":57,"column":7},"end":{"line":63,"column":2}},"line":57}},"branchMap":{"0":{"loc":{"start":{"line":43,"column":16},"end":{"line":45,"column":15}},"type":"cond-expr","locations":[{"start":{"line":43,"column":43},"end":{"line":45,"column":3}},{"start":{"line":45,"column":6},"end":{"line":45,"column":15}}],"line":43},"1":{"loc":{"start":{"line":44,"column":21},"end":{"line":44,"column":65}},"type":"binary-expr","locations":[{"start":{"line":44,"column":21},"end":{"line":44,"column":57}},{"start":{"line":44,"column":61},"end":{"line":44,"column":65}}],"line":44}},"s":{"0":0,"1":0,"2":0,"3":0,"4":0,"5":0,"6":0,"7":0,"8":0,"9":0,"10":0,"11":0,"12":0,"13":0,"14":0,"15":0,"16":0,"17":0,"18":0,"19":0,"20":0},"f":{"0":0,"1":0,"2":0},"b":{"0":[0,0],"1":[0,0]},"hash":"5a2f6c358c4bf3314b1c5cab6177b5bcfd330b71"}
,"/home/mike/dev/imperium/packages/core/src/server/WorkerProd.js": {"path":"/home/mike/dev/imperium/packages/core/src/server/WorkerProd.js","statementMap":{"0":{"start":{"line":2,"column":17},"end":{"line":2,"column":50}},"1":{"start":{"line":3,"column":10},"end":{"line":3,"column":54}},"2":{"start":{"line":4,"column":19},"end":{"line":4,"column":48}},"3":{"start":{"line":5,"column":22},"end":{"line":5,"column":54}},"4":{"start":{"line":6,"column":15},"end":{"line":6,"column":42}},"5":{"start":{"line":9,"column":0},"end":{"line":11,"column":3}},"6":{"start":{"line":10,"column":1},"end":{"line":10,"column":60}},"7":{"start":{"line":15,"column":2},"end":{"line":18,"column":5}},"8":{"start":{"line":22,"column":0},"end":{"line":22,"column":13}}},"fnMap":{"0":{"name":"(anonymous_0)","decl":{"start":{"line":9,"column":33},"end":{"line":9,"column":34}},"loc":{"start":{"line":9,"column":48},"end":{"line":11,"column":1}},"line":9},"1":{"name":"(anonymous_1)","decl":{"start":{"line":14,"column":1},"end":{"line":14,"column":2}},"loc":{"start":{"line":14,"column":7},"end":{"line":19,"column":2}},"line":14}},"branchMap":{},"s":{"0":0,"1":0,"2":0,"3":0,"4":0,"5":0,"6":0,"7":0,"8":0},"f":{"0":0,"1":0},"b":{},"hash":"d8eb17fbbba4ca37a7a8d9acf2ddc239c987c058"}
,"/home/mike/dev/imperium/packages/core/src/server/broker.js": {"path":"/home/mike/dev/imperium/packages/core/src/server/broker.js","statementMap":{"0":{"start":{"line":2,"column":17},"end":{"line":2,"column":50}},"1":{"start":{"line":3,"column":14},"end":{"line":3,"column":30}},"2":{"start":{"line":5,"column":10},"end":{"line":5,"column":46}},"3":{"start":{"line":9,"column":2},"end":{"line":9,"column":39}},"4":{"start":{"line":13,"column":0},"end":{"line":13,"column":13}}},"fnMap":{"0":{"name":"(anonymous_0)","decl":{"start":{"line":8,"column":1},"end":{"line":8,"column":2}},"loc":{"start":{"line":8,"column":7},"end":{"line":10,"column":2}},"line":8}},"branchMap":{},"s":{"0":0,"1":0,"2":0,"3":0,"4":0},"f":{"0":0},"b":{},"hash":"f78557ac7dfd6ef4c356d9b1344a92da63eb85f9"}
,"/home/mike/dev/imperium/packages/core/src/server/createHtml.js": {"path":"/home/mike/dev/imperium/packages/core/src/server/createHtml.js","statementMap":{"0":{"start":{"line":6,"column":10},"end":{"line":6,"column":50}},"1":{"start":{"line":7,"column":21},"end":{"line":7,"column":58}},"2":{"start":{"line":16,"column":1},"end":{"line":20,"column":4}},"3":{"start":{"line":17,"column":2},"end":{"line":19,"column":5}},"4":{"start":{"line":18,"column":3},"end":{"line":18,"column":50}},"5":{"start":{"line":29,"column":18},"end":{"line":29,"column":40}},"6":{"start":{"line":34,"column":19},"end":{"line":34,"column":125}},"7":{"start":{"line":35,"column":14},"end":{"line":35,"column":107}},"8":{"start":{"line":36,"column":1},"end":{"line":36,"column":25}},"9":{"start":{"line":39,"column":1},"end":{"line":43,"column":3}},"10":{"start":{"line":40,"column":2},"end":{"line":40,"column":30}},"11":{"start":{"line":41,"column":2},"end":{"line":41,"column":18}},"12":{"start":{"line":42,"column":2},"end":{"line":42,"column":12}}},"fnMap":{"0":{"name":"readDevFile","decl":{"start":{"line":15,"column":9},"end":{"line":15,"column":20}},"loc":{"start":{"line":15,"column":40},"end":{"line":21,"column":1}},"line":15},"1":{"name":"(anonymous_1)","decl":{"start":{"line":16,"column":20},"end":{"line":16,"column":21}},"loc":{"start":{"line":16,"column":27},"end":{"line":20,"column":2}},"line":16},"2":{"name":"(anonymous_2)","decl":{"start":{"line":17,"column":29},"end":{"line":17,"column":30}},"loc":{"start":{"line":17,"column":35},"end":{"line":19,"column":3}},"line":17},"3":{"name":"createHtml","decl":{"start":{"line":28,"column":30},"end":{"line":28,"column":40}},"loc":{"start":{"line":28,"column":54},"end":{"line":44,"column":1}},"line":28},"4":{"name":"(anonymous_4)","decl":{"start":{"line":39,"column":8},"end":{"line":39,"column":9}},"loc":{"start":{"line":39,"column":22},"end":{"line":43,"column":2}},"line":39}},"branchMap":{"0":{"loc":{"start":{"line":34,"column":19},"end":{"line":34,"column":125}},"type":"cond-expr","locations":[{"start":{"line":34,"column":34},"end":{"line":34,"column":73}},{"start":{"line":34,"column":76},"end":{"line":34,"column":125}}],"line":34},"1":{"loc":{"start":{"line":35,"column":14},"end":{"line":35,"column":107}},"type":"cond-expr","locations":[{"start":{"line":35,"column":29},"end":{"line":35,"column":63}},{"start":{"line":35,"column":66},"end":{"line":35,"column":107}}],"line":35}},"s":{"0":2,"1":2,"2":1,"3":1,"4":1,"5":2,"6":2,"7":2,"8":2,"9":2,"10":2,"11":2,"12":2},"f":{"0":1,"1":1,"2":1,"3":2,"4":2},"b":{"0":[1,1],"1":[1,1]},"_coverageSchema":"43e27e138ebf9cfc5966b082cf9a028302ed4184","hash":"4a8f7a2be306735c43a34482d71f5def8893f627"}
,"/home/mike/dev/imperium/packages/core/src/server/index.js": {"path":"/home/mike/dev/imperium/packages/core/src/server/index.js","statementMap":{"0":{"start":{"line":11,"column":10},"end":{"line":11,"column":39}},"1":{"start":{"line":14,"column":1},"end":{"line":14,"column":31}},"2":{"start":{"line":17,"column":1},"end":{"line":17,"column":46}},"3":{"start":{"line":19,"column":22},"end":{"line":19,"column":59}},"4":{"start":{"line":20,"column":23},"end":{"line":20,"column":61}},"5":{"start":{"line":21,"column":17},"end":{"line":21,"column":52}},"6":{"start":{"line":24,"column":17},"end":{"line":37,"column":2}},"7":{"start":{"line":40,"column":12},"end":{"line":40,"column":38}},"8":{"start":{"line":43,"column":1},"end":{"line":47,"column":2}},"9":{"start":{"line":44,"column":2},"end":{"line":46,"column":5}},"10":{"start":{"line":45,"column":3},"end":{"line":45,"column":19}},"11":{"start":{"line":50,"column":1},"end":{"line":85,"column":2}},"12":{"start":{"line":52,"column":25},"end":{"line":55,"column":88}},"13":{"start":{"line":53,"column":3},"end":{"line":53,"column":45}},"14":{"start":{"line":54,"column":3},"end":{"line":54,"column":37}},"15":{"start":{"line":57,"column":29},"end":{"line":59,"column":3}},"16":{"start":{"line":62,"column":2},"end":{"line":64,"column":3}},"17":{"start":{"line":63,"column":3},"end":{"line":63,"column":67}},"18":{"start":{"line":67,"column":2},"end":{"line":84,"column":5}},"19":{"start":{"line":70,"column":3},"end":{"line":70,"column":46}},"20":{"start":{"line":72,"column":3},"end":{"line":77,"column":4}},"21":{"start":{"line":76,"column":4},"end":{"line":76,"column":11}},"22":{"start":{"line":80,"column":3},"end":{"line":83,"column":4}},"23":{"start":{"line":81,"column":4},"end":{"line":81,"column":55}},"24":{"start":{"line":82,"column":4},"end":{"line":82,"column":21}}},"fnMap":{"0":{"name":"server","decl":{"start":{"line":13,"column":24},"end":{"line":13,"column":30}},"loc":{"start":{"line":13,"column":33},"end":{"line":86,"column":1}},"line":13},"1":{"name":"(anonymous_1)","decl":{"start":{"line":44,"column":16},"end":{"line":44,"column":17}},"loc":{"start":{"line":44,"column":22},"end":{"line":46,"column":3}},"line":44},"2":{"name":"(anonymous_2)","decl":{"start":{"line":52,"column":34},"end":{"line":52,"column":35}},"loc":{"start":{"line":52,"column":40},"end":{"line":55,"column":3}},"line":52},"3":{"name":"(anonymous_3)","decl":{"start":{"line":69,"column":18},"end":{"line":69,"column":19}},"loc":{"start":{"line":69,"column":30},"end":{"line":84,"column":3}},"line":69}},"branchMap":{"0":{"loc":{"start":{"line":21,"column":17},"end":{"line":21,"column":52}},"type":"cond-expr","locations":[{"start":{"line":21,"column":32},"end":{"line":21,"column":48}},{"start":{"line":21,"column":51},"end":{"line":21,"column":52}}],"line":21},"1":{"loc":{"start":{"line":25,"column":11},"end":{"line":25,"column":23}},"type":"binary-expr","locations":[{"start":{"line":25,"column":11},"end":{"line":25,"column":18}},{"start":{"line":25,"column":22},"end":{"line":25,"column":23}}],"line":25},"2":{"loc":{"start":{"line":27,"column":8},"end":{"line":27,"column":32}},"type":"binary-expr","locations":[{"start":{"line":27,"column":8},"end":{"line":27,"column":24}},{"start":{"line":27,"column":28},"end":{"line":27,"column":32}}],"line":27},"3":{"loc":{"start":{"line":30,"column":11},"end":{"line":30,"column":44}},"type":"binary-expr","locations":[{"start":{"line":30,"column":11},"end":{"line":30,"column":30}},{"start":{"line":30,"column":34},"end":{"line":30,"column":44}}],"line":30},"4":{"loc":{"start":{"line":31,"column":20},"end":{"line":31,"column":113}},"type":"cond-expr","locations":[{"start":{"line":31,"column":35},"end":{"line":31,"column":73}},{"start":{"line":31,"column":76},"end":{"line":31,"column":113}}],"line":31},"5":{"loc":{"start":{"line":43,"column":1},"end":{"line":47,"column":2}},"type":"if","locations":[{"start":{"line":43,"column":1},"end":{"line":47,"column":2}},{"start":{"line":43,"column":1},"end":{"line":47,"column":2}}],"line":43},"6":{"loc":{"start":{"line":50,"column":1},"end":{"line":85,"column":2}},"type":"if","locations":[{"start":{"line":50,"column":1},"end":{"line":85,"column":2}},{"start":{"line":50,"column":1},"end":{"line":85,"column":2}}],"line":50},"7":{"loc":{"start":{"line":55,"column":5},"end":{"line":55,"column":53}},"type":"binary-expr","locations":[{"start":{"line":55,"column":5},"end":{"line":55,"column":46}},{"start":{"line":55,"column":50},"end":{"line":55,"column":53}}],"line":55},"8":{"loc":{"start":{"line":62,"column":2},"end":{"line":64,"column":3}},"type":"if","locations":[{"start":{"line":62,"column":2},"end":{"line":64,"column":3}},{"start":{"line":62,"column":2},"end":{"line":64,"column":3}}],"line":62},"9":{"loc":{"start":{"line":72,"column":3},"end":{"line":77,"column":4}},"type":"if","locations":[{"start":{"line":72,"column":3},"end":{"line":77,"column":4}},{"start":{"line":72,"column":3},"end":{"line":77,"column":4}}],"line":72},"10":{"loc":{"start":{"line":73,"column":4},"end":{"line":74,"column":74}},"type":"binary-expr","locations":[{"start":{"line":73,"column":4},"end":{"line":73,"column":71}},{"start":{"line":74,"column":7},"end":{"line":74,"column":74}}],"line":73},"11":{"loc":{"start":{"line":80,"column":3},"end":{"line":83,"column":4}},"type":"if","locations":[{"start":{"line":80,"column":3},"end":{"line":83,"column":4}},{"start":{"line":80,"column":3},"end":{"line":83,"column":4}}],"line":80},"12":{"loc":{"start":{"line":80,"column":7},"end":{"line":80,"column":69}},"type":"binary-expr","locations":[{"start":{"line":80,"column":7},"end":{"line":80,"column":32}},{"start":{"line":80,"column":36},"end":{"line":80,"column":69}}],"line":80}},"s":{"0":0,"1":0,"2":0,"3":0,"4":0,"5":0,"6":0,"7":0,"8":0,"9":0,"10":0,"11":0,"12":0,"13":0,"14":0,"15":0,"16":0,"17":0,"18":0,"19":0,"20":0,"21":0,"22":0,"23":0,"24":0},"f":{"0":0,"1":0,"2":0,"3":0},"b":{"0":[0,0],"1":[0,0],"2":[0,0],"3":[0,0],"4":[0,0],"5":[0,0],"6":[0,0],"7":[0,0],"8":[0,0],"9":[0,0],"10":[0,0],"11":[0,0],"12":[0,0]},"hash":"82439341f02fd1ff4a8f7cf23c0fd675fe0ee706"}
,"/home/mike/dev/imperium/packages/core/src/server/worker.ts": {"path":"/home/mike/dev/imperium/packages/core/src/server/worker.ts","statementMap":{"0":{"start":{"line":13,"column":10},"end":{"line":13,"column":46}},"1":{"start":{"line":20,"column":1},"end":{"line":20,"column":38}},"2":{"start":{"line":23,"column":23},"end":{"line":23,"column":61}},"3":{"start":{"line":25,"column":1},"end":{"line":27,"column":2}},"4":{"start":{"line":26,"column":2},"end":{"line":26,"column":85}},"5":{"start":{"line":30,"column":1},"end":{"line":30,"column":26}},"6":{"start":{"line":31,"column":19},"end":{"line":31,"column":35}},"7":{"start":{"line":32,"column":1},"end":{"line":124,"column":4}},"8":{"start":{"line":34,"column":2},"end":{"line":34,"column":68}},"9":{"start":{"line":34,"column":48},"end":{"line":34,"column":54}},"10":{"start":{"line":35,"column":34},"end":{"line":35,"column":79}},"11":{"start":{"line":35,"column":66},"end":{"line":35,"column":78}},"12":{"start":{"line":38,"column":2},"end":{"line":38,"column":28}},"13":{"start":{"line":39,"column":14},"end":{"line":39,"column":23}},"14":{"start":{"line":40,"column":2},"end":{"line":40,"column":35}},"15":{"start":{"line":44,"column":2},"end":{"line":44,"column":51}},"16":{"start":{"line":44,"column":28},"end":{"line":44,"column":51}},"17":{"start":{"line":47,"column":2},"end":{"line":47,"column":51}},"18":{"start":{"line":48,"column":2},"end":{"line":48,"column":29}},"19":{"start":{"line":49,"column":2},"end":{"line":49,"column":51}},"20":{"start":{"line":50,"column":2},"end":{"line":56,"column":5}},"21":{"start":{"line":51,"column":3},"end":{"line":55,"column":4}},"22":{"start":{"line":52,"column":4},"end":{"line":52,"column":26}},"23":{"start":{"line":54,"column":4},"end":{"line":54,"column":11}},"24":{"start":{"line":59,"column":2},"end":{"line":59,"column":20}},"25":{"start":{"line":62,"column":2},"end":{"line":62,"column":41}},"26":{"start":{"line":63,"column":21},"end":{"line":73,"column":4}},"27":{"start":{"line":64,"column":3},"end":{"line":69,"column":4}},"28":{"start":{"line":65,"column":4},"end":{"line":68,"column":6}},"29":{"start":{"line":70,"column":3},"end":{"line":70,"column":15}},"30":{"start":{"line":76,"column":2},"end":{"line":76,"column":40}},"31":{"start":{"line":77,"column":2},"end":{"line":79,"column":5}},"32":{"start":{"line":78,"column":3},"end":{"line":78,"column":114}},"33":{"start":{"line":78,"column":57},"end":{"line":78,"column":114}},"34":{"start":{"line":82,"column":2},"end":{"line":85,"column":5}},"35":{"start":{"line":83,"column":3},"end":{"line":83,"column":32}},"36":{"start":{"line":84,"column":3},"end":{"line":84,"column":41}},"37":{"start":{"line":90,"column":31},"end":{"line":90,"column":33}},"38":{"start":{"line":91,"column":2},"end":{"line":91,"column":64}},"39":{"start":{"line":94,"column":26},"end":{"line":112,"column":26}},"40":{"start":{"line":95,"column":3},"end":{"line":110,"column":4}},"41":{"start":{"line":96,"column":32},"end":{"line":96,"column":59}},"42":{"start":{"line":97,"column":4},"end":{"line":105,"column":5}},"43":{"start":{"line":98,"column":5},"end":{"line":104,"column":8}},"44":{"start":{"line":99,"column":6},"end":{"line":99,"column":95}},"45":{"start":{"line":100,"column":6},"end":{"line":100,"column":73}},"46":{"start":{"line":101,"column":6},"end":{"line":101,"column":25}},"47":{"start":{"line":102,"column":6},"end":{"line":102,"column":95}},"48":{"start":{"line":103,"column":6},"end":{"line":103,"column":33}},"49":{"start":{"line":106,"column":4},"end":{"line":109,"column":6}},"50":{"start":{"line":111,"column":3},"end":{"line":111,"column":15}},"51":{"start":{"line":115,"column":2},"end":{"line":115,"column":32}},"52":{"start":{"line":116,"column":2},"end":{"line":119,"column":5}},"53":{"start":{"line":117,"column":3},"end":{"line":117,"column":39}},"54":{"start":{"line":118,"column":3},"end":{"line":118,"column":23}},"55":{"start":{"line":121,"column":2},"end":{"line":121,"column":57}},"56":{"start":{"line":122,"column":2},"end":{"line":122,"column":22}},"57":{"start":{"line":123,"column":2},"end":{"line":123,"column":22}}},"fnMap":{"0":{"name":"worker","decl":{"start":{"line":15,"column":24},"end":{"line":15,"column":30}},"loc":{"start":{"line":19,"column":9},"end":{"line":125,"column":1}},"line":19},"1":{"name":"(anonymous_1)","decl":{"start":{"line":32,"column":25},"end":{"line":32,"column":26}},"loc":{"start":{"line":32,"column":39},"end":{"line":120,"column":2}},"line":32},"2":{"name":"(anonymous_2)","decl":{"start":{"line":34,"column":43},"end":{"line":34,"column":44}},"loc":{"start":{"line":34,"column":48},"end":{"line":34,"column":54}},"line":34},"3":{"name":"(anonymous_3)","decl":{"start":{"line":35,"column":52},"end":{"line":35,"column":53}},"loc":{"start":{"line":35,"column":66},"end":{"line":35,"column":78}},"line":35},"4":{"name":"(anonymous_4)","decl":{"start":{"line":50,"column":10},"end":{"line":50,"column":11}},"loc":{"start":{"line":50,"column":30},"end":{"line":56,"column":3}},"line":50},"5":{"name":"(anonymous_5)","decl":{"start":{"line":63,"column":36},"end":{"line":63,"column":37}},"loc":{"start":{"line":63,"column":54},"end":{"line":71,"column":3}},"line":63},"6":{"name":"(anonymous_6)","decl":{"start":{"line":77,"column":18},"end":{"line":77,"column":19}},"loc":{"start":{"line":77,"column":28},"end":{"line":79,"column":3}},"line":77},"7":{"name":"(anonymous_7)","decl":{"start":{"line":82,"column":31},"end":{"line":82,"column":32}},"loc":{"start":{"line":82,"column":58},"end":{"line":85,"column":3}},"line":82},"8":{"name":"(anonymous_8)","decl":{"start":{"line":91,"column":54},"end":{"line":91,"column":55}},"loc":{"start":{"line":91,"column":60},"end":{"line":91,"column":62}},"line":91},"9":{"name":"(anonymous_9)","decl":{"start":{"line":94,"column":41},"end":{"line":94,"column":42}},"loc":{"start":{"line":94,"column":59},"end":{"line":112,"column":3}},"line":94},"10":{"name":"(anonymous_10)","decl":{"start":{"line":98,"column":31},"end":{"line":98,"column":32}},"loc":{"start":{"line":98,"column":38},"end":{"line":104,"column":6}},"line":98},"11":{"name":"(anonymous_11)","decl":{"start":{"line":116,"column":37},"end":{"line":116,"column":38}},"loc":{"start":{"line":116,"column":44},"end":{"line":119,"column":3}},"line":116},"12":{"name":"(anonymous_12)","decl":{"start":{"line":120,"column":10},"end":{"line":120,"column":11}},"loc":{"start":{"line":120,"column":20},"end":{"line":124,"column":2}},"line":120}},"branchMap":{"0":{"loc":{"start":{"line":25,"column":1},"end":{"line":27,"column":2}},"type":"if","locations":[{"start":{"line":25,"column":1},"end":{"line":27,"column":2}},{"start":{"line":25,"column":1},"end":{"line":27,"column":2}}],"line":25},"1":{"loc":{"start":{"line":44,"column":2},"end":{"line":44,"column":51}},"type":"if","locations":[{"start":{"line":44,"column":2},"end":{"line":44,"column":51}},{"start":{"line":44,"column":2},"end":{"line":44,"column":51}}],"line":44},"2":{"loc":{"start":{"line":44,"column":6},"end":{"line":44,"column":26}},"type":"binary-expr","locations":[{"start":{"line":44,"column":6},"end":{"line":44,"column":19}},{"start":{"line":44,"column":23},"end":{"line":44,"column":26}}],"line":44},"3":{"loc":{"start":{"line":51,"column":3},"end":{"line":55,"column":4}},"type":"if","locations":[{"start":{"line":51,"column":3},"end":{"line":55,"column":4}},{"start":{"line":51,"column":3},"end":{"line":55,"column":4}}],"line":51},"4":{"loc":{"start":{"line":64,"column":3},"end":{"line":69,"column":4}},"type":"if","locations":[{"start":{"line":64,"column":3},"end":{"line":69,"column":4}},{"start":{"line":64,"column":3},"end":{"line":69,"column":4}}],"line":64},"5":{"loc":{"start":{"line":64,"column":7},"end":{"line":64,"column":57}},"type":"binary-expr","locations":[{"start":{"line":64,"column":7},"end":{"line":64,"column":24}},{"start":{"line":64,"column":28},"end":{"line":64,"column":57}}],"line":64},"6":{"loc":{"start":{"line":78,"column":3},"end":{"line":78,"column":114}},"type":"if","locations":[{"start":{"line":78,"column":3},"end":{"line":78,"column":114}},{"start":{"line":78,"column":3},"end":{"line":78,"column":114}}],"line":78},"7":{"loc":{"start":{"line":78,"column":7},"end":{"line":78,"column":55}},"type":"binary-expr","locations":[{"start":{"line":78,"column":7},"end":{"line":78,"column":23}},{"start":{"line":78,"column":27},"end":{"line":78,"column":55}}],"line":78},"8":{"loc":{"start":{"line":95,"column":3},"end":{"line":110,"column":4}},"type":"if","locations":[{"start":{"line":95,"column":3},"end":{"line":110,"column":4}},{"start":{"line":95,"column":3},"end":{"line":110,"column":4}}],"line":95},"9":{"loc":{"start":{"line":95,"column":7},"end":{"line":95,"column":51}},"type":"binary-expr","locations":[{"start":{"line":95,"column":7},"end":{"line":95,"column":21}},{"start":{"line":95,"column":25},"end":{"line":95,"column":51}}],"line":95},"10":{"loc":{"start":{"line":97,"column":4},"end":{"line":105,"column":5}},"type":"if","locations":[{"start":{"line":97,"column":4},"end":{"line":105,"column":5}},{"start":{"line":97,"column":4},"end":{"line":105,"column":5}}],"line":97},"11":{"loc":{"start":{"line":97,"column":8},"end":{"line":97,"column":67}},"type":"binary-expr","locations":[{"start":{"line":97,"column":8},"end":{"line":97,"column":27}},{"start":{"line":97,"column":31},"end":{"line":97,"column":67}}],"line":97}},"s":{"0":0,"1":0,"2":0,"3":0,"4":0,"5":0,"6":0,"7":0,"8":0,"9":0,"10":0,"11":0,"12":0,"13":0,"14":0,"15":0,"16":0,"17":0,"18":0,"19":0,"20":0,"21":0,"22":0,"23":0,"24":0,"25":0,"26":0,"27":0,"28":0,"29":0,"30":0,"31":0,"32":0,"33":0,"34":0,"35":0,"36":0,"37":0,"38":0,"39":0,"40":0,"41":0,"42":0,"43":0,"44":0,"45":0,"46":0,"47":0,"48":0,"49":0,"50":0,"51":0,"52":0,"53":0,"54":0,"55":0,"56":0,"57":0},"f":{"0":0,"1":0,"2":0,"3":0,"4":0,"5":0,"6":0,"7":0,"8":0,"9":0,"10":0,"11":0,"12":0},"b":{"0":[0,0],"1":[0,0],"2":[0,0],"3":[0,0],"4":[0,0],"5":[0,0],"6":[0,0],"7":[0,0],"8":[0,0],"9":[0,0],"10":[0,0],"11":[0,0]},"hash":"5825c371a9b3474ea31a43c8526e3e330ef71de7"}
,"/home/mike/dev/imperium/packages/core/src/server/endpoints/production.ts": {"path":"/home/mike/dev/imperium/packages/core/src/server/endpoints/production.ts","statementMap":{"0":{"start":{"line":6,"column":10},"end":{"line":6,"column":50}},"1":{"start":{"line":8,"column":21},"end":{"line":8,"column":58}},"2":{"start":{"line":15,"column":1},"end":{"line":19,"column":2}},"3":{"start":{"line":16,"column":2},"end":{"line":16,"column":49}},"4":{"start":{"line":17,"column":2},"end":{"line":17,"column":25}},"5":{"start":{"line":18,"column":2},"end":{"line":18,"column":69}}},"fnMap":{"0":{"name":"(anonymous_0)","decl":{"start":{"line":14,"column":15},"end":{"line":14,"column":16}},"loc":{"start":{"line":14,"column":37},"end":{"line":20,"column":1}},"line":14}},"branchMap":{"0":{"loc":{"start":{"line":15,"column":1},"end":{"line":19,"column":2}},"type":"if","locations":[{"start":{"line":15,"column":1},"end":{"line":19,"column":2}},{"start":{"line":15,"column":1},"end":{"line":19,"column":2}}],"line":15}},"s":{"0":0,"1":0,"2":0,"3":0,"4":0,"5":0},"f":{"0":0},"b":{"0":[0,0]},"hash":"fb6816acf3bc69fab0f18d87b6e9a2448aec6db7"}
,"/home/mike/dev/imperium/packages/core/src/server/middleware/Context.ts": {"path":"/home/mike/dev/imperium/packages/core/src/server/middleware/Context.ts","statementMap":{"0":{"start":{"line":9,"column":2},"end":{"line":9,"column":32}},"1":{"start":{"line":10,"column":2},"end":{"line":10,"column":20}},"2":{"start":{"line":11,"column":2},"end":{"line":11,"column":20}},"3":{"start":{"line":21,"column":23},"end":{"line":21,"column":57}},"4":{"start":{"line":22,"column":2},"end":{"line":22,"column":63}},"5":{"start":{"line":31,"column":2},"end":{"line":31,"column":28}},"6":{"start":{"line":39,"column":2},"end":{"line":39,"column":22}},"7":{"start":{"line":47,"column":2},"end":{"line":47,"column":21}},"8":{"start":{"line":55,"column":2},"end":{"line":55,"column":20}},"9":{"start":{"line":59,"column":2},"end":{"line":59,"column":26}}},"fnMap":{"0":{"name":"(anonymous_0)","decl":{"start":{"line":8,"column":1},"end":{"line":8,"column":2}},"loc":{"start":{"line":8,"column":25},"end":{"line":12,"column":2}},"line":8},"1":{"name":"(anonymous_1)","decl":{"start":{"line":20,"column":1},"end":{"line":20,"column":2}},"loc":{"start":{"line":20,"column":47},"end":{"line":23,"column":2}},"line":20},"2":{"name":"(anonymous_2)","decl":{"start":{"line":30,"column":1},"end":{"line":30,"column":2}},"loc":{"start":{"line":30,"column":21},"end":{"line":32,"column":2}},"line":30},"3":{"name":"(anonymous_3)","decl":{"start":{"line":38,"column":1},"end":{"line":38,"column":2}},"loc":{"start":{"line":38,"column":35},"end":{"line":40,"column":2}},"line":38},"4":{"name":"(anonymous_4)","decl":{"start":{"line":46,"column":1},"end":{"line":46,"column":2}},"loc":{"start":{"line":46,"column":17},"end":{"line":48,"column":2}},"line":46},"5":{"name":"(anonymous_5)","decl":{"start":{"line":54,"column":1},"end":{"line":54,"column":2}},"loc":{"start":{"line":54,"column":17},"end":{"line":56,"column":2}},"line":54},"6":{"name":"(anonymous_6)","decl":{"start":{"line":58,"column":1},"end":{"line":58,"column":2}},"loc":{"start":{"line":58,"column":32},"end":{"line":60,"column":2}},"line":58}},"branchMap":{},"s":{"0":4,"1":4,"2":4,"3":2,"4":2,"5":2,"6":1,"7":1,"8":1,"9":1},"f":{"0":4,"1":2,"2":2,"3":1,"4":1,"5":1,"6":1},"b":{},"_coverageSchema":"43e27e138ebf9cfc5966b082cf9a028302ed4184","hash":"e2696513b1e2239dd14044339c74eeef868cec35"}
,"/home/mike/dev/imperium/packages/core/src/server/middleware/contextMiddleware.ts": {"path":"/home/mike/dev/imperium/packages/core/src/server/middleware/contextMiddleware.ts","statementMap":{"0":{"start":{"line":6,"column":10},"end":{"line":6,"column":47}},"1":{"start":{"line":23,"column":1},"end":{"line":39,"column":3}},"2":{"start":{"line":24,"column":2},"end":{"line":24,"column":24}},"3":{"start":{"line":26,"column":18},"end":{"line":26,"column":41}},"4":{"start":{"line":28,"column":2},"end":{"line":28,"column":59}},"5":{"start":{"line":28,"column":16},"end":{"line":28,"column":59}},"6":{"start":{"line":31,"column":2},"end":{"line":33,"column":5}},"7":{"start":{"line":32,"column":3},"end":{"line":32,"column":84}},"8":{"start":{"line":32,"column":51},"end":{"line":32,"column":84}},"9":{"start":{"line":36,"column":2},"end":{"line":36,"column":24}},"10":{"start":{"line":38,"column":2},"end":{"line":38,"column":9}}},"fnMap":{"0":{"name":"contextMiddleware","decl":{"start":{"line":22,"column":24},"end":{"line":22,"column":41}},"loc":{"start":{"line":22,"column":115},"end":{"line":40,"column":1}},"line":22},"1":{"name":"(anonymous_1)","decl":{"start":{"line":23,"column":8},"end":{"line":23,"column":9}},"loc":{"start":{"line":23,"column":28},"end":{"line":39,"column":2}},"line":23},"2":{"name":"(anonymous_2)","decl":{"start":{"line":31,"column":18},"end":{"line":31,"column":19}},"loc":{"start":{"line":31,"column":28},"end":{"line":33,"column":3}},"line":31}},"branchMap":{"0":{"loc":{"start":{"line":28,"column":2},"end":{"line":28,"column":59}},"type":"if","locations":[{"start":{"line":28,"column":2},"end":{"line":28,"column":59}},{"start":{"line":28,"column":2},"end":{"line":28,"column":59}}],"line":28},"1":{"loc":{"start":{"line":32,"column":3},"end":{"line":32,"column":84}},"type":"if","locations":[{"start":{"line":32,"column":3},"end":{"line":32,"column":84}},{"start":{"line":32,"column":3},"end":{"line":32,"column":84}}],"line":32},"2":{"loc":{"start":{"line":32,"column":7},"end":{"line":32,"column":49}},"type":"binary-expr","locations":[{"start":{"line":32,"column":7},"end":{"line":32,"column":20}},{"start":{"line":32,"column":24},"end":{"line":32,"column":49}}],"line":32}},"s":{"0":1,"1":1,"2":1,"3":1,"4":1,"5":0,"6":1,"7":1,"8":1,"9":1,"10":1},"f":{"0":1,"1":1,"2":1},"b":{"0":[0,1],"1":[1,0],"2":[1,1]},"_coverageSchema":"43e27e138ebf9cfc5966b082cf9a028302ed4184","hash":"12b4840fe88523d72876098be0f677bc821f35ec"}
}
