TN:
SF:/home/mike/dev/imperium/packages/core/src/serverlib.ts
FNF:0
FNH:0
LF:0
LH:0
BRF:0
BRH:0
end_of_record
TN:
SF:/home/mike/dev/imperium/packages/core/src/client/index.tsx
FN:34,mergeModuleRoutes
FN:35,(anonymous_1)
FN:47,renderRoot
FN:59,startFromState
FN:61,(anonymous_4)
FN:62,(anonymous_5)
FN:68,(anonymous_6)
FN:95,(anonymous_7)
FN:107,(anonymous_8)
FN:111,(anonymous_9)
FN:121,checkStatus
FN:149,(anonymous_11)
FN:151,(anonymous_12)
FNF:13
FNH:0
FNDA:0,mergeModuleRoutes
FNDA:0,(anonymous_1)
FNDA:0,renderRoot
FNDA:0,startFromState
FNDA:0,(anonymous_4)
FNDA:0,(anonymous_5)
FNDA:0,(anonymous_6)
FNDA:0,(anonymous_7)
FNDA:0,(anonymous_8)
FNDA:0,(anonymous_9)
FNDA:0,checkStatus
FNDA:0,(anonymous_11)
FNDA:0,(anonymous_12)
DA:23,0
DA:25,0
DA:28,0
DA:35,0
DA:36,0
DA:37,0
DA:48,0
DA:61,0
DA:62,0
DA:65,0
DA:68,0
DA:69,0
DA:70,0
DA:75,0
DA:79,0
DA:82,0
DA:85,0
DA:95,0
DA:98,0
DA:99,0
DA:107,0
DA:110,0
DA:111,0
DA:113,0
DA:117,0
DA:122,0
DA:123,0
DA:125,0
DA:126,0
DA:127,0
DA:132,0
DA:133,0
DA:134,0
DA:135,0
DA:136,0
DA:137,0
DA:139,0
DA:142,0
DA:143,0
DA:149,0
DA:153,0
DA:154,0
DA:159,0
DA:160,0
LF:44
LH:0
BRDA:36,0,0,0
BRDA:36,0,1,0
BRDA:36,1,0,0
BRDA:36,1,1,0
BRDA:65,2,0,0
BRDA:65,2,1,0
BRDA:69,3,0,0
BRDA:69,3,1,0
BRDA:69,4,0,0
BRDA:69,4,1,0
BRDA:85,5,0,0
BRDA:85,5,1,0
BRDA:122,6,0,0
BRDA:122,6,1,0
BRDA:122,7,0,0
BRDA:122,7,1,0
BRDA:133,8,0,0
BRDA:133,8,1,0
BRDA:135,9,0,0
BRDA:135,9,1,0
BRDA:135,10,0,0
BRDA:135,10,1,0
BRF:22
BRH:0
end_of_record
TN:
SF:/home/mike/dev/imperium/packages/core/src/client/components/Root/Root.tsx
FN:23,Root
FN:27,(anonymous_1)
FNF:2
FNH:1
FNDA:1,Root
FNDA:0,(anonymous_1)
DA:11,1
DA:24,1
DA:25,1
DA:27,1
DA:28,0
DA:31,1
LF:6
LH:5
BRF:0
BRH:0
end_of_record
TN:
SF:/home/mike/dev/imperium/packages/core/src/client/components/Root/index.ts
FNF:0
FNH:0
LF:0
LH:0
BRF:0
BRH:0
end_of_record
TN:
SF:/home/mike/dev/imperium/packages/core/src/client/components/RouteDirector/RouteDirector.tsx
FN:36,NoAuthContextConsumer
FN:46,RouteDirector
FN:57,(anonymous_2)
FN:60,(anonymous_3)
FN:71,(anonymous_4)
FN:88,(anonymous_5)
FN:96,(anonymous_6)
FNF:7
FNH:0
FNDA:0,NoAuthContextConsumer
FNDA:0,RouteDirector
FNDA:0,(anonymous_2)
FNDA:0,(anonymous_3)
FNDA:0,(anonymous_4)
FNDA:0,(anonymous_5)
FNDA:0,(anonymous_6)
DA:8,1
DA:37,0
DA:47,0
DA:49,0
DA:51,0
DA:53,0
DA:55,0
DA:58,0
DA:62,0
DA:65,0
DA:68,0
DA:72,0
DA:73,0
DA:74,0
DA:76,0
DA:77,0
DA:79,0
DA:90,0
DA:91,0
DA:92,0
DA:97,0
DA:99,0
DA:100,0
LF:23
LH:1
BRDA:53,0,0,0
BRDA:53,0,1,0
BRDA:62,1,0,0
BRDA:62,1,1,0
BRDA:65,2,0,0
BRDA:65,2,1,0
BRDA:73,3,0,0
BRDA:73,3,1,0
BRDA:76,4,0,0
BRDA:76,4,1,0
BRDA:90,5,0,0
BRDA:90,5,1,0
BRDA:90,6,0,0
BRDA:90,6,1,0
BRF:14
BRH:0
end_of_record
TN:
SF:/home/mike/dev/imperium/packages/core/src/client/components/RouteDirector/index.ts
FNF:0
FNH:0
LF:0
LH:0
BRF:0
BRH:0
end_of_record
TN:
SF:/home/mike/dev/imperium/packages/core/src/server/WorkerDev.js
FN:27,(anonymous_0)
FN:36,hmr
FN:56,(anonymous_2)
FNF:3
FNH:0
FNDA:0,(anonymous_0)
FNDA:0,hmr
FNDA:0,(anonymous_2)
DA:2,0
DA:3,0
DA:4,0
DA:5,0
DA:6,0
DA:8,0
DA:18,0
DA:19,0
DA:20,0
DA:23,0
DA:24,0
DA:27,0
DA:28,0
DA:37,0
DA:40,0
DA:41,0
DA:47,0
DA:50,0
DA:52,0
DA:57,0
DA:65,0
LF:21
LH:0
BRDA:43,0,0,0
BRDA:43,0,1,0
BRDA:44,1,0,0
BRDA:44,1,1,0
BRF:4
BRH:0
end_of_record
TN:
SF:/home/mike/dev/imperium/packages/core/src/server/WorkerProd.js
FN:9,(anonymous_0)
FN:14,(anonymous_1)
FNF:2
FNH:0
FNDA:0,(anonymous_0)
FNDA:0,(anonymous_1)
DA:2,0
DA:3,0
DA:4,0
DA:5,0
DA:6,0
DA:9,0
DA:10,0
DA:15,0
DA:22,0
LF:9
LH:0
BRF:0
BRH:0
end_of_record
TN:
SF:/home/mike/dev/imperium/packages/core/src/server/broker.js
FN:8,(anonymous_0)
FNF:1
FNH:0
FNDA:0,(anonymous_0)
DA:2,0
DA:3,0
DA:5,0
DA:9,0
DA:13,0
LF:5
LH:0
BRF:0
BRH:0
end_of_record
TN:
SF:/home/mike/dev/imperium/packages/core/src/server/createHtml.js
FN:15,readDevFile
FN:16,(anonymous_1)
FN:17,(anonymous_2)
FN:28,createHtml
FN:39,(anonymous_4)
FNF:5
FNH:5
FNDA:1,readDevFile
FNDA:1,(anonymous_1)
FNDA:1,(anonymous_2)
FNDA:2,createHtml
FNDA:2,(anonymous_4)
DA:6,2
DA:7,2
DA:16,1
DA:17,1
DA:18,1
DA:29,2
DA:34,2
DA:35,2
DA:36,2
DA:39,2
DA:40,2
DA:41,2
DA:42,2
LF:13
LH:13
BRDA:34,0,0,1
BRDA:34,0,1,1
BRDA:35,1,0,1
BRDA:35,1,1,1
BRF:4
BRH:4
end_of_record
TN:
SF:/home/mike/dev/imperium/packages/core/src/server/index.js
FN:13,server
FN:43,(anonymous_1)
FN:51,(anonymous_2)
FN:68,(anonymous_3)
FNF:4
FNH:0
FNDA:0,server
FNDA:0,(anonymous_1)
FNDA:0,(anonymous_2)
FNDA:0,(anonymous_3)
DA:11,0
DA:14,0
DA:17,0
DA:19,0
DA:20,0
DA:21,0
DA:24,0
DA:39,0
DA:42,0
DA:43,0
DA:44,0
DA:49,0
DA:51,0
DA:52,0
DA:53,0
DA:56,0
DA:61,0
DA:62,0
DA:66,0
DA:69,0
DA:71,0
DA:75,0
DA:79,0
DA:80,0
DA:81,0
LF:25
LH:0
BRDA:21,0,0,0
BRDA:21,0,1,0
BRDA:25,1,0,0
BRDA:25,1,1,0
BRDA:27,2,0,0
BRDA:27,2,1,0
BRDA:29,3,0,0
BRDA:29,3,1,0
BRDA:30,4,0,0
BRDA:30,4,1,0
BRDA:42,5,0,0
BRDA:42,5,1,0
BRDA:49,6,0,0
BRDA:49,6,1,0
BRDA:54,7,0,0
BRDA:54,7,1,0
BRDA:61,8,0,0
BRDA:61,8,1,0
BRDA:71,9,0,0
BRDA:71,9,1,0
BRDA:72,10,0,0
BRDA:72,10,1,0
BRDA:79,11,0,0
BRDA:79,11,1,0
BRDA:79,12,0,0
BRDA:79,12,1,0
BRF:26
BRH:0
end_of_record
TN:
SF:/home/mike/dev/imperium/packages/core/src/server/worker.ts
FN:14,worker
FN:31,(anonymous_1)
FN:33,(anonymous_2)
FN:34,(anonymous_3)
FN:49,(anonymous_4)
FN:65,(anonymous_5)
FN:70,(anonymous_6)
FN:79,(anonymous_7)
FN:82,(anonymous_8)
FN:91,(anonymous_9)
FN:94,(anonymous_10)
FNF:11
FNH:0
FNDA:0,worker
FNDA:0,(anonymous_1)
FNDA:0,(anonymous_2)
FNDA:0,(anonymous_3)
FNDA:0,(anonymous_4)
FNDA:0,(anonymous_5)
FNDA:0,(anonymous_6)
FNDA:0,(anonymous_7)
FNDA:0,(anonymous_8)
FNDA:0,(anonymous_9)
FNDA:0,(anonymous_10)
DA:12,0
DA:19,0
DA:22,0
DA:24,0
DA:25,0
DA:29,0
DA:30,0
DA:31,0
DA:33,0
DA:34,0
DA:37,0
DA:38,0
DA:39,0
DA:43,0
DA:46,0
DA:47,0
DA:48,0
DA:49,0
DA:50,0
DA:51,0
DA:53,0
DA:58,0
DA:61,0
DA:64,0
DA:65,0
DA:66,0
DA:70,0
DA:71,0
DA:72,0
DA:78,0
DA:79,0
DA:82,0
DA:83,0
DA:84,0
DA:86,0
DA:90,0
DA:91,0
DA:92,0
DA:95,0
DA:96,0
DA:97,0
LF:41
LH:0
BRDA:24,0,0,0
BRDA:24,0,1,0
BRDA:43,1,0,0
BRDA:43,1,1,0
BRDA:43,2,0,0
BRDA:43,2,1,0
BRDA:50,3,0,0
BRDA:50,3,1,0
BRDA:66,4,0,0
BRDA:66,4,1,0
BRDA:66,5,0,0
BRDA:66,5,1,0
BRDA:83,6,0,0
BRDA:83,6,1,0
BRDA:83,7,0,0
BRDA:83,7,1,0
BRF:16
BRH:0
end_of_record
TN:
SF:/home/mike/dev/imperium/packages/core/src/server/endpoints/initialState.ts
FN:13,(anonymous_0)
FN:23,(anonymous_1)
FN:27,(anonymous_2)
FNF:3
FNH:0
FNDA:0,(anonymous_0)
FNDA:0,(anonymous_1)
FNDA:0,(anonymous_2)
DA:5,0
DA:14,0
DA:15,0
DA:24,0
DA:25,0
DA:26,0
DA:29,0
DA:32,0
DA:33,0
DA:36,0
DA:37,0
LF:11
LH:0
BRDA:18,0,0,0
BRDA:18,0,1,0
BRDA:25,1,0,0
BRDA:25,1,1,0
BRDA:25,2,0,0
BRDA:25,2,1,0
BRF:6
BRH:0
end_of_record
TN:
SF:/home/mike/dev/imperium/packages/core/src/server/endpoints/production.ts
FN:14,(anonymous_0)
FNF:1
FNH:0
FNDA:0,(anonymous_0)
DA:6,0
DA:8,0
DA:15,0
DA:16,0
DA:17,0
DA:18,0
LF:6
LH:0
BRDA:15,0,0,0
BRDA:15,0,1,0
BRF:2
BRH:0
end_of_record
TN:
SF:/home/mike/dev/imperium/packages/core/src/server/middleware/ContextMap.ts
FN:8,(anonymous_0)
FN:20,(anonymous_1)
FN:30,(anonymous_2)
FN:38,(anonymous_3)
FN:46,(anonymous_4)
FN:54,(anonymous_5)
FN:58,(anonymous_6)
FNF:7
FNH:7
FNDA:4,(anonymous_0)
FNDA:2,(anonymous_1)
FNDA:2,(anonymous_2)
FNDA:1,(anonymous_3)
FNDA:1,(anonymous_4)
FNDA:1,(anonymous_5)
FNDA:1,(anonymous_6)
DA:9,4
DA:10,4
DA:11,4
DA:21,2
DA:22,2
DA:31,2
DA:39,1
DA:47,1
DA:55,1
DA:59,1
LF:10
LH:10
BRF:0
BRH:0
end_of_record
TN:
SF:/home/mike/dev/imperium/packages/core/src/server/middleware/context.ts
FN:22,context
FN:23,(anonymous_1)
FN:31,(anonymous_2)
FNF:3
FNH:3
FNDA:1,context
FNDA:1,(anonymous_1)
FNDA:1,(anonymous_2)
DA:6,1
DA:23,1
DA:24,1
DA:26,1
DA:28,1
DA:31,1
DA:32,1
DA:36,1
DA:38,1
LF:9
LH:9
BRDA:28,0,0,0
BRDA:28,0,1,1
BRDA:32,1,0,1
BRDA:32,1,1,0
BRDA:32,2,0,1
BRDA:32,2,1,1
BRF:6
BRH:4
end_of_record
TN:
SF:/home/mike/dev/imperium/packages/core/src/server/middleware/index.ts
FNF:0
FNH:0
LF:0
LH:0
BRF:0
BRH:0
end_of_record
TN:
SF:/home/mike/dev/imperium/packages/core/src/server/middleware/userAuth.ts
FN:16,(anonymous_0)
FN:17,(anonymous_1)
FN:43,(anonymous_2)
FNF:3
FNH:0
FNDA:0,(anonymous_0)
FNDA:0,(anonymous_1)
FNDA:0,(anonymous_2)
DA:8,0
DA:17,0
DA:18,0
DA:21,0
DA:22,0
DA:25,0
DA:27,0
DA:28,0
DA:30,0
DA:34,0
DA:35,0
DA:36,0
DA:37,0
DA:41,0
DA:42,0
DA:44,0
DA:45,0
DA:46,0
DA:49,0
DA:53,0
DA:54,0
DA:55,0
DA:56,0
DA:57,0
LF:24
LH:0
BRDA:16,0,0,0
BRDA:16,1,0,0
BRDA:16,2,0,0
BRDA:25,3,0,0
BRDA:25,3,1,0
BRDA:25,4,0,0
BRDA:25,4,1,0
BRDA:25,4,2,0
BRDA:30,5,0,0
BRDA:30,5,1,0
BRDA:35,6,0,0
BRDA:35,6,1,0
BRDA:41,7,0,0
BRDA:41,7,1,0
BRF:14
BRH:0
end_of_record
