{"/home/mike/dev/imperium/packages/auth/src/client/components/SignInForm.js": {"path":"/home/mike/dev/imperium/packages/auth/src/client/components/SignInForm.js","statementMap":{"0":{"start":{"line":3,"column":0},"end":{"line":null,"column":-1}},"1":{"start":{"line":4,"column":0},"end":{"line":null,"column":-1}},"2":{"start":{"line":5,"column":0},"end":{"line":null,"column":-1}},"3":{"start":{"line":6,"column":0},"end":{"line":null,"column":-1}},"4":{"start":{"line":7,"column":0},"end":{"line":null,"column":-1}},"5":{"start":{"line":8,"column":0},"end":{"line":null,"column":-1}},"6":{"start":{"line":9,"column":0},"end":{"line":null,"column":-1}},"7":{"start":{"line":10,"column":0},"end":{"line":null,"column":-1}},"8":{"start":{"line":12,"column":10},"end":{"line":12,"column":0}},"9":{"start":{"line":14,"column":15},"end":{"line":14,"column":0}},"10":{"start":{"line":30,"column":57},"end":{"line":null,"column":-1}},"11":{"start":{"line":32,"column":2},"end":{"line":null,"column":-1}},"12":{"start":{"line":33,"column":2},"end":{"line":null,"column":-1}},"13":{"start":{"line":39,"column":2},"end":{"line":30,"column":57}},"14":{"start":{"line":74,"column":2},"end":{"line":null,"column":-1}}},"fnMap":{"0":{"name":"(anonymous_2)","decl":{"start":{"line":30,"column":57},"end":{"line":null,"column":-1}},"loc":{"start":{"line":30,"column":57},"end":{"line":null,"column":-1}}},"1":{"name":"(anonymous_3)","decl":{"start":{"line":31,"column":16},"end":{"line":31,"column":17}},"loc":{"start":{"line":31,"column":51},"end":{"line":30,"column":57}}},"2":{"name":"(anonymous_4)","decl":{"start":{"line":38,"column":14},"end":{"line":38,"column":15}},"loc":{"start":{"line":39,"column":2},"end":{"line":30,"column":57}}},"3":{"name":"(anonymous_5)","decl":{"start":{"line":73,"column":1},"end":{"line":73,"column":6}},"loc":{"start":{"line":73,"column":10},"end":{"line":85,"column":2}}}},"branchMap":{},"s":{"0":0,"1":0,"2":0,"3":0,"4":0,"5":0,"6":0,"7":0,"8":0,"9":0,"10":0,"11":0,"12":0,"13":0,"14":0},"f":{"0":0,"1":0,"2":0,"3":0},"b":{}}
,"/home/mike/dev/imperium/packages/auth/src/client/containers/SignIn.js": {"path":"/home/mike/dev/imperium/packages/auth/src/client/containers/SignIn.js","statementMap":{"0":{"start":{"line":3,"column":0},"end":{"line":null,"column":-1}},"1":{"start":{"line":4,"column":0},"end":{"line":null,"column":-1}},"2":{"start":{"line":5,"column":0},"end":{"line":null,"column":-1}},"3":{"start":{"line":6,"column":0},"end":{"line":null,"column":-1}},"4":{"start":{"line":7,"column":0},"end":{"line":null,"column":-1}},"5":{"start":{"line":8,"column":0},"end":{"line":null,"column":-1}},"6":{"start":{"line":9,"column":0},"end":{"line":null,"column":-1}},"7":{"start":{"line":10,"column":0},"end":{"line":null,"column":-1}},"8":{"start":{"line":11,"column":0},"end":{"line":null,"column":-1}},"9":{"start":{"line":12,"column":0},"end":{"line":null,"column":-1}},"10":{"start":{"line":13,"column":0},"end":{"line":null,"column":-1}},"11":{"start":{"line":14,"column":0},"end":{"line":null,"column":-1}},"12":{"start":{"line":16,"column":10},"end":{"line":16,"column":0}},"13":{"start":{"line":25,"column":38},"end":{"line":null,"column":-1}},"14":{"start":{"line":26,"column":26},"end":{"line":25,"column":38}},"15":{"start":{"line":28,"column":18},"end":{"line":28,"column":2}},"16":{"start":{"line":36,"column":2},"end":{"line":null,"column":-1}},"17":{"start":{"line":37,"column":2},"end":{"line":null,"column":-1}},"18":{"start":{"line":38,"column":16},"end":{"line":37,"column":2}},"19":{"start":{"line":40,"column":17},"end":{"line":40,"column":4}},"20":{"start":{"line":41,"column":4},"end":{"line":null,"column":-1}},"21":{"start":{"line":49,"column":2},"end":{"line":25,"column":38}},"22":{"start":{"line":59,"column":2},"end":{"line":null,"column":-1}},"23":{"start":{"line":65,"column":27},"end":{"line":65,"column":0}},"24":{"start":{"line":65,"column":39},"end":{"line":65,"column":0}}},"fnMap":{"0":{"name":"(anonymous_2)","decl":{"start":{"line":25,"column":38},"end":{"line":null,"column":-1}},"loc":{"start":{"line":25,"column":38},"end":{"line":null,"column":-1}}},"1":{"name":"(anonymous_3)","decl":{"start":{"line":26,"column":16},"end":{"line":26,"column":21}},"loc":{"start":{"line":26,"column":26},"end":{"line":25,"column":38}}},"2":{"name":"(anonymous_4)","decl":{"start":{"line":26,"column":26},"end":{"line":26,"column":27}},"loc":{"start":{"line":26,"column":47},"end":{"line":25,"column":38}}},"3":{"name":"(anonymous_5)","decl":{"start":{"line":38,"column":9},"end":{"line":38,"column":11}},"loc":{"start":{"line":38,"column":16},"end":{"line":37,"column":2}}},"4":{"name":"(anonymous_6)","decl":{"start":{"line":39,"column":9},"end":{"line":39,"column":14}},"loc":{"start":{"line":39,"column":15},"end":{"line":37,"column":2}}},"5":{"name":"(anonymous_7)","decl":{"start":{"line":43,"column":10},"end":{"line":43,"column":15}},"loc":{"start":{"line":43,"column":16},"end":{"line":37,"column":2}}},"6":{"name":"(anonymous_8)","decl":{"start":{"line":48,"column":16},"end":{"line":48,"column":17}},"loc":{"start":{"line":49,"column":2},"end":{"line":25,"column":38}}},"7":{"name":"(anonymous_9)","decl":{"start":{"line":58,"column":1},"end":{"line":58,"column":6}},"loc":{"start":{"line":58,"column":10},"end":{"line":62,"column":2}}},"8":{"name":"(anonymous_10)","decl":{"start":{"line":65,"column":27},"end":{"line":65,"column":34}},"loc":{"start":{"line":65,"column":39},"end":{"line":65,"column":0}}}},"branchMap":{},"s":{"0":0,"1":0,"2":0,"3":0,"4":0,"5":0,"6":0,"7":0,"8":0,"9":0,"10":0,"11":0,"12":0,"13":0,"14":0,"15":0,"16":0,"17":0,"18":0,"19":0,"20":0,"21":0,"22":0,"23":0,"24":0},"f":{"0":0,"1":0,"2":0,"3":0,"4":0,"5":0,"6":0,"7":0,"8":0},"b":{}}
,"/home/mike/dev/imperium/packages/auth/src/client/data/redux.js": {"path":"/home/mike/dev/imperium/packages/auth/src/client/data/redux.js","statementMap":{"0":{"start":{"line":1,"column":0},"end":{"line":null,"column":-1}},"1":{"start":{"line":2,"column":0},"end":{"line":null,"column":-1}},"2":{"start":{"line":3,"column":0},"end":{"line":null,"column":-1}},"3":{"start":{"line":5,"column":10},"end":{"line":5,"column":0}},"4":{"start":{"line":9,"column":21},"end":{"line":9,"column":0}},"5":{"start":{"line":18,"column":65},"end":{"line":17,"column":54}},"6":{"start":{"line":17,"column":54},"end":{"line":null,"column":-1}},"7":{"start":{"line":17,"column":54},"end":{"line":17,"column":53}},"8":{"start":{"line":20,"column":1},"end":{"line":null,"column":-1}},"9":{"start":{"line":22,"column":3},"end":{"line":null,"column":-1}},"10":{"start":{"line":28,"column":3},"end":{"line":null,"column":-1}},"11":{"start":{"line":31,"column":3},"end":{"line":null,"column":-1}},"12":{"start":{"line":36,"column":1},"end":{"line":null,"column":-1}},"13":{"start":{"line":37,"column":1},"end":{"line":null,"column":-1}},"14":{"start":{"line":38,"column":1},"end":{"line":null,"column":-1}},"15":{"start":{"line":39,"column":2},"end":{"line":null,"column":-1}},"16":{"start":{"line":47,"column":1},"end":{"line":null,"column":-1}},"17":{"start":{"line":48,"column":1},"end":{"line":null,"column":-1}},"18":{"start":{"line":60,"column":1},"end":{"line":null,"column":-1}},"19":{"start":{"line":61,"column":2},"end":{"line":null,"column":-1}},"20":{"start":{"line":62,"column":2},"end":{"line":null,"column":-1}},"21":{"start":{"line":63,"column":2},"end":{"line":null,"column":-1}},"22":{"start":{"line":64,"column":2},"end":{"line":null,"column":-1}},"23":{"start":{"line":65,"column":2},"end":{"line":null,"column":-1}}},"fnMap":{"0":{"name":"_default","decl":{"start":{"line":17,"column":15},"end":{"line":17,"column":23}},"loc":{"start":{"line":17,"column":54},"end":{"line":33,"column":1}}},"1":{"name":"signInSuccess","decl":{"start":{"line":35,"column":16},"end":{"line":35,"column":7}},"loc":{"start":{"line":35,"column":41},"end":{"line":44,"column":1}}},"2":{"name":"(anonymous_3)","decl":{"start":{"line":38,"column":8},"end":{"line":38,"column":15}},"loc":{"start":{"line":38,"column":20},"end":{"line":38,"column":1}}},"3":{"name":"signInError","decl":{"start":{"line":46,"column":16},"end":{"line":46,"column":7}},"loc":{"start":{"line":46,"column":33},"end":{"line":51,"column":1}}},"4":{"name":"signOut","decl":{"start":{"line":59,"column":16},"end":{"line":59,"column":7}},"loc":{"start":{"line":59,"column":47},"end":{"line":69,"column":1}}},"5":{"name":"(anonymous_6)","decl":{"start":{"line":60,"column":8},"end":{"line":60,"column":15}},"loc":{"start":{"line":60,"column":20},"end":{"line":60,"column":1}}}},"branchMap":{"0":{"loc":{"start":{"line":17,"column":32},"end":{"line":17,"column":15}},"type":"default-arg","locations":[{"start":{"line":17,"column":32},"end":{"line":17,"column":15}}]},"1":{"loc":{"start":{"line":18,"column":53},"end":{"line":17,"column":54}},"type":"cond-expr","locations":[{"start":{"line":18,"column":53},"end":{"line":17,"column":54}},{"start":{"line":17,"column":54},"end":{"line":null,"column":-1}}]},"2":{"loc":{"start":{"line":18,"column":41},"end":{"line":17,"column":54}},"type":"cond-expr","locations":[{"start":{"line":18,"column":41},"end":{"line":17,"column":54}},{"start":{"line":17,"column":54},"end":{"line":null,"column":-1}}]},"3":{"loc":{"start":{"line":21,"column":2},"end":{"line":22,"column":3}},"type":"switch","locations":[{"start":{"line":21,"column":2},"end":{"line":22,"column":3}},{"start":{"line":27,"column":2},"end":{"line":28,"column":3}},{"start":{"line":30,"column":2},"end":{"line":31,"column":3}}]}},"s":{"0":0,"1":0,"2":0,"3":0,"4":0,"5":0,"6":0,"7":0,"8":0,"9":0,"10":0,"11":0,"12":0,"13":0,"14":0,"15":0,"16":0,"17":0,"18":0,"19":0,"20":0,"21":0,"22":0,"23":0},"f":{"0":0,"1":0,"2":0,"3":0,"4":0,"5":0},"b":{"0":[0],"1":[0,0],"2":[0,0],"3":[0,0,0]}}
,"/home/mike/dev/imperium/packages/auth/src/common/checkPermissions.js": {"path":"/home/mike/dev/imperium/packages/auth/src/common/checkPermissions.js","statementMap":{"0":{"start":{"line":1,"column":0},"end":{"line":null,"column":-1}},"1":{"start":{"line":2,"column":0},"end":{"line":null,"column":-1}},"2":{"start":{"line":3,"column":0},"end":{"line":null,"column":-1}},"3":{"start":{"line":6,"column":20},"end":{"line":5,"column":60}},"4":{"start":{"line":7,"column":14},"end":{"line":7,"column":1}},"5":{"start":{"line":8,"column":14},"end":{"line":8,"column":1}},"6":{"start":{"line":9,"column":1},"end":{"line":null,"column":-1}},"7":{"start":{"line":19,"column":1},"end":{"line":19,"column":26}},"8":{"start":{"line":19,"column":26},"end":{"line":null,"column":-1}},"9":{"start":{"line":20,"column":1},"end":{"line":null,"column":-1}}},"fnMap":{"0":{"name":"permissionsMatch","decl":{"start":{"line":5,"column":9},"end":{"line":5,"column":0}},"loc":{"start":{"line":5,"column":60},"end":{"line":10,"column":1}}},"1":{"name":"checkPermissions","decl":{"start":{"line":18,"column":24},"end":{"line":18,"column":15}},"loc":{"start":{"line":18,"column":64},"end":{"line":21,"column":1}}}},"branchMap":{"0":{"loc":{"start":{"line":7,"column":41},"end":{"line":7,"column":14}},"type":"cond-expr","locations":[{"start":{"line":7,"column":41},"end":{"line":7,"column":14}},{"start":{"line":7,"column":59},"end":{"line":7,"column":1}}]},"1":{"loc":{"start":{"line":8,"column":41},"end":{"line":8,"column":14}},"type":"cond-expr","locations":[{"start":{"line":8,"column":41},"end":{"line":8,"column":14}},{"start":{"line":8,"column":74},"end":{"line":8,"column":1}}]},"2":{"loc":{"start":{"line":19,"column":1},"end":{"line":19,"column":26}},"type":"if","locations":[{"start":{"line":19,"column":1},"end":{"line":19,"column":26}},{"start":{"line":19,"column":1},"end":{"line":19,"column":26}}]}},"s":{"0":0,"1":0,"2":0,"3":0,"4":0,"5":0,"6":0,"7":0,"8":0,"9":0},"f":{"0":0,"1":0},"b":{"0":[0,0],"1":[0,0],"2":[0,0]}}
,"/home/mike/dev/imperium/packages/auth/src/common/permissions.js": {"path":"/home/mike/dev/imperium/packages/auth/src/common/permissions.js","statementMap":{"0":{"start":{"line":1,"column":17},"end":{"line":1,"column":0}}},"fnMap":{},"branchMap":{},"s":{"0":0},"f":{},"b":{}}
,"/home/mike/dev/imperium/packages/auth/src/server/startup.js": {"path":"/home/mike/dev/imperium/packages/auth/src/server/startup.js","statementMap":{"0":{"start":{"line":1,"column":0},"end":{"line":null,"column":-1}},"1":{"start":{"line":2,"column":0},"end":{"line":null,"column":-1}},"2":{"start":{"line":4,"column":10},"end":{"line":4,"column":0}},"3":{"start":{"line":7,"column":1},"end":{"line":null,"column":-1}},"4":{"start":{"line":8,"column":16},"end":{"line":6,"column":43}},"5":{"start":{"line":9,"column":20},"end":{"line":6,"column":43}},"6":{"start":{"line":11,"column":1},"end":{"line":6,"column":43}},"7":{"start":{"line":12,"column":2},"end":{"line":null,"column":-1}}},"fnMap":{"0":{"name":"startup","decl":{"start":{"line":6,"column":30},"end":{"line":6,"column":15}},"loc":{"start":{"line":6,"column":43},"end":{"line":17,"column":1}}}},"branchMap":{"0":{"loc":{"start":{"line":11,"column":1},"end":{"line":6,"column":43}},"type":"if","locations":[{"start":{"line":11,"column":1},"end":{"line":6,"column":43}},{"start":{"line":11,"column":1},"end":{"line":6,"column":43}}]}},"s":{"0":0,"1":0,"2":0,"3":0,"4":0,"5":0,"6":0,"7":0},"f":{"0":0},"b":{"0":[0,0]}}
,"/home/mike/dev/imperium/packages/auth/src/server/graphql/index.js": {"path":"/home/mike/dev/imperium/packages/auth/src/server/graphql/index.js","statementMap":{"0":{"start":{"line":3,"column":22},"end":{"line":3,"column":7}},"1":{"start":{"line":5,"column":25},"end":{"line":5,"column":7}},"2":{"start":{"line":8,"column":3},"end":{"line":null,"column":-1}}},"fnMap":{},"branchMap":{},"s":{"0":0,"1":0,"2":0},"f":{},"b":{}}
,"/home/mike/dev/imperium/packages/auth/src/server/models/Auth.js": {"path":"/home/mike/dev/imperium/packages/auth/src/server/models/Auth.js","statementMap":{"0":{"start":{"line":14,"column":10},"end":{"line":14,"column":44}},"1":{"start":{"line":23,"column":13},"end":{"line":23,"column":21}},"2":{"start":{"line":24,"column":1},"end":{"line":31,"column":2}},"3":{"start":{"line":25,"column":2},"end":{"line":25,"column":24}},"4":{"start":{"line":27,"column":2},"end":{"line":29,"column":3}},"5":{"start":{"line":28,"column":3},"end":{"line":28,"column":84}},"6":{"start":{"line":30,"column":2},"end":{"line":30,"column":23}},"7":{"start":{"line":32,"column":1},"end":{"line":32,"column":14}},"8":{"start":{"line":42,"column":15},"end":{"line":42,"column":42}},"9":{"start":{"line":43,"column":1},"end":{"line":43,"column":54}},"10":{"start":{"line":55,"column":1},"end":{"line":59,"column":47}},"11":{"start":{"line":72,"column":2},"end":{"line":72,"column":34}},"12":{"start":{"line":73,"column":2},"end":{"line":73,"column":43}},"13":{"start":{"line":74,"column":2},"end":{"line":74,"column":28}},"14":{"start":{"line":82,"column":2},"end":{"line":86,"column":5}},"15":{"start":{"line":84,"column":15},"end":{"line":84,"column":19}},"16":{"start":{"line":95,"column":2},"end":{"line":95,"column":24}},"17":{"start":{"line":96,"column":20},"end":{"line":96,"column":24}},"18":{"start":{"line":97,"column":2},"end":{"line":105,"column":5}},"19":{"start":{"line":100,"column":17},"end":{"line":100,"column":68}},"20":{"start":{"line":101,"column":4},"end":{"line":101,"column":46}},"21":{"start":{"line":101,"column":15},"end":{"line":101,"column":46}},"22":{"start":{"line":102,"column":4},"end":{"line":102,"column":53}},"23":{"start":{"line":114,"column":15},"end":{"line":114,"column":39}},"24":{"start":{"line":115,"column":2},"end":{"line":119,"column":5}},"25":{"start":{"line":129,"column":2},"end":{"line":129,"column":32}},"26":{"start":{"line":132,"column":18},"end":{"line":132,"column":29}},"27":{"start":{"line":134,"column":15},"end":{"line":134,"column":44}},"28":{"start":{"line":135,"column":2},"end":{"line":135,"column":39}},"29":{"start":{"line":135,"column":13},"end":{"line":135,"column":39}},"30":{"start":{"line":137,"column":2},"end":{"line":156,"column":3}},"31":{"start":{"line":138,"column":3},"end":{"line":155,"column":4}},"32":{"start":{"line":139,"column":4},"end":{"line":154,"column":6}},"33":{"start":{"line":157,"column":2},"end":{"line":157,"column":36}},"34":{"start":{"line":158,"column":2},"end":{"line":158,"column":33}},"35":{"start":{"line":168,"column":15},"end":{"line":168,"column":48}},"36":{"start":{"line":169,"column":2},"end":{"line":169,"column":25}},"37":{"start":{"line":169,"column":13},"end":{"line":169,"column":25}},"38":{"start":{"line":170,"column":2},"end":{"line":170,"column":41}},"39":{"start":{"line":179,"column":16},"end":{"line":179,"column":43}},"40":{"start":{"line":180,"column":2},"end":{"line":180,"column":25}},"41":{"start":{"line":189,"column":16},"end":{"line":189,"column":50}},"42":{"start":{"line":190,"column":2},"end":{"line":190,"column":76}},"43":{"start":{"line":190,"column":39},"end":{"line":190,"column":70}},"44":{"start":{"line":200,"column":2},"end":{"line":204,"column":6}},"45":{"start":{"line":212,"column":2},"end":{"line":212,"column":33}}},"fnMap":{"0":{"name":"getPasswordString","decl":{"start":{"line":22,"column":9},"end":{"line":22,"column":26}},"loc":{"start":{"line":22,"column":37},"end":{"line":33,"column":1}},"line":22},"1":{"name":"validatePassword","decl":{"start":{"line":41,"column":22},"end":{"line":41,"column":38}},"loc":{"start":{"line":41,"column":55},"end":{"line":44,"column":1}},"line":41},"2":{"name":"signJwt","decl":{"start":{"line":54,"column":9},"end":{"line":54,"column":16}},"loc":{"start":{"line":54,"column":93},"end":{"line":60,"column":1}},"line":54},"3":{"name":"(anonymous_3)","decl":{"start":{"line":71,"column":1},"end":{"line":71,"column":2}},"loc":{"start":{"line":71,"column":30},"end":{"line":75,"column":2}},"line":71},"4":{"name":"(anonymous_4)","decl":{"start":{"line":81,"column":1},"end":{"line":81,"column":2}},"loc":{"start":{"line":81,"column":15},"end":{"line":87,"column":2}},"line":81},"5":{"name":"(anonymous_5)","decl":{"start":{"line":84,"column":9},"end":{"line":84,"column":10}},"loc":{"start":{"line":84,"column":15},"end":{"line":84,"column":19}},"line":84},"6":{"name":"(anonymous_6)","decl":{"start":{"line":94,"column":1},"end":{"line":94,"column":2}},"loc":{"start":{"line":94,"column":36},"end":{"line":106,"column":2}},"line":94},"7":{"name":"(anonymous_7)","decl":{"start":{"line":99,"column":9},"end":{"line":99,"column":10}},"loc":{"start":{"line":99,"column":21},"end":{"line":103,"column":4}},"line":99},"8":{"name":"(anonymous_8)","decl":{"start":{"line":113,"column":1},"end":{"line":113,"column":2}},"loc":{"start":{"line":113,"column":27},"end":{"line":120,"column":2}},"line":113},"9":{"name":"(anonymous_9)","decl":{"start":{"line":128,"column":1},"end":{"line":128,"column":2}},"loc":{"start":{"line":128,"column":31},"end":{"line":159,"column":2}},"line":128},"10":{"name":"(anonymous_10)","decl":{"start":{"line":167,"column":1},"end":{"line":167,"column":2}},"loc":{"start":{"line":167,"column":37},"end":{"line":171,"column":2}},"line":167},"11":{"name":"(anonymous_11)","decl":{"start":{"line":178,"column":1},"end":{"line":178,"column":2}},"loc":{"start":{"line":178,"column":33},"end":{"line":181,"column":2}},"line":178},"12":{"name":"(anonymous_12)","decl":{"start":{"line":188,"column":1},"end":{"line":188,"column":2}},"loc":{"start":{"line":188,"column":34},"end":{"line":191,"column":2}},"line":188},"13":{"name":"(anonymous_13)","decl":{"start":{"line":190,"column":22},"end":{"line":190,"column":23}},"loc":{"start":{"line":190,"column":39},"end":{"line":190,"column":70}},"line":190},"14":{"name":"(anonymous_14)","decl":{"start":{"line":199,"column":1},"end":{"line":199,"column":2}},"loc":{"start":{"line":199,"column":31},"end":{"line":205,"column":2}},"line":199},"15":{"name":"(anonymous_15)","decl":{"start":{"line":211,"column":1},"end":{"line":211,"column":2}},"loc":{"start":{"line":211,"column":17},"end":{"line":213,"column":2}},"line":211}},"branchMap":{"0":{"loc":{"start":{"line":24,"column":1},"end":{"line":31,"column":2}},"type":"if","locations":[{"start":{"line":24,"column":1},"end":{"line":31,"column":2}},{"start":{"line":24,"column":1},"end":{"line":31,"column":2}}],"line":24},"1":{"loc":{"start":{"line":27,"column":2},"end":{"line":29,"column":3}},"type":"if","locations":[{"start":{"line":27,"column":2},"end":{"line":29,"column":3}},{"start":{"line":27,"column":2},"end":{"line":29,"column":3}}],"line":27},"2":{"loc":{"start":{"line":54,"column":23},"end":{"line":54,"column":35}},"type":"default-arg","locations":[{"start":{"line":54,"column":33},"end":{"line":54,"column":35}}],"line":54},"3":{"loc":{"start":{"line":54,"column":37},"end":{"line":54,"column":91}},"type":"default-arg","locations":[{"start":{"line":54,"column":47},"end":{"line":54,"column":91}}],"line":54},"4":{"loc":{"start":{"line":54,"column":59},"end":{"line":54,"column":90}},"type":"binary-expr","locations":[{"start":{"line":54,"column":59},"end":{"line":54,"column":82}},{"start":{"line":54,"column":86},"end":{"line":54,"column":90}}],"line":54},"5":{"loc":{"start":{"line":101,"column":4},"end":{"line":101,"column":46}},"type":"if","locations":[{"start":{"line":101,"column":4},"end":{"line":101,"column":46}},{"start":{"line":101,"column":4},"end":{"line":101,"column":46}}],"line":101},"6":{"loc":{"start":{"line":135,"column":2},"end":{"line":135,"column":39}},"type":"if","locations":[{"start":{"line":135,"column":2},"end":{"line":135,"column":39}},{"start":{"line":135,"column":2},"end":{"line":135,"column":39}}],"line":135},"7":{"loc":{"start":{"line":137,"column":2},"end":{"line":156,"column":3}},"type":"if","locations":[{"start":{"line":137,"column":2},"end":{"line":156,"column":3}},{"start":{"line":137,"column":2},"end":{"line":156,"column":3}}],"line":137},"8":{"loc":{"start":{"line":137,"column":6},"end":{"line":137,"column":78}},"type":"binary-expr","locations":[{"start":{"line":137,"column":6},"end":{"line":137,"column":19}},{"start":{"line":137,"column":23},"end":{"line":137,"column":45}},{"start":{"line":137,"column":49},"end":{"line":137,"column":78}}],"line":137},"9":{"loc":{"start":{"line":138,"column":3},"end":{"line":155,"column":4}},"type":"if","locations":[{"start":{"line":138,"column":3},"end":{"line":155,"column":4}},{"start":{"line":138,"column":3},"end":{"line":155,"column":4}}],"line":138},"10":{"loc":{"start":{"line":169,"column":2},"end":{"line":169,"column":25}},"type":"if","locations":[{"start":{"line":169,"column":2},"end":{"line":169,"column":25}},{"start":{"line":169,"column":2},"end":{"line":169,"column":25}}],"line":169},"11":{"loc":{"start":{"line":188,"column":22},"end":{"line":188,"column":32}},"type":"default-arg","locations":[{"start":{"line":188,"column":30},"end":{"line":188,"column":32}}],"line":188}},"s":{"0":1,"1":2,"2":2,"3":2,"4":0,"5":0,"6":0,"7":2,"8":1,"9":1,"10":0,"11":4,"12":4,"13":4,"14":0,"15":0,"16":0,"17":0,"18":0,"19":0,"20":0,"21":0,"22":0,"23":0,"24":0,"25":0,"26":0,"27":0,"28":0,"29":0,"30":0,"31":0,"32":0,"33":0,"34":0,"35":0,"36":0,"37":0,"38":0,"39":1,"40":1,"41":1,"42":1,"43":1,"44":1,"45":1},"f":{"0":2,"1":1,"2":0,"3":4,"4":0,"5":0,"6":0,"7":0,"8":0,"9":0,"10":0,"11":1,"12":1,"13":1,"14":1,"15":1},"b":{"0":[2,0],"1":[0,0],"2":[0],"3":[0],"4":[0,0],"5":[0,0],"6":[0,0],"7":[0,0],"8":[0,0,0],"9":[0,0],"10":[0,0],"11":[0]},"_coverageSchema":"332fd63041d2c1bcb487cc26dd0d5f7d97098a6c","hash":"c7df511a9bfbbfd1d5eb2420cc1490f4e70b543f"}
,"/home/mike/dev/imperium/packages/auth/src/server/models/errors.js": {"path":"/home/mike/dev/imperium/packages/auth/src/server/models/errors.js","statementMap":{"0":{"start":{"line":3,"column":33},"end":{"line":3,"column":90}},"1":{"start":{"line":3,"column":39},"end":{"line":3,"column":90}},"2":{"start":{"line":4,"column":38},"end":{"line":4,"column":103}},"3":{"start":{"line":4,"column":44},"end":{"line":4,"column":103}}},"fnMap":{"0":{"name":"(anonymous_0)","decl":{"start":{"line":3,"column":33},"end":{"line":3,"column":34}},"loc":{"start":{"line":3,"column":39},"end":{"line":3,"column":90}},"line":3},"1":{"name":"(anonymous_1)","decl":{"start":{"line":4,"column":38},"end":{"line":4,"column":39}},"loc":{"start":{"line":4,"column":44},"end":{"line":4,"column":103}},"line":4}},"branchMap":{},"s":{"0":1,"1":0,"2":1,"3":0},"f":{"0":0,"1":0},"b":{},"_coverageSchema":"332fd63041d2c1bcb487cc26dd0d5f7d97098a6c","hash":"b972cf00dde445cb12c3c465a4d8ec57d0f34b36"}
,"/home/mike/dev/imperium/packages/auth/src/server/models/index.js": {"path":"/home/mike/dev/imperium/packages/auth/src/server/models/index.js","statementMap":{"0":{"start":{"line":1,"column":0},"end":{"line":null,"column":-1}},"1":{"start":{"line":4,"column":1},"end":{"line":4,"column":24}},"2":{"start":{"line":4,"column":24},"end":{"line":null,"column":-1}},"3":{"start":{"line":5,"column":1},"end":{"line":null,"column":-1}}},"fnMap":{"0":{"name":"_default","decl":{"start":{"line":3,"column":15},"end":{"line":3,"column":23}},"loc":{"start":{"line":3,"column":41},"end":{"line":8,"column":1}}}},"branchMap":{"0":{"loc":{"start":{"line":4,"column":1},"end":{"line":4,"column":24}},"type":"if","locations":[{"start":{"line":4,"column":1},"end":{"line":4,"column":24}},{"start":{"line":4,"column":1},"end":{"line":4,"column":24}}]}},"s":{"0":0,"1":0,"2":0,"3":0},"f":{"0":0},"b":{"0":[0,0]}}
,"/home/mike/dev/imperium/packages/auth/src/server/models/randomId.js": {"path":"/home/mike/dev/imperium/packages/auth/src/server/models/randomId.js","statementMap":{"0":{"start":{"line":4,"column":18},"end":{"line":4,"column":39}},"1":{"start":{"line":6,"column":1},"end":{"line":10,"column":2}},"2":{"start":{"line":7,"column":2},"end":{"line":7,"column":32}},"3":{"start":{"line":9,"column":2},"end":{"line":9,"column":38}},"4":{"start":{"line":11,"column":1},"end":{"line":11,"column":51}}},"fnMap":{"0":{"name":"randomId","decl":{"start":{"line":3,"column":24},"end":{"line":3,"column":32}},"loc":{"start":{"line":3,"column":46},"end":{"line":12,"column":1}},"line":3}},"branchMap":{"0":{"loc":{"start":{"line":3,"column":33},"end":{"line":3,"column":44}},"type":"default-arg","locations":[{"start":{"line":3,"column":42},"end":{"line":3,"column":44}}],"line":3}},"s":{"0":0,"1":0,"2":0,"3":0,"4":0},"f":{"0":0},"b":{"0":[0]},"_coverageSchema":"332fd63041d2c1bcb487cc26dd0d5f7d97098a6c","hash":"fa5095f8fc96df7bf754e5f87a75651ad2943a05"}
,"/home/mike/dev/imperium/packages/auth/src/server/models/sha256.js": {"path":"/home/mike/dev/imperium/packages/auth/src/server/models/sha256.js","statementMap":{"0":{"start":{"line":18,"column":13},"end":{"line":18,"column":14}},"1":{"start":{"line":19,"column":15},"end":{"line":19,"column":16}},"2":{"start":{"line":22,"column":12},"end":{"line":22,"column":39}},"3":{"start":{"line":23,"column":12},"end":{"line":23,"column":47}},"4":{"start":{"line":24,"column":2},"end":{"line":24,"column":38}},"5":{"start":{"line":28,"column":2},"end":{"line":28,"column":39}},"6":{"start":{"line":32,"column":2},"end":{"line":32,"column":21}},"7":{"start":{"line":36,"column":2},"end":{"line":36,"column":32}},"8":{"start":{"line":40,"column":2},"end":{"line":40,"column":39}},"9":{"start":{"line":44,"column":2},"end":{"line":44,"column":41}},"10":{"start":{"line":48,"column":2},"end":{"line":48,"column":41}},"11":{"start":{"line":52,"column":2},"end":{"line":52,"column":40}},"12":{"start":{"line":56,"column":2},"end":{"line":56,"column":42}},"13":{"start":{"line":60,"column":10},"end":{"line":60,"column":785}},"14":{"start":{"line":61,"column":13},"end":{"line":61,"column":118}},"15":{"start":{"line":62,"column":10},"end":{"line":62,"column":23}},"16":{"start":{"line":66,"column":2},"end":{"line":66,"column":37}},"17":{"start":{"line":67,"column":2},"end":{"line":67,"column":35}},"18":{"start":{"line":69,"column":2},"end":{"line":104,"column":3}},"19":{"start":{"line":70,"column":3},"end":{"line":70,"column":15}},"20":{"start":{"line":71,"column":3},"end":{"line":71,"column":15}},"21":{"start":{"line":72,"column":3},"end":{"line":72,"column":15}},"22":{"start":{"line":73,"column":3},"end":{"line":73,"column":15}},"23":{"start":{"line":74,"column":3},"end":{"line":74,"column":15}},"24":{"start":{"line":75,"column":3},"end":{"line":75,"column":15}},"25":{"start":{"line":76,"column":3},"end":{"line":76,"column":15}},"26":{"start":{"line":77,"column":3},"end":{"line":77,"column":15}},"27":{"start":{"line":79,"column":3},"end":{"line":94,"column":4}},"28":{"start":{"line":80,"column":4},"end":{"line":81,"column":109}},"29":{"start":{"line":80,"column":16},"end":{"line":80,"column":32}},"30":{"start":{"line":81,"column":9},"end":{"line":81,"column":109}},"31":{"start":{"line":83,"column":4},"end":{"line":83,"column":90}},"32":{"start":{"line":84,"column":4},"end":{"line":84,"column":46}},"33":{"start":{"line":86,"column":4},"end":{"line":86,"column":10}},"34":{"start":{"line":87,"column":4},"end":{"line":87,"column":10}},"35":{"start":{"line":88,"column":4},"end":{"line":88,"column":10}},"36":{"start":{"line":89,"column":4},"end":{"line":89,"column":24}},"37":{"start":{"line":90,"column":4},"end":{"line":90,"column":10}},"38":{"start":{"line":91,"column":4},"end":{"line":91,"column":10}},"39":{"start":{"line":92,"column":4},"end":{"line":92,"column":10}},"40":{"start":{"line":93,"column":4},"end":{"line":93,"column":25}},"41":{"start":{"line":96,"column":3},"end":{"line":96,"column":34}},"42":{"start":{"line":97,"column":3},"end":{"line":97,"column":34}},"43":{"start":{"line":98,"column":3},"end":{"line":98,"column":34}},"44":{"start":{"line":99,"column":3},"end":{"line":99,"column":34}},"45":{"start":{"line":100,"column":3},"end":{"line":100,"column":34}},"46":{"start":{"line":101,"column":3},"end":{"line":101,"column":34}},"47":{"start":{"line":102,"column":3},"end":{"line":102,"column":34}},"48":{"start":{"line":103,"column":3},"end":{"line":103,"column":34}},"49":{"start":{"line":105,"column":2},"end":{"line":105,"column":14}},"50":{"start":{"line":109,"column":12},"end":{"line":109,"column":19}},"51":{"start":{"line":110,"column":13},"end":{"line":110,"column":29}},"52":{"start":{"line":111,"column":2},"end":{"line":113,"column":3}},"53":{"start":{"line":112,"column":3},"end":{"line":112,"column":70}},"54":{"start":{"line":114,"column":2},"end":{"line":114,"column":13}},"55":{"start":{"line":125,"column":16},"end":{"line":125,"column":18}},"56":{"start":{"line":127,"column":2},"end":{"line":144,"column":3}},"57":{"start":{"line":129,"column":11},"end":{"line":129,"column":31}},"58":{"start":{"line":131,"column":3},"end":{"line":142,"column":4}},"59":{"start":{"line":132,"column":4},"end":{"line":132,"column":38}},"60":{"start":{"line":134,"column":8},"end":{"line":142,"column":4}},"61":{"start":{"line":135,"column":4},"end":{"line":135,"column":51}},"62":{"start":{"line":136,"column":4},"end":{"line":136,"column":51}},"63":{"start":{"line":139,"column":4},"end":{"line":139,"column":52}},"64":{"start":{"line":140,"column":4},"end":{"line":140,"column":58}},"65":{"start":{"line":141,"column":4},"end":{"line":141,"column":51}},"66":{"start":{"line":146,"column":2},"end":{"line":146,"column":17}},"67":{"start":{"line":150,"column":16},"end":{"line":150,"column":65}},"68":{"start":{"line":151,"column":12},"end":{"line":151,"column":14}},"69":{"start":{"line":152,"column":2},"end":{"line":155,"column":3}},"70":{"start":{"line":153,"column":3},"end":{"line":154,"column":68}},"71":{"start":{"line":156,"column":2},"end":{"line":156,"column":13}},"72":{"start":{"line":159,"column":1},"end":{"line":159,"column":19}},"73":{"start":{"line":160,"column":1},"end":{"line":160,"column":61}}},"fnMap":{"0":{"name":"sha256","decl":{"start":{"line":16,"column":24},"end":{"line":16,"column":30}},"loc":{"start":{"line":16,"column":34},"end":{"line":162,"column":1}},"line":16},"1":{"name":"safe_add","decl":{"start":{"line":21,"column":10},"end":{"line":21,"column":18}},"loc":{"start":{"line":21,"column":25},"end":{"line":25,"column":2}},"line":21},"2":{"name":"S","decl":{"start":{"line":27,"column":10},"end":{"line":27,"column":11}},"loc":{"start":{"line":27,"column":18},"end":{"line":29,"column":2}},"line":27},"3":{"name":"R","decl":{"start":{"line":31,"column":10},"end":{"line":31,"column":11}},"loc":{"start":{"line":31,"column":18},"end":{"line":33,"column":2}},"line":31},"4":{"name":"Ch","decl":{"start":{"line":35,"column":10},"end":{"line":35,"column":12}},"loc":{"start":{"line":35,"column":22},"end":{"line":37,"column":2}},"line":35},"5":{"name":"Maj","decl":{"start":{"line":39,"column":10},"end":{"line":39,"column":13}},"loc":{"start":{"line":39,"column":23},"end":{"line":41,"column":2}},"line":39},"6":{"name":"Sigma0256","decl":{"start":{"line":43,"column":10},"end":{"line":43,"column":19}},"loc":{"start":{"line":43,"column":23},"end":{"line":45,"column":2}},"line":43},"7":{"name":"Sigma1256","decl":{"start":{"line":47,"column":10},"end":{"line":47,"column":19}},"loc":{"start":{"line":47,"column":23},"end":{"line":49,"column":2}},"line":47},"8":{"name":"Gamma0256","decl":{"start":{"line":51,"column":10},"end":{"line":51,"column":19}},"loc":{"start":{"line":51,"column":23},"end":{"line":53,"column":2}},"line":51},"9":{"name":"Gamma1256","decl":{"start":{"line":55,"column":10},"end":{"line":55,"column":19}},"loc":{"start":{"line":55,"column":23},"end":{"line":57,"column":2}},"line":55},"10":{"name":"core_sha256","decl":{"start":{"line":59,"column":10},"end":{"line":59,"column":21}},"loc":{"start":{"line":59,"column":28},"end":{"line":106,"column":2}},"line":59},"11":{"name":"str2binb","decl":{"start":{"line":108,"column":10},"end":{"line":108,"column":18}},"loc":{"start":{"line":108,"column":24},"end":{"line":115,"column":2}},"line":108},"12":{"name":"Utf8Encode","decl":{"start":{"line":117,"column":10},"end":{"line":117,"column":20}},"loc":{"start":{"line":117,"column":29},"end":{"line":147,"column":2}},"line":117},"13":{"name":"binb2hex","decl":{"start":{"line":149,"column":10},"end":{"line":149,"column":18}},"loc":{"start":{"line":149,"column":29},"end":{"line":157,"column":2}},"line":149}},"branchMap":{"0":{"loc":{"start":{"line":80,"column":4},"end":{"line":81,"column":109}},"type":"if","locations":[{"start":{"line":80,"column":4},"end":{"line":81,"column":109}},{"start":{"line":80,"column":4},"end":{"line":81,"column":109}}],"line":80},"1":{"loc":{"start":{"line":131,"column":3},"end":{"line":142,"column":4}},"type":"if","locations":[{"start":{"line":131,"column":3},"end":{"line":142,"column":4}},{"start":{"line":131,"column":3},"end":{"line":142,"column":4}}],"line":131},"2":{"loc":{"start":{"line":134,"column":8},"end":{"line":142,"column":4}},"type":"if","locations":[{"start":{"line":134,"column":8},"end":{"line":142,"column":4}},{"start":{"line":134,"column":8},"end":{"line":142,"column":4}}],"line":134},"3":{"loc":{"start":{"line":134,"column":12},"end":{"line":134,"column":35}},"type":"binary-expr","locations":[{"start":{"line":134,"column":13},"end":{"line":134,"column":20}},{"start":{"line":134,"column":26},"end":{"line":134,"column":34}}],"line":134},"4":{"loc":{"start":{"line":150,"column":16},"end":{"line":150,"column":65}},"type":"cond-expr","locations":[{"start":{"line":150,"column":26},"end":{"line":150,"column":44}},{"start":{"line":150,"column":47},"end":{"line":150,"column":65}}],"line":150}},"s":{"0":2,"1":2,"2":1200,"3":1200,"4":1200,"5":1152,"6":192,"7":128,"8":128,"9":128,"10":128,"11":96,"12":96,"13":2,"14":2,"15":2,"16":2,"17":2,"18":2,"19":2,"20":2,"21":2,"22":2,"23":2,"24":2,"25":2,"26":2,"27":2,"28":128,"29":32,"30":96,"31":128,"32":128,"33":128,"34":128,"35":128,"36":128,"37":128,"38":128,"39":128,"40":128,"41":2,"42":2,"43":2,"44":2,"45":2,"46":2,"47":2,"48":2,"49":2,"50":2,"51":2,"52":2,"53":28,"54":2,"55":2,"56":2,"57":28,"58":28,"59":28,"60":0,"61":0,"62":0,"63":0,"64":0,"65":0,"66":2,"67":2,"68":2,"69":2,"70":64,"71":2,"72":2,"73":2},"f":{"0":2,"1":1200,"2":1152,"3":192,"4":128,"5":128,"6":128,"7":128,"8":96,"9":96,"10":2,"11":2,"12":2,"13":2},"b":{"0":[32,96],"1":[28,0],"2":[0,0],"3":[0,0],"4":[0,2]},"_coverageSchema":"332fd63041d2c1bcb487cc26dd0d5f7d97098a6c","hash":"6c1c7db8f3ed73705919e0644b2f0f7cf7949c20"}
}
