{"/home/mike/dev/imperium/packages/auth/src/client/client.js": {"path":"/home/mike/dev/imperium/packages/auth/src/client/client.js","statementMap":{"0":{"start":{"line":6,"column":1},"end":{"line":8,"column":3}}},"fnMap":{"0":{"name":"startup","decl":{"start":{"line":5,"column":16},"end":{"line":5,"column":23}},"loc":{"start":{"line":5,"column":45},"end":{"line":9,"column":1}},"line":5}},"branchMap":{},"s":{"0":0},"f":{"0":0},"b":{}}
,"/home/mike/dev/imperium/packages/auth/src/client/routes.js": {"path":"/home/mike/dev/imperium/packages/auth/src/client/routes.js","statementMap":{},"fnMap":{},"branchMap":{},"s":{},"f":{},"b":{}}
,"/home/mike/dev/imperium/packages/auth/src/client/components/ForgotPasswordForm.js": {"path":"/home/mike/dev/imperium/packages/auth/src/client/components/ForgotPasswordForm.js","statementMap":{"0":{"start":{"line":10,"column":10},"end":{"line":10,"column":51}},"1":{"start":{"line":12,"column":15},"end":{"line":14,"column":2}},"2":{"start":{"line":17,"column":44},"end":{"line":17,"column":49}},"3":{"start":{"line":19,"column":1},"end":{"line":55,"column":3}},"4":{"start":{"line":24,"column":4},"end":{"line":24,"column":13}},"5":{"start":{"line":25,"column":4},"end":{"line":25,"column":19}},"6":{"start":{"line":31,"column":4},"end":{"line":52,"column":11}},"7":{"start":{"line":33,"column":62},"end":{"line":33,"column":78}},"8":{"start":{"line":58,"column":0},"end":{"line":63,"column":2}}},"fnMap":{"0":{"name":"ForgotPasswordForm","decl":{"start":{"line":16,"column":24},"end":{"line":16,"column":42}},"loc":{"start":{"line":16,"column":50},"end":{"line":56,"column":1}},"line":16},"1":{"name":"(anonymous_1)","decl":{"start":{"line":23,"column":13},"end":{"line":23,"column":14}},"loc":{"start":{"line":23,"column":26},"end":{"line":26,"column":4}},"line":23},"2":{"name":"(anonymous_2)","decl":{"start":{"line":30,"column":11},"end":{"line":30,"column":12}},"loc":{"start":{"line":31,"column":4},"end":{"line":52,"column":11}},"line":31},"3":{"name":"(anonymous_3)","decl":{"start":{"line":33,"column":56},"end":{"line":33,"column":57}},"loc":{"start":{"line":33,"column":62},"end":{"line":33,"column":78}},"line":33}},"branchMap":{},"s":{"0":0,"1":0,"2":0,"3":0,"4":0,"5":0,"6":0,"7":0,"8":0},"f":{"0":0,"1":0,"2":0,"3":0},"b":{}}
,"/home/mike/dev/imperium/packages/auth/src/client/components/LogInForm.js": {"path":"/home/mike/dev/imperium/packages/auth/src/client/components/LogInForm.js","statementMap":{"0":{"start":{"line":10,"column":15},"end":{"line":13,"column":2}},"1":{"start":{"line":16,"column":42},"end":{"line":16,"column":47}},"2":{"start":{"line":18,"column":1},"end":{"line":65,"column":3}},"3":{"start":{"line":23,"column":20},"end":{"line":26,"column":5}},"4":{"start":{"line":27,"column":4},"end":{"line":27,"column":26}},"5":{"start":{"line":33,"column":4},"end":{"line":62,"column":11}},"6":{"start":{"line":59,"column":43},"end":{"line":59,"column":68}},"7":{"start":{"line":68,"column":0},"end":{"line":73,"column":2}}},"fnMap":{"0":{"name":"LogInForm","decl":{"start":{"line":15,"column":24},"end":{"line":15,"column":33}},"loc":{"start":{"line":15,"column":41},"end":{"line":66,"column":1}},"line":15},"1":{"name":"(anonymous_1)","decl":{"start":{"line":22,"column":13},"end":{"line":22,"column":14}},"loc":{"start":{"line":22,"column":36},"end":{"line":28,"column":4}},"line":22},"2":{"name":"(anonymous_2)","decl":{"start":{"line":32,"column":11},"end":{"line":32,"column":12}},"loc":{"start":{"line":33,"column":4},"end":{"line":62,"column":11}},"line":33},"3":{"name":"(anonymous_3)","decl":{"start":{"line":59,"column":37},"end":{"line":59,"column":38}},"loc":{"start":{"line":59,"column":43},"end":{"line":59,"column":68}},"line":59}},"branchMap":{},"s":{"0":0,"1":0,"2":0,"3":0,"4":0,"5":0,"6":0,"7":0},"f":{"0":0,"1":0,"2":0,"3":0},"b":{}}
,"/home/mike/dev/imperium/packages/auth/src/client/components/ResetPasswordForm.js": {"path":"/home/mike/dev/imperium/packages/auth/src/client/components/ResetPasswordForm.js","statementMap":{},"fnMap":{},"branchMap":{},"s":{},"f":{},"b":{}}
,"/home/mike/dev/imperium/packages/auth/src/client/components/SignInForm_old.js": {"path":"/home/mike/dev/imperium/packages/auth/src/client/components/SignInForm_old.js","statementMap":{"0":{"start":{"line":12,"column":10},"end":{"line":12,"column":50}},"1":{"start":{"line":14,"column":15},"end":{"line":17,"column":2}},"2":{"start":{"line":32,"column":2},"end":{"line":32,"column":21}},"3":{"start":{"line":33,"column":2},"end":{"line":33,"column":37}},"4":{"start":{"line":39,"column":2},"end":{"line":70,"column":12}},"5":{"start":{"line":74,"column":2},"end":{"line":84,"column":4}}},"fnMap":{"0":{"name":"(anonymous_0)","decl":{"start":{"line":31,"column":16},"end":{"line":31,"column":17}},"loc":{"start":{"line":31,"column":51},"end":{"line":34,"column":2}},"line":31},"1":{"name":"(anonymous_1)","decl":{"start":{"line":38,"column":14},"end":{"line":38,"column":15}},"loc":{"start":{"line":39,"column":2},"end":{"line":70,"column":12}},"line":39},"2":{"name":"(anonymous_2)","decl":{"start":{"line":73,"column":1},"end":{"line":73,"column":2}},"loc":{"start":{"line":73,"column":10},"end":{"line":85,"column":2}},"line":73}},"branchMap":{},"s":{"0":0,"1":0,"2":0,"3":0,"4":0,"5":0},"f":{"0":0,"1":0,"2":0},"b":{}}
,"/home/mike/dev/imperium/packages/auth/src/client/components/sha256.js": {"path":"/home/mike/dev/imperium/packages/auth/src/client/components/sha256.js","statementMap":{"0":{"start":{"line":18,"column":13},"end":{"line":18,"column":14}},"1":{"start":{"line":19,"column":15},"end":{"line":19,"column":16}},"2":{"start":{"line":22,"column":12},"end":{"line":22,"column":39}},"3":{"start":{"line":23,"column":12},"end":{"line":23,"column":47}},"4":{"start":{"line":24,"column":2},"end":{"line":24,"column":38}},"5":{"start":{"line":28,"column":2},"end":{"line":28,"column":39}},"6":{"start":{"line":32,"column":2},"end":{"line":32,"column":21}},"7":{"start":{"line":36,"column":2},"end":{"line":36,"column":32}},"8":{"start":{"line":40,"column":2},"end":{"line":40,"column":39}},"9":{"start":{"line":44,"column":2},"end":{"line":44,"column":41}},"10":{"start":{"line":48,"column":2},"end":{"line":48,"column":41}},"11":{"start":{"line":52,"column":2},"end":{"line":52,"column":40}},"12":{"start":{"line":56,"column":2},"end":{"line":56,"column":42}},"13":{"start":{"line":60,"column":10},"end":{"line":60,"column":785}},"14":{"start":{"line":61,"column":13},"end":{"line":61,"column":118}},"15":{"start":{"line":62,"column":10},"end":{"line":62,"column":23}},"16":{"start":{"line":66,"column":2},"end":{"line":66,"column":37}},"17":{"start":{"line":67,"column":2},"end":{"line":67,"column":35}},"18":{"start":{"line":69,"column":2},"end":{"line":104,"column":3}},"19":{"start":{"line":69,"column":15},"end":{"line":69,"column":16}},"20":{"start":{"line":70,"column":3},"end":{"line":70,"column":15}},"21":{"start":{"line":71,"column":3},"end":{"line":71,"column":15}},"22":{"start":{"line":72,"column":3},"end":{"line":72,"column":15}},"23":{"start":{"line":73,"column":3},"end":{"line":73,"column":15}},"24":{"start":{"line":74,"column":3},"end":{"line":74,"column":15}},"25":{"start":{"line":75,"column":3},"end":{"line":75,"column":15}},"26":{"start":{"line":76,"column":3},"end":{"line":76,"column":15}},"27":{"start":{"line":77,"column":3},"end":{"line":77,"column":15}},"28":{"start":{"line":79,"column":3},"end":{"line":94,"column":4}},"29":{"start":{"line":79,"column":16},"end":{"line":79,"column":17}},"30":{"start":{"line":80,"column":4},"end":{"line":81,"column":109}},"31":{"start":{"line":80,"column":16},"end":{"line":80,"column":32}},"32":{"start":{"line":81,"column":9},"end":{"line":81,"column":109}},"33":{"start":{"line":83,"column":4},"end":{"line":83,"column":90}},"34":{"start":{"line":84,"column":4},"end":{"line":84,"column":46}},"35":{"start":{"line":86,"column":4},"end":{"line":86,"column":10}},"36":{"start":{"line":87,"column":4},"end":{"line":87,"column":10}},"37":{"start":{"line":88,"column":4},"end":{"line":88,"column":10}},"38":{"start":{"line":89,"column":4},"end":{"line":89,"column":24}},"39":{"start":{"line":90,"column":4},"end":{"line":90,"column":10}},"40":{"start":{"line":91,"column":4},"end":{"line":91,"column":10}},"41":{"start":{"line":92,"column":4},"end":{"line":92,"column":10}},"42":{"start":{"line":93,"column":4},"end":{"line":93,"column":25}},"43":{"start":{"line":96,"column":3},"end":{"line":96,"column":34}},"44":{"start":{"line":97,"column":3},"end":{"line":97,"column":34}},"45":{"start":{"line":98,"column":3},"end":{"line":98,"column":34}},"46":{"start":{"line":99,"column":3},"end":{"line":99,"column":34}},"47":{"start":{"line":100,"column":3},"end":{"line":100,"column":34}},"48":{"start":{"line":101,"column":3},"end":{"line":101,"column":34}},"49":{"start":{"line":102,"column":3},"end":{"line":102,"column":34}},"50":{"start":{"line":103,"column":3},"end":{"line":103,"column":34}},"51":{"start":{"line":105,"column":2},"end":{"line":105,"column":14}},"52":{"start":{"line":109,"column":12},"end":{"line":109,"column":19}},"53":{"start":{"line":110,"column":13},"end":{"line":110,"column":29}},"54":{"start":{"line":111,"column":2},"end":{"line":113,"column":3}},"55":{"start":{"line":111,"column":15},"end":{"line":111,"column":16}},"56":{"start":{"line":112,"column":3},"end":{"line":112,"column":70}},"57":{"start":{"line":114,"column":2},"end":{"line":114,"column":13}},"58":{"start":{"line":125,"column":16},"end":{"line":125,"column":18}},"59":{"start":{"line":127,"column":2},"end":{"line":144,"column":3}},"60":{"start":{"line":127,"column":15},"end":{"line":127,"column":16}},"61":{"start":{"line":129,"column":11},"end":{"line":129,"column":31}},"62":{"start":{"line":131,"column":3},"end":{"line":142,"column":4}},"63":{"start":{"line":132,"column":4},"end":{"line":132,"column":38}},"64":{"start":{"line":134,"column":8},"end":{"line":142,"column":4}},"65":{"start":{"line":135,"column":4},"end":{"line":135,"column":51}},"66":{"start":{"line":136,"column":4},"end":{"line":136,"column":51}},"67":{"start":{"line":139,"column":4},"end":{"line":139,"column":52}},"68":{"start":{"line":140,"column":4},"end":{"line":140,"column":58}},"69":{"start":{"line":141,"column":4},"end":{"line":141,"column":51}},"70":{"start":{"line":146,"column":2},"end":{"line":146,"column":17}},"71":{"start":{"line":150,"column":16},"end":{"line":150,"column":65}},"72":{"start":{"line":151,"column":12},"end":{"line":151,"column":14}},"73":{"start":{"line":152,"column":2},"end":{"line":155,"column":3}},"74":{"start":{"line":152,"column":15},"end":{"line":152,"column":16}},"75":{"start":{"line":153,"column":3},"end":{"line":154,"column":68}},"76":{"start":{"line":156,"column":2},"end":{"line":156,"column":13}},"77":{"start":{"line":159,"column":1},"end":{"line":159,"column":19}},"78":{"start":{"line":160,"column":1},"end":{"line":160,"column":61}}},"fnMap":{"0":{"name":"sha256","decl":{"start":{"line":16,"column":24},"end":{"line":16,"column":30}},"loc":{"start":{"line":16,"column":34},"end":{"line":162,"column":1}},"line":16},"1":{"name":"safe_add","decl":{"start":{"line":21,"column":10},"end":{"line":21,"column":18}},"loc":{"start":{"line":21,"column":25},"end":{"line":25,"column":2}},"line":21},"2":{"name":"S","decl":{"start":{"line":27,"column":10},"end":{"line":27,"column":11}},"loc":{"start":{"line":27,"column":18},"end":{"line":29,"column":2}},"line":27},"3":{"name":"R","decl":{"start":{"line":31,"column":10},"end":{"line":31,"column":11}},"loc":{"start":{"line":31,"column":18},"end":{"line":33,"column":2}},"line":31},"4":{"name":"Ch","decl":{"start":{"line":35,"column":10},"end":{"line":35,"column":12}},"loc":{"start":{"line":35,"column":22},"end":{"line":37,"column":2}},"line":35},"5":{"name":"Maj","decl":{"start":{"line":39,"column":10},"end":{"line":39,"column":13}},"loc":{"start":{"line":39,"column":23},"end":{"line":41,"column":2}},"line":39},"6":{"name":"Sigma0256","decl":{"start":{"line":43,"column":10},"end":{"line":43,"column":19}},"loc":{"start":{"line":43,"column":23},"end":{"line":45,"column":2}},"line":43},"7":{"name":"Sigma1256","decl":{"start":{"line":47,"column":10},"end":{"line":47,"column":19}},"loc":{"start":{"line":47,"column":23},"end":{"line":49,"column":2}},"line":47},"8":{"name":"Gamma0256","decl":{"start":{"line":51,"column":10},"end":{"line":51,"column":19}},"loc":{"start":{"line":51,"column":23},"end":{"line":53,"column":2}},"line":51},"9":{"name":"Gamma1256","decl":{"start":{"line":55,"column":10},"end":{"line":55,"column":19}},"loc":{"start":{"line":55,"column":23},"end":{"line":57,"column":2}},"line":55},"10":{"name":"core_sha256","decl":{"start":{"line":59,"column":10},"end":{"line":59,"column":21}},"loc":{"start":{"line":59,"column":28},"end":{"line":106,"column":2}},"line":59},"11":{"name":"str2binb","decl":{"start":{"line":108,"column":10},"end":{"line":108,"column":18}},"loc":{"start":{"line":108,"column":24},"end":{"line":115,"column":2}},"line":108},"12":{"name":"Utf8Encode","decl":{"start":{"line":117,"column":10},"end":{"line":117,"column":20}},"loc":{"start":{"line":117,"column":29},"end":{"line":147,"column":2}},"line":117},"13":{"name":"binb2hex","decl":{"start":{"line":149,"column":10},"end":{"line":149,"column":18}},"loc":{"start":{"line":149,"column":29},"end":{"line":157,"column":2}},"line":149}},"branchMap":{"0":{"loc":{"start":{"line":80,"column":4},"end":{"line":81,"column":109}},"type":"if","locations":[{"start":{"line":80,"column":4},"end":{"line":81,"column":109}},{"start":{"line":80,"column":4},"end":{"line":81,"column":109}}],"line":80},"1":{"loc":{"start":{"line":131,"column":3},"end":{"line":142,"column":4}},"type":"if","locations":[{"start":{"line":131,"column":3},"end":{"line":142,"column":4}},{"start":{"line":131,"column":3},"end":{"line":142,"column":4}}],"line":131},"2":{"loc":{"start":{"line":134,"column":8},"end":{"line":142,"column":4}},"type":"if","locations":[{"start":{"line":134,"column":8},"end":{"line":142,"column":4}},{"start":{"line":134,"column":8},"end":{"line":142,"column":4}}],"line":134},"3":{"loc":{"start":{"line":134,"column":12},"end":{"line":134,"column":35}},"type":"binary-expr","locations":[{"start":{"line":134,"column":13},"end":{"line":134,"column":20}},{"start":{"line":134,"column":26},"end":{"line":134,"column":34}}],"line":134},"4":{"loc":{"start":{"line":150,"column":16},"end":{"line":150,"column":65}},"type":"cond-expr","locations":[{"start":{"line":150,"column":26},"end":{"line":150,"column":44}},{"start":{"line":150,"column":47},"end":{"line":150,"column":65}}],"line":150}},"s":{"0":0,"1":0,"2":0,"3":0,"4":0,"5":0,"6":0,"7":0,"8":0,"9":0,"10":0,"11":0,"12":0,"13":0,"14":0,"15":0,"16":0,"17":0,"18":0,"19":0,"20":0,"21":0,"22":0,"23":0,"24":0,"25":0,"26":0,"27":0,"28":0,"29":0,"30":0,"31":0,"32":0,"33":0,"34":0,"35":0,"36":0,"37":0,"38":0,"39":0,"40":0,"41":0,"42":0,"43":0,"44":0,"45":0,"46":0,"47":0,"48":0,"49":0,"50":0,"51":0,"52":0,"53":0,"54":0,"55":0,"56":0,"57":0,"58":0,"59":0,"60":0,"61":0,"62":0,"63":0,"64":0,"65":0,"66":0,"67":0,"68":0,"69":0,"70":0,"71":0,"72":0,"73":0,"74":0,"75":0,"76":0,"77":0,"78":0},"f":{"0":0,"1":0,"2":0,"3":0,"4":0,"5":0,"6":0,"7":0,"8":0,"9":0,"10":0,"11":0,"12":0,"13":0},"b":{"0":[0,0],"1":[0,0],"2":[0,0],"3":[0,0],"4":[0,0]}}
,"/home/mike/dev/imperium/packages/auth/src/client/components/Transit/Transit.js": {"path":"/home/mike/dev/imperium/packages/auth/src/client/components/Transit/Transit.js","statementMap":{"0":{"start":{"line":7,"column":50},"end":{"line":7,"column":55}},"1":{"start":{"line":9,"column":1},"end":{"line":23,"column":3}},"2":{"start":{"line":12,"column":18},"end":{"line":12,"column":40}},"3":{"start":{"line":26,"column":0},"end":{"line":31,"column":2}}},"fnMap":{"0":{"name":"Transit","decl":{"start":{"line":6,"column":24},"end":{"line":6,"column":31}},"loc":{"start":{"line":6,"column":39},"end":{"line":24,"column":1}},"line":6},"1":{"name":"(anonymous_1)","decl":{"start":{"line":12,"column":12},"end":{"line":12,"column":13}},"loc":{"start":{"line":12,"column":18},"end":{"line":12,"column":40}},"line":12}},"branchMap":{},"s":{"0":0,"1":0,"2":0,"3":0},"f":{"0":0,"1":0},"b":{}}
,"/home/mike/dev/imperium/packages/auth/src/client/components/Transit/index.js": {"path":"/home/mike/dev/imperium/packages/auth/src/client/components/Transit/index.js","statementMap":{},"fnMap":{},"branchMap":{},"s":{},"f":{},"b":{}}
,"/home/mike/dev/imperium/packages/auth/src/client/containers/ForgotPassword.js": {"path":"/home/mike/dev/imperium/packages/auth/src/client/containers/ForgotPassword.js","statementMap":{"0":{"start":{"line":7,"column":25},"end":{"line":7,"column":39}},"1":{"start":{"line":9,"column":34},"end":{"line":9,"column":39}},"2":{"start":{"line":11,"column":1},"end":{"line":17,"column":3}},"3":{"start":{"line":20,"column":0},"end":{"line":23,"column":2}}},"fnMap":{"0":{"name":"ForgotPassword","decl":{"start":{"line":6,"column":24},"end":{"line":6,"column":38}},"loc":{"start":{"line":6,"column":46},"end":{"line":18,"column":1}},"line":6}},"branchMap":{},"s":{"0":0,"1":0,"2":0,"3":0},"f":{"0":0},"b":{}}
,"/home/mike/dev/imperium/packages/auth/src/client/containers/LogIn.js": {"path":"/home/mike/dev/imperium/packages/auth/src/client/containers/LogIn.js","statementMap":{"0":{"start":{"line":11,"column":10},"end":{"line":11,"column":38}},"1":{"start":{"line":14,"column":25},"end":{"line":14,"column":39}},"2":{"start":{"line":15,"column":25},"end":{"line":15,"column":42}},"3":{"start":{"line":16,"column":21},"end":{"line":16,"column":40}},"4":{"start":{"line":18,"column":34},"end":{"line":18,"column":39}},"5":{"start":{"line":20,"column":14},"end":{"line":52,"column":2}},"6":{"start":{"line":28,"column":4},"end":{"line":49,"column":6}},"7":{"start":{"line":34,"column":6},"end":{"line":47,"column":10}},"8":{"start":{"line":36,"column":8},"end":{"line":41,"column":11}},"9":{"start":{"line":42,"column":40},"end":{"line":42,"column":63}},"10":{"start":{"line":43,"column":8},"end":{"line":43,"column":79}},"11":{"start":{"line":46,"column":8},"end":{"line":46,"column":23}},"12":{"start":{"line":54,"column":1},"end":{"line":58,"column":3}},"13":{"start":{"line":61,"column":0},"end":{"line":64,"column":2}}},"fnMap":{"0":{"name":"LogIn","decl":{"start":{"line":13,"column":24},"end":{"line":13,"column":29}},"loc":{"start":{"line":13,"column":37},"end":{"line":59,"column":1}},"line":13},"1":{"name":"(anonymous_1)","decl":{"start":{"line":27,"column":4},"end":{"line":27,"column":5}},"loc":{"start":{"line":28,"column":4},"end":{"line":49,"column":6}},"line":28},"2":{"name":"(anonymous_2)","decl":{"start":{"line":33,"column":12},"end":{"line":33,"column":13}},"loc":{"start":{"line":33,"column":33},"end":{"line":48,"column":6}},"line":33},"3":{"name":"(anonymous_3)","decl":{"start":{"line":35,"column":13},"end":{"line":35,"column":14}},"loc":{"start":{"line":35,"column":20},"end":{"line":44,"column":8}},"line":35},"4":{"name":"(anonymous_4)","decl":{"start":{"line":45,"column":14},"end":{"line":45,"column":15}},"loc":{"start":{"line":45,"column":21},"end":{"line":47,"column":8}},"line":45}},"branchMap":{"0":{"loc":{"start":{"line":20,"column":14},"end":{"line":52,"column":2}},"type":"cond-expr","locations":[{"start":{"line":21,"column":2},"end":{"line":24,"column":4}},{"start":{"line":26,"column":2},"end":{"line":51,"column":13}}],"line":20}},"s":{"0":0,"1":0,"2":0,"3":0,"4":0,"5":0,"6":0,"7":0,"8":0,"9":0,"10":0,"11":0,"12":0,"13":0},"f":{"0":0,"1":0,"2":0,"3":0,"4":0},"b":{"0":[0,0]}}
,"/home/mike/dev/imperium/packages/auth/src/client/containers/ResetPassword.js": {"path":"/home/mike/dev/imperium/packages/auth/src/client/containers/ResetPassword.js","statementMap":{},"fnMap":{},"branchMap":{},"s":{},"f":{},"b":{}}
,"/home/mike/dev/imperium/packages/auth/src/client/containers/SignIn.js": {"path":"/home/mike/dev/imperium/packages/auth/src/client/containers/SignIn.js","statementMap":{"0":{"start":{"line":14,"column":10},"end":{"line":14,"column":39}},"1":{"start":{"line":17,"column":25},"end":{"line":17,"column":39}},"2":{"start":{"line":19,"column":34},"end":{"line":19,"column":39}},"3":{"start":{"line":21,"column":1},"end":{"line":27,"column":3}}},"fnMap":{"0":{"name":"SignIn","decl":{"start":{"line":16,"column":24},"end":{"line":16,"column":30}},"loc":{"start":{"line":16,"column":38},"end":{"line":28,"column":1}},"line":16}},"branchMap":{},"s":{"0":0,"1":0,"2":0,"3":0},"f":{"0":0},"b":{}}
,"/home/mike/dev/imperium/packages/auth/src/client/context/AuthContextConsumer.js": {"path":"/home/mike/dev/imperium/packages/auth/src/client/context/AuthContextConsumer.js","statementMap":{"0":{"start":{"line":6,"column":1},"end":{"line":10,"column":3}},"1":{"start":{"line":8,"column":16},"end":{"line":8,"column":40}},"2":{"start":{"line":13,"column":0},"end":{"line":15,"column":2}}},"fnMap":{"0":{"name":"AuthContextConsumer","decl":{"start":{"line":5,"column":24},"end":{"line":5,"column":43}},"loc":{"start":{"line":5,"column":51},"end":{"line":11,"column":1}},"line":5},"1":{"name":"(anonymous_1)","decl":{"start":{"line":8,"column":4},"end":{"line":8,"column":5}},"loc":{"start":{"line":8,"column":16},"end":{"line":8,"column":40}},"line":8}},"branchMap":{},"s":{"0":0,"1":0,"2":0},"f":{"0":0,"1":0},"b":{}}
,"/home/mike/dev/imperium/packages/auth/src/client/context/AuthContextProvider.js": {"path":"/home/mike/dev/imperium/packages/auth/src/client/context/AuthContextProvider.js","statementMap":{"0":{"start":{"line":11,"column":16},"end":{"line":11,"column":21}},"1":{"start":{"line":12,"column":27},"end":{"line":16,"column":3}},"2":{"start":{"line":18,"column":16},"end":{"line":28,"column":2}},"3":{"start":{"line":20,"column":38},"end":{"line":20,"column":103}},"4":{"start":{"line":22,"column":3},"end":{"line":26,"column":6}},"5":{"start":{"line":30,"column":1},"end":{"line":34,"column":3}},"6":{"start":{"line":37,"column":0},"end":{"line":40,"column":2}}},"fnMap":{"0":{"name":"AuthContextProvider","decl":{"start":{"line":10,"column":24},"end":{"line":10,"column":43}},"loc":{"start":{"line":10,"column":51},"end":{"line":35,"column":1}},"line":10},"1":{"name":"(anonymous_1)","decl":{"start":{"line":20,"column":20},"end":{"line":20,"column":21}},"loc":{"start":{"line":20,"column":38},"end":{"line":20,"column":103}},"line":20},"2":{"name":"(anonymous_2)","decl":{"start":{"line":21,"column":11},"end":{"line":21,"column":12}},"loc":{"start":{"line":21,"column":44},"end":{"line":27,"column":3}},"line":21}},"branchMap":{"0":{"loc":{"start":{"line":12,"column":36},"end":{"line":16,"column":2}},"type":"binary-expr","locations":[{"start":{"line":12,"column":36},"end":{"line":12,"column":40}},{"start":{"line":12,"column":44},"end":{"line":16,"column":2}}],"line":12}},"s":{"0":0,"1":0,"2":0,"3":0,"4":0,"5":0,"6":0},"f":{"0":0,"1":0,"2":0},"b":{"0":[0,0]}}
,"/home/mike/dev/imperium/packages/auth/src/client/context/checkPermissions.js": {"path":"/home/mike/dev/imperium/packages/auth/src/client/context/checkPermissions.js","statementMap":{"0":{"start":{"line":6,"column":20},"end":{"line":6,"column":31}},"1":{"start":{"line":7,"column":14},"end":{"line":7,"column":76}},"2":{"start":{"line":8,"column":14},"end":{"line":8,"column":101}},"3":{"start":{"line":9,"column":1},"end":{"line":9,"column":44}},"4":{"start":{"line":20,"column":1},"end":{"line":20,"column":67}},"5":{"start":{"line":20,"column":14},"end":{"line":20,"column":67}},"6":{"start":{"line":21,"column":1},"end":{"line":21,"column":75}},"7":{"start":{"line":21,"column":23},"end":{"line":21,"column":75}},"8":{"start":{"line":22,"column":1},"end":{"line":25,"column":3}}},"fnMap":{"0":{"name":"permissionsMatch","decl":{"start":{"line":5,"column":9},"end":{"line":5,"column":25}},"loc":{"start":{"line":5,"column":60},"end":{"line":10,"column":1}},"line":5},"1":{"name":"checkPermissions","decl":{"start":{"line":19,"column":24},"end":{"line":19,"column":40}},"loc":{"start":{"line":19,"column":83},"end":{"line":26,"column":1}},"line":19}},"branchMap":{"0":{"loc":{"start":{"line":7,"column":14},"end":{"line":7,"column":76}},"type":"cond-expr","locations":[{"start":{"line":7,"column":41},"end":{"line":7,"column":56}},{"start":{"line":7,"column":59},"end":{"line":7,"column":76}}],"line":7},"1":{"loc":{"start":{"line":8,"column":14},"end":{"line":8,"column":101}},"type":"cond-expr","locations":[{"start":{"line":8,"column":41},"end":{"line":8,"column":71}},{"start":{"line":8,"column":74},"end":{"line":8,"column":101}}],"line":8},"2":{"loc":{"start":{"line":20,"column":1},"end":{"line":20,"column":67}},"type":"if","locations":[{"start":{"line":20,"column":1},"end":{"line":20,"column":67}},{"start":{"line":20,"column":1},"end":{"line":20,"column":67}}],"line":20},"3":{"loc":{"start":{"line":21,"column":1},"end":{"line":21,"column":75}},"type":"if","locations":[{"start":{"line":21,"column":1},"end":{"line":21,"column":75}},{"start":{"line":21,"column":1},"end":{"line":21,"column":75}}],"line":21}},"s":{"0":0,"1":0,"2":0,"3":0,"4":0,"5":0,"6":0,"7":0,"8":0},"f":{"0":0,"1":0},"b":{"0":[0,0],"1":[0,0],"2":[0,0],"3":[0,0]}}
,"/home/mike/dev/imperium/packages/auth/src/client/context/context.js": {"path":"/home/mike/dev/imperium/packages/auth/src/client/context/context.js","statementMap":{"0":{"start":{"line":3,"column":23},"end":{"line":3,"column":44}}},"fnMap":{},"branchMap":{},"s":{"0":0},"f":{},"b":{}}
,"/home/mike/dev/imperium/packages/auth/src/client/graphql/index.js": {"path":"/home/mike/dev/imperium/packages/auth/src/client/graphql/index.js","statementMap":{},"fnMap":{},"branchMap":{},"s":{},"f":{},"b":{}}
,"/home/mike/dev/imperium/packages/auth/src/server/permissions.js": {"path":"/home/mike/dev/imperium/packages/auth/src/server/permissions.js","statementMap":{"0":{"start":{"line":1,"column":17},"end":{"line":1,"column":27}}},"fnMap":{},"branchMap":{},"s":{"0":0},"f":{},"b":{}}
,"/home/mike/dev/imperium/packages/auth/src/server/startup.js": {"path":"/home/mike/dev/imperium/packages/auth/src/server/startup.js","statementMap":{"0":{"start":{"line":4,"column":10},"end":{"line":4,"column":47}},"1":{"start":{"line":7,"column":1},"end":{"line":7,"column":19}},"2":{"start":{"line":8,"column":16},"end":{"line":8,"column":26}},"3":{"start":{"line":9,"column":20},"end":{"line":9,"column":31}},"4":{"start":{"line":11,"column":1},"end":{"line":13,"column":2}},"5":{"start":{"line":12,"column":2},"end":{"line":12,"column":46}}},"fnMap":{"0":{"name":"startup","decl":{"start":{"line":6,"column":30},"end":{"line":6,"column":37}},"loc":{"start":{"line":6,"column":43},"end":{"line":17,"column":1}},"line":6}},"branchMap":{"0":{"loc":{"start":{"line":11,"column":1},"end":{"line":13,"column":2}},"type":"if","locations":[{"start":{"line":11,"column":1},"end":{"line":13,"column":2}},{"start":{"line":11,"column":1},"end":{"line":13,"column":2}}],"line":11}},"s":{"0":0,"1":0,"2":0,"3":0,"4":0,"5":0},"f":{"0":0},"b":{"0":[0,0]}}
,"/home/mike/dev/imperium/packages/auth/src/server/graphql/index.js": {"path":"/home/mike/dev/imperium/packages/auth/src/server/graphql/index.js","statementMap":{"0":{"start":{"line":3,"column":22},"end":{"line":3,"column":26}},"1":{"start":{"line":5,"column":25},"end":{"line":11,"column":1}},"2":{"start":{"line":8,"column":3},"end":{"line":8,"column":49}}},"fnMap":{"0":{"name":"(anonymous_0)","decl":{"start":{"line":7,"column":2},"end":{"line":7,"column":3}},"loc":{"start":{"line":7,"column":37},"end":{"line":9,"column":3}},"line":7}},"branchMap":{},"s":{"0":0,"1":0,"2":0},"f":{"0":0},"b":{}}
,"/home/mike/dev/imperium/packages/auth/src/server/models/Auth.js": {"path":"/home/mike/dev/imperium/packages/auth/src/server/models/Auth.js","statementMap":{"0":{"start":{"line":13,"column":10},"end":{"line":13,"column":44}},"1":{"start":{"line":22,"column":13},"end":{"line":22,"column":21}},"2":{"start":{"line":23,"column":1},"end":{"line":30,"column":2}},"3":{"start":{"line":24,"column":2},"end":{"line":24,"column":24}},"4":{"start":{"line":26,"column":2},"end":{"line":28,"column":3}},"5":{"start":{"line":27,"column":3},"end":{"line":27,"column":84}},"6":{"start":{"line":29,"column":2},"end":{"line":29,"column":23}},"7":{"start":{"line":31,"column":1},"end":{"line":31,"column":14}},"8":{"start":{"line":41,"column":15},"end":{"line":41,"column":42}},"9":{"start":{"line":42,"column":1},"end":{"line":42,"column":54}},"10":{"start":{"line":54,"column":1},"end":{"line":58,"column":47}},"11":{"start":{"line":71,"column":2},"end":{"line":71,"column":34}},"12":{"start":{"line":72,"column":2},"end":{"line":72,"column":43}},"13":{"start":{"line":73,"column":2},"end":{"line":73,"column":28}},"14":{"start":{"line":81,"column":2},"end":{"line":85,"column":4}},"15":{"start":{"line":83,"column":21},"end":{"line":83,"column":25}},"16":{"start":{"line":94,"column":20},"end":{"line":94,"column":24}},"17":{"start":{"line":95,"column":2},"end":{"line":103,"column":4}},"18":{"start":{"line":98,"column":17},"end":{"line":98,"column":68}},"19":{"start":{"line":99,"column":4},"end":{"line":99,"column":46}},"20":{"start":{"line":99,"column":15},"end":{"line":99,"column":46}},"21":{"start":{"line":100,"column":4},"end":{"line":100,"column":53}},"22":{"start":{"line":112,"column":15},"end":{"line":112,"column":32}},"23":{"start":{"line":113,"column":2},"end":{"line":117,"column":4}},"24":{"start":{"line":127,"column":2},"end":{"line":127,"column":31}},"25":{"start":{"line":130,"column":18},"end":{"line":130,"column":29}},"26":{"start":{"line":132,"column":2},"end":{"line":132,"column":57}},"27":{"start":{"line":132,"column":14},"end":{"line":132,"column":57}},"28":{"start":{"line":134,"column":15},"end":{"line":134,"column":44}},"29":{"start":{"line":135,"column":2},"end":{"line":135,"column":39}},"30":{"start":{"line":135,"column":13},"end":{"line":135,"column":39}},"31":{"start":{"line":137,"column":2},"end":{"line":148,"column":3}},"32":{"start":{"line":138,"column":3},"end":{"line":147,"column":4}},"33":{"start":{"line":139,"column":4},"end":{"line":146,"column":6}},"34":{"start":{"line":149,"column":2},"end":{"line":149,"column":36}},"35":{"start":{"line":150,"column":2},"end":{"line":150,"column":33}},"36":{"start":{"line":160,"column":15},"end":{"line":160,"column":41}},"37":{"start":{"line":161,"column":2},"end":{"line":161,"column":25}},"38":{"start":{"line":161,"column":13},"end":{"line":161,"column":25}},"39":{"start":{"line":162,"column":2},"end":{"line":162,"column":41}},"40":{"start":{"line":171,"column":16},"end":{"line":171,"column":43}},"41":{"start":{"line":172,"column":2},"end":{"line":172,"column":25}},"42":{"start":{"line":181,"column":16},"end":{"line":181,"column":50}},"43":{"start":{"line":182,"column":2},"end":{"line":185,"column":9}},"44":{"start":{"line":183,"column":3},"end":{"line":183,"column":27}},"45":{"start":{"line":183,"column":15},"end":{"line":183,"column":27}},"46":{"start":{"line":184,"column":3},"end":{"line":184,"column":42}},"47":{"start":{"line":195,"column":2},"end":{"line":199,"column":6}},"48":{"start":{"line":207,"column":2},"end":{"line":207,"column":33}}},"fnMap":{"0":{"name":"getPasswordString","decl":{"start":{"line":21,"column":9},"end":{"line":21,"column":26}},"loc":{"start":{"line":21,"column":37},"end":{"line":32,"column":1}},"line":21},"1":{"name":"validatePassword","decl":{"start":{"line":40,"column":22},"end":{"line":40,"column":38}},"loc":{"start":{"line":40,"column":55},"end":{"line":43,"column":1}},"line":40},"2":{"name":"signJwt","decl":{"start":{"line":53,"column":9},"end":{"line":53,"column":16}},"loc":{"start":{"line":53,"column":93},"end":{"line":59,"column":1}},"line":53},"3":{"name":"(anonymous_3)","decl":{"start":{"line":70,"column":1},"end":{"line":70,"column":2}},"loc":{"start":{"line":70,"column":30},"end":{"line":74,"column":2}},"line":70},"4":{"name":"(anonymous_4)","decl":{"start":{"line":80,"column":1},"end":{"line":80,"column":2}},"loc":{"start":{"line":80,"column":15},"end":{"line":86,"column":2}},"line":80},"5":{"name":"(anonymous_5)","decl":{"start":{"line":83,"column":9},"end":{"line":83,"column":10}},"loc":{"start":{"line":83,"column":21},"end":{"line":83,"column":25}},"line":83},"6":{"name":"(anonymous_6)","decl":{"start":{"line":93,"column":1},"end":{"line":93,"column":2}},"loc":{"start":{"line":93,"column":36},"end":{"line":104,"column":2}},"line":93},"7":{"name":"(anonymous_7)","decl":{"start":{"line":97,"column":9},"end":{"line":97,"column":10}},"loc":{"start":{"line":97,"column":21},"end":{"line":101,"column":4}},"line":97},"8":{"name":"(anonymous_8)","decl":{"start":{"line":111,"column":1},"end":{"line":111,"column":2}},"loc":{"start":{"line":111,"column":27},"end":{"line":118,"column":2}},"line":111},"9":{"name":"(anonymous_9)","decl":{"start":{"line":126,"column":1},"end":{"line":126,"column":2}},"loc":{"start":{"line":126,"column":30},"end":{"line":151,"column":2}},"line":126},"10":{"name":"(anonymous_10)","decl":{"start":{"line":159,"column":1},"end":{"line":159,"column":2}},"loc":{"start":{"line":159,"column":37},"end":{"line":163,"column":2}},"line":159},"11":{"name":"(anonymous_11)","decl":{"start":{"line":170,"column":1},"end":{"line":170,"column":2}},"loc":{"start":{"line":170,"column":33},"end":{"line":173,"column":2}},"line":170},"12":{"name":"(anonymous_12)","decl":{"start":{"line":180,"column":1},"end":{"line":180,"column":2}},"loc":{"start":{"line":180,"column":34},"end":{"line":186,"column":2}},"line":180},"13":{"name":"(anonymous_13)","decl":{"start":{"line":182,"column":22},"end":{"line":182,"column":23}},"loc":{"start":{"line":182,"column":39},"end":{"line":185,"column":3}},"line":182},"14":{"name":"(anonymous_14)","decl":{"start":{"line":194,"column":1},"end":{"line":194,"column":2}},"loc":{"start":{"line":194,"column":31},"end":{"line":200,"column":2}},"line":194},"15":{"name":"(anonymous_15)","decl":{"start":{"line":206,"column":1},"end":{"line":206,"column":2}},"loc":{"start":{"line":206,"column":17},"end":{"line":208,"column":2}},"line":206}},"branchMap":{"0":{"loc":{"start":{"line":23,"column":1},"end":{"line":30,"column":2}},"type":"if","locations":[{"start":{"line":23,"column":1},"end":{"line":30,"column":2}},{"start":{"line":23,"column":1},"end":{"line":30,"column":2}}],"line":23},"1":{"loc":{"start":{"line":26,"column":2},"end":{"line":28,"column":3}},"type":"if","locations":[{"start":{"line":26,"column":2},"end":{"line":28,"column":3}},{"start":{"line":26,"column":2},"end":{"line":28,"column":3}}],"line":26},"2":{"loc":{"start":{"line":53,"column":23},"end":{"line":53,"column":35}},"type":"default-arg","locations":[{"start":{"line":53,"column":33},"end":{"line":53,"column":35}}],"line":53},"3":{"loc":{"start":{"line":53,"column":37},"end":{"line":53,"column":91}},"type":"default-arg","locations":[{"start":{"line":53,"column":47},"end":{"line":53,"column":91}}],"line":53},"4":{"loc":{"start":{"line":53,"column":59},"end":{"line":53,"column":90}},"type":"binary-expr","locations":[{"start":{"line":53,"column":59},"end":{"line":53,"column":82}},{"start":{"line":53,"column":86},"end":{"line":53,"column":90}}],"line":53},"5":{"loc":{"start":{"line":99,"column":4},"end":{"line":99,"column":46}},"type":"if","locations":[{"start":{"line":99,"column":4},"end":{"line":99,"column":46}},{"start":{"line":99,"column":4},"end":{"line":99,"column":46}}],"line":99},"6":{"loc":{"start":{"line":132,"column":2},"end":{"line":132,"column":57}},"type":"if","locations":[{"start":{"line":132,"column":2},"end":{"line":132,"column":57}},{"start":{"line":132,"column":2},"end":{"line":132,"column":57}}],"line":132},"7":{"loc":{"start":{"line":135,"column":2},"end":{"line":135,"column":39}},"type":"if","locations":[{"start":{"line":135,"column":2},"end":{"line":135,"column":39}},{"start":{"line":135,"column":2},"end":{"line":135,"column":39}}],"line":135},"8":{"loc":{"start":{"line":137,"column":2},"end":{"line":148,"column":3}},"type":"if","locations":[{"start":{"line":137,"column":2},"end":{"line":148,"column":3}},{"start":{"line":137,"column":2},"end":{"line":148,"column":3}}],"line":137},"9":{"loc":{"start":{"line":137,"column":6},"end":{"line":137,"column":78}},"type":"binary-expr","locations":[{"start":{"line":137,"column":6},"end":{"line":137,"column":19}},{"start":{"line":137,"column":23},"end":{"line":137,"column":45}},{"start":{"line":137,"column":49},"end":{"line":137,"column":78}}],"line":137},"10":{"loc":{"start":{"line":138,"column":3},"end":{"line":147,"column":4}},"type":"if","locations":[{"start":{"line":138,"column":3},"end":{"line":147,"column":4}},{"start":{"line":138,"column":3},"end":{"line":147,"column":4}}],"line":138},"11":{"loc":{"start":{"line":161,"column":2},"end":{"line":161,"column":25}},"type":"if","locations":[{"start":{"line":161,"column":2},"end":{"line":161,"column":25}},{"start":{"line":161,"column":2},"end":{"line":161,"column":25}}],"line":161},"12":{"loc":{"start":{"line":180,"column":22},"end":{"line":180,"column":32}},"type":"default-arg","locations":[{"start":{"line":180,"column":30},"end":{"line":180,"column":32}}],"line":180},"13":{"loc":{"start":{"line":183,"column":3},"end":{"line":183,"column":27}},"type":"if","locations":[{"start":{"line":183,"column":3},"end":{"line":183,"column":27}},{"start":{"line":183,"column":3},"end":{"line":183,"column":27}}],"line":183}},"s":{"0":1,"1":2,"2":2,"3":2,"4":0,"5":0,"6":0,"7":2,"8":1,"9":1,"10":0,"11":4,"12":4,"13":4,"14":0,"15":0,"16":0,"17":0,"18":0,"19":0,"20":0,"21":0,"22":0,"23":0,"24":0,"25":0,"26":0,"27":0,"28":0,"29":0,"30":0,"31":0,"32":0,"33":0,"34":0,"35":0,"36":0,"37":0,"38":0,"39":0,"40":1,"41":1,"42":1,"43":1,"44":1,"45":0,"46":1,"47":1,"48":1},"f":{"0":2,"1":1,"2":0,"3":4,"4":0,"5":0,"6":0,"7":0,"8":0,"9":0,"10":0,"11":1,"12":1,"13":1,"14":1,"15":1},"b":{"0":[2,0],"1":[0,0],"2":[0],"3":[0],"4":[0,0],"5":[0,0],"6":[0,0],"7":[0,0],"8":[0,0],"9":[0,0,0],"10":[0,0],"11":[0,0],"12":[0],"13":[0,1]},"_coverageSchema":"43e27e138ebf9cfc5966b082cf9a028302ed4184","hash":"6b3dc98f52f76916838d31968878169be7839cb3"}
,"/home/mike/dev/imperium/packages/auth/src/server/models/errors.js": {"path":"/home/mike/dev/imperium/packages/auth/src/server/models/errors.js","statementMap":{"0":{"start":{"line":3,"column":33},"end":{"line":3,"column":90}},"1":{"start":{"line":3,"column":39},"end":{"line":3,"column":90}},"2":{"start":{"line":4,"column":38},"end":{"line":4,"column":103}},"3":{"start":{"line":4,"column":44},"end":{"line":4,"column":103}}},"fnMap":{"0":{"name":"(anonymous_0)","decl":{"start":{"line":3,"column":33},"end":{"line":3,"column":34}},"loc":{"start":{"line":3,"column":39},"end":{"line":3,"column":90}},"line":3},"1":{"name":"(anonymous_1)","decl":{"start":{"line":4,"column":38},"end":{"line":4,"column":39}},"loc":{"start":{"line":4,"column":44},"end":{"line":4,"column":103}},"line":4}},"branchMap":{},"s":{"0":1,"1":0,"2":1,"3":0},"f":{"0":0,"1":0},"b":{},"_coverageSchema":"43e27e138ebf9cfc5966b082cf9a028302ed4184","hash":"586108d898b262dbb8a84f69eeac8d4b1110d40c"}
,"/home/mike/dev/imperium/packages/auth/src/server/models/index.js": {"path":"/home/mike/dev/imperium/packages/auth/src/server/models/index.js","statementMap":{"0":{"start":{"line":4,"column":1},"end":{"line":4,"column":71}},"1":{"start":{"line":4,"column":24},"end":{"line":4,"column":71}},"2":{"start":{"line":5,"column":1},"end":{"line":7,"column":3}}},"fnMap":{"0":{"name":"(anonymous_0)","decl":{"start":{"line":3,"column":15},"end":{"line":3,"column":16}},"loc":{"start":{"line":3,"column":41},"end":{"line":8,"column":1}},"line":3}},"branchMap":{"0":{"loc":{"start":{"line":4,"column":1},"end":{"line":4,"column":71}},"type":"if","locations":[{"start":{"line":4,"column":1},"end":{"line":4,"column":71}},{"start":{"line":4,"column":1},"end":{"line":4,"column":71}}],"line":4}},"s":{"0":0,"1":0,"2":0},"f":{"0":0},"b":{"0":[0,0]}}
,"/home/mike/dev/imperium/packages/auth/src/server/models/randomId.js": {"path":"/home/mike/dev/imperium/packages/auth/src/server/models/randomId.js","statementMap":{"0":{"start":{"line":4,"column":18},"end":{"line":4,"column":39}},"1":{"start":{"line":6,"column":1},"end":{"line":10,"column":2}},"2":{"start":{"line":7,"column":2},"end":{"line":7,"column":32}},"3":{"start":{"line":9,"column":2},"end":{"line":9,"column":38}},"4":{"start":{"line":11,"column":1},"end":{"line":11,"column":51}}},"fnMap":{"0":{"name":"randomId","decl":{"start":{"line":3,"column":24},"end":{"line":3,"column":32}},"loc":{"start":{"line":3,"column":46},"end":{"line":12,"column":1}},"line":3}},"branchMap":{"0":{"loc":{"start":{"line":3,"column":33},"end":{"line":3,"column":44}},"type":"default-arg","locations":[{"start":{"line":3,"column":42},"end":{"line":3,"column":44}}],"line":3}},"s":{"0":0,"1":0,"2":0,"3":0,"4":0},"f":{"0":0},"b":{"0":[0]},"_coverageSchema":"43e27e138ebf9cfc5966b082cf9a028302ed4184","hash":"9c86e04970afe27de3e7bfdc91dbf9c796d92e4b"}
,"/home/mike/dev/imperium/packages/auth/src/server/models/sha256.js": {"path":"/home/mike/dev/imperium/packages/auth/src/server/models/sha256.js","statementMap":{"0":{"start":{"line":18,"column":13},"end":{"line":18,"column":14}},"1":{"start":{"line":19,"column":15},"end":{"line":19,"column":16}},"2":{"start":{"line":22,"column":12},"end":{"line":22,"column":39}},"3":{"start":{"line":23,"column":12},"end":{"line":23,"column":47}},"4":{"start":{"line":24,"column":2},"end":{"line":24,"column":38}},"5":{"start":{"line":28,"column":2},"end":{"line":28,"column":39}},"6":{"start":{"line":32,"column":2},"end":{"line":32,"column":21}},"7":{"start":{"line":36,"column":2},"end":{"line":36,"column":32}},"8":{"start":{"line":40,"column":2},"end":{"line":40,"column":39}},"9":{"start":{"line":44,"column":2},"end":{"line":44,"column":41}},"10":{"start":{"line":48,"column":2},"end":{"line":48,"column":41}},"11":{"start":{"line":52,"column":2},"end":{"line":52,"column":40}},"12":{"start":{"line":56,"column":2},"end":{"line":56,"column":42}},"13":{"start":{"line":60,"column":10},"end":{"line":60,"column":785}},"14":{"start":{"line":61,"column":13},"end":{"line":61,"column":118}},"15":{"start":{"line":62,"column":10},"end":{"line":62,"column":23}},"16":{"start":{"line":66,"column":2},"end":{"line":66,"column":37}},"17":{"start":{"line":67,"column":2},"end":{"line":67,"column":35}},"18":{"start":{"line":69,"column":2},"end":{"line":104,"column":3}},"19":{"start":{"line":69,"column":15},"end":{"line":69,"column":16}},"20":{"start":{"line":70,"column":3},"end":{"line":70,"column":15}},"21":{"start":{"line":71,"column":3},"end":{"line":71,"column":15}},"22":{"start":{"line":72,"column":3},"end":{"line":72,"column":15}},"23":{"start":{"line":73,"column":3},"end":{"line":73,"column":15}},"24":{"start":{"line":74,"column":3},"end":{"line":74,"column":15}},"25":{"start":{"line":75,"column":3},"end":{"line":75,"column":15}},"26":{"start":{"line":76,"column":3},"end":{"line":76,"column":15}},"27":{"start":{"line":77,"column":3},"end":{"line":77,"column":15}},"28":{"start":{"line":79,"column":3},"end":{"line":94,"column":4}},"29":{"start":{"line":79,"column":16},"end":{"line":79,"column":17}},"30":{"start":{"line":80,"column":4},"end":{"line":81,"column":109}},"31":{"start":{"line":80,"column":16},"end":{"line":80,"column":32}},"32":{"start":{"line":81,"column":9},"end":{"line":81,"column":109}},"33":{"start":{"line":83,"column":4},"end":{"line":83,"column":90}},"34":{"start":{"line":84,"column":4},"end":{"line":84,"column":46}},"35":{"start":{"line":86,"column":4},"end":{"line":86,"column":10}},"36":{"start":{"line":87,"column":4},"end":{"line":87,"column":10}},"37":{"start":{"line":88,"column":4},"end":{"line":88,"column":10}},"38":{"start":{"line":89,"column":4},"end":{"line":89,"column":24}},"39":{"start":{"line":90,"column":4},"end":{"line":90,"column":10}},"40":{"start":{"line":91,"column":4},"end":{"line":91,"column":10}},"41":{"start":{"line":92,"column":4},"end":{"line":92,"column":10}},"42":{"start":{"line":93,"column":4},"end":{"line":93,"column":25}},"43":{"start":{"line":96,"column":3},"end":{"line":96,"column":34}},"44":{"start":{"line":97,"column":3},"end":{"line":97,"column":34}},"45":{"start":{"line":98,"column":3},"end":{"line":98,"column":34}},"46":{"start":{"line":99,"column":3},"end":{"line":99,"column":34}},"47":{"start":{"line":100,"column":3},"end":{"line":100,"column":34}},"48":{"start":{"line":101,"column":3},"end":{"line":101,"column":34}},"49":{"start":{"line":102,"column":3},"end":{"line":102,"column":34}},"50":{"start":{"line":103,"column":3},"end":{"line":103,"column":34}},"51":{"start":{"line":105,"column":2},"end":{"line":105,"column":14}},"52":{"start":{"line":109,"column":12},"end":{"line":109,"column":19}},"53":{"start":{"line":110,"column":13},"end":{"line":110,"column":29}},"54":{"start":{"line":111,"column":2},"end":{"line":113,"column":3}},"55":{"start":{"line":111,"column":15},"end":{"line":111,"column":16}},"56":{"start":{"line":112,"column":3},"end":{"line":112,"column":70}},"57":{"start":{"line":114,"column":2},"end":{"line":114,"column":13}},"58":{"start":{"line":125,"column":16},"end":{"line":125,"column":18}},"59":{"start":{"line":127,"column":2},"end":{"line":144,"column":3}},"60":{"start":{"line":127,"column":15},"end":{"line":127,"column":16}},"61":{"start":{"line":129,"column":11},"end":{"line":129,"column":31}},"62":{"start":{"line":131,"column":3},"end":{"line":142,"column":4}},"63":{"start":{"line":132,"column":4},"end":{"line":132,"column":38}},"64":{"start":{"line":134,"column":8},"end":{"line":142,"column":4}},"65":{"start":{"line":135,"column":4},"end":{"line":135,"column":51}},"66":{"start":{"line":136,"column":4},"end":{"line":136,"column":51}},"67":{"start":{"line":139,"column":4},"end":{"line":139,"column":52}},"68":{"start":{"line":140,"column":4},"end":{"line":140,"column":58}},"69":{"start":{"line":141,"column":4},"end":{"line":141,"column":51}},"70":{"start":{"line":146,"column":2},"end":{"line":146,"column":17}},"71":{"start":{"line":150,"column":16},"end":{"line":150,"column":65}},"72":{"start":{"line":151,"column":12},"end":{"line":151,"column":14}},"73":{"start":{"line":152,"column":2},"end":{"line":155,"column":3}},"74":{"start":{"line":152,"column":15},"end":{"line":152,"column":16}},"75":{"start":{"line":153,"column":3},"end":{"line":154,"column":68}},"76":{"start":{"line":156,"column":2},"end":{"line":156,"column":13}},"77":{"start":{"line":159,"column":1},"end":{"line":159,"column":19}},"78":{"start":{"line":160,"column":1},"end":{"line":160,"column":61}}},"fnMap":{"0":{"name":"sha256","decl":{"start":{"line":16,"column":24},"end":{"line":16,"column":30}},"loc":{"start":{"line":16,"column":34},"end":{"line":162,"column":1}},"line":16},"1":{"name":"safe_add","decl":{"start":{"line":21,"column":10},"end":{"line":21,"column":18}},"loc":{"start":{"line":21,"column":25},"end":{"line":25,"column":2}},"line":21},"2":{"name":"S","decl":{"start":{"line":27,"column":10},"end":{"line":27,"column":11}},"loc":{"start":{"line":27,"column":18},"end":{"line":29,"column":2}},"line":27},"3":{"name":"R","decl":{"start":{"line":31,"column":10},"end":{"line":31,"column":11}},"loc":{"start":{"line":31,"column":18},"end":{"line":33,"column":2}},"line":31},"4":{"name":"Ch","decl":{"start":{"line":35,"column":10},"end":{"line":35,"column":12}},"loc":{"start":{"line":35,"column":22},"end":{"line":37,"column":2}},"line":35},"5":{"name":"Maj","decl":{"start":{"line":39,"column":10},"end":{"line":39,"column":13}},"loc":{"start":{"line":39,"column":23},"end":{"line":41,"column":2}},"line":39},"6":{"name":"Sigma0256","decl":{"start":{"line":43,"column":10},"end":{"line":43,"column":19}},"loc":{"start":{"line":43,"column":23},"end":{"line":45,"column":2}},"line":43},"7":{"name":"Sigma1256","decl":{"start":{"line":47,"column":10},"end":{"line":47,"column":19}},"loc":{"start":{"line":47,"column":23},"end":{"line":49,"column":2}},"line":47},"8":{"name":"Gamma0256","decl":{"start":{"line":51,"column":10},"end":{"line":51,"column":19}},"loc":{"start":{"line":51,"column":23},"end":{"line":53,"column":2}},"line":51},"9":{"name":"Gamma1256","decl":{"start":{"line":55,"column":10},"end":{"line":55,"column":19}},"loc":{"start":{"line":55,"column":23},"end":{"line":57,"column":2}},"line":55},"10":{"name":"core_sha256","decl":{"start":{"line":59,"column":10},"end":{"line":59,"column":21}},"loc":{"start":{"line":59,"column":28},"end":{"line":106,"column":2}},"line":59},"11":{"name":"str2binb","decl":{"start":{"line":108,"column":10},"end":{"line":108,"column":18}},"loc":{"start":{"line":108,"column":24},"end":{"line":115,"column":2}},"line":108},"12":{"name":"Utf8Encode","decl":{"start":{"line":117,"column":10},"end":{"line":117,"column":20}},"loc":{"start":{"line":117,"column":29},"end":{"line":147,"column":2}},"line":117},"13":{"name":"binb2hex","decl":{"start":{"line":149,"column":10},"end":{"line":149,"column":18}},"loc":{"start":{"line":149,"column":29},"end":{"line":157,"column":2}},"line":149}},"branchMap":{"0":{"loc":{"start":{"line":80,"column":4},"end":{"line":81,"column":109}},"type":"if","locations":[{"start":{"line":80,"column":4},"end":{"line":81,"column":109}},{"start":{"line":80,"column":4},"end":{"line":81,"column":109}}],"line":80},"1":{"loc":{"start":{"line":131,"column":3},"end":{"line":142,"column":4}},"type":"if","locations":[{"start":{"line":131,"column":3},"end":{"line":142,"column":4}},{"start":{"line":131,"column":3},"end":{"line":142,"column":4}}],"line":131},"2":{"loc":{"start":{"line":134,"column":8},"end":{"line":142,"column":4}},"type":"if","locations":[{"start":{"line":134,"column":8},"end":{"line":142,"column":4}},{"start":{"line":134,"column":8},"end":{"line":142,"column":4}}],"line":134},"3":{"loc":{"start":{"line":134,"column":12},"end":{"line":134,"column":35}},"type":"binary-expr","locations":[{"start":{"line":134,"column":13},"end":{"line":134,"column":20}},{"start":{"line":134,"column":26},"end":{"line":134,"column":34}}],"line":134},"4":{"loc":{"start":{"line":150,"column":16},"end":{"line":150,"column":65}},"type":"cond-expr","locations":[{"start":{"line":150,"column":26},"end":{"line":150,"column":44}},{"start":{"line":150,"column":47},"end":{"line":150,"column":65}}],"line":150}},"s":{"0":2,"1":2,"2":1200,"3":1200,"4":1200,"5":1152,"6":192,"7":128,"8":128,"9":128,"10":128,"11":96,"12":96,"13":2,"14":2,"15":2,"16":2,"17":2,"18":2,"19":2,"20":2,"21":2,"22":2,"23":2,"24":2,"25":2,"26":2,"27":2,"28":2,"29":2,"30":128,"31":32,"32":96,"33":128,"34":128,"35":128,"36":128,"37":128,"38":128,"39":128,"40":128,"41":128,"42":128,"43":2,"44":2,"45":2,"46":2,"47":2,"48":2,"49":2,"50":2,"51":2,"52":2,"53":2,"54":2,"55":2,"56":28,"57":2,"58":2,"59":2,"60":2,"61":28,"62":28,"63":28,"64":0,"65":0,"66":0,"67":0,"68":0,"69":0,"70":2,"71":2,"72":2,"73":2,"74":2,"75":64,"76":2,"77":2,"78":2},"f":{"0":2,"1":1200,"2":1152,"3":192,"4":128,"5":128,"6":128,"7":128,"8":96,"9":96,"10":2,"11":2,"12":2,"13":2},"b":{"0":[32,96],"1":[28,0],"2":[0,0],"3":[0,0],"4":[0,2]},"_coverageSchema":"43e27e138ebf9cfc5966b082cf9a028302ed4184","hash":"2ab53016bfa21705c9c3a811611263f2a894a7e9"}
}
