TN:
SF:/home/mike/dev/imperium/packages/auth/src/client/components/SignInForm.js
FN:30,(anonymous_2)
FN:31,(anonymous_3)
FN:38,(anonymous_4)
FN:73,(anonymous_5)
FNF:4
FNH:0
FNDA:0,(anonymous_2)
FNDA:0,(anonymous_3)
FNDA:0,(anonymous_4)
FNDA:0,(anonymous_5)
DA:3,0
DA:4,0
DA:5,0
DA:6,0
DA:7,0
DA:8,0
DA:9,0
DA:10,0
DA:12,0
DA:14,0
DA:30,0
DA:32,0
DA:33,0
DA:39,0
DA:74,0
LF:15
LH:0
BRF:0
BRH:0
end_of_record
TN:
SF:/home/mike/dev/imperium/packages/auth/src/client/containers/SignIn.js
FN:25,(anonymous_2)
FN:26,(anonymous_3)
FN:26,(anonymous_4)
FN:38,(anonymous_5)
FN:39,(anonymous_6)
FN:43,(anonymous_7)
FN:48,(anonymous_8)
FN:58,(anonymous_9)
FN:65,(anonymous_10)
FNF:9
FNH:0
FNDA:0,(anonymous_2)
FNDA:0,(anonymous_3)
FNDA:0,(anonymous_4)
FNDA:0,(anonymous_5)
FNDA:0,(anonymous_6)
FNDA:0,(anonymous_7)
FNDA:0,(anonymous_8)
FNDA:0,(anonymous_9)
FNDA:0,(anonymous_10)
DA:3,0
DA:4,0
DA:5,0
DA:6,0
DA:7,0
DA:8,0
DA:9,0
DA:10,0
DA:11,0
DA:12,0
DA:13,0
DA:14,0
DA:16,0
DA:25,0
DA:26,0
DA:28,0
DA:36,0
DA:37,0
DA:38,0
DA:40,0
DA:41,0
DA:49,0
DA:59,0
DA:65,0
LF:24
LH:0
BRF:0
BRH:0
end_of_record
TN:
SF:/home/mike/dev/imperium/packages/auth/src/client/data/redux.js
FN:17,_default
FN:35,signInSuccess
FN:38,(anonymous_3)
FN:46,signInError
FN:59,signOut
FN:60,(anonymous_6)
FNF:6
FNH:0
FNDA:0,_default
FNDA:0,signInSuccess
FNDA:0,(anonymous_3)
FNDA:0,signInError
FNDA:0,signOut
FNDA:0,(anonymous_6)
DA:1,0
DA:2,0
DA:3,0
DA:5,0
DA:9,0
DA:17,0
DA:18,0
DA:20,0
DA:22,0
DA:28,0
DA:31,0
DA:36,0
DA:37,0
DA:38,0
DA:39,0
DA:47,0
DA:48,0
DA:60,0
DA:61,0
DA:62,0
DA:63,0
DA:64,0
DA:65,0
LF:23
LH:0
BRDA:17,0,0,0
BRDA:18,1,0,0
BRDA:18,1,1,0
BRDA:18,2,0,0
BRDA:18,2,1,0
BRDA:21,3,0,0
BRDA:21,3,1,0
BRDA:21,3,2,0
BRF:8
BRH:0
end_of_record
TN:
SF:/home/mike/dev/imperium/packages/auth/src/common/checkPermissions.js
FN:5,permissionsMatch
FN:18,checkPermissions
FNF:2
FNH:0
FNDA:0,permissionsMatch
FNDA:0,checkPermissions
DA:1,0
DA:2,0
DA:3,0
DA:6,0
DA:7,0
DA:8,0
DA:9,0
DA:19,0
DA:20,0
LF:9
LH:0
BRDA:7,0,0,0
BRDA:7,0,1,0
BRDA:8,1,0,0
BRDA:8,1,1,0
BRDA:19,2,0,0
BRDA:19,2,1,0
BRF:6
BRH:0
end_of_record
TN:
SF:/home/mike/dev/imperium/packages/auth/src/common/permissions.js
FNF:0
FNH:0
DA:1,0
LF:1
LH:0
BRF:0
BRH:0
end_of_record
TN:
SF:/home/mike/dev/imperium/packages/auth/src/server/startup.js
FN:6,startup
FNF:1
FNH:0
FNDA:0,startup
DA:1,0
DA:2,0
DA:4,0
DA:7,0
DA:8,0
DA:9,0
DA:11,0
DA:12,0
LF:8
LH:0
BRDA:11,0,0,0
BRDA:11,0,1,0
BRF:2
BRH:0
end_of_record
TN:
SF:/home/mike/dev/imperium/packages/auth/src/server/graphql/index.js
FNF:0
FNH:0
DA:3,0
DA:5,0
DA:8,0
LF:3
LH:0
BRF:0
BRH:0
end_of_record
TN:
SF:/home/mike/dev/imperium/packages/auth/src/server/models/Auth.js
FN:22,getPasswordString
FN:41,validatePassword
FN:54,signJwt
FN:71,(anonymous_3)
FN:81,(anonymous_4)
FN:84,(anonymous_5)
FN:94,(anonymous_6)
FN:99,(anonymous_7)
FN:113,(anonymous_8)
FN:128,(anonymous_9)
FN:167,(anonymous_10)
FN:178,(anonymous_11)
FN:188,(anonymous_12)
FN:190,(anonymous_13)
FN:199,(anonymous_14)
FN:211,(anonymous_15)
FNF:16
FNH:8
FNDA:2,getPasswordString
FNDA:1,validatePassword
FNDA:0,signJwt
FNDA:4,(anonymous_3)
FNDA:0,(anonymous_4)
FNDA:0,(anonymous_5)
FNDA:0,(anonymous_6)
FNDA:0,(anonymous_7)
FNDA:0,(anonymous_8)
FNDA:0,(anonymous_9)
FNDA:0,(anonymous_10)
FNDA:1,(anonymous_11)
FNDA:1,(anonymous_12)
FNDA:1,(anonymous_13)
FNDA:1,(anonymous_14)
FNDA:1,(anonymous_15)
DA:14,1
DA:23,2
DA:24,2
DA:25,2
DA:27,0
DA:28,0
DA:30,0
DA:32,2
DA:42,1
DA:43,1
DA:55,0
DA:72,4
DA:73,4
DA:74,4
DA:82,0
DA:84,0
DA:95,0
DA:96,0
DA:97,0
DA:100,0
DA:101,0
DA:102,0
DA:114,0
DA:115,0
DA:129,0
DA:132,0
DA:134,0
DA:135,0
DA:137,0
DA:138,0
DA:139,0
DA:157,0
DA:158,0
DA:168,0
DA:169,0
DA:170,0
DA:179,1
DA:180,1
DA:189,1
DA:190,1
DA:200,1
DA:212,1
LF:42
LH:16
BRDA:24,0,0,2
BRDA:24,0,1,0
BRDA:27,1,0,0
BRDA:27,1,1,0
BRDA:54,2,0,0
BRDA:54,3,0,0
BRDA:54,4,0,0
BRDA:54,4,1,0
BRDA:101,5,0,0
BRDA:101,5,1,0
BRDA:135,6,0,0
BRDA:135,6,1,0
BRDA:137,7,0,0
BRDA:137,7,1,0
BRDA:137,8,0,0
BRDA:137,8,1,0
BRDA:137,8,2,0
BRDA:138,9,0,0
BRDA:138,9,1,0
BRDA:169,10,0,0
BRDA:169,10,1,0
BRDA:188,11,0,0
BRF:22
BRH:1
end_of_record
TN:
SF:/home/mike/dev/imperium/packages/auth/src/server/models/errors.js
FN:3,(anonymous_0)
FN:4,(anonymous_1)
FNF:2
FNH:0
FNDA:0,(anonymous_0)
FNDA:0,(anonymous_1)
DA:3,1
DA:4,1
LF:2
LH:2
BRF:0
BRH:0
end_of_record
TN:
SF:/home/mike/dev/imperium/packages/auth/src/server/models/index.js
FN:3,_default
FNF:1
FNH:0
FNDA:0,_default
DA:1,0
DA:4,0
DA:5,0
LF:3
LH:0
BRDA:4,0,0,0
BRDA:4,0,1,0
BRF:2
BRH:0
end_of_record
TN:
SF:/home/mike/dev/imperium/packages/auth/src/server/models/randomId.js
FN:3,randomId
FNF:1
FNH:0
FNDA:0,randomId
DA:4,0
DA:6,0
DA:7,0
DA:9,0
DA:11,0
LF:5
LH:0
BRDA:3,0,0,0
BRF:1
BRH:0
end_of_record
TN:
SF:/home/mike/dev/imperium/packages/auth/src/server/models/sha256.js
FN:16,sha256
FN:21,safe_add
FN:27,S
FN:31,R
FN:35,Ch
FN:39,Maj
FN:43,Sigma0256
FN:47,Sigma1256
FN:51,Gamma0256
FN:55,Gamma1256
FN:59,core_sha256
FN:108,str2binb
FN:117,Utf8Encode
FN:149,binb2hex
FNF:14
FNH:14
FNDA:2,sha256
FNDA:1200,safe_add
FNDA:1152,S
FNDA:192,R
FNDA:128,Ch
FNDA:128,Maj
FNDA:128,Sigma0256
FNDA:128,Sigma1256
FNDA:96,Gamma0256
FNDA:96,Gamma1256
FNDA:2,core_sha256
FNDA:2,str2binb
FNDA:2,Utf8Encode
FNDA:2,binb2hex
DA:18,2
DA:19,2
DA:22,1200
DA:23,1200
DA:24,1200
DA:28,1152
DA:32,192
DA:36,128
DA:40,128
DA:44,128
DA:48,128
DA:52,96
DA:56,96
DA:60,2
DA:61,2
DA:62,2
DA:66,2
DA:67,2
DA:69,2
DA:70,2
DA:71,2
DA:72,2
DA:73,2
DA:74,2
DA:75,2
DA:76,2
DA:77,2
DA:79,2
DA:80,128
DA:81,96
DA:83,128
DA:84,128
DA:86,128
DA:87,128
DA:88,128
DA:89,128
DA:90,128
DA:91,128
DA:92,128
DA:93,128
DA:96,2
DA:97,2
DA:98,2
DA:99,2
DA:100,2
DA:101,2
DA:102,2
DA:103,2
DA:105,2
DA:109,2
DA:110,2
DA:111,2
DA:112,28
DA:114,2
DA:125,2
DA:127,2
DA:129,28
DA:131,28
DA:132,28
DA:134,0
DA:135,0
DA:136,0
DA:139,0
DA:140,0
DA:141,0
DA:146,2
DA:150,2
DA:151,2
DA:152,2
DA:153,64
DA:156,2
DA:159,2
DA:160,2
LF:73
LH:67
BRDA:80,0,0,32
BRDA:80,0,1,96
BRDA:131,1,0,28
BRDA:131,1,1,0
BRDA:134,2,0,0
BRDA:134,2,1,0
BRDA:134,3,0,0
BRDA:134,3,1,0
BRDA:150,4,0,0
BRDA:150,4,1,2
BRF:10
BRH:4
end_of_record
