TN:
SF:/home/mike/dev/imperium/packages/auth/src/client/client.js
FN:5,startup
FNF:1
FNH:0
FNDA:0,startup
DA:6,0
LF:1
LH:0
BRF:0
BRH:0
end_of_record
TN:
SF:/home/mike/dev/imperium/packages/auth/src/client/routes.js
FNF:0
FNH:0
LF:0
LH:0
BRF:0
BRH:0
end_of_record
TN:
SF:/home/mike/dev/imperium/packages/auth/src/client/components/ForgotPasswordForm.js
FN:16,ForgotPasswordForm
FN:23,(anonymous_1)
FN:30,(anonymous_2)
FN:33,(anonymous_3)
FNF:4
FNH:0
FNDA:0,ForgotPasswordForm
FNDA:0,(anonymous_1)
FNDA:0,(anonymous_2)
FNDA:0,(anonymous_3)
DA:10,0
DA:12,0
DA:17,0
DA:19,0
DA:24,0
DA:25,0
DA:31,0
DA:33,0
DA:58,0
LF:9
LH:0
BRF:0
BRH:0
end_of_record
TN:
SF:/home/mike/dev/imperium/packages/auth/src/client/components/LogInForm.js
FN:15,LogInForm
FN:22,(anonymous_1)
FN:32,(anonymous_2)
FN:59,(anonymous_3)
FNF:4
FNH:0
FNDA:0,LogInForm
FNDA:0,(anonymous_1)
FNDA:0,(anonymous_2)
FNDA:0,(anonymous_3)
DA:10,0
DA:16,0
DA:18,0
DA:23,0
DA:27,0
DA:33,0
DA:59,0
DA:68,0
LF:8
LH:0
BRF:0
BRH:0
end_of_record
TN:
SF:/home/mike/dev/imperium/packages/auth/src/client/components/ResetPasswordForm.js
FNF:0
FNH:0
LF:0
LH:0
BRF:0
BRH:0
end_of_record
TN:
SF:/home/mike/dev/imperium/packages/auth/src/client/components/SignInForm_old.js
FN:31,(anonymous_0)
FN:38,(anonymous_1)
FN:73,(anonymous_2)
FNF:3
FNH:0
FNDA:0,(anonymous_0)
FNDA:0,(anonymous_1)
FNDA:0,(anonymous_2)
DA:12,0
DA:14,0
DA:32,0
DA:33,0
DA:39,0
DA:74,0
LF:6
LH:0
BRF:0
BRH:0
end_of_record
TN:
SF:/home/mike/dev/imperium/packages/auth/src/client/components/sha256.js
FN:16,sha256
FN:21,safe_add
FN:27,S
FN:31,R
FN:35,Ch
FN:39,Maj
FN:43,Sigma0256
FN:47,Sigma1256
FN:51,Gamma0256
FN:55,Gamma1256
FN:59,core_sha256
FN:108,str2binb
FN:117,Utf8Encode
FN:149,binb2hex
FNF:14
FNH:0
FNDA:0,sha256
FNDA:0,safe_add
FNDA:0,S
FNDA:0,R
FNDA:0,Ch
FNDA:0,Maj
FNDA:0,Sigma0256
FNDA:0,Sigma1256
FNDA:0,Gamma0256
FNDA:0,Gamma1256
FNDA:0,core_sha256
FNDA:0,str2binb
FNDA:0,Utf8Encode
FNDA:0,binb2hex
DA:18,0
DA:19,0
DA:22,0
DA:23,0
DA:24,0
DA:28,0
DA:32,0
DA:36,0
DA:40,0
DA:44,0
DA:48,0
DA:52,0
DA:56,0
DA:60,0
DA:61,0
DA:62,0
DA:66,0
DA:67,0
DA:69,0
DA:70,0
DA:71,0
DA:72,0
DA:73,0
DA:74,0
DA:75,0
DA:76,0
DA:77,0
DA:79,0
DA:80,0
DA:81,0
DA:83,0
DA:84,0
DA:86,0
DA:87,0
DA:88,0
DA:89,0
DA:90,0
DA:91,0
DA:92,0
DA:93,0
DA:96,0
DA:97,0
DA:98,0
DA:99,0
DA:100,0
DA:101,0
DA:102,0
DA:103,0
DA:105,0
DA:109,0
DA:110,0
DA:111,0
DA:112,0
DA:114,0
DA:125,0
DA:127,0
DA:129,0
DA:131,0
DA:132,0
DA:134,0
DA:135,0
DA:136,0
DA:139,0
DA:140,0
DA:141,0
DA:146,0
DA:150,0
DA:151,0
DA:152,0
DA:153,0
DA:156,0
DA:159,0
DA:160,0
LF:73
LH:0
BRDA:80,0,0,0
BRDA:80,0,1,0
BRDA:131,1,0,0
BRDA:131,1,1,0
BRDA:134,2,0,0
BRDA:134,2,1,0
BRDA:134,3,0,0
BRDA:134,3,1,0
BRDA:150,4,0,0
BRDA:150,4,1,0
BRF:10
BRH:0
end_of_record
TN:
SF:/home/mike/dev/imperium/packages/auth/src/client/components/Transit/Transit.js
FN:6,Transit
FN:12,(anonymous_1)
FNF:2
FNH:0
FNDA:0,Transit
FNDA:0,(anonymous_1)
DA:7,0
DA:9,0
DA:12,0
DA:26,0
LF:4
LH:0
BRF:0
BRH:0
end_of_record
TN:
SF:/home/mike/dev/imperium/packages/auth/src/client/components/Transit/index.js
FNF:0
FNH:0
LF:0
LH:0
BRF:0
BRH:0
end_of_record
TN:
SF:/home/mike/dev/imperium/packages/auth/src/client/containers/ForgotPassword.js
FN:6,ForgotPassword
FNF:1
FNH:0
FNDA:0,ForgotPassword
DA:7,0
DA:9,0
DA:11,0
DA:20,0
LF:4
LH:0
BRF:0
BRH:0
end_of_record
TN:
SF:/home/mike/dev/imperium/packages/auth/src/client/containers/LogIn.js
FN:13,LogIn
FN:27,(anonymous_1)
FN:33,(anonymous_2)
FN:35,(anonymous_3)
FN:45,(anonymous_4)
FNF:5
FNH:0
FNDA:0,LogIn
FNDA:0,(anonymous_1)
FNDA:0,(anonymous_2)
FNDA:0,(anonymous_3)
FNDA:0,(anonymous_4)
DA:11,0
DA:14,0
DA:15,0
DA:16,0
DA:18,0
DA:20,0
DA:28,0
DA:34,0
DA:36,0
DA:42,0
DA:43,0
DA:46,0
DA:54,0
DA:61,0
LF:14
LH:0
BRDA:20,0,0,0
BRDA:20,0,1,0
BRF:2
BRH:0
end_of_record
TN:
SF:/home/mike/dev/imperium/packages/auth/src/client/containers/ResetPassword.js
FNF:0
FNH:0
LF:0
LH:0
BRF:0
BRH:0
end_of_record
TN:
SF:/home/mike/dev/imperium/packages/auth/src/client/containers/SignIn.js
FN:16,SignIn
FNF:1
FNH:0
FNDA:0,SignIn
DA:14,0
DA:17,0
DA:19,0
DA:21,0
LF:4
LH:0
BRF:0
BRH:0
end_of_record
TN:
SF:/home/mike/dev/imperium/packages/auth/src/client/context/AuthContextConsumer.js
FN:5,AuthContextConsumer
FN:8,(anonymous_1)
FNF:2
FNH:0
FNDA:0,AuthContextConsumer
FNDA:0,(anonymous_1)
DA:6,0
DA:8,0
DA:13,0
LF:3
LH:0
BRF:0
BRH:0
end_of_record
TN:
SF:/home/mike/dev/imperium/packages/auth/src/client/context/AuthContextProvider.js
FN:10,AuthContextProvider
FN:20,(anonymous_1)
FN:21,(anonymous_2)
FNF:3
FNH:0
FNDA:0,AuthContextProvider
FNDA:0,(anonymous_1)
FNDA:0,(anonymous_2)
DA:11,0
DA:12,0
DA:18,0
DA:20,0
DA:22,0
DA:30,0
DA:37,0
LF:7
LH:0
BRDA:12,0,0,0
BRDA:12,0,1,0
BRF:2
BRH:0
end_of_record
TN:
SF:/home/mike/dev/imperium/packages/auth/src/client/context/checkPermissions.js
FN:5,permissionsMatch
FN:19,checkPermissions
FNF:2
FNH:0
FNDA:0,permissionsMatch
FNDA:0,checkPermissions
DA:6,0
DA:7,0
DA:8,0
DA:9,0
DA:20,0
DA:21,0
DA:22,0
LF:7
LH:0
BRDA:7,0,0,0
BRDA:7,0,1,0
BRDA:8,1,0,0
BRDA:8,1,1,0
BRDA:20,2,0,0
BRDA:20,2,1,0
BRDA:21,3,0,0
BRDA:21,3,1,0
BRF:8
BRH:0
end_of_record
TN:
SF:/home/mike/dev/imperium/packages/auth/src/client/context/context.js
FNF:0
FNH:0
DA:3,0
LF:1
LH:0
BRF:0
BRH:0
end_of_record
TN:
SF:/home/mike/dev/imperium/packages/auth/src/client/graphql/index.js
FNF:0
FNH:0
LF:0
LH:0
BRF:0
BRH:0
end_of_record
TN:
SF:/home/mike/dev/imperium/packages/auth/src/server/permissions.js
FNF:0
FNH:0
DA:1,0
LF:1
LH:0
BRF:0
BRH:0
end_of_record
TN:
SF:/home/mike/dev/imperium/packages/auth/src/server/startup.js
FN:6,startup
FNF:1
FNH:0
FNDA:0,startup
DA:4,0
DA:7,0
DA:8,0
DA:9,0
DA:11,0
DA:12,0
LF:6
LH:0
BRDA:11,0,0,0
BRDA:11,0,1,0
BRF:2
BRH:0
end_of_record
TN:
SF:/home/mike/dev/imperium/packages/auth/src/server/graphql/index.js
FN:7,(anonymous_0)
FNF:1
FNH:0
FNDA:0,(anonymous_0)
DA:3,0
DA:5,0
DA:8,0
LF:3
LH:0
BRF:0
BRH:0
end_of_record
TN:
SF:/home/mike/dev/imperium/packages/auth/src/server/models/Auth.js
FN:21,getPasswordString
FN:40,validatePassword
FN:53,signJwt
FN:70,(anonymous_3)
FN:80,(anonymous_4)
FN:83,(anonymous_5)
FN:93,(anonymous_6)
FN:97,(anonymous_7)
FN:111,(anonymous_8)
FN:126,(anonymous_9)
FN:159,(anonymous_10)
FN:170,(anonymous_11)
FN:180,(anonymous_12)
FN:182,(anonymous_13)
FN:194,(anonymous_14)
FN:206,(anonymous_15)
FNF:16
FNH:8
FNDA:2,getPasswordString
FNDA:1,validatePassword
FNDA:0,signJwt
FNDA:4,(anonymous_3)
FNDA:0,(anonymous_4)
FNDA:0,(anonymous_5)
FNDA:0,(anonymous_6)
FNDA:0,(anonymous_7)
FNDA:0,(anonymous_8)
FNDA:0,(anonymous_9)
FNDA:0,(anonymous_10)
FNDA:1,(anonymous_11)
FNDA:1,(anonymous_12)
FNDA:1,(anonymous_13)
FNDA:1,(anonymous_14)
FNDA:1,(anonymous_15)
DA:13,1
DA:22,2
DA:23,2
DA:24,2
DA:26,0
DA:27,0
DA:29,0
DA:31,2
DA:41,1
DA:42,1
DA:54,0
DA:71,4
DA:72,4
DA:73,4
DA:81,0
DA:83,0
DA:94,0
DA:95,0
DA:98,0
DA:99,0
DA:100,0
DA:112,0
DA:113,0
DA:127,0
DA:130,0
DA:132,0
DA:134,0
DA:135,0
DA:137,0
DA:138,0
DA:139,0
DA:149,0
DA:150,0
DA:160,0
DA:161,0
DA:162,0
DA:171,1
DA:172,1
DA:181,1
DA:182,1
DA:183,1
DA:184,1
DA:195,1
DA:207,1
LF:44
LH:18
BRDA:23,0,0,2
BRDA:23,0,1,0
BRDA:26,1,0,0
BRDA:26,1,1,0
BRDA:53,2,0,0
BRDA:53,3,0,0
BRDA:53,4,0,0
BRDA:53,4,1,0
BRDA:99,5,0,0
BRDA:99,5,1,0
BRDA:132,6,0,0
BRDA:132,6,1,0
BRDA:135,7,0,0
BRDA:135,7,1,0
BRDA:137,8,0,0
BRDA:137,8,1,0
BRDA:137,9,0,0
BRDA:137,9,1,0
BRDA:137,9,2,0
BRDA:138,10,0,0
BRDA:138,10,1,0
BRDA:161,11,0,0
BRDA:161,11,1,0
BRDA:180,12,0,0
BRDA:183,13,0,0
BRDA:183,13,1,1
BRF:26
BRH:2
end_of_record
TN:
SF:/home/mike/dev/imperium/packages/auth/src/server/models/errors.js
FN:3,(anonymous_0)
FN:4,(anonymous_1)
FNF:2
FNH:0
FNDA:0,(anonymous_0)
FNDA:0,(anonymous_1)
DA:3,1
DA:4,1
LF:2
LH:2
BRF:0
BRH:0
end_of_record
TN:
SF:/home/mike/dev/imperium/packages/auth/src/server/models/index.js
FN:3,(anonymous_0)
FNF:1
FNH:0
FNDA:0,(anonymous_0)
DA:4,0
DA:5,0
LF:2
LH:0
BRDA:4,0,0,0
BRDA:4,0,1,0
BRF:2
BRH:0
end_of_record
TN:
SF:/home/mike/dev/imperium/packages/auth/src/server/models/randomId.js
FN:3,randomId
FNF:1
FNH:0
FNDA:0,randomId
DA:4,0
DA:6,0
DA:7,0
DA:9,0
DA:11,0
LF:5
LH:0
BRDA:3,0,0,0
BRF:1
BRH:0
end_of_record
TN:
SF:/home/mike/dev/imperium/packages/auth/src/server/models/sha256.js
FN:16,sha256
FN:21,safe_add
FN:27,S
FN:31,R
FN:35,Ch
FN:39,Maj
FN:43,Sigma0256
FN:47,Sigma1256
FN:51,Gamma0256
FN:55,Gamma1256
FN:59,core_sha256
FN:108,str2binb
FN:117,Utf8Encode
FN:149,binb2hex
FNF:14
FNH:14
FNDA:2,sha256
FNDA:1200,safe_add
FNDA:1152,S
FNDA:192,R
FNDA:128,Ch
FNDA:128,Maj
FNDA:128,Sigma0256
FNDA:128,Sigma1256
FNDA:96,Gamma0256
FNDA:96,Gamma1256
FNDA:2,core_sha256
FNDA:2,str2binb
FNDA:2,Utf8Encode
FNDA:2,binb2hex
DA:18,2
DA:19,2
DA:22,1200
DA:23,1200
DA:24,1200
DA:28,1152
DA:32,192
DA:36,128
DA:40,128
DA:44,128
DA:48,128
DA:52,96
DA:56,96
DA:60,2
DA:61,2
DA:62,2
DA:66,2
DA:67,2
DA:69,2
DA:70,2
DA:71,2
DA:72,2
DA:73,2
DA:74,2
DA:75,2
DA:76,2
DA:77,2
DA:79,2
DA:80,128
DA:81,96
DA:83,128
DA:84,128
DA:86,128
DA:87,128
DA:88,128
DA:89,128
DA:90,128
DA:91,128
DA:92,128
DA:93,128
DA:96,2
DA:97,2
DA:98,2
DA:99,2
DA:100,2
DA:101,2
DA:102,2
DA:103,2
DA:105,2
DA:109,2
DA:110,2
DA:111,2
DA:112,28
DA:114,2
DA:125,2
DA:127,2
DA:129,28
DA:131,28
DA:132,28
DA:134,0
DA:135,0
DA:136,0
DA:139,0
DA:140,0
DA:141,0
DA:146,2
DA:150,2
DA:151,2
DA:152,2
DA:153,64
DA:156,2
DA:159,2
DA:160,2
LF:73
LH:67
BRDA:80,0,0,32
BRDA:80,0,1,96
BRDA:131,1,0,28
BRDA:131,1,1,0
BRDA:134,2,0,0
BRDA:134,2,1,0
BRDA:134,3,0,0
BRDA:134,3,1,0
BRDA:150,4,0,0
BRDA:150,4,1,2
BRF:10
BRH:4
end_of_record
