{"/home/mike/dev/imperium/packages/graphql-client/src/index.ts": {"path":"/home/mike/dev/imperium/packages/graphql-client/src/index.ts","statementMap":{"0":{"start":{"line":5,"column":1},"end":{"line":8,"column":3}}},"fnMap":{"0":{"name":"(anonymous_0)","decl":{"start":{"line":4,"column":15},"end":{"line":4,"column":16}},"loc":{"start":{"line":4,"column":48},"end":{"line":9,"column":1}},"line":4}},"branchMap":{},"s":{"0":0},"f":{"0":0},"b":{},"hash":"35111542ccdbc507b908436b07777aba34782b3b"}
,"/home/mike/dev/imperium/packages/graphql-client/src/types.ts": {"path":"/home/mike/dev/imperium/packages/graphql-client/src/types.ts","statementMap":{},"fnMap":{},"branchMap":{},"s":{},"f":{},"b":{},"hash":"4b3f9c393ff4fdca3d8a5b32d84272db59bdb944"}
,"/home/mike/dev/imperium/packages/graphql-client/src/withGraphql.tsx": {"path":"/home/mike/dev/imperium/packages/graphql-client/src/withGraphql.tsx","statementMap":{"0":{"start":{"line":16,"column":10},"end":{"line":16,"column":47}},"1":{"start":{"line":19,"column":1},"end":{"line":19,"column":29}},"2":{"start":{"line":21,"column":1},"end":{"line":21,"column":63}},"3":{"start":{"line":22,"column":18},"end":{"line":25,"column":3}},"4":{"start":{"line":27,"column":1},"end":{"line":27,"column":33}},"5":{"start":{"line":28,"column":19},"end":{"line":34,"column":3}},"6":{"start":{"line":29,"column":2},"end":{"line":32,"column":5}},"7":{"start":{"line":30,"column":3},"end":{"line":32,"column":5}},"8":{"start":{"line":31,"column":4},"end":{"line":31,"column":84}},"9":{"start":{"line":33,"column":2},"end":{"line":33,"column":58}},"10":{"start":{"line":33,"column":20},"end":{"line":33,"column":58}},"11":{"start":{"line":37,"column":29},"end":{"line":37,"column":37}},"12":{"start":{"line":40,"column":1},"end":{"line":58,"column":2}},"13":{"start":{"line":41,"column":2},"end":{"line":41,"column":69}},"14":{"start":{"line":42,"column":29},"end":{"line":44,"column":4}},"15":{"start":{"line":46,"column":2},"end":{"line":46,"column":38}},"16":{"start":{"line":47,"column":17},"end":{"line":47,"column":54}},"17":{"start":{"line":49,"column":2},"end":{"line":49,"column":58}},"18":{"start":{"line":50,"column":2},"end":{"line":57,"column":4}},"19":{"start":{"line":52,"column":23},"end":{"line":52,"column":47}},"20":{"start":{"line":53,"column":4},"end":{"line":53,"column":96}},"21":{"start":{"line":61,"column":21},"end":{"line":66,"column":23}},"22":{"start":{"line":62,"column":2},"end":{"line":64,"column":3}},"23":{"start":{"line":63,"column":3},"end":{"line":63,"column":43}},"24":{"start":{"line":65,"column":2},"end":{"line":65,"column":14}},"25":{"start":{"line":69,"column":14},"end":{"line":69,"column":69}},"26":{"start":{"line":72,"column":22},"end":{"line":75,"column":3}},"27":{"start":{"line":77,"column":1},"end":{"line":91,"column":3}},"28":{"start":{"line":78,"column":22},"end":{"line":78,"column":90}},"29":{"start":{"line":81,"column":3},"end":{"line":85,"column":5}},"30":{"start":{"line":88,"column":2},"end":{"line":88,"column":67}},"31":{"start":{"line":90,"column":2},"end":{"line":90,"column":30}}},"fnMap":{"0":{"name":"withGraphql","decl":{"start":{"line":18,"column":24},"end":{"line":18,"column":35}},"loc":{"start":{"line":18,"column":66},"end":{"line":92,"column":1}},"line":18},"1":{"name":"(anonymous_1)","decl":{"start":{"line":28,"column":27},"end":{"line":28,"column":28}},"loc":{"start":{"line":28,"column":62},"end":{"line":34,"column":2}},"line":28},"2":{"name":"(anonymous_2)","decl":{"start":{"line":30,"column":25},"end":{"line":30,"column":26}},"loc":{"start":{"line":31,"column":4},"end":{"line":31,"column":84}},"line":31},"3":{"name":"(anonymous_3)","decl":{"start":{"line":51,"column":3},"end":{"line":51,"column":4}},"loc":{"start":{"line":51,"column":16},"end":{"line":54,"column":4}},"line":51},"4":{"name":"(anonymous_4)","decl":{"start":{"line":61,"column":43},"end":{"line":61,"column":44}},"loc":{"start":{"line":61,"column":113},"end":{"line":66,"column":2}},"line":61},"5":{"name":"graphqlHoc","decl":{"start":{"line":77,"column":17},"end":{"line":77,"column":27}},"loc":{"start":{"line":77,"column":67},"end":{"line":91,"column":2}},"line":77},"6":{"name":"ComponentWithGraphql","decl":{"start":{"line":80,"column":11},"end":{"line":80,"column":31}},"loc":{"start":{"line":80,"column":44},"end":{"line":86,"column":3}},"line":80}},"branchMap":{"0":{"loc":{"start":{"line":29,"column":2},"end":{"line":32,"column":5}},"type":"if","locations":[{"start":{"line":29,"column":2},"end":{"line":32,"column":5}},{"start":{"line":29,"column":2},"end":{"line":32,"column":5}}],"line":29},"1":{"loc":{"start":{"line":33,"column":2},"end":{"line":33,"column":58}},"type":"if","locations":[{"start":{"line":33,"column":2},"end":{"line":33,"column":58}},{"start":{"line":33,"column":2},"end":{"line":33,"column":58}}],"line":33},"2":{"loc":{"start":{"line":40,"column":1},"end":{"line":58,"column":2}},"type":"if","locations":[{"start":{"line":40,"column":1},"end":{"line":58,"column":2}},{"start":{"line":40,"column":1},"end":{"line":58,"column":2}}],"line":40},"3":{"loc":{"start":{"line":53,"column":11},"end":{"line":53,"column":95}},"type":"binary-expr","locations":[{"start":{"line":53,"column":11},"end":{"line":53,"column":52}},{"start":{"line":53,"column":56},"end":{"line":53,"column":95}}],"line":53},"4":{"loc":{"start":{"line":62,"column":2},"end":{"line":64,"column":3}},"type":"if","locations":[{"start":{"line":62,"column":2},"end":{"line":64,"column":3}},{"start":{"line":62,"column":2},"end":{"line":64,"column":3}}],"line":62},"5":{"loc":{"start":{"line":78,"column":22},"end":{"line":78,"column":90}},"type":"binary-expr","locations":[{"start":{"line":78,"column":22},"end":{"line":78,"column":50}},{"start":{"line":78,"column":54},"end":{"line":78,"column":75}},{"start":{"line":78,"column":79},"end":{"line":78,"column":90}}],"line":78}},"s":{"0":0,"1":0,"2":0,"3":0,"4":0,"5":0,"6":0,"7":0,"8":0,"9":0,"10":0,"11":0,"12":0,"13":0,"14":0,"15":0,"16":0,"17":0,"18":0,"19":0,"20":0,"21":0,"22":0,"23":0,"24":0,"25":0,"26":0,"27":0,"28":0,"29":0,"30":0,"31":0},"f":{"0":0,"1":0,"2":0,"3":0,"4":0,"5":0,"6":0},"b":{"0":[0,0],"1":[0,0],"2":[0,0],"3":[0,0],"4":[0,0],"5":[0,0,0]},"hash":"70c64535016352caa1e68357bb9d6699307f4c5b"}
}
