TN:
SF:/home/mike/dev/imperium/packages/graphql-client/src/index.ts
FN:4,(anonymous_0)
FNF:1
FNH:0
FNDA:0,(anonymous_0)
DA:5,0
LF:1
LH:0
BRF:0
BRH:0
end_of_record
TN:
SF:/home/mike/dev/imperium/packages/graphql-client/src/types.ts
FNF:0
FNH:0
LF:0
LH:0
BRF:0
BRH:0
end_of_record
TN:
SF:/home/mike/dev/imperium/packages/graphql-client/src/withGraphql.tsx
FN:18,withGraphql
FN:28,(anonymous_1)
FN:30,(anonymous_2)
FN:51,(anonymous_3)
FN:61,(anonymous_4)
FN:77,graphqlHoc
FN:80,ComponentWithGraphql
FNF:7
FNH:0
FNDA:0,withGraphql
FNDA:0,(anonymous_1)
FNDA:0,(anonymous_2)
FNDA:0,(anonymous_3)
FNDA:0,(anonymous_4)
FNDA:0,graphqlHoc
FNDA:0,ComponentWithGraphql
DA:16,0
DA:19,0
DA:21,0
DA:22,0
DA:27,0
DA:28,0
DA:29,0
DA:30,0
DA:31,0
DA:33,0
DA:37,0
DA:40,0
DA:41,0
DA:42,0
DA:46,0
DA:47,0
DA:49,0
DA:50,0
DA:52,0
DA:53,0
DA:61,0
DA:62,0
DA:63,0
DA:65,0
DA:69,0
DA:72,0
DA:77,0
DA:78,0
DA:81,0
DA:88,0
DA:90,0
LF:31
LH:0
BRDA:29,0,0,0
BRDA:29,0,1,0
BRDA:33,1,0,0
BRDA:33,1,1,0
BRDA:40,2,0,0
BRDA:40,2,1,0
BRDA:53,3,0,0
BRDA:53,3,1,0
BRDA:62,4,0,0
BRDA:62,4,1,0
BRDA:78,5,0,0
BRDA:78,5,1,0
BRDA:78,5,2,0
BRF:13
BRH:0
end_of_record
