{"/home/mike/dev/imperium/packages/graphql/src/client/index.ts": {"path":"/home/mike/dev/imperium/packages/graphql/src/client/index.ts","statementMap":{},"fnMap":{},"branchMap":{},"s":{},"f":{},"b":{}}
,"/home/mike/dev/imperium/packages/graphql/src/client/startup.ts": {"path":"/home/mike/dev/imperium/packages/graphql/src/client/startup.ts","statementMap":{"0":{"start":{"line":7,"column":10},"end":{"line":7,"column":50}},"1":{"start":{"line":10,"column":1},"end":{"line":10,"column":29}},"2":{"start":{"line":13,"column":18},"end":{"line":13,"column":48}},"3":{"start":{"line":16,"column":24},"end":{"line":27,"column":3}},"4":{"start":{"line":17,"column":14},"end":{"line":17,"column":64}},"5":{"start":{"line":18,"column":2},"end":{"line":24,"column":3}},"6":{"start":{"line":19,"column":3},"end":{"line":23,"column":6}},"7":{"start":{"line":26,"column":2},"end":{"line":26,"column":28}},"8":{"start":{"line":28,"column":20},"end":{"line":28,"column":51}},"9":{"start":{"line":31,"column":22},"end":{"line":34,"column":4}},"10":{"start":{"line":36,"column":1},"end":{"line":38,"column":3}}},"fnMap":{"0":{"name":"startup","decl":{"start":{"line":9,"column":24},"end":{"line":9,"column":31}},"loc":{"start":{"line":9,"column":70},"end":{"line":39,"column":1}},"line":9},"1":{"name":"(anonymous_1)","decl":{"start":{"line":16,"column":39},"end":{"line":16,"column":40}},"loc":{"start":{"line":16,"column":63},"end":{"line":27,"column":2}},"line":16}},"branchMap":{"0":{"loc":{"start":{"line":18,"column":2},"end":{"line":24,"column":3}},"type":"if","locations":[{"start":{"line":18,"column":2},"end":{"line":24,"column":3}},{"start":{"line":18,"column":2},"end":{"line":24,"column":3}}],"line":18}},"s":{"0":0,"1":0,"2":0,"3":0,"4":0,"5":0,"6":0,"7":0,"8":0,"9":0,"10":0},"f":{"0":0,"1":0},"b":{"0":[0,0]}}
,"/home/mike/dev/imperium/packages/graphql/src/server/endpoints.ts": {"path":"/home/mike/dev/imperium/packages/graphql/src/server/endpoints.ts","statementMap":{"0":{"start":{"line":6,"column":1},"end":{"line":6,"column":49}},"1":{"start":{"line":7,"column":1},"end":{"line":7,"column":26}}},"fnMap":{"0":{"name":"endpoints","decl":{"start":{"line":5,"column":24},"end":{"line":5,"column":33}},"loc":{"start":{"line":5,"column":97},"end":{"line":8,"column":1}},"line":5}},"branchMap":{},"s":{"0":0,"1":0},"f":{"0":0},"b":{}}
,"/home/mike/dev/imperium/packages/graphql/src/server/errors.ts": {"path":"/home/mike/dev/imperium/packages/graphql/src/server/errors.ts","statementMap":{"0":{"start":{"line":3,"column":37},"end":{"line":3,"column":103}},"1":{"start":{"line":3,"column":56},"end":{"line":3,"column":103}},"2":{"start":{"line":4,"column":29},"end":{"line":4,"column":89}},"3":{"start":{"line":4,"column":48},"end":{"line":4,"column":89}},"4":{"start":{"line":6,"column":35},"end":{"line":9,"column":1}},"5":{"start":{"line":7,"column":1},"end":{"line":7,"column":23}},"6":{"start":{"line":7,"column":11},"end":{"line":7,"column":23}},"7":{"start":{"line":8,"column":1},"end":{"line":8,"column":23}}},"fnMap":{"0":{"name":"(anonymous_0)","decl":{"start":{"line":3,"column":37},"end":{"line":3,"column":38}},"loc":{"start":{"line":3,"column":56},"end":{"line":3,"column":103}},"line":3},"1":{"name":"(anonymous_1)","decl":{"start":{"line":4,"column":29},"end":{"line":4,"column":30}},"loc":{"start":{"line":4,"column":48},"end":{"line":4,"column":89}},"line":4},"2":{"name":"(anonymous_2)","decl":{"start":{"line":6,"column":35},"end":{"line":6,"column":36}},"loc":{"start":{"line":6,"column":55},"end":{"line":9,"column":1}},"line":6}},"branchMap":{"0":{"loc":{"start":{"line":7,"column":1},"end":{"line":7,"column":23}},"type":"if","locations":[{"start":{"line":7,"column":1},"end":{"line":7,"column":23}},{"start":{"line":7,"column":1},"end":{"line":7,"column":23}}],"line":7}},"s":{"0":0,"1":0,"2":0,"3":0,"4":0,"5":0,"6":0,"7":0},"f":{"0":0,"1":0,"2":0},"b":{"0":[0,0]}}
,"/home/mike/dev/imperium/packages/graphql/src/server/graphiql.ts": {"path":"/home/mike/dev/imperium/packages/graphql/src/server/graphiql.ts","statementMap":{"0":{"start":{"line":5,"column":10},"end":{"line":5,"column":44}},"1":{"start":{"line":6,"column":22},"end":{"line":6,"column":60}},"2":{"start":{"line":9,"column":1},"end":{"line":21,"column":2}},"3":{"start":{"line":10,"column":2},"end":{"line":10,"column":42}},"4":{"start":{"line":11,"column":2},"end":{"line":20,"column":4}}},"fnMap":{"0":{"name":"(anonymous_0)","decl":{"start":{"line":8,"column":15},"end":{"line":8,"column":16}},"loc":{"start":{"line":8,"column":54},"end":{"line":22,"column":1}},"line":8},"1":{"name":"(anonymous_1)","decl":{"start":{"line":16,"column":3},"end":{"line":16,"column":4}},"loc":{"start":{"line":16,"column":9},"end":{"line":19,"column":4}},"line":16}},"branchMap":{"0":{"loc":{"start":{"line":9,"column":1},"end":{"line":21,"column":2}},"type":"if","locations":[{"start":{"line":9,"column":1},"end":{"line":21,"column":2}},{"start":{"line":9,"column":1},"end":{"line":21,"column":2}}],"line":9}},"s":{"0":0,"1":0,"2":0,"3":0,"4":0},"f":{"0":0,"1":0},"b":{"0":[0,0]}}
,"/home/mike/dev/imperium/packages/graphql/src/server/graphql.ts": {"path":"/home/mike/dev/imperium/packages/graphql/src/server/graphql.ts","statementMap":{"0":{"start":{"line":12,"column":10},"end":{"line":12,"column":53}},"1":{"start":{"line":15,"column":1},"end":{"line":15,"column":29}},"2":{"start":{"line":18,"column":18},"end":{"line":28,"column":20}},"3":{"start":{"line":19,"column":2},"end":{"line":26,"column":3}},"4":{"start":{"line":20,"column":3},"end":{"line":22,"column":4}},"5":{"start":{"line":21,"column":4},"end":{"line":21,"column":39}},"6":{"start":{"line":23,"column":3},"end":{"line":25,"column":4}},"7":{"start":{"line":24,"column":4},"end":{"line":24,"column":36}},"8":{"start":{"line":27,"column":2},"end":{"line":27,"column":14}},"9":{"start":{"line":31,"column":19},"end":{"line":34,"column":18}},"10":{"start":{"line":32,"column":2},"end":{"line":32,"column":91}},"11":{"start":{"line":32,"column":54},"end":{"line":32,"column":91}},"12":{"start":{"line":33,"column":2},"end":{"line":33,"column":14}},"13":{"start":{"line":37,"column":22},"end":{"line":43,"column":3}},"14":{"start":{"line":41,"column":22},"end":{"line":41,"column":33}},"15":{"start":{"line":45,"column":1},"end":{"line":45,"column":30}},"16":{"start":{"line":47,"column":1},"end":{"line":55,"column":3}},"17":{"start":{"line":57,"column":1},"end":{"line":60,"column":4}}},"fnMap":{"0":{"name":"(anonymous_0)","decl":{"start":{"line":14,"column":15},"end":{"line":14,"column":16}},"loc":{"start":{"line":14,"column":87},"end":{"line":61,"column":1}},"line":14},"1":{"name":"(anonymous_1)","decl":{"start":{"line":18,"column":33},"end":{"line":18,"column":34}},"loc":{"start":{"line":18,"column":51},"end":{"line":28,"column":2}},"line":18},"2":{"name":"(anonymous_2)","decl":{"start":{"line":31,"column":34},"end":{"line":31,"column":35}},"loc":{"start":{"line":31,"column":52},"end":{"line":34,"column":2}},"line":31},"3":{"name":"(anonymous_3)","decl":{"start":{"line":41,"column":11},"end":{"line":41,"column":12}},"loc":{"start":{"line":41,"column":22},"end":{"line":41,"column":33}},"line":41}},"branchMap":{"0":{"loc":{"start":{"line":19,"column":2},"end":{"line":26,"column":3}},"type":"if","locations":[{"start":{"line":19,"column":2},"end":{"line":26,"column":3}},{"start":{"line":19,"column":2},"end":{"line":26,"column":3}}],"line":19},"1":{"loc":{"start":{"line":20,"column":3},"end":{"line":22,"column":4}},"type":"if","locations":[{"start":{"line":20,"column":3},"end":{"line":22,"column":4}},{"start":{"line":20,"column":3},"end":{"line":22,"column":4}}],"line":20},"2":{"loc":{"start":{"line":23,"column":3},"end":{"line":25,"column":4}},"type":"if","locations":[{"start":{"line":23,"column":3},"end":{"line":25,"column":4}},{"start":{"line":23,"column":3},"end":{"line":25,"column":4}}],"line":23},"3":{"loc":{"start":{"line":32,"column":2},"end":{"line":32,"column":91}},"type":"if","locations":[{"start":{"line":32,"column":2},"end":{"line":32,"column":91}},{"start":{"line":32,"column":2},"end":{"line":32,"column":91}}],"line":32},"4":{"loc":{"start":{"line":32,"column":6},"end":{"line":32,"column":52}},"type":"binary-expr","locations":[{"start":{"line":32,"column":6},"end":{"line":32,"column":22}},{"start":{"line":32,"column":26},"end":{"line":32,"column":52}}],"line":32},"5":{"loc":{"start":{"line":50,"column":11},"end":{"line":50,"column":48}},"type":"binary-expr","locations":[{"start":{"line":50,"column":11},"end":{"line":50,"column":33}},{"start":{"line":50,"column":37},"end":{"line":50,"column":48}}],"line":50}},"s":{"0":0,"1":0,"2":0,"3":0,"4":0,"5":0,"6":0,"7":0,"8":0,"9":0,"10":0,"11":0,"12":0,"13":0,"14":0,"15":0,"16":0,"17":0},"f":{"0":0,"1":0,"2":0,"3":0},"b":{"0":[0,0],"1":[0,0],"2":[0,0],"3":[0,0],"4":[0,0],"5":[0,0]}}
,"/home/mike/dev/imperium/packages/graphql/src/server/index.ts": {"path":"/home/mike/dev/imperium/packages/graphql/src/server/index.ts","statementMap":{},"fnMap":{},"branchMap":{},"s":{},"f":{},"b":{}}
,"/home/mike/dev/imperium/packages/graphql/src/server/initialConfig.ts": {"path":"/home/mike/dev/imperium/packages/graphql/src/server/initialConfig.ts","statementMap":{"0":{"start":{"line":2,"column":1},"end":{"line":4,"column":3}}},"fnMap":{"0":{"name":"initialConfig","decl":{"start":{"line":1,"column":24},"end":{"line":1,"column":37}},"loc":{"start":{"line":1,"column":44},"end":{"line":5,"column":1}},"line":1}},"branchMap":{},"s":{"0":1},"f":{"0":1},"b":{},"_coverageSchema":"43e27e138ebf9cfc5966b082cf9a028302ed4184","hash":"9cdf96d152e2db26dbd2c214637dad3cdd13fa5d"}
,"/home/mike/dev/imperium/packages/graphql/src/server/schema/index.ts": {"path":"/home/mike/dev/imperium/packages/graphql/src/server/schema/index.ts","statementMap":{"0":{"start":{"line":20,"column":22},"end":{"line":20,"column":49}},"1":{"start":{"line":22,"column":25},"end":{"line":41,"column":1}},"2":{"start":{"line":25,"column":14},"end":{"line":25,"column":20}},"3":{"start":{"line":28,"column":14},"end":{"line":28,"column":20}}},"fnMap":{"0":{"name":"(anonymous_0)","decl":{"start":{"line":25,"column":8},"end":{"line":25,"column":9}},"loc":{"start":{"line":25,"column":14},"end":{"line":25,"column":20}},"line":25},"1":{"name":"(anonymous_1)","decl":{"start":{"line":28,"column":8},"end":{"line":28,"column":9}},"loc":{"start":{"line":28,"column":14},"end":{"line":28,"column":20}},"line":28}},"branchMap":{},"s":{"0":0,"1":0,"2":0,"3":0},"f":{"0":0,"1":0},"b":{}}
,"/home/mike/dev/imperium/packages/graphql/src/server/schema/types.d.ts": {"path":"/home/mike/dev/imperium/packages/graphql/src/server/schema/types.d.ts","statementMap":{},"fnMap":{},"branchMap":{},"s":{},"f":{},"b":{}}
,"/home/mike/dev/imperium/packages/graphql/src/server/security/HasPermissionDirective.ts": {"path":"/home/mike/dev/imperium/packages/graphql/src/server/security/HasPermissionDirective.ts","statementMap":{"0":{"start":{"line":11,"column":31},"end":{"line":11,"column":40}},"1":{"start":{"line":12,"column":20},"end":{"line":12,"column":25}},"2":{"start":{"line":22,"column":2},"end":{"line":48,"column":4}},"3":{"start":{"line":23,"column":15},"end":{"line":23,"column":22}},"4":{"start":{"line":25,"column":27},"end":{"line":25,"column":47}},"5":{"start":{"line":26,"column":29},"end":{"line":26,"column":46}},"6":{"start":{"line":35,"column":3},"end":{"line":41,"column":4}},"7":{"start":{"line":36,"column":4},"end":{"line":38,"column":5}},"8":{"start":{"line":37,"column":5},"end":{"line":37,"column":38}},"9":{"start":{"line":39,"column":10},"end":{"line":41,"column":4}},"10":{"start":{"line":40,"column":4},"end":{"line":40,"column":37}},"11":{"start":{"line":43,"column":3},"end":{"line":43,"column":33}}},"fnMap":{"0":{"name":"(anonymous_0)","decl":{"start":{"line":10,"column":1},"end":{"line":10,"column":2}},"loc":{"start":{"line":10,"column":29},"end":{"line":49,"column":2}},"line":10},"1":{"name":"(anonymous_1)","decl":{"start":{"line":22,"column":18},"end":{"line":22,"column":19}},"loc":{"start":{"line":22,"column":37},"end":{"line":48,"column":3}},"line":22}},"branchMap":{"0":{"loc":{"start":{"line":35,"column":3},"end":{"line":41,"column":4}},"type":"if","locations":[{"start":{"line":35,"column":3},"end":{"line":41,"column":4}},{"start":{"line":35,"column":3},"end":{"line":41,"column":4}}],"line":35},"1":{"loc":{"start":{"line":36,"column":4},"end":{"line":38,"column":5}},"type":"if","locations":[{"start":{"line":36,"column":4},"end":{"line":38,"column":5}},{"start":{"line":36,"column":4},"end":{"line":38,"column":5}}],"line":36},"2":{"loc":{"start":{"line":36,"column":8},"end":{"line":36,"column":43}},"type":"binary-expr","locations":[{"start":{"line":36,"column":8},"end":{"line":36,"column":22}},{"start":{"line":36,"column":26},"end":{"line":36,"column":43}}],"line":36},"3":{"loc":{"start":{"line":39,"column":10},"end":{"line":41,"column":4}},"type":"if","locations":[{"start":{"line":39,"column":10},"end":{"line":41,"column":4}},{"start":{"line":39,"column":10},"end":{"line":41,"column":4}}],"line":39},"4":{"loc":{"start":{"line":39,"column":14},"end":{"line":39,"column":73}},"type":"binary-expr","locations":[{"start":{"line":39,"column":14},"end":{"line":39,"column":31}},{"start":{"line":39,"column":35},"end":{"line":39,"column":73}}],"line":39}},"s":{"0":0,"1":0,"2":0,"3":0,"4":0,"5":0,"6":0,"7":0,"8":0,"9":0,"10":0,"11":0},"f":{"0":0,"1":0},"b":{"0":[0,0],"1":[0,0],"2":[0,0],"3":[0,0],"4":[0,0]}}
,"/home/mike/dev/imperium/packages/graphql/src/server/security/matchPermissions.ts": {"path":"/home/mike/dev/imperium/packages/graphql/src/server/security/matchPermissions.ts","statementMap":{"0":{"start":{"line":5,"column":17},"end":{"line":5,"column":27}},"1":{"start":{"line":16,"column":14},"end":{"line":16,"column":76}},"2":{"start":{"line":17,"column":14},"end":{"line":17,"column":101}},"3":{"start":{"line":18,"column":1},"end":{"line":18,"column":44}}},"fnMap":{"0":{"name":"permissionsMatch","decl":{"start":{"line":15,"column":24},"end":{"line":15,"column":40}},"loc":{"start":{"line":15,"column":84},"end":{"line":19,"column":1}},"line":15}},"branchMap":{"0":{"loc":{"start":{"line":16,"column":14},"end":{"line":16,"column":76}},"type":"cond-expr","locations":[{"start":{"line":16,"column":41},"end":{"line":16,"column":56}},{"start":{"line":16,"column":59},"end":{"line":16,"column":76}}],"line":16},"1":{"loc":{"start":{"line":17,"column":14},"end":{"line":17,"column":101}},"type":"cond-expr","locations":[{"start":{"line":17,"column":41},"end":{"line":17,"column":71}},{"start":{"line":17,"column":74},"end":{"line":17,"column":101}}],"line":17}},"s":{"0":0,"1":0,"2":0,"3":0},"f":{"0":0},"b":{"0":[0,0],"1":[0,0]}}
,"/home/mike/dev/imperium/packages/graphql/src/server/security/schemaDirectives.ts": {"path":"/home/mike/dev/imperium/packages/graphql/src/server/security/schemaDirectives.ts","statementMap":{},"fnMap":{},"branchMap":{},"s":{},"f":{},"b":{}}
}
