{"/home/mike/dev/imperium/packages/graphql/src/client/startup.js": {"path":"/home/mike/dev/imperium/packages/graphql/src/client/startup.js","statementMap":{"0":{"start":{"line":1,"column":0},"end":{"line":null,"column":-1}},"1":{"start":{"line":2,"column":0},"end":{"line":null,"column":-1}},"2":{"start":{"line":3,"column":0},"end":{"line":null,"column":-1}},"3":{"start":{"line":4,"column":0},"end":{"line":null,"column":-1}},"4":{"start":{"line":5,"column":0},"end":{"line":null,"column":-1}},"5":{"start":{"line":7,"column":10},"end":{"line":7,"column":0}},"6":{"start":{"line":10,"column":1},"end":{"line":9,"column":66}},"7":{"start":{"line":13,"column":18},"end":{"line":13,"column":1}},"8":{"start":{"line":16,"column":24},"end":{"line":16,"column":1}},"9":{"start":{"line":17,"column":14},"end":{"line":17,"column":2}},"10":{"start":{"line":18,"column":2},"end":{"line":24,"column":3}},"11":{"start":{"line":19,"column":3},"end":{"line":null,"column":-1}},"12":{"start":{"line":25,"column":2},"end":{"line":null,"column":-1}},"13":{"start":{"line":27,"column":20},"end":{"line":27,"column":1}},"14":{"start":{"line":30,"column":22},"end":{"line":30,"column":1}},"15":{"start":{"line":35,"column":1},"end":{"line":null,"column":-1}}},"fnMap":{"0":{"name":"startup","decl":{"start":{"line":9,"column":24},"end":{"line":9,"column":15}},"loc":{"start":{"line":9,"column":66},"end":{"line":38,"column":1}}},"1":{"name":"(anonymous_2)","decl":{"start":{"line":16,"column":39},"end":{"line":16,"column":40}},"loc":{"start":{"line":16,"column":63},"end":{"line":16,"column":24}}}},"branchMap":{"0":{"loc":{"start":{"line":18,"column":2},"end":{"line":24,"column":3}},"type":"if","locations":[{"start":{"line":18,"column":2},"end":{"line":24,"column":3}},{"start":{"line":18,"column":2},"end":{"line":24,"column":3}}]}},"s":{"0":0,"1":0,"2":0,"3":0,"4":0,"5":0,"6":0,"7":0,"8":0,"9":0,"10":0,"11":0,"12":0,"13":0,"14":0,"15":0},"f":{"0":0,"1":0},"b":{"0":[0,0]}}
,"/home/mike/dev/imperium/packages/graphql/src/server/endpoints.js": {"path":"/home/mike/dev/imperium/packages/graphql/src/server/endpoints.js","statementMap":{"0":{"start":{"line":1,"column":0},"end":{"line":null,"column":-1}},"1":{"start":{"line":2,"column":0},"end":{"line":null,"column":-1}},"2":{"start":{"line":5,"column":1},"end":{"line":null,"column":-1}},"3":{"start":{"line":6,"column":1},"end":{"line":null,"column":-1}}},"fnMap":{"0":{"name":"endpoints","decl":{"start":{"line":4,"column":24},"end":{"line":4,"column":15}},"loc":{"start":{"line":4,"column":74},"end":{"line":7,"column":1}}}},"branchMap":{},"s":{"0":0,"1":0,"2":0,"3":0},"f":{"0":0},"b":{}}
,"/home/mike/dev/imperium/packages/graphql/src/server/errors.js": {"path":"/home/mike/dev/imperium/packages/graphql/src/server/errors.js","statementMap":{"0":{"start":{"line":1,"column":0},"end":{"line":null,"column":-1}},"1":{"start":{"line":3,"column":37},"end":{"line":3,"column":7}},"2":{"start":{"line":3,"column":43},"end":{"line":3,"column":7}},"3":{"start":{"line":4,"column":29},"end":{"line":4,"column":7}},"4":{"start":{"line":4,"column":35},"end":{"line":4,"column":7}},"5":{"start":{"line":6,"column":35},"end":{"line":6,"column":7}},"6":{"start":{"line":7,"column":1},"end":{"line":7,"column":11}},"7":{"start":{"line":7,"column":11},"end":{"line":null,"column":-1}},"8":{"start":{"line":8,"column":1},"end":{"line":null,"column":-1}}},"fnMap":{"0":{"name":"(anonymous_0)","decl":{"start":{"line":3,"column":37},"end":{"line":3,"column":42}},"loc":{"start":{"line":3,"column":43},"end":{"line":3,"column":7}}},"1":{"name":"(anonymous_1)","decl":{"start":{"line":4,"column":29},"end":{"line":4,"column":34}},"loc":{"start":{"line":4,"column":35},"end":{"line":4,"column":7}}},"2":{"name":"(anonymous_2)","decl":{"start":{"line":6,"column":35},"end":{"line":6,"column":38}},"loc":{"start":{"line":6,"column":43},"end":{"line":6,"column":7}}}},"branchMap":{"0":{"loc":{"start":{"line":7,"column":1},"end":{"line":7,"column":11}},"type":"if","locations":[{"start":{"line":7,"column":1},"end":{"line":7,"column":11}},{"start":{"line":7,"column":1},"end":{"line":7,"column":11}}]}},"s":{"0":0,"1":0,"2":0,"3":0,"4":0,"5":0,"6":0,"7":0,"8":0},"f":{"0":0,"1":0,"2":0},"b":{"0":[0,0]}}
,"/home/mike/dev/imperium/packages/graphql/src/server/graphiql.js": {"path":"/home/mike/dev/imperium/packages/graphql/src/server/graphiql.js","statementMap":{"0":{"start":{"line":1,"column":0},"end":{"line":null,"column":-1}},"1":{"start":{"line":2,"column":0},"end":{"line":null,"column":-1}},"2":{"start":{"line":4,"column":10},"end":{"line":4,"column":0}},"3":{"start":{"line":5,"column":22},"end":{"line":5,"column":0}},"4":{"start":{"line":8,"column":1},"end":{"line":20,"column":2}},"5":{"start":{"line":9,"column":2},"end":{"line":null,"column":-1}},"6":{"start":{"line":10,"column":2},"end":{"line":null,"column":-1}}},"fnMap":{"0":{"name":"_default","decl":{"start":{"line":7,"column":15},"end":{"line":7,"column":23}},"loc":{"start":{"line":7,"column":31},"end":{"line":21,"column":1}}},"1":{"name":"(anonymous_2)","decl":{"start":{"line":15,"column":3},"end":{"line":15,"column":8}},"loc":{"start":{"line":15,"column":9},"end":{"line":10,"column":2}}}},"branchMap":{"0":{"loc":{"start":{"line":8,"column":1},"end":{"line":20,"column":2}},"type":"if","locations":[{"start":{"line":8,"column":1},"end":{"line":20,"column":2}},{"start":{"line":8,"column":1},"end":{"line":20,"column":2}}]}},"s":{"0":0,"1":0,"2":0,"3":0,"4":0,"5":0,"6":0},"f":{"0":0,"1":0},"b":{"0":[0,0]}}
,"/home/mike/dev/imperium/packages/graphql/src/server/graphql.js": {"path":"/home/mike/dev/imperium/packages/graphql/src/server/graphql.js","statementMap":{"0":{"start":{"line":1,"column":0},"end":{"line":null,"column":-1}},"1":{"start":{"line":2,"column":0},"end":{"line":null,"column":-1}},"2":{"start":{"line":3,"column":0},"end":{"line":null,"column":-1}},"3":{"start":{"line":4,"column":0},"end":{"line":null,"column":-1}},"4":{"start":{"line":5,"column":0},"end":{"line":null,"column":-1}},"5":{"start":{"line":6,"column":0},"end":{"line":null,"column":-1}},"6":{"start":{"line":7,"column":0},"end":{"line":null,"column":-1}},"7":{"start":{"line":8,"column":0},"end":{"line":null,"column":-1}},"8":{"start":{"line":9,"column":0},"end":{"line":null,"column":-1}},"9":{"start":{"line":11,"column":10},"end":{"line":11,"column":0}},"10":{"start":{"line":14,"column":1},"end":{"line":13,"column":64}},"11":{"start":{"line":17,"column":18},"end":{"line":17,"column":1}},"12":{"start":{"line":18,"column":2},"end":{"line":25,"column":3}},"13":{"start":{"line":19,"column":3},"end":{"line":21,"column":4}},"14":{"start":{"line":20,"column":4},"end":{"line":null,"column":-1}},"15":{"start":{"line":22,"column":3},"end":{"line":24,"column":4}},"16":{"start":{"line":23,"column":4},"end":{"line":null,"column":-1}},"17":{"start":{"line":26,"column":2},"end":{"line":null,"column":-1}},"18":{"start":{"line":30,"column":19},"end":{"line":30,"column":1}},"19":{"start":{"line":31,"column":2},"end":{"line":31,"column":54}},"20":{"start":{"line":31,"column":54},"end":{"line":null,"column":-1}},"21":{"start":{"line":32,"column":2},"end":{"line":null,"column":-1}},"22":{"start":{"line":36,"column":22},"end":{"line":36,"column":1}},"23":{"start":{"line":39,"column":22},"end":{"line":36,"column":39}},"24":{"start":{"line":43,"column":1},"end":{"line":13,"column":64}},"25":{"start":{"line":45,"column":1},"end":{"line":null,"column":-1}},"26":{"start":{"line":55,"column":1},"end":{"line":null,"column":-1}}},"fnMap":{"0":{"name":"_default","decl":{"start":{"line":13,"column":15},"end":{"line":13,"column":23}},"loc":{"start":{"line":13,"column":64},"end":{"line":59,"column":1}}},"1":{"name":"(anonymous_2)","decl":{"start":{"line":17,"column":33},"end":{"line":17,"column":34}},"loc":{"start":{"line":17,"column":51},"end":{"line":17,"column":18}}},"2":{"name":"(anonymous_3)","decl":{"start":{"line":30,"column":34},"end":{"line":30,"column":35}},"loc":{"start":{"line":30,"column":52},"end":{"line":30,"column":19}}},"3":{"name":"(anonymous_4)","decl":{"start":{"line":39,"column":11},"end":{"line":39,"column":12}},"loc":{"start":{"line":39,"column":22},"end":{"line":36,"column":39}}}},"branchMap":{"0":{"loc":{"start":{"line":18,"column":2},"end":{"line":25,"column":3}},"type":"if","locations":[{"start":{"line":18,"column":2},"end":{"line":25,"column":3}},{"start":{"line":18,"column":2},"end":{"line":25,"column":3}}]},"1":{"loc":{"start":{"line":19,"column":3},"end":{"line":21,"column":4}},"type":"if","locations":[{"start":{"line":19,"column":3},"end":{"line":21,"column":4}},{"start":{"line":19,"column":3},"end":{"line":21,"column":4}}]},"2":{"loc":{"start":{"line":22,"column":3},"end":{"line":24,"column":4}},"type":"if","locations":[{"start":{"line":22,"column":3},"end":{"line":24,"column":4}},{"start":{"line":22,"column":3},"end":{"line":24,"column":4}}]},"3":{"loc":{"start":{"line":31,"column":2},"end":{"line":31,"column":54}},"type":"if","locations":[{"start":{"line":31,"column":2},"end":{"line":31,"column":54}},{"start":{"line":31,"column":2},"end":{"line":31,"column":54}}]},"4":{"loc":{"start":{"line":31,"column":6},"end":{"line":31,"column":5}},"type":"binary-expr","locations":[{"start":{"line":31,"column":6},"end":{"line":31,"column":5}},{"start":{"line":31,"column":26},"end":{"line":31,"column":2}}]}},"s":{"0":0,"1":0,"2":0,"3":0,"4":0,"5":0,"6":0,"7":0,"8":0,"9":0,"10":0,"11":0,"12":0,"13":0,"14":0,"15":0,"16":0,"17":0,"18":0,"19":0,"20":0,"21":0,"22":0,"23":0,"24":0,"25":0,"26":0},"f":{"0":0,"1":0,"2":0,"3":0},"b":{"0":[0,0],"1":[0,0],"2":[0,0],"3":[0,0],"4":[0,0]}}
,"/home/mike/dev/imperium/packages/graphql/src/server/initialConfig.js": {"path":"/home/mike/dev/imperium/packages/graphql/src/server/initialConfig.js","statementMap":{"0":{"start":{"line":2,"column":1},"end":{"line":4,"column":3}}},"fnMap":{"0":{"name":"initialConfig","decl":{"start":{"line":1,"column":24},"end":{"line":1,"column":37}},"loc":{"start":{"line":1,"column":40},"end":{"line":5,"column":1}},"line":1}},"branchMap":{},"s":{"0":1},"f":{"0":1},"b":{},"_coverageSchema":"332fd63041d2c1bcb487cc26dd0d5f7d97098a6c","hash":"941be75ea9d5ae31b0625bc0c3924ac05af53185"}
,"/home/mike/dev/imperium/packages/graphql/src/server/schema/index.js": {"path":"/home/mike/dev/imperium/packages/graphql/src/server/schema/index.js","statementMap":{"0":{"start":{"line":1,"column":0},"end":{"line":null,"column":-1}},"1":{"start":{"line":8,"column":0},"end":{"line":null,"column":-1}},"2":{"start":{"line":12,"column":0},"end":{"line":null,"column":-1}},"3":{"start":{"line":17,"column":22},"end":{"line":17,"column":7}},"4":{"start":{"line":19,"column":25},"end":{"line":19,"column":7}},"5":{"start":{"line":22,"column":14},"end":{"line":null,"column":-1}},"6":{"start":{"line":25,"column":14},"end":{"line":null,"column":-1}}},"fnMap":{"0":{"name":"(anonymous_0)","decl":{"start":{"line":22,"column":8},"end":{"line":22,"column":13}},"loc":{"start":{"line":22,"column":14},"end":{"line":null,"column":-1}}},"1":{"name":"(anonymous_1)","decl":{"start":{"line":25,"column":8},"end":{"line":25,"column":13}},"loc":{"start":{"line":25,"column":14},"end":{"line":null,"column":-1}}}},"branchMap":{},"s":{"0":0,"1":0,"2":0,"3":0,"4":0,"5":0,"6":0},"f":{"0":0,"1":0},"b":{}}
,"/home/mike/dev/imperium/packages/graphql/src/server/security/HasPermissionDirective.js": {"path":"/home/mike/dev/imperium/packages/graphql/src/server/security/HasPermissionDirective.js","statementMap":{"0":{"start":{"line":3,"column":0},"end":{"line":null,"column":-1}},"1":{"start":{"line":4,"column":0},"end":{"line":null,"column":-1}},"2":{"start":{"line":5,"column":0},"end":{"line":null,"column":-1}},"3":{"start":{"line":11,"column":31},"end":{"line":10,"column":29}},"4":{"start":{"line":10,"column":29},"end":{"line":10,"column":28}},"5":{"start":{"line":12,"column":20},"end":{"line":10,"column":29}},"6":{"start":{"line":22,"column":2},"end":{"line":null,"column":-1}},"7":{"start":{"line":23,"column":15},"end":{"line":23,"column":3}},"8":{"start":{"line":25,"column":27},"end":{"line":25,"column":3}},"9":{"start":{"line":26,"column":29},"end":{"line":26,"column":3}},"10":{"start":{"line":35,"column":3},"end":{"line":41,"column":4}},"11":{"start":{"line":36,"column":4},"end":{"line":38,"column":5}},"12":{"start":{"line":37,"column":5},"end":{"line":null,"column":-1}},"13":{"start":{"line":39,"column":10},"end":{"line":41,"column":4}},"14":{"start":{"line":40,"column":4},"end":{"line":null,"column":-1}},"15":{"start":{"line":43,"column":3},"end":{"line":22,"column":37}}},"fnMap":{"0":{"name":"(anonymous_1)","decl":{"start":{"line":10,"column":1},"end":{"line":10,"column":20}},"loc":{"start":{"line":10,"column":29},"end":{"line":49,"column":2}}},"1":{"name":"(anonymous_2)","decl":{"start":{"line":22,"column":18},"end":{"line":22,"column":24}},"loc":{"start":{"line":22,"column":37},"end":{"line":22,"column":2}}}},"branchMap":{"0":{"loc":{"start":{"line":35,"column":3},"end":{"line":41,"column":4}},"type":"if","locations":[{"start":{"line":35,"column":3},"end":{"line":41,"column":4}},{"start":{"line":35,"column":3},"end":{"line":41,"column":4}}]},"1":{"loc":{"start":{"line":36,"column":4},"end":{"line":38,"column":5}},"type":"if","locations":[{"start":{"line":36,"column":4},"end":{"line":38,"column":5}},{"start":{"line":36,"column":4},"end":{"line":38,"column":5}}]},"2":{"loc":{"start":{"line":36,"column":8},"end":{"line":36,"column":7}},"type":"binary-expr","locations":[{"start":{"line":36,"column":8},"end":{"line":36,"column":7}},{"start":{"line":36,"column":26},"end":{"line":36,"column":4}}]},"3":{"loc":{"start":{"line":39,"column":10},"end":{"line":41,"column":4}},"type":"if","locations":[{"start":{"line":39,"column":10},"end":{"line":41,"column":4}},{"start":{"line":39,"column":10},"end":{"line":41,"column":4}}]},"4":{"loc":{"start":{"line":39,"column":14},"end":{"line":39,"column":31}},"type":"binary-expr","locations":[{"start":{"line":39,"column":14},"end":{"line":39,"column":31}},{"start":{"line":39,"column":35},"end":{"line":39,"column":10}}]}},"s":{"0":0,"1":0,"2":0,"3":0,"4":0,"5":0,"6":0,"7":0,"8":0,"9":0,"10":0,"11":0,"12":0,"13":0,"14":0,"15":0},"f":{"0":0,"1":0},"b":{"0":[0,0],"1":[0,0],"2":[0,0],"3":[0,0],"4":[0,0]}}
,"/home/mike/dev/imperium/packages/graphql/src/server/security/matchPermissions.js": {"path":"/home/mike/dev/imperium/packages/graphql/src/server/security/matchPermissions.js","statementMap":{"0":{"start":{"line":2,"column":0},"end":{"line":null,"column":-1}},"1":{"start":{"line":3,"column":0},"end":{"line":null,"column":-1}},"2":{"start":{"line":5,"column":17},"end":{"line":5,"column":0}},"3":{"start":{"line":16,"column":14},"end":{"line":16,"column":1}},"4":{"start":{"line":17,"column":14},"end":{"line":17,"column":1}},"5":{"start":{"line":18,"column":1},"end":{"line":null,"column":-1}}},"fnMap":{"0":{"name":"permissionsMatch","decl":{"start":{"line":15,"column":24},"end":{"line":15,"column":15}},"loc":{"start":{"line":15,"column":75},"end":{"line":19,"column":1}}}},"branchMap":{"0":{"loc":{"start":{"line":16,"column":41},"end":{"line":16,"column":14}},"type":"cond-expr","locations":[{"start":{"line":16,"column":41},"end":{"line":16,"column":14}},{"start":{"line":16,"column":59},"end":{"line":16,"column":1}}]},"1":{"loc":{"start":{"line":17,"column":41},"end":{"line":17,"column":14}},"type":"cond-expr","locations":[{"start":{"line":17,"column":41},"end":{"line":17,"column":14}},{"start":{"line":17,"column":74},"end":{"line":17,"column":1}}]}},"s":{"0":0,"1":0,"2":0,"3":0,"4":0,"5":0},"f":{"0":0},"b":{"0":[0,0],"1":[0,0]}}
,"/home/mike/dev/imperium/packages/graphql/src/server/security/schemaDirectives.js": {"path":"/home/mike/dev/imperium/packages/graphql/src/server/security/schemaDirectives.js","statementMap":{"0":{"start":{"line":1,"column":0},"end":{"line":null,"column":-1}}},"fnMap":{},"branchMap":{},"s":{"0":0},"f":{},"b":{}}
}
