TN:
SF:/home/mike/dev/imperium/packages/graphql/src/typings.d.ts
FNF:0
FNH:0
LF:0
LH:0
BRF:0
BRH:0
end_of_record
TN:
SF:/home/mike/dev/imperium/packages/graphql/src/client/index.ts
FN:3,ImperiumGraphqlModule
FNF:1
FNH:0
FNDA:0,ImperiumGraphqlModule
DA:4,0
LF:1
LH:0
BRF:0
BRH:0
end_of_record
TN:
SF:/home/mike/dev/imperium/packages/graphql/src/client/startup.ts
FN:10,startup
FNF:1
FNH:0
FNDA:0,startup
DA:8,0
DA:11,0
DA:14,0
DA:16,0
DA:23,0
DA:28,0
LF:6
LH:0
BRDA:17,0,0,0
BRDA:17,0,1,0
BRF:2
BRH:0
end_of_record
TN:
SF:/home/mike/dev/imperium/packages/graphql/src/server/errors.ts
FN:3,(anonymous_0)
FN:4,(anonymous_1)
FN:6,(anonymous_2)
FNF:3
FNH:0
FNDA:0,(anonymous_0)
FNDA:0,(anonymous_1)
FNDA:0,(anonymous_2)
DA:3,0
DA:4,0
DA:6,0
DA:7,0
DA:8,0
LF:5
LH:0
BRDA:7,0,0,0
BRDA:7,0,1,0
BRF:2
BRH:0
end_of_record
TN:
SF:/home/mike/dev/imperium/packages/graphql/src/server/index.ts
FN:4,ImperiumGraphqlModule
FNF:1
FNH:0
FNDA:0,ImperiumGraphqlModule
DA:5,0
LF:1
LH:0
BRF:0
BRH:0
end_of_record
TN:
SF:/home/mike/dev/imperium/packages/graphql/src/server/initialConfig.ts
FN:3,initialConfig
FNF:1
FNH:1
FNDA:1,initialConfig
DA:4,1
LF:1
LH:1
BRF:0
BRH:0
end_of_record
TN:
SF:/home/mike/dev/imperium/packages/graphql/src/server/endpoints/graphql.ts
FN:14,(anonymous_0)
FN:17,(anonymous_1)
FN:33,(anonymous_2)
FN:45,(anonymous_3)
FN:56,(anonymous_4)
FN:58,(anonymous_5)
FNF:6
FNH:0
FNDA:0,(anonymous_0)
FNDA:0,(anonymous_1)
FNDA:0,(anonymous_2)
FNDA:0,(anonymous_3)
FNDA:0,(anonymous_4)
FNDA:0,(anonymous_5)
DA:12,0
DA:16,0
DA:17,0
DA:18,0
DA:19,0
DA:20,0
DA:22,0
DA:24,0
DA:27,0
DA:31,0
DA:33,0
DA:34,0
DA:35,0
DA:40,0
DA:44,0
DA:45,0
DA:46,0
DA:47,0
DA:51,0
DA:52,0
DA:56,0
DA:61,0
DA:62,0
DA:66,0
DA:68,0
DA:78,0
LF:26
LH:0
BRDA:18,0,0,0
BRDA:18,0,1,0
BRDA:19,1,0,0
BRDA:19,1,1,0
BRDA:22,2,0,0
BRDA:22,2,1,0
BRDA:34,3,0,0
BRDA:34,3,1,0
BRDA:34,4,0,0
BRDA:34,4,1,0
BRDA:46,5,0,0
BRDA:46,5,1,0
BRDA:46,6,0,0
BRDA:46,6,1,0
BRDA:71,7,0,0
BRDA:71,7,1,0
BRF:16
BRH:0
end_of_record
TN:
SF:/home/mike/dev/imperium/packages/graphql/src/server/endpoints/index.ts
FN:4,endpoints
FNF:1
FNH:0
FNDA:0,endpoints
DA:5,0
LF:1
LH:0
BRF:0
BRH:0
end_of_record
TN:
SF:/home/mike/dev/imperium/packages/graphql/src/server/schema/index.ts
FN:25,(anonymous_0)
FN:28,(anonymous_1)
FNF:2
FNH:0
FNDA:0,(anonymous_0)
FNDA:0,(anonymous_1)
DA:20,0
DA:22,0
DA:25,0
DA:28,0
LF:4
LH:0
BRF:0
BRH:0
end_of_record
