{"/home/mike/dev/imperium/packages/graphql-server/src/endpoints.ts": {"path":"/home/mike/dev/imperium/packages/graphql-server/src/endpoints.ts","statementMap":{"0":{"start":{"line":12,"column":10},"end":{"line":12,"column":52}},"1":{"start":{"line":15,"column":1},"end":{"line":24,"column":2}},"2":{"start":{"line":16,"column":2},"end":{"line":23,"column":5}},"3":{"start":{"line":17,"column":3},"end":{"line":21,"column":4}},"4":{"start":{"line":18,"column":4},"end":{"line":20,"column":6}},"5":{"start":{"line":22,"column":3},"end":{"line":22,"column":12}},"6":{"start":{"line":25,"column":1},"end":{"line":31,"column":2}},"7":{"start":{"line":26,"column":2},"end":{"line":30,"column":4}},"8":{"start":{"line":34,"column":1},"end":{"line":34,"column":17}},"9":{"start":{"line":39,"column":1},"end":{"line":39,"column":29}},"10":{"start":{"line":40,"column":18},"end":{"line":48,"column":2}},"11":{"start":{"line":42,"column":3},"end":{"line":44,"column":4}},"12":{"start":{"line":43,"column":4},"end":{"line":43,"column":69}},"13":{"start":{"line":45,"column":3},"end":{"line":45,"column":15}},"14":{"start":{"line":55,"column":1},"end":{"line":55,"column":40}},"15":{"start":{"line":56,"column":26},"end":{"line":64,"column":57}},"16":{"start":{"line":57,"column":2},"end":{"line":62,"column":3}},"17":{"start":{"line":58,"column":3},"end":{"line":61,"column":5}},"18":{"start":{"line":63,"column":2},"end":{"line":63,"column":14}},"19":{"start":{"line":75,"column":1},"end":{"line":75,"column":32}},"20":{"start":{"line":76,"column":19},"end":{"line":79,"column":18}},"21":{"start":{"line":77,"column":2},"end":{"line":77,"column":69}},"22":{"start":{"line":77,"column":24},"end":{"line":77,"column":69}},"23":{"start":{"line":78,"column":2},"end":{"line":78,"column":14}},"24":{"start":{"line":81,"column":55},"end":{"line":103,"column":2}},"25":{"start":{"line":87,"column":3},"end":{"line":89,"column":4}},"26":{"start":{"line":88,"column":4},"end":{"line":88,"column":30}},"27":{"start":{"line":91,"column":3},"end":{"line":91,"column":29}},"28":{"start":{"line":97,"column":3},"end":{"line":97,"column":24}},"29":{"start":{"line":98,"column":3},"end":{"line":98,"column":16}},"30":{"start":{"line":105,"column":1},"end":{"line":112,"column":2}},"31":{"start":{"line":106,"column":2},"end":{"line":106,"column":33}},"32":{"start":{"line":107,"column":2},"end":{"line":111,"column":3}},"33":{"start":{"line":108,"column":3},"end":{"line":110,"column":5}},"34":{"start":{"line":114,"column":1},"end":{"line":114,"column":29}},"35":{"start":{"line":115,"column":22},"end":{"line":115,"column":58}},"36":{"start":{"line":117,"column":1},"end":{"line":121,"column":3}},"37":{"start":{"line":122,"column":1},"end":{"line":133,"column":3}},"38":{"start":{"line":135,"column":1},"end":{"line":139,"column":4}},"39":{"start":{"line":141,"column":1},"end":{"line":144,"column":2}},"40":{"start":{"line":142,"column":2},"end":{"line":142,"column":40}},"41":{"start":{"line":143,"column":2},"end":{"line":143,"column":62}}},"fnMap":{"0":{"name":"transformToSchemaObjectArray","decl":{"start":{"line":14,"column":9},"end":{"line":14,"column":37}},"loc":{"start":{"line":14,"column":76},"end":{"line":35,"column":1}},"line":14},"1":{"name":"(anonymous_1)","decl":{"start":{"line":16,"column":54},"end":{"line":16,"column":55}},"loc":{"start":{"line":16,"column":59},"end":{"line":23,"column":3}},"line":16},"2":{"name":"endpoints","decl":{"start":{"line":37,"column":24},"end":{"line":37,"column":33}},"loc":{"start":{"line":37,"column":65},"end":{"line":145,"column":1}},"line":37},"3":{"name":"(anonymous_3)","decl":{"start":{"line":41,"column":2},"end":{"line":41,"column":3}},"loc":{"start":{"line":41,"column":72},"end":{"line":46,"column":3}},"line":41},"4":{"name":"(anonymous_4)","decl":{"start":{"line":56,"column":48},"end":{"line":56,"column":49}},"loc":{"start":{"line":56,"column":118},"end":{"line":64,"column":2}},"line":56},"5":{"name":"(anonymous_5)","decl":{"start":{"line":76,"column":41},"end":{"line":76,"column":42}},"loc":{"start":{"line":76,"column":111},"end":{"line":79,"column":2}},"line":76},"6":{"name":"(anonymous_6)","decl":{"start":{"line":85,"column":11},"end":{"line":85,"column":12}},"loc":{"start":{"line":85,"column":34},"end":{"line":92,"column":3}},"line":85},"7":{"name":"(anonymous_7)","decl":{"start":{"line":94,"column":15},"end":{"line":94,"column":16}},"loc":{"start":{"line":94,"column":24},"end":{"line":99,"column":3}},"line":94}},"branchMap":{"0":{"loc":{"start":{"line":15,"column":1},"end":{"line":24,"column":2}},"type":"if","locations":[{"start":{"line":15,"column":1},"end":{"line":24,"column":2}},{"start":{"line":15,"column":1},"end":{"line":24,"column":2}}],"line":15},"1":{"loc":{"start":{"line":17,"column":3},"end":{"line":21,"column":4}},"type":"if","locations":[{"start":{"line":17,"column":3},"end":{"line":21,"column":4}},{"start":{"line":17,"column":3},"end":{"line":21,"column":4}}],"line":17},"2":{"loc":{"start":{"line":25,"column":1},"end":{"line":31,"column":2}},"type":"if","locations":[{"start":{"line":25,"column":1},"end":{"line":31,"column":2}},{"start":{"line":25,"column":1},"end":{"line":31,"column":2}}],"line":25},"3":{"loc":{"start":{"line":42,"column":3},"end":{"line":44,"column":4}},"type":"if","locations":[{"start":{"line":42,"column":3},"end":{"line":44,"column":4}},{"start":{"line":42,"column":3},"end":{"line":44,"column":4}}],"line":42},"4":{"loc":{"start":{"line":57,"column":2},"end":{"line":62,"column":3}},"type":"if","locations":[{"start":{"line":57,"column":2},"end":{"line":62,"column":3}},{"start":{"line":57,"column":2},"end":{"line":62,"column":3}}],"line":57},"5":{"loc":{"start":{"line":77,"column":2},"end":{"line":77,"column":69}},"type":"if","locations":[{"start":{"line":77,"column":2},"end":{"line":77,"column":69}},{"start":{"line":77,"column":2},"end":{"line":77,"column":69}}],"line":77},"6":{"loc":{"start":{"line":87,"column":3},"end":{"line":89,"column":4}},"type":"if","locations":[{"start":{"line":87,"column":3},"end":{"line":89,"column":4}},{"start":{"line":87,"column":3},"end":{"line":89,"column":4}}],"line":87},"7":{"loc":{"start":{"line":105,"column":1},"end":{"line":112,"column":2}},"type":"if","locations":[{"start":{"line":105,"column":1},"end":{"line":112,"column":2}},{"start":{"line":105,"column":1},"end":{"line":112,"column":2}}],"line":105},"8":{"loc":{"start":{"line":107,"column":2},"end":{"line":111,"column":3}},"type":"if","locations":[{"start":{"line":107,"column":2},"end":{"line":111,"column":3}},{"start":{"line":107,"column":2},"end":{"line":111,"column":3}}],"line":107},"9":{"loc":{"start":{"line":119,"column":3},"end":{"line":119,"column":106}},"type":"cond-expr","locations":[{"start":{"line":119,"column":51},"end":{"line":119,"column":75}},{"start":{"line":119,"column":78},"end":{"line":119,"column":106}}],"line":119},"10":{"loc":{"start":{"line":131,"column":3},"end":{"line":131,"column":92}},"type":"cond-expr","locations":[{"start":{"line":131,"column":42},"end":{"line":131,"column":80}},{"start":{"line":131,"column":83},"end":{"line":131,"column":92}}],"line":131},"11":{"loc":{"start":{"line":141,"column":1},"end":{"line":144,"column":2}},"type":"if","locations":[{"start":{"line":141,"column":1},"end":{"line":144,"column":2}},{"start":{"line":141,"column":1},"end":{"line":144,"column":2}}],"line":141}},"s":{"0":0,"1":0,"2":0,"3":0,"4":0,"5":0,"6":0,"7":0,"8":0,"9":0,"10":0,"11":0,"12":0,"13":0,"14":0,"15":0,"16":0,"17":0,"18":0,"19":0,"20":0,"21":0,"22":0,"23":0,"24":0,"25":0,"26":0,"27":0,"28":0,"29":0,"30":0,"31":0,"32":0,"33":0,"34":0,"35":0,"36":0,"37":0,"38":0,"39":0,"40":0,"41":0},"f":{"0":0,"1":0,"2":0,"3":0,"4":0,"5":0,"6":0,"7":0},"b":{"0":[0,0],"1":[0,0],"2":[0,0],"3":[0,0],"4":[0,0],"5":[0,0],"6":[0,0],"7":[0,0],"8":[0,0],"9":[0,0],"10":[0,0],"11":[0,0]},"hash":"d16bff684ee485cc7bc106c32f7a8fb204507fdc"}
,"/home/mike/dev/imperium/packages/graphql-server/src/index.ts": {"path":"/home/mike/dev/imperium/packages/graphql-server/src/index.ts","statementMap":{"0":{"start":{"line":5,"column":1},"end":{"line":19,"column":3}},"1":{"start":{"line":8,"column":3},"end":{"line":16,"column":5}}},"fnMap":{"0":{"name":"(anonymous_0)","decl":{"start":{"line":4,"column":15},"end":{"line":4,"column":16}},"loc":{"start":{"line":4,"column":48},"end":{"line":20,"column":1}},"line":4},"1":{"name":"(anonymous_1)","decl":{"start":{"line":7,"column":2},"end":{"line":7,"column":3}},"loc":{"start":{"line":7,"column":16},"end":{"line":17,"column":3}},"line":7}},"branchMap":{"0":{"loc":{"start":{"line":9,"column":30},"end":{"line":9,"column":76}},"type":"binary-expr","locations":[{"start":{"line":9,"column":30},"end":{"line":9,"column":61}},{"start":{"line":9,"column":65},"end":{"line":9,"column":76}}],"line":9},"1":{"loc":{"start":{"line":10,"column":16},"end":{"line":10,"column":57}},"type":"binary-expr","locations":[{"start":{"line":10,"column":16},"end":{"line":10,"column":39}},{"start":{"line":10,"column":43},"end":{"line":10,"column":57}}],"line":10},"2":{"loc":{"start":{"line":13,"column":13},"end":{"line":13,"column":53}},"type":"binary-expr","locations":[{"start":{"line":13,"column":13},"end":{"line":13,"column":44}},{"start":{"line":13,"column":48},"end":{"line":13,"column":53}}],"line":13}},"s":{"0":0,"1":0},"f":{"0":0,"1":0},"b":{"0":[0,0],"1":[0,0],"2":[0,0]},"hash":"c468633ad157ffbee4bde37dbd583eabcc5f3b8a"}
,"/home/mike/dev/imperium/packages/graphql-server/src/types.d.ts": {"path":"/home/mike/dev/imperium/packages/graphql-server/src/types.d.ts","statementMap":{},"fnMap":{},"branchMap":{},"s":{},"f":{},"b":{},"hash":"db893ac22bc8b0a188eb13b3ae516c1e8d0ccc9e"}
,"/home/mike/dev/imperium/packages/graphql-server/src/types.ts": {"path":"/home/mike/dev/imperium/packages/graphql-server/src/types.ts","statementMap":{},"fnMap":{},"branchMap":{},"s":{},"f":{},"b":{},"hash":"622e6750298bf2667a1d6de9d4987dd4b56c35cc"}
,"/home/mike/dev/imperium/packages/graphql-server/src/schema/index.ts": {"path":"/home/mike/dev/imperium/packages/graphql-server/src/schema/index.ts","statementMap":{"0":{"start":{"line":15,"column":22},"end":{"line":15,"column":37}},"1":{"start":{"line":17,"column":37},"end":{"line":44,"column":1}},"2":{"start":{"line":20,"column":14},"end":{"line":20,"column":20}},"3":{"start":{"line":23,"column":14},"end":{"line":23,"column":20}},"4":{"start":{"line":26,"column":14},"end":{"line":26,"column":20}}},"fnMap":{"0":{"name":"(anonymous_0)","decl":{"start":{"line":20,"column":8},"end":{"line":20,"column":9}},"loc":{"start":{"line":20,"column":14},"end":{"line":20,"column":20}},"line":20},"1":{"name":"(anonymous_1)","decl":{"start":{"line":23,"column":8},"end":{"line":23,"column":9}},"loc":{"start":{"line":23,"column":14},"end":{"line":23,"column":20}},"line":23},"2":{"name":"(anonymous_2)","decl":{"start":{"line":26,"column":8},"end":{"line":26,"column":9}},"loc":{"start":{"line":26,"column":14},"end":{"line":26,"column":20}},"line":26}},"branchMap":{},"s":{"0":0,"1":0,"2":0,"3":0,"4":0},"f":{"0":0,"1":0,"2":0},"b":{},"hash":"5d6715ec7e0def9623286e91c82cc05bf6486cb6"}
}
