{"/home/mike/dev/imperium/packages/client/src/ImperiumClient.tsx": {"path":"/home/mike/dev/imperium/packages/client/src/ImperiumClient.tsx","statementMap":{"0":{"start":{"line":18,"column":10},"end":{"line":18,"column":34}},"1":{"start":{"line":34,"column":2},"end":{"line":34,"column":46}},"2":{"start":{"line":35,"column":2},"end":{"line":35,"column":25}},"3":{"start":{"line":36,"column":2},"end":{"line":36,"column":27}},"4":{"start":{"line":37,"column":2},"end":{"line":37,"column":23}},"5":{"start":{"line":38,"column":2},"end":{"line":38,"column":35}},"6":{"start":{"line":41,"column":38},"end":{"line":41,"column":40}},"7":{"start":{"line":42,"column":2},"end":{"line":49,"column":3}},"8":{"start":{"line":44,"column":3},"end":{"line":48,"column":6}},"9":{"start":{"line":45,"column":29},"end":{"line":45,"column":41}},"10":{"start":{"line":46,"column":4},"end":{"line":46,"column":70}},"11":{"start":{"line":47,"column":4},"end":{"line":47,"column":28}},"12":{"start":{"line":50,"column":2},"end":{"line":50,"column":55}},"13":{"start":{"line":54,"column":2},"end":{"line":54,"column":34}},"14":{"start":{"line":57,"column":2},"end":{"line":57,"column":27}},"15":{"start":{"line":58,"column":2},"end":{"line":71,"column":26}},"16":{"start":{"line":59,"column":30},"end":{"line":59,"column":40}},"17":{"start":{"line":60,"column":3},"end":{"line":69,"column":4}},"18":{"start":{"line":61,"column":29},"end":{"line":61,"column":92}},"19":{"start":{"line":62,"column":4},"end":{"line":67,"column":5}},"20":{"start":{"line":63,"column":5},"end":{"line":66,"column":7}},"21":{"start":{"line":68,"column":4},"end":{"line":68,"column":30}},"22":{"start":{"line":70,"column":3},"end":{"line":70,"column":29}},"23":{"start":{"line":74,"column":2},"end":{"line":74,"column":33}},"24":{"start":{"line":75,"column":2},"end":{"line":83,"column":9}},"25":{"start":{"line":76,"column":3},"end":{"line":81,"column":4}},"26":{"start":{"line":77,"column":4},"end":{"line":80,"column":6}},"27":{"start":{"line":82,"column":3},"end":{"line":82,"column":15}},"28":{"start":{"line":86,"column":2},"end":{"line":86,"column":22}},"29":{"start":{"line":87,"column":22},"end":{"line":90,"column":24}},"30":{"start":{"line":88,"column":3},"end":{"line":88,"column":77}},"31":{"start":{"line":88,"column":44},"end":{"line":88,"column":77}},"32":{"start":{"line":89,"column":3},"end":{"line":89,"column":15}},"33":{"start":{"line":93,"column":14},"end":{"line":93,"column":54}},"34":{"start":{"line":93,"column":45},"end":{"line":93,"column":52}},"35":{"start":{"line":94,"column":31},"end":{"line":94,"column":40}},"36":{"start":{"line":96,"column":2},"end":{"line":96,"column":32}},"37":{"start":{"line":97,"column":2},"end":{"line":97,"column":115}},"38":{"start":{"line":101,"column":2},"end":{"line":101,"column":29}},"39":{"start":{"line":105,"column":2},"end":{"line":105,"column":27}},"40":{"start":{"line":109,"column":2},"end":{"line":109,"column":27}}},"fnMap":{"0":{"name":"(anonymous_0)","decl":{"start":{"line":32,"column":1},"end":{"line":32,"column":2}},"loc":{"start":{"line":32,"column":43},"end":{"line":51,"column":2}},"line":32},"1":{"name":"(anonymous_1)","decl":{"start":{"line":44,"column":50},"end":{"line":44,"column":51}},"loc":{"start":{"line":44,"column":64},"end":{"line":48,"column":4}},"line":44},"2":{"name":"(anonymous_2)","decl":{"start":{"line":53,"column":1},"end":{"line":53,"column":2}},"loc":{"start":{"line":53,"column":15},"end":{"line":98,"column":2}},"line":53},"3":{"name":"(anonymous_3)","decl":{"start":{"line":58,"column":55},"end":{"line":58,"column":56}},"loc":{"start":{"line":58,"column":79},"end":{"line":71,"column":3}},"line":58},"4":{"name":"(anonymous_4)","decl":{"start":{"line":75,"column":47},"end":{"line":75,"column":48}},"loc":{"start":{"line":75,"column":76},"end":{"line":83,"column":3}},"line":75},"5":{"name":"(anonymous_5)","decl":{"start":{"line":87,"column":49},"end":{"line":87,"column":50}},"loc":{"start":{"line":87,"column":67},"end":{"line":90,"column":3}},"line":87},"6":{"name":"(anonymous_6)","decl":{"start":{"line":93,"column":40},"end":{"line":93,"column":41}},"loc":{"start":{"line":93,"column":45},"end":{"line":93,"column":52}},"line":93},"7":{"name":"(anonymous_7)","decl":{"start":{"line":100,"column":1},"end":{"line":100,"column":2}},"loc":{"start":{"line":100,"column":15},"end":{"line":102,"column":2}},"line":100},"8":{"name":"(anonymous_8)","decl":{"start":{"line":104,"column":1},"end":{"line":104,"column":2}},"loc":{"start":{"line":104,"column":19},"end":{"line":106,"column":2}},"line":104},"9":{"name":"(anonymous_9)","decl":{"start":{"line":108,"column":1},"end":{"line":108,"column":2}},"loc":{"start":{"line":108,"column":19},"end":{"line":110,"column":2}},"line":108}},"branchMap":{"0":{"loc":{"start":{"line":42,"column":2},"end":{"line":49,"column":3}},"type":"if","locations":[{"start":{"line":42,"column":2},"end":{"line":49,"column":3}},{"start":{"line":42,"column":2},"end":{"line":49,"column":3}}],"line":42},"1":{"loc":{"start":{"line":46,"column":27},"end":{"line":46,"column":68}},"type":"binary-expr","locations":[{"start":{"line":46,"column":27},"end":{"line":46,"column":48}},{"start":{"line":46,"column":52},"end":{"line":46,"column":68}}],"line":46},"2":{"loc":{"start":{"line":60,"column":3},"end":{"line":69,"column":4}},"type":"if","locations":[{"start":{"line":60,"column":3},"end":{"line":69,"column":4}},{"start":{"line":60,"column":3},"end":{"line":69,"column":4}}],"line":60},"3":{"loc":{"start":{"line":60,"column":7},"end":{"line":60,"column":59}},"type":"binary-expr","locations":[{"start":{"line":60,"column":7},"end":{"line":60,"column":25}},{"start":{"line":60,"column":29},"end":{"line":60,"column":59}}],"line":60},"4":{"loc":{"start":{"line":62,"column":4},"end":{"line":67,"column":5}},"type":"if","locations":[{"start":{"line":62,"column":4},"end":{"line":67,"column":5}},{"start":{"line":62,"column":4},"end":{"line":67,"column":5}}],"line":62},"5":{"loc":{"start":{"line":76,"column":3},"end":{"line":81,"column":4}},"type":"if","locations":[{"start":{"line":76,"column":3},"end":{"line":81,"column":4}},{"start":{"line":76,"column":3},"end":{"line":81,"column":4}}],"line":76},"6":{"loc":{"start":{"line":76,"column":7},"end":{"line":76,"column":51}},"type":"binary-expr","locations":[{"start":{"line":76,"column":7},"end":{"line":76,"column":21}},{"start":{"line":76,"column":25},"end":{"line":76,"column":51}}],"line":76},"7":{"loc":{"start":{"line":88,"column":3},"end":{"line":88,"column":77}},"type":"if","locations":[{"start":{"line":88,"column":3},"end":{"line":88,"column":77}},{"start":{"line":88,"column":3},"end":{"line":88,"column":77}}],"line":88},"8":{"loc":{"start":{"line":88,"column":7},"end":{"line":88,"column":42}},"type":"binary-expr","locations":[{"start":{"line":88,"column":7},"end":{"line":88,"column":18}},{"start":{"line":88,"column":22},"end":{"line":88,"column":42}}],"line":88}},"s":{"0":0,"1":0,"2":0,"3":0,"4":0,"5":0,"6":0,"7":0,"8":0,"9":0,"10":0,"11":0,"12":0,"13":0,"14":0,"15":0,"16":0,"17":0,"18":0,"19":0,"20":0,"21":0,"22":0,"23":0,"24":0,"25":0,"26":0,"27":0,"28":0,"29":0,"30":0,"31":0,"32":0,"33":0,"34":0,"35":0,"36":0,"37":0,"38":0,"39":0,"40":0},"f":{"0":0,"1":0,"2":0,"3":0,"4":0,"5":0,"6":0,"7":0,"8":0,"9":0},"b":{"0":[0,0],"1":[0,0],"2":[0,0],"3":[0,0],"4":[0,0],"5":[0,0],"6":[0,0],"7":[0,0],"8":[0,0]},"hash":"1bb55d652c04fdd1b91cfdcf1568a9e29e833ee8"}
,"/home/mike/dev/imperium/packages/client/src/Root.tsx": {"path":"/home/mike/dev/imperium/packages/client/src/Root.tsx","statementMap":{"0":{"start":{"line":6,"column":10},"end":{"line":6,"column":39}},"1":{"start":{"line":13,"column":1},"end":{"line":13,"column":28}}},"fnMap":{"0":{"name":"Root","decl":{"start":{"line":12,"column":9},"end":{"line":12,"column":13}},"loc":{"start":{"line":12,"column":28},"end":{"line":14,"column":1}},"line":12}},"branchMap":{},"s":{"0":0,"1":0},"f":{"0":0},"b":{},"hash":"661cc2defc686cf3377bb399d96ab7002991687d"}
,"/home/mike/dev/imperium/packages/client/src/index.ts": {"path":"/home/mike/dev/imperium/packages/client/src/index.ts","statementMap":{},"fnMap":{},"branchMap":{},"s":{},"f":{},"b":{},"hash":"a2d6bcab16ba6dfa4b8fdd4761c9d31bd638bad7"}
,"/home/mike/dev/imperium/packages/client/src/types.ts": {"path":"/home/mike/dev/imperium/packages/client/src/types.ts","statementMap":{},"fnMap":{},"branchMap":{},"s":{},"f":{},"b":{},"hash":"8d7f81058ac611e7d542ff649133a1b0e85ae1fe"}
}
