{"/home/mike/dev/imperium/packages/server/src/ContextManager.ts": {"path":"/home/mike/dev/imperium/packages/server/src/ContextManager.ts","statementMap":{"0":{"start":{"line":10,"column":2},"end":{"line":10,"column":24}},"1":{"start":{"line":11,"column":2},"end":{"line":11,"column":21}},"2":{"start":{"line":12,"column":2},"end":{"line":12,"column":20}},"3":{"start":{"line":22,"column":18},"end":{"line":22,"column":49}},"4":{"start":{"line":23,"column":15},"end":{"line":23,"column":35}},"5":{"start":{"line":24,"column":2},"end":{"line":29,"column":3}},"6":{"start":{"line":24,"column":15},"end":{"line":24,"column":16}},"7":{"start":{"line":25,"column":15},"end":{"line":25,"column":22}},"8":{"start":{"line":26,"column":3},"end":{"line":28,"column":4}},"9":{"start":{"line":27,"column":4},"end":{"line":27,"column":29}},"10":{"start":{"line":38,"column":2},"end":{"line":38,"column":29}},"11":{"start":{"line":46,"column":2},"end":{"line":46,"column":23}},"12":{"start":{"line":54,"column":2},"end":{"line":54,"column":21}},"13":{"start":{"line":62,"column":2},"end":{"line":62,"column":20}},"14":{"start":{"line":66,"column":2},"end":{"line":66,"column":22}}},"fnMap":{"0":{"name":"(anonymous_0)","decl":{"start":{"line":9,"column":1},"end":{"line":9,"column":2}},"loc":{"start":{"line":9,"column":38},"end":{"line":13,"column":2}},"line":9},"1":{"name":"(anonymous_1)","decl":{"start":{"line":21,"column":1},"end":{"line":21,"column":2}},"loc":{"start":{"line":21,"column":47},"end":{"line":30,"column":2}},"line":21},"2":{"name":"(anonymous_2)","decl":{"start":{"line":37,"column":1},"end":{"line":37,"column":2}},"loc":{"start":{"line":37,"column":35},"end":{"line":39,"column":2}},"line":37},"3":{"name":"(anonymous_3)","decl":{"start":{"line":45,"column":1},"end":{"line":45,"column":2}},"loc":{"start":{"line":45,"column":27},"end":{"line":47,"column":2}},"line":45},"4":{"name":"(anonymous_4)","decl":{"start":{"line":53,"column":1},"end":{"line":53,"column":2}},"loc":{"start":{"line":53,"column":17},"end":{"line":55,"column":2}},"line":53},"5":{"name":"(anonymous_5)","decl":{"start":{"line":61,"column":1},"end":{"line":61,"column":2}},"loc":{"start":{"line":61,"column":17},"end":{"line":63,"column":2}},"line":61},"6":{"name":"(anonymous_6)","decl":{"start":{"line":65,"column":1},"end":{"line":65,"column":2}},"loc":{"start":{"line":65,"column":31},"end":{"line":67,"column":2}},"line":65}},"branchMap":{"0":{"loc":{"start":{"line":26,"column":3},"end":{"line":28,"column":4}},"type":"if","locations":[{"start":{"line":26,"column":3},"end":{"line":28,"column":4}},{"start":{"line":26,"column":3},"end":{"line":28,"column":4}}],"line":26}},"s":{"0":3,"1":3,"2":3,"3":1,"4":1,"5":1,"6":1,"7":1,"8":1,"9":1,"10":0,"11":0,"12":1,"13":1,"14":0},"f":{"0":3,"1":1,"2":0,"3":0,"4":1,"5":1,"6":0},"b":{"0":[1,0]},"_coverageSchema":"43e27e138ebf9cfc5966b082cf9a028302ed4184","hash":"08a49fc64d6a503c913a8314f76dc24a26df435a"}
,"/home/mike/dev/imperium/packages/server/src/ImperiumServer.ts": {"path":"/home/mike/dev/imperium/packages/server/src/ImperiumServer.ts","statementMap":{"0":{"start":{"line":21,"column":10},"end":{"line":21,"column":49}},"1":{"start":{"line":22,"column":11},"end":{"line":22,"column":58}},"2":{"start":{"line":44,"column":2},"end":{"line":44,"column":39}},"3":{"start":{"line":45,"column":2},"end":{"line":45,"column":27}},"4":{"start":{"line":46,"column":2},"end":{"line":46,"column":27}},"5":{"start":{"line":47,"column":2},"end":{"line":47,"column":24}},"6":{"start":{"line":48,"column":2},"end":{"line":48,"column":26}},"7":{"start":{"line":49,"column":2},"end":{"line":49,"column":26}},"8":{"start":{"line":50,"column":2},"end":{"line":50,"column":23}},"9":{"start":{"line":53,"column":38},"end":{"line":53,"column":40}},"10":{"start":{"line":54,"column":2},"end":{"line":61,"column":3}},"11":{"start":{"line":56,"column":3},"end":{"line":60,"column":6}},"12":{"start":{"line":57,"column":29},"end":{"line":57,"column":41}},"13":{"start":{"line":58,"column":4},"end":{"line":58,"column":70}},"14":{"start":{"line":59,"column":4},"end":{"line":59,"column":28}},"15":{"start":{"line":62,"column":2},"end":{"line":62,"column":55}},"16":{"start":{"line":65,"column":2},"end":{"line":65,"column":27}},"17":{"start":{"line":66,"column":2},"end":{"line":77,"column":4}},"18":{"start":{"line":68,"column":4},"end":{"line":73,"column":5}},"19":{"start":{"line":69,"column":5},"end":{"line":72,"column":7}},"20":{"start":{"line":74,"column":4},"end":{"line":74,"column":16}},"21":{"start":{"line":81,"column":2},"end":{"line":81,"column":66}},"22":{"start":{"line":81,"column":24},"end":{"line":81,"column":66}},"23":{"start":{"line":83,"column":2},"end":{"line":83,"column":27}},"24":{"start":{"line":84,"column":2},"end":{"line":84,"column":60}},"25":{"start":{"line":86,"column":2},"end":{"line":86,"column":28}},"26":{"start":{"line":87,"column":2},"end":{"line":87,"column":31}},"27":{"start":{"line":89,"column":2},"end":{"line":89,"column":28}},"28":{"start":{"line":90,"column":2},"end":{"line":90,"column":52}},"29":{"start":{"line":92,"column":2},"end":{"line":92,"column":34}},"30":{"start":{"line":93,"column":2},"end":{"line":117,"column":4}},"31":{"start":{"line":95,"column":4},"end":{"line":100,"column":5}},"32":{"start":{"line":96,"column":5},"end":{"line":99,"column":7}},"33":{"start":{"line":101,"column":4},"end":{"line":101,"column":16}},"34":{"start":{"line":105,"column":5},"end":{"line":114,"column":7}},"35":{"start":{"line":106,"column":6},"end":{"line":106,"column":68}},"36":{"start":{"line":107,"column":29},"end":{"line":107,"column":53}},"37":{"start":{"line":108,"column":6},"end":{"line":110,"column":9}},"38":{"start":{"line":109,"column":7},"end":{"line":109,"column":99}},"39":{"start":{"line":109,"column":57},"end":{"line":109,"column":99}},"40":{"start":{"line":112,"column":6},"end":{"line":112,"column":42}},"41":{"start":{"line":113,"column":6},"end":{"line":113,"column":13}},"42":{"start":{"line":120,"column":2},"end":{"line":120,"column":33}},"43":{"start":{"line":121,"column":2},"end":{"line":123,"column":5}},"44":{"start":{"line":122,"column":3},"end":{"line":122,"column":80}},"45":{"start":{"line":122,"column":57},"end":{"line":122,"column":80}},"46":{"start":{"line":126,"column":2},"end":{"line":126,"column":32}},"47":{"start":{"line":127,"column":2},"end":{"line":127,"column":43}},"48":{"start":{"line":128,"column":2},"end":{"line":130,"column":5}},"49":{"start":{"line":129,"column":3},"end":{"line":129,"column":111}},"50":{"start":{"line":129,"column":70},"end":{"line":129,"column":111}},"51":{"start":{"line":133,"column":26},"end":{"line":149,"column":33}},"52":{"start":{"line":134,"column":3},"end":{"line":147,"column":4}},"53":{"start":{"line":135,"column":32},"end":{"line":135,"column":52}},"54":{"start":{"line":136,"column":4},"end":{"line":145,"column":5}},"55":{"start":{"line":138,"column":5},"end":{"line":144,"column":8}},"56":{"start":{"line":139,"column":6},"end":{"line":139,"column":95}},"57":{"start":{"line":140,"column":6},"end":{"line":140,"column":73}},"58":{"start":{"line":141,"column":6},"end":{"line":141,"column":25}},"59":{"start":{"line":142,"column":6},"end":{"line":142,"column":95}},"60":{"start":{"line":143,"column":6},"end":{"line":143,"column":33}},"61":{"start":{"line":146,"column":4},"end":{"line":146,"column":42}},"62":{"start":{"line":148,"column":3},"end":{"line":148,"column":15}},"63":{"start":{"line":152,"column":2},"end":{"line":152,"column":32}},"64":{"start":{"line":153,"column":2},"end":{"line":156,"column":5}},"65":{"start":{"line":154,"column":3},"end":{"line":154,"column":39}},"66":{"start":{"line":155,"column":3},"end":{"line":155,"column":13}},"67":{"start":{"line":158,"column":2},"end":{"line":158,"column":23}},"68":{"start":{"line":159,"column":2},"end":{"line":161,"column":5}},"69":{"start":{"line":160,"column":3},"end":{"line":160,"column":57}},"70":{"start":{"line":163,"column":2},"end":{"line":163,"column":14}},"71":{"start":{"line":167,"column":2},"end":{"line":167,"column":26}},"72":{"start":{"line":168,"column":2},"end":{"line":168,"column":33}},"73":{"start":{"line":172,"column":2},"end":{"line":172,"column":29}},"74":{"start":{"line":176,"column":2},"end":{"line":176,"column":29}},"75":{"start":{"line":180,"column":2},"end":{"line":180,"column":27}},"76":{"start":{"line":184,"column":2},"end":{"line":184,"column":33}},"77":{"start":{"line":188,"column":2},"end":{"line":188,"column":48}},"78":{"start":{"line":188,"column":24},"end":{"line":188,"column":48}},"79":{"start":{"line":189,"column":2},"end":{"line":189,"column":54}},"80":{"start":{"line":193,"column":2},"end":{"line":193,"column":48}},"81":{"start":{"line":193,"column":24},"end":{"line":193,"column":48}},"82":{"start":{"line":194,"column":2},"end":{"line":194,"column":54}},"83":{"start":{"line":198,"column":2},"end":{"line":198,"column":26}},"84":{"start":{"line":202,"column":2},"end":{"line":202,"column":42}},"85":{"start":{"line":202,"column":21},"end":{"line":202,"column":42}},"86":{"start":{"line":203,"column":2},"end":{"line":203,"column":54}}},"fnMap":{"0":{"name":"(anonymous_0)","decl":{"start":{"line":43,"column":1},"end":{"line":43,"column":2}},"loc":{"start":{"line":43,"column":43},"end":{"line":78,"column":2}},"line":43},"1":{"name":"(anonymous_1)","decl":{"start":{"line":56,"column":50},"end":{"line":56,"column":51}},"loc":{"start":{"line":56,"column":64},"end":{"line":60,"column":4}},"line":56},"2":{"name":"(anonymous_2)","decl":{"start":{"line":67,"column":3},"end":{"line":67,"column":4}},"loc":{"start":{"line":67,"column":21},"end":{"line":75,"column":4}},"line":67},"3":{"name":"(anonymous_3)","decl":{"start":{"line":80,"column":1},"end":{"line":80,"column":2}},"loc":{"start":{"line":80,"column":15},"end":{"line":164,"column":2}},"line":80},"4":{"name":"(anonymous_4)","decl":{"start":{"line":94,"column":3},"end":{"line":94,"column":4}},"loc":{"start":{"line":94,"column":21},"end":{"line":102,"column":4}},"line":94},"5":{"name":"(anonymous_5)","decl":{"start":{"line":104,"column":30},"end":{"line":104,"column":31}},"loc":{"start":{"line":104,"column":36},"end":{"line":115,"column":5}},"line":104},"6":{"name":"(anonymous_6)","decl":{"start":{"line":105,"column":12},"end":{"line":105,"column":13}},"loc":{"start":{"line":105,"column":73},"end":{"line":114,"column":6}},"line":105},"7":{"name":"(anonymous_7)","decl":{"start":{"line":108,"column":34},"end":{"line":108,"column":35}},"loc":{"start":{"line":108,"column":44},"end":{"line":110,"column":7}},"line":108},"8":{"name":"(anonymous_8)","decl":{"start":{"line":121,"column":30},"end":{"line":121,"column":31}},"loc":{"start":{"line":121,"column":40},"end":{"line":123,"column":3}},"line":121},"9":{"name":"(anonymous_9)","decl":{"start":{"line":128,"column":30},"end":{"line":128,"column":31}},"loc":{"start":{"line":128,"column":40},"end":{"line":130,"column":3}},"line":128},"10":{"name":"(anonymous_10)","decl":{"start":{"line":133,"column":53},"end":{"line":133,"column":54}},"loc":{"start":{"line":133,"column":71},"end":{"line":149,"column":3}},"line":133},"11":{"name":"(anonymous_11)","decl":{"start":{"line":138,"column":31},"end":{"line":138,"column":32}},"loc":{"start":{"line":138,"column":38},"end":{"line":144,"column":6}},"line":138},"12":{"name":"(anonymous_12)","decl":{"start":{"line":153,"column":37},"end":{"line":153,"column":38}},"loc":{"start":{"line":153,"column":44},"end":{"line":156,"column":3}},"line":153},"13":{"name":"(anonymous_13)","decl":{"start":{"line":159,"column":50},"end":{"line":159,"column":51}},"loc":{"start":{"line":159,"column":56},"end":{"line":161,"column":3}},"line":159},"14":{"name":"(anonymous_14)","decl":{"start":{"line":166,"column":1},"end":{"line":166,"column":2}},"loc":{"start":{"line":166,"column":14},"end":{"line":169,"column":2}},"line":166},"15":{"name":"(anonymous_15)","decl":{"start":{"line":171,"column":1},"end":{"line":171,"column":2}},"loc":{"start":{"line":171,"column":18},"end":{"line":173,"column":2}},"line":171},"16":{"name":"(anonymous_16)","decl":{"start":{"line":175,"column":1},"end":{"line":175,"column":2}},"loc":{"start":{"line":175,"column":15},"end":{"line":177,"column":2}},"line":175},"17":{"name":"(anonymous_17)","decl":{"start":{"line":179,"column":1},"end":{"line":179,"column":2}},"loc":{"start":{"line":179,"column":19},"end":{"line":181,"column":2}},"line":179},"18":{"name":"(anonymous_18)","decl":{"start":{"line":183,"column":1},"end":{"line":183,"column":2}},"loc":{"start":{"line":183,"column":60},"end":{"line":185,"column":2}},"line":183},"19":{"name":"(anonymous_19)","decl":{"start":{"line":187,"column":1},"end":{"line":187,"column":2}},"loc":{"start":{"line":187,"column":31},"end":{"line":190,"column":2}},"line":187},"20":{"name":"(anonymous_20)","decl":{"start":{"line":192,"column":1},"end":{"line":192,"column":2}},"loc":{"start":{"line":192,"column":26},"end":{"line":195,"column":2}},"line":192},"21":{"name":"(anonymous_21)","decl":{"start":{"line":197,"column":1},"end":{"line":197,"column":2}},"loc":{"start":{"line":197,"column":18},"end":{"line":199,"column":2}},"line":197},"22":{"name":"(anonymous_22)","decl":{"start":{"line":201,"column":1},"end":{"line":201,"column":2}},"loc":{"start":{"line":201,"column":29},"end":{"line":204,"column":2}},"line":201}},"branchMap":{"0":{"loc":{"start":{"line":54,"column":2},"end":{"line":61,"column":3}},"type":"if","locations":[{"start":{"line":54,"column":2},"end":{"line":61,"column":3}},{"start":{"line":54,"column":2},"end":{"line":61,"column":3}}],"line":54},"1":{"loc":{"start":{"line":58,"column":27},"end":{"line":58,"column":68}},"type":"binary-expr","locations":[{"start":{"line":58,"column":27},"end":{"line":58,"column":48}},{"start":{"line":58,"column":52},"end":{"line":58,"column":68}}],"line":58},"2":{"loc":{"start":{"line":68,"column":4},"end":{"line":73,"column":5}},"type":"if","locations":[{"start":{"line":68,"column":4},"end":{"line":73,"column":5}},{"start":{"line":68,"column":4},"end":{"line":73,"column":5}}],"line":68},"3":{"loc":{"start":{"line":68,"column":8},"end":{"line":68,"column":60}},"type":"binary-expr","locations":[{"start":{"line":68,"column":8},"end":{"line":68,"column":26}},{"start":{"line":68,"column":30},"end":{"line":68,"column":60}}],"line":68},"4":{"loc":{"start":{"line":76,"column":31},"end":{"line":76,"column":55}},"type":"binary-expr","locations":[{"start":{"line":76,"column":31},"end":{"line":76,"column":49}},{"start":{"line":76,"column":53},"end":{"line":76,"column":55}}],"line":76},"5":{"loc":{"start":{"line":81,"column":2},"end":{"line":81,"column":66}},"type":"if","locations":[{"start":{"line":81,"column":2},"end":{"line":81,"column":66}},{"start":{"line":81,"column":2},"end":{"line":81,"column":66}}],"line":81},"6":{"loc":{"start":{"line":95,"column":4},"end":{"line":100,"column":5}},"type":"if","locations":[{"start":{"line":95,"column":4},"end":{"line":100,"column":5}},{"start":{"line":95,"column":4},"end":{"line":100,"column":5}}],"line":95},"7":{"loc":{"start":{"line":95,"column":8},"end":{"line":95,"column":58}},"type":"binary-expr","locations":[{"start":{"line":95,"column":8},"end":{"line":95,"column":25}},{"start":{"line":95,"column":29},"end":{"line":95,"column":58}}],"line":95},"8":{"loc":{"start":{"line":109,"column":7},"end":{"line":109,"column":99}},"type":"if","locations":[{"start":{"line":109,"column":7},"end":{"line":109,"column":99}},{"start":{"line":109,"column":7},"end":{"line":109,"column":99}}],"line":109},"9":{"loc":{"start":{"line":109,"column":11},"end":{"line":109,"column":55}},"type":"binary-expr","locations":[{"start":{"line":109,"column":11},"end":{"line":109,"column":25}},{"start":{"line":109,"column":29},"end":{"line":109,"column":55}}],"line":109},"10":{"loc":{"start":{"line":122,"column":3},"end":{"line":122,"column":80}},"type":"if","locations":[{"start":{"line":122,"column":3},"end":{"line":122,"column":80}},{"start":{"line":122,"column":3},"end":{"line":122,"column":80}}],"line":122},"11":{"loc":{"start":{"line":122,"column":7},"end":{"line":122,"column":55}},"type":"binary-expr","locations":[{"start":{"line":122,"column":7},"end":{"line":122,"column":23}},{"start":{"line":122,"column":27},"end":{"line":122,"column":55}}],"line":122},"12":{"loc":{"start":{"line":129,"column":3},"end":{"line":129,"column":111}},"type":"if","locations":[{"start":{"line":129,"column":3},"end":{"line":129,"column":111}},{"start":{"line":129,"column":3},"end":{"line":129,"column":111}}],"line":129},"13":{"loc":{"start":{"line":129,"column":7},"end":{"line":129,"column":68}},"type":"binary-expr","locations":[{"start":{"line":129,"column":7},"end":{"line":129,"column":21}},{"start":{"line":129,"column":25},"end":{"line":129,"column":51}},{"start":{"line":129,"column":55},"end":{"line":129,"column":68}}],"line":129},"14":{"loc":{"start":{"line":134,"column":3},"end":{"line":147,"column":4}},"type":"if","locations":[{"start":{"line":134,"column":3},"end":{"line":147,"column":4}},{"start":{"line":134,"column":3},"end":{"line":147,"column":4}}],"line":134},"15":{"loc":{"start":{"line":134,"column":7},"end":{"line":134,"column":51}},"type":"binary-expr","locations":[{"start":{"line":134,"column":7},"end":{"line":134,"column":21}},{"start":{"line":134,"column":25},"end":{"line":134,"column":51}}],"line":134},"16":{"loc":{"start":{"line":136,"column":4},"end":{"line":145,"column":5}},"type":"if","locations":[{"start":{"line":136,"column":4},"end":{"line":145,"column":5}},{"start":{"line":136,"column":4},"end":{"line":145,"column":5}}],"line":136},"17":{"loc":{"start":{"line":136,"column":8},"end":{"line":136,"column":67}},"type":"binary-expr","locations":[{"start":{"line":136,"column":8},"end":{"line":136,"column":27}},{"start":{"line":136,"column":31},"end":{"line":136,"column":67}}],"line":136},"18":{"loc":{"start":{"line":188,"column":2},"end":{"line":188,"column":48}},"type":"if","locations":[{"start":{"line":188,"column":2},"end":{"line":188,"column":48}},{"start":{"line":188,"column":2},"end":{"line":188,"column":48}}],"line":188},"19":{"loc":{"start":{"line":193,"column":2},"end":{"line":193,"column":48}},"type":"if","locations":[{"start":{"line":193,"column":2},"end":{"line":193,"column":48}},{"start":{"line":193,"column":2},"end":{"line":193,"column":48}}],"line":193},"20":{"loc":{"start":{"line":202,"column":2},"end":{"line":202,"column":42}},"type":"if","locations":[{"start":{"line":202,"column":2},"end":{"line":202,"column":42}},{"start":{"line":202,"column":2},"end":{"line":202,"column":42}}],"line":202}},"s":{"0":0,"1":0,"2":0,"3":0,"4":0,"5":0,"6":0,"7":0,"8":0,"9":0,"10":0,"11":0,"12":0,"13":0,"14":0,"15":0,"16":0,"17":0,"18":0,"19":0,"20":0,"21":0,"22":0,"23":0,"24":0,"25":0,"26":0,"27":0,"28":0,"29":0,"30":0,"31":0,"32":0,"33":0,"34":0,"35":0,"36":0,"37":0,"38":0,"39":0,"40":0,"41":0,"42":0,"43":0,"44":0,"45":0,"46":0,"47":0,"48":0,"49":0,"50":0,"51":0,"52":0,"53":0,"54":0,"55":0,"56":0,"57":0,"58":0,"59":0,"60":0,"61":0,"62":0,"63":0,"64":0,"65":0,"66":0,"67":0,"68":0,"69":0,"70":0,"71":0,"72":0,"73":0,"74":0,"75":0,"76":0,"77":0,"78":0,"79":0,"80":0,"81":0,"82":0,"83":0,"84":0,"85":0,"86":0},"f":{"0":0,"1":0,"2":0,"3":0,"4":0,"5":0,"6":0,"7":0,"8":0,"9":0,"10":0,"11":0,"12":0,"13":0,"14":0,"15":0,"16":0,"17":0,"18":0,"19":0,"20":0,"21":0,"22":0},"b":{"0":[0,0],"1":[0,0],"2":[0,0],"3":[0,0],"4":[0,0],"5":[0,0],"6":[0,0],"7":[0,0],"8":[0,0],"9":[0,0],"10":[0,0],"11":[0,0],"12":[0,0],"13":[0,0,0],"14":[0,0],"15":[0,0],"16":[0,0],"17":[0,0],"18":[0,0],"19":[0,0],"20":[0,0]},"hash":"078d2722be3957967b9d084966bf9b8bd661e195"}
,"/home/mike/dev/imperium/packages/server/src/defaultEnvironment.ts": {"path":"/home/mike/dev/imperium/packages/server/src/defaultEnvironment.ts","statementMap":{"0":{"start":{"line":3,"column":48},"end":{"line":8,"column":1}}},"fnMap":{},"branchMap":{"0":{"loc":{"start":{"line":4,"column":16},"end":{"line":4,"column":42}},"type":"binary-expr","locations":[{"start":{"line":4,"column":16},"end":{"line":4,"column":32}},{"start":{"line":4,"column":36},"end":{"line":4,"column":42}}],"line":4},"1":{"loc":{"start":{"line":5,"column":10},"end":{"line":5,"column":36}},"type":"binary-expr","locations":[{"start":{"line":5,"column":10},"end":{"line":5,"column":30}},{"start":{"line":5,"column":34},"end":{"line":5,"column":36}}],"line":5},"2":{"loc":{"start":{"line":6,"column":13},"end":{"line":6,"column":88}},"type":"binary-expr","locations":[{"start":{"line":6,"column":13},"end":{"line":6,"column":50}},{"start":{"line":6,"column":54},"end":{"line":6,"column":88}}],"line":6}},"s":{"0":0},"f":{},"b":{"0":[0,0],"1":[0,0],"2":[0,0]},"hash":"7cd6fc7a339a441080d2442f160e2e6638520867"}
,"/home/mike/dev/imperium/packages/server/src/index.ts": {"path":"/home/mike/dev/imperium/packages/server/src/index.ts","statementMap":{},"fnMap":{},"branchMap":{},"s":{},"f":{},"b":{},"hash":"2771d81088da9b9757db272d326be84d4cedb839"}
,"/home/mike/dev/imperium/packages/server/src/types.ts": {"path":"/home/mike/dev/imperium/packages/server/src/types.ts","statementMap":{},"fnMap":{},"branchMap":{},"s":{},"f":{},"b":{},"hash":"3719d896302b7c8579bf436dfda385245e0ea809"}
}
