<?xml version="1.0" encoding="UTF-8"?>
<coverage generated="1556307410694" clover="3.2.0">
  <project timestamp="1556307410694" name="All files">
    <metrics statements="43" coveredstatements="18" conditionals="50" coveredconditionals="24" methods="7" coveredmethods="2" elements="100" coveredelements="44" complexity="0" loc="43" ncloc="43" packages="1" files="6" classes="6"/>
    <file name="create.js" path="/home/mike/dev/imperium/packages/babel-preset-imperium/create.js">
      <metrics statements="20" coveredstatements="18" conditionals="34" coveredconditionals="24" methods="2" coveredmethods="2"/>
      <line num="3" count="1" type="stmt"/>
      <line num="4" count="15" type="cond" truecount="1" falsecount="1"/>
      <line num="5" count="15" type="stmt"/>
      <line num="7" count="15" type="cond" truecount="1" falsecount="1"/>
      <line num="8" count="0" type="stmt"/>
      <line num="10" count="15" type="stmt"/>
      <line num="13" count="1" type="stmt"/>
      <line num="14" count="3" type="cond" truecount="1" falsecount="1"/>
      <line num="15" count="3" type="stmt"/>
      <line num="19" count="3" type="stmt"/>
      <line num="20" count="3" type="stmt"/>
      <line num="21" count="3" type="stmt"/>
      <line num="24" count="3" type="stmt"/>
      <line num="25" count="3" type="stmt"/>
      <line num="26" count="3" type="stmt"/>
      <line num="27" count="3" type="stmt"/>
      <line num="28" count="3" type="stmt"/>
      <line num="30" count="3" type="cond" truecount="4" falsecount="1"/>
      <line num="31" count="0" type="stmt"/>
      <line num="40" count="3" type="stmt"/>
    </file>
    <file name="dependencies.js" path="/home/mike/dev/imperium/packages/babel-preset-imperium/dependencies.js">
      <metrics statements="10" coveredstatements="0" conditionals="14" coveredconditionals="0" methods="1" coveredmethods="0"/>
      <line num="2" count="0" type="stmt"/>
      <line num="3" count="0" type="cond" truecount="0" falsecount="2"/>
      <line num="4" count="0" type="stmt"/>
      <line num="13" count="0" type="cond" truecount="0" falsecount="2"/>
      <line num="14" count="0" type="stmt"/>
      <line num="15" count="0" type="stmt"/>
      <line num="16" count="0" type="stmt"/>
      <line num="17" count="0" type="cond" truecount="0" falsecount="5"/>
      <line num="18" count="0" type="stmt"/>
      <line num="27" count="0" type="stmt"/>
    </file>
    <file name="dev.js" path="/home/mike/dev/imperium/packages/babel-preset-imperium/dev.js">
      <metrics statements="3" coveredstatements="0" conditionals="0" coveredconditionals="0" methods="1" coveredmethods="0"/>
      <line num="2" count="0" type="stmt"/>
      <line num="4" count="0" type="stmt"/>
      <line num="5" count="0" type="stmt"/>
    </file>
    <file name="index.js" path="/home/mike/dev/imperium/packages/babel-preset-imperium/index.js">
      <metrics statements="4" coveredstatements="0" conditionals="2" coveredconditionals="0" methods="1" coveredmethods="0"/>
      <line num="2" count="0" type="stmt"/>
      <line num="4" count="0" type="stmt"/>
      <line num="11" count="0" type="cond" truecount="0" falsecount="2"/>
      <line num="12" count="0" type="stmt"/>
    </file>
    <file name="prod.js" path="/home/mike/dev/imperium/packages/babel-preset-imperium/prod.js">
      <metrics statements="3" coveredstatements="0" conditionals="0" coveredconditionals="0" methods="1" coveredmethods="0"/>
      <line num="2" count="0" type="stmt"/>
      <line num="4" count="0" type="stmt"/>
      <line num="5" count="0" type="stmt"/>
    </file>
    <file name="test.js" path="/home/mike/dev/imperium/packages/babel-preset-imperium/test.js">
      <metrics statements="3" coveredstatements="0" conditionals="0" coveredconditionals="0" methods="1" coveredmethods="0"/>
      <line num="2" count="0" type="stmt"/>
      <line num="4" count="0" type="stmt"/>
      <line num="5" count="0" type="stmt"/>
    </file>
  </project>
</coverage>
