{"/home/mike/dev/imperium/packages/babel-preset-imperium/create.js": {"path":"/home/mike/dev/imperium/packages/babel-preset-imperium/create.js","statementMap":{"0":{"start":{"line":3,"column":27},"end":{"line":11,"column":1}},"1":{"start":{"line":4,"column":1},"end":{"line":6,"column":2}},"2":{"start":{"line":5,"column":2},"end":{"line":5,"column":23}},"3":{"start":{"line":7,"column":1},"end":{"line":9,"column":2}},"4":{"start":{"line":8,"column":2},"end":{"line":8,"column":74}},"5":{"start":{"line":10,"column":1},"end":{"line":10,"column":14}},"6":{"start":{"line":13,"column":0},"end":{"line":165,"column":2}},"7":{"start":{"line":14,"column":1},"end":{"line":16,"column":2}},"8":{"start":{"line":15,"column":2},"end":{"line":15,"column":12}},"9":{"start":{"line":19,"column":24},"end":{"line":19,"column":45}},"10":{"start":{"line":20,"column":23},"end":{"line":20,"column":43}},"11":{"start":{"line":21,"column":17},"end":{"line":21,"column":31}},"12":{"start":{"line":24,"column":15},"end":{"line":24,"column":61}},"13":{"start":{"line":25,"column":16},"end":{"line":25,"column":64}},"14":{"start":{"line":26,"column":20},"end":{"line":26,"column":80}},"15":{"start":{"line":27,"column":18},"end":{"line":27,"column":64}},"16":{"start":{"line":28,"column":24},"end":{"line":28,"column":80}},"17":{"start":{"line":30,"column":1},"end":{"line":38,"column":2}},"18":{"start":{"line":31,"column":2},"end":{"line":37,"column":4}},"19":{"start":{"line":40,"column":1},"end":{"line":164,"column":3}}},"fnMap":{"0":{"name":"(anonymous_0)","decl":{"start":{"line":3,"column":27},"end":{"line":3,"column":28}},"loc":{"start":{"line":3,"column":58},"end":{"line":11,"column":1}},"line":3},"1":{"name":"(anonymous_1)","decl":{"start":{"line":13,"column":17},"end":{"line":13,"column":18}},"loc":{"start":{"line":13,"column":42},"end":{"line":165,"column":1}},"line":13}},"branchMap":{"0":{"loc":{"start":{"line":4,"column":1},"end":{"line":6,"column":2}},"type":"if","locations":[{"start":{"line":4,"column":1},"end":{"line":6,"column":2}},{"start":{"line":4,"column":1},"end":{"line":6,"column":2}}],"line":4},"1":{"loc":{"start":{"line":7,"column":1},"end":{"line":9,"column":2}},"type":"if","locations":[{"start":{"line":7,"column":1},"end":{"line":9,"column":2}},{"start":{"line":7,"column":1},"end":{"line":9,"column":2}}],"line":7},"2":{"loc":{"start":{"line":14,"column":1},"end":{"line":16,"column":2}},"type":"if","locations":[{"start":{"line":14,"column":1},"end":{"line":16,"column":2}},{"start":{"line":14,"column":1},"end":{"line":16,"column":2}}],"line":14},"3":{"loc":{"start":{"line":30,"column":1},"end":{"line":38,"column":2}},"type":"if","locations":[{"start":{"line":30,"column":1},"end":{"line":38,"column":2}},{"start":{"line":30,"column":1},"end":{"line":38,"column":2}}],"line":30},"4":{"loc":{"start":{"line":30,"column":5},"end":{"line":30,"column":56}},"type":"binary-expr","locations":[{"start":{"line":30,"column":5},"end":{"line":30,"column":22}},{"start":{"line":30,"column":26},"end":{"line":30,"column":42}},{"start":{"line":30,"column":46},"end":{"line":30,"column":56}}],"line":30},"5":{"loc":{"start":{"line":43,"column":3},"end":{"line":55,"column":4}},"type":"binary-expr","locations":[{"start":{"line":43,"column":3},"end":{"line":43,"column":12}},{"start":{"line":43,"column":16},"end":{"line":55,"column":4}}],"line":43},"6":{"loc":{"start":{"line":53,"column":14},"end":{"line":53,"column":82}},"type":"cond-expr","locations":[{"start":{"line":53,"column":64},"end":{"line":53,"column":74}},{"start":{"line":53,"column":77},"end":{"line":53,"column":82}}],"line":53},"7":{"loc":{"start":{"line":53,"column":15},"end":{"line":53,"column":60}},"type":"binary-expr","locations":[{"start":{"line":53,"column":15},"end":{"line":53,"column":27}},{"start":{"line":53,"column":31},"end":{"line":53,"column":47}},{"start":{"line":53,"column":51},"end":{"line":53,"column":60}}],"line":53},"8":{"loc":{"start":{"line":58,"column":3},"end":{"line":70,"column":4}},"type":"binary-expr","locations":[{"start":{"line":58,"column":3},"end":{"line":58,"column":11}},{"start":{"line":58,"column":15},"end":{"line":70,"column":4}}],"line":58},"9":{"loc":{"start":{"line":73,"column":3},"end":{"line":83,"column":4}},"type":"binary-expr","locations":[{"start":{"line":73,"column":4},"end":{"line":73,"column":12}},{"start":{"line":73,"column":16},"end":{"line":73,"column":26}},{"start":{"line":73,"column":31},"end":{"line":83,"column":4}}],"line":73},"10":{"loc":{"start":{"line":78,"column":18},"end":{"line":78,"column":47}},"type":"binary-expr","locations":[{"start":{"line":78,"column":18},"end":{"line":78,"column":34}},{"start":{"line":78,"column":38},"end":{"line":78,"column":47}}],"line":78},"11":{"loc":{"start":{"line":86,"column":3},"end":{"line":88,"column":4}},"type":"binary-expr","locations":[{"start":{"line":86,"column":3},"end":{"line":86,"column":19}},{"start":{"line":86,"column":23},"end":{"line":88,"column":4}}],"line":86},"12":{"loc":{"start":{"line":131,"column":3},"end":{"line":137,"column":4}},"type":"binary-expr","locations":[{"start":{"line":131,"column":3},"end":{"line":131,"column":18}},{"start":{"line":131,"column":22},"end":{"line":131,"column":30}},{"start":{"line":131,"column":34},"end":{"line":137,"column":4}}],"line":131},"13":{"loc":{"start":{"line":153,"column":3},"end":{"line":153,"column":72}},"type":"binary-expr","locations":[{"start":{"line":153,"column":3},"end":{"line":153,"column":12}},{"start":{"line":153,"column":16},"end":{"line":153,"column":72}}],"line":153},"14":{"loc":{"start":{"line":157,"column":3},"end":{"line":162,"column":4}},"type":"binary-expr","locations":[{"start":{"line":157,"column":3},"end":{"line":157,"column":12}},{"start":{"line":157,"column":16},"end":{"line":162,"column":4}}],"line":157}},"s":{"0":1,"1":15,"2":15,"3":15,"4":0,"5":15,"6":1,"7":3,"8":3,"9":3,"10":3,"11":3,"12":3,"13":3,"14":3,"15":3,"16":3,"17":3,"18":0,"19":3},"f":{"0":15,"1":3},"b":{"0":[15,0],"1":[0,15],"2":[3,0],"3":[0,3],"4":[3,2,1],"5":[3,3],"6":[2,1],"7":[3,3,2],"8":[3,0],"9":[3,3,0],"10":[0,0],"11":[3,0],"12":[3,1,0],"13":[3,1],"14":[3,3]},"_coverageSchema":"43e27e138ebf9cfc5966b082cf9a028302ed4184","hash":"87f3e1ed249c567fb9defd8b94629d60e7ba98d7"}
,"/home/mike/dev/imperium/packages/babel-preset-imperium/dependencies.js": {"path":"/home/mike/dev/imperium/packages/babel-preset-imperium/dependencies.js","statementMap":{"0":{"start":{"line":2,"column":0},"end":{"line":50,"column":2}},"1":{"start":{"line":3,"column":1},"end":{"line":5,"column":2}},"2":{"start":{"line":4,"column":2},"end":{"line":4,"column":12}},"3":{"start":{"line":13,"column":11},"end":{"line":13,"column":56}},"4":{"start":{"line":14,"column":24},"end":{"line":14,"column":45}},"5":{"start":{"line":15,"column":23},"end":{"line":15,"column":43}},"6":{"start":{"line":16,"column":17},"end":{"line":16,"column":31}},"7":{"start":{"line":17,"column":1},"end":{"line":25,"column":2}},"8":{"start":{"line":18,"column":2},"end":{"line":24,"column":4}},"9":{"start":{"line":27,"column":1},"end":{"line":49,"column":3}}},"fnMap":{"0":{"name":"(anonymous_0)","decl":{"start":{"line":2,"column":17},"end":{"line":2,"column":18}},"loc":{"start":{"line":2,"column":37},"end":{"line":50,"column":1}},"line":2}},"branchMap":{"0":{"loc":{"start":{"line":3,"column":1},"end":{"line":5,"column":2}},"type":"if","locations":[{"start":{"line":3,"column":1},"end":{"line":5,"column":2}},{"start":{"line":3,"column":1},"end":{"line":5,"column":2}}],"line":3},"1":{"loc":{"start":{"line":13,"column":11},"end":{"line":13,"column":56}},"type":"binary-expr","locations":[{"start":{"line":13,"column":11},"end":{"line":13,"column":32}},{"start":{"line":13,"column":36},"end":{"line":13,"column":56}}],"line":13},"2":{"loc":{"start":{"line":17,"column":1},"end":{"line":25,"column":2}},"type":"if","locations":[{"start":{"line":17,"column":1},"end":{"line":25,"column":2}},{"start":{"line":17,"column":1},"end":{"line":25,"column":2}}],"line":17},"3":{"loc":{"start":{"line":17,"column":5},"end":{"line":17,"column":56}},"type":"binary-expr","locations":[{"start":{"line":17,"column":5},"end":{"line":17,"column":22}},{"start":{"line":17,"column":26},"end":{"line":17,"column":42}},{"start":{"line":17,"column":46},"end":{"line":17,"column":56}}],"line":17},"4":{"loc":{"start":{"line":29,"column":3},"end":{"line":39,"column":4}},"type":"binary-expr","locations":[{"start":{"line":29,"column":3},"end":{"line":29,"column":12}},{"start":{"line":29,"column":16},"end":{"line":39,"column":4}}],"line":29},"5":{"loc":{"start":{"line":40,"column":3},"end":{"line":47,"column":4}},"type":"binary-expr","locations":[{"start":{"line":40,"column":4},"end":{"line":40,"column":19}},{"start":{"line":40,"column":23},"end":{"line":40,"column":39}},{"start":{"line":40,"column":44},"end":{"line":47,"column":4}}],"line":40}},"s":{"0":0,"1":0,"2":0,"3":0,"4":0,"5":0,"6":0,"7":0,"8":0,"9":0},"f":{"0":0},"b":{"0":[0,0],"1":[0,0],"2":[0,0],"3":[0,0,0],"4":[0,0],"5":[0,0,0]}}
,"/home/mike/dev/imperium/packages/babel-preset-imperium/dev.js": {"path":"/home/mike/dev/imperium/packages/babel-preset-imperium/dev.js","statementMap":{"0":{"start":{"line":2,"column":15},"end":{"line":2,"column":34}},"1":{"start":{"line":4,"column":0},"end":{"line":6,"column":2}},"2":{"start":{"line":5,"column":1},"end":{"line":5,"column":41}}},"fnMap":{"0":{"name":"(anonymous_0)","decl":{"start":{"line":4,"column":17},"end":{"line":4,"column":18}},"loc":{"start":{"line":4,"column":37},"end":{"line":6,"column":1}},"line":4}},"branchMap":{},"s":{"0":0,"1":0,"2":0},"f":{"0":0},"b":{}}
,"/home/mike/dev/imperium/packages/babel-preset-imperium/index.js": {"path":"/home/mike/dev/imperium/packages/babel-preset-imperium/index.js","statementMap":{"0":{"start":{"line":2,"column":15},"end":{"line":2,"column":34}},"1":{"start":{"line":4,"column":0},"end":{"line":13,"column":2}},"2":{"start":{"line":11,"column":13},"end":{"line":11,"column":58}},"3":{"start":{"line":12,"column":1},"end":{"line":12,"column":31}}},"fnMap":{"0":{"name":"(anonymous_0)","decl":{"start":{"line":4,"column":17},"end":{"line":4,"column":18}},"loc":{"start":{"line":4,"column":37},"end":{"line":13,"column":1}},"line":4}},"branchMap":{"0":{"loc":{"start":{"line":11,"column":13},"end":{"line":11,"column":58}},"type":"binary-expr","locations":[{"start":{"line":11,"column":13},"end":{"line":11,"column":34}},{"start":{"line":11,"column":38},"end":{"line":11,"column":58}}],"line":11}},"s":{"0":0,"1":0,"2":0,"3":0},"f":{"0":0},"b":{"0":[0,0]}}
,"/home/mike/dev/imperium/packages/babel-preset-imperium/prod.js": {"path":"/home/mike/dev/imperium/packages/babel-preset-imperium/prod.js","statementMap":{"0":{"start":{"line":2,"column":15},"end":{"line":2,"column":34}},"1":{"start":{"line":4,"column":0},"end":{"line":6,"column":2}},"2":{"start":{"line":5,"column":1},"end":{"line":5,"column":40}}},"fnMap":{"0":{"name":"(anonymous_0)","decl":{"start":{"line":4,"column":17},"end":{"line":4,"column":18}},"loc":{"start":{"line":4,"column":37},"end":{"line":6,"column":1}},"line":4}},"branchMap":{},"s":{"0":0,"1":0,"2":0},"f":{"0":0},"b":{}}
,"/home/mike/dev/imperium/packages/babel-preset-imperium/test.js": {"path":"/home/mike/dev/imperium/packages/babel-preset-imperium/test.js","statementMap":{"0":{"start":{"line":2,"column":15},"end":{"line":2,"column":34}},"1":{"start":{"line":4,"column":0},"end":{"line":6,"column":2}},"2":{"start":{"line":5,"column":1},"end":{"line":5,"column":34}}},"fnMap":{"0":{"name":"(anonymous_0)","decl":{"start":{"line":4,"column":17},"end":{"line":4,"column":18}},"loc":{"start":{"line":4,"column":37},"end":{"line":6,"column":1}},"line":4}},"branchMap":{},"s":{"0":0,"1":0,"2":0},"f":{"0":0},"b":{}}
}
