{"/home/mike/dev/imperium/packages/babel-preset-imperium/create.js": {"path":"/home/mike/dev/imperium/packages/babel-preset-imperium/create.js","statementMap":{"0":{"start":{"line":3,"column":27},"end":{"line":11,"column":1}},"1":{"start":{"line":4,"column":1},"end":{"line":6,"column":2}},"2":{"start":{"line":5,"column":2},"end":{"line":5,"column":23}},"3":{"start":{"line":7,"column":1},"end":{"line":9,"column":2}},"4":{"start":{"line":8,"column":2},"end":{"line":8,"column":74}},"5":{"start":{"line":10,"column":1},"end":{"line":10,"column":14}},"6":{"start":{"line":13,"column":0},"end":{"line":155,"column":2}},"7":{"start":{"line":14,"column":1},"end":{"line":16,"column":2}},"8":{"start":{"line":15,"column":2},"end":{"line":15,"column":12}},"9":{"start":{"line":19,"column":24},"end":{"line":19,"column":45}},"10":{"start":{"line":20,"column":23},"end":{"line":20,"column":43}},"11":{"start":{"line":21,"column":17},"end":{"line":21,"column":31}},"12":{"start":{"line":24,"column":15},"end":{"line":24,"column":61}},"13":{"start":{"line":25,"column":16},"end":{"line":25,"column":64}},"14":{"start":{"line":26,"column":20},"end":{"line":26,"column":80}},"15":{"start":{"line":27,"column":18},"end":{"line":27,"column":64}},"16":{"start":{"line":29,"column":1},"end":{"line":37,"column":2}},"17":{"start":{"line":30,"column":2},"end":{"line":36,"column":4}},"18":{"start":{"line":39,"column":1},"end":{"line":154,"column":3}}},"fnMap":{"0":{"name":"(anonymous_0)","decl":{"start":{"line":3,"column":27},"end":{"line":3,"column":28}},"loc":{"start":{"line":3,"column":58},"end":{"line":11,"column":1}},"line":3},"1":{"name":"(anonymous_1)","decl":{"start":{"line":13,"column":17},"end":{"line":13,"column":18}},"loc":{"start":{"line":13,"column":42},"end":{"line":155,"column":1}},"line":13}},"branchMap":{"0":{"loc":{"start":{"line":4,"column":1},"end":{"line":6,"column":2}},"type":"if","locations":[{"start":{"line":4,"column":1},"end":{"line":6,"column":2}},{"start":{"line":4,"column":1},"end":{"line":6,"column":2}}],"line":4},"1":{"loc":{"start":{"line":7,"column":1},"end":{"line":9,"column":2}},"type":"if","locations":[{"start":{"line":7,"column":1},"end":{"line":9,"column":2}},{"start":{"line":7,"column":1},"end":{"line":9,"column":2}}],"line":7},"2":{"loc":{"start":{"line":14,"column":1},"end":{"line":16,"column":2}},"type":"if","locations":[{"start":{"line":14,"column":1},"end":{"line":16,"column":2}},{"start":{"line":14,"column":1},"end":{"line":16,"column":2}}],"line":14},"3":{"loc":{"start":{"line":29,"column":1},"end":{"line":37,"column":2}},"type":"if","locations":[{"start":{"line":29,"column":1},"end":{"line":37,"column":2}},{"start":{"line":29,"column":1},"end":{"line":37,"column":2}}],"line":29},"4":{"loc":{"start":{"line":29,"column":5},"end":{"line":29,"column":56}},"type":"binary-expr","locations":[{"start":{"line":29,"column":5},"end":{"line":29,"column":22}},{"start":{"line":29,"column":26},"end":{"line":29,"column":42}},{"start":{"line":29,"column":46},"end":{"line":29,"column":56}}],"line":29},"5":{"loc":{"start":{"line":41,"column":3},"end":{"line":51,"column":4}},"type":"binary-expr","locations":[{"start":{"line":41,"column":3},"end":{"line":41,"column":12}},{"start":{"line":41,"column":16},"end":{"line":51,"column":4}}],"line":41},"6":{"loc":{"start":{"line":49,"column":14},"end":{"line":49,"column":82}},"type":"cond-expr","locations":[{"start":{"line":49,"column":64},"end":{"line":49,"column":74}},{"start":{"line":49,"column":77},"end":{"line":49,"column":82}}],"line":49},"7":{"loc":{"start":{"line":49,"column":15},"end":{"line":49,"column":60}},"type":"binary-expr","locations":[{"start":{"line":49,"column":15},"end":{"line":49,"column":27}},{"start":{"line":49,"column":31},"end":{"line":49,"column":47}},{"start":{"line":49,"column":51},"end":{"line":49,"column":60}}],"line":49},"8":{"loc":{"start":{"line":52,"column":3},"end":{"line":65,"column":4}},"type":"binary-expr","locations":[{"start":{"line":52,"column":3},"end":{"line":52,"column":11}},{"start":{"line":52,"column":15},"end":{"line":65,"column":4}}],"line":52},"9":{"loc":{"start":{"line":66,"column":3},"end":{"line":76,"column":4}},"type":"binary-expr","locations":[{"start":{"line":66,"column":4},"end":{"line":66,"column":12}},{"start":{"line":66,"column":16},"end":{"line":66,"column":26}},{"start":{"line":66,"column":31},"end":{"line":76,"column":4}}],"line":66},"10":{"loc":{"start":{"line":71,"column":18},"end":{"line":71,"column":47}},"type":"binary-expr","locations":[{"start":{"line":71,"column":18},"end":{"line":71,"column":34}},{"start":{"line":71,"column":38},"end":{"line":71,"column":47}}],"line":71},"11":{"loc":{"start":{"line":120,"column":3},"end":{"line":126,"column":4}},"type":"binary-expr","locations":[{"start":{"line":120,"column":3},"end":{"line":120,"column":18}},{"start":{"line":120,"column":22},"end":{"line":120,"column":30}},{"start":{"line":120,"column":34},"end":{"line":126,"column":4}}],"line":120},"12":{"loc":{"start":{"line":141,"column":3},"end":{"line":141,"column":72}},"type":"binary-expr","locations":[{"start":{"line":141,"column":3},"end":{"line":141,"column":12}},{"start":{"line":141,"column":16},"end":{"line":141,"column":72}}],"line":141},"13":{"loc":{"start":{"line":144,"column":3},"end":{"line":144,"column":87}},"type":"binary-expr","locations":[{"start":{"line":144,"column":3},"end":{"line":144,"column":19}},{"start":{"line":144,"column":23},"end":{"line":144,"column":31}},{"start":{"line":144,"column":35},"end":{"line":144,"column":87}}],"line":144},"14":{"loc":{"start":{"line":147,"column":3},"end":{"line":152,"column":4}},"type":"binary-expr","locations":[{"start":{"line":147,"column":3},"end":{"line":147,"column":12}},{"start":{"line":147,"column":16},"end":{"line":152,"column":4}}],"line":147}},"s":{"0":1,"1":12,"2":12,"3":12,"4":0,"5":12,"6":1,"7":3,"8":3,"9":3,"10":3,"11":3,"12":3,"13":3,"14":3,"15":3,"16":3,"17":0,"18":3},"f":{"0":12,"1":3},"b":{"0":[12,0],"1":[0,12],"2":[3,0],"3":[0,3],"4":[3,2,1],"5":[3,3],"6":[2,1],"7":[3,3,2],"8":[3,0],"9":[3,3,0],"10":[0,0],"11":[3,1,0],"12":[3,1],"13":[3,1,0],"14":[3,3]},"_coverageSchema":"43e27e138ebf9cfc5966b082cf9a028302ed4184","hash":"63fe25f452c6d87ec5fe252b5d740c6083a80349"}
,"/home/mike/dev/imperium/packages/babel-preset-imperium/dependencies.js": {"path":"/home/mike/dev/imperium/packages/babel-preset-imperium/dependencies.js","statementMap":{"0":{"start":{"line":2,"column":0},"end":{"line":50,"column":2}},"1":{"start":{"line":3,"column":1},"end":{"line":5,"column":2}},"2":{"start":{"line":4,"column":2},"end":{"line":4,"column":12}},"3":{"start":{"line":13,"column":11},"end":{"line":13,"column":56}},"4":{"start":{"line":14,"column":24},"end":{"line":14,"column":45}},"5":{"start":{"line":15,"column":23},"end":{"line":15,"column":43}},"6":{"start":{"line":16,"column":17},"end":{"line":16,"column":31}},"7":{"start":{"line":17,"column":1},"end":{"line":25,"column":2}},"8":{"start":{"line":18,"column":2},"end":{"line":24,"column":4}},"9":{"start":{"line":27,"column":1},"end":{"line":49,"column":3}}},"fnMap":{"0":{"name":"(anonymous_0)","decl":{"start":{"line":2,"column":17},"end":{"line":2,"column":18}},"loc":{"start":{"line":2,"column":37},"end":{"line":50,"column":1}},"line":2}},"branchMap":{"0":{"loc":{"start":{"line":3,"column":1},"end":{"line":5,"column":2}},"type":"if","locations":[{"start":{"line":3,"column":1},"end":{"line":5,"column":2}},{"start":{"line":3,"column":1},"end":{"line":5,"column":2}}],"line":3},"1":{"loc":{"start":{"line":13,"column":11},"end":{"line":13,"column":56}},"type":"binary-expr","locations":[{"start":{"line":13,"column":11},"end":{"line":13,"column":32}},{"start":{"line":13,"column":36},"end":{"line":13,"column":56}}],"line":13},"2":{"loc":{"start":{"line":17,"column":1},"end":{"line":25,"column":2}},"type":"if","locations":[{"start":{"line":17,"column":1},"end":{"line":25,"column":2}},{"start":{"line":17,"column":1},"end":{"line":25,"column":2}}],"line":17},"3":{"loc":{"start":{"line":17,"column":5},"end":{"line":17,"column":56}},"type":"binary-expr","locations":[{"start":{"line":17,"column":5},"end":{"line":17,"column":22}},{"start":{"line":17,"column":26},"end":{"line":17,"column":42}},{"start":{"line":17,"column":46},"end":{"line":17,"column":56}}],"line":17},"4":{"loc":{"start":{"line":29,"column":3},"end":{"line":39,"column":4}},"type":"binary-expr","locations":[{"start":{"line":29,"column":3},"end":{"line":29,"column":12}},{"start":{"line":29,"column":16},"end":{"line":39,"column":4}}],"line":29},"5":{"loc":{"start":{"line":40,"column":3},"end":{"line":47,"column":4}},"type":"binary-expr","locations":[{"start":{"line":40,"column":4},"end":{"line":40,"column":19}},{"start":{"line":40,"column":23},"end":{"line":40,"column":39}},{"start":{"line":40,"column":44},"end":{"line":47,"column":4}}],"line":40}},"s":{"0":0,"1":0,"2":0,"3":0,"4":0,"5":0,"6":0,"7":0,"8":0,"9":0},"f":{"0":0},"b":{"0":[0,0],"1":[0,0],"2":[0,0],"3":[0,0,0],"4":[0,0],"5":[0,0,0]}}
,"/home/mike/dev/imperium/packages/babel-preset-imperium/dev.js": {"path":"/home/mike/dev/imperium/packages/babel-preset-imperium/dev.js","statementMap":{"0":{"start":{"line":2,"column":15},"end":{"line":2,"column":34}},"1":{"start":{"line":4,"column":0},"end":{"line":6,"column":2}},"2":{"start":{"line":5,"column":1},"end":{"line":5,"column":41}}},"fnMap":{"0":{"name":"(anonymous_0)","decl":{"start":{"line":4,"column":17},"end":{"line":4,"column":18}},"loc":{"start":{"line":4,"column":37},"end":{"line":6,"column":1}},"line":4}},"branchMap":{},"s":{"0":0,"1":0,"2":0},"f":{"0":0},"b":{}}
,"/home/mike/dev/imperium/packages/babel-preset-imperium/index.js": {"path":"/home/mike/dev/imperium/packages/babel-preset-imperium/index.js","statementMap":{"0":{"start":{"line":2,"column":15},"end":{"line":2,"column":34}},"1":{"start":{"line":4,"column":0},"end":{"line":13,"column":2}},"2":{"start":{"line":11,"column":13},"end":{"line":11,"column":58}},"3":{"start":{"line":12,"column":1},"end":{"line":12,"column":31}}},"fnMap":{"0":{"name":"(anonymous_0)","decl":{"start":{"line":4,"column":17},"end":{"line":4,"column":18}},"loc":{"start":{"line":4,"column":37},"end":{"line":13,"column":1}},"line":4}},"branchMap":{"0":{"loc":{"start":{"line":11,"column":13},"end":{"line":11,"column":58}},"type":"binary-expr","locations":[{"start":{"line":11,"column":13},"end":{"line":11,"column":34}},{"start":{"line":11,"column":38},"end":{"line":11,"column":58}}],"line":11}},"s":{"0":0,"1":0,"2":0,"3":0},"f":{"0":0},"b":{"0":[0,0]}}
,"/home/mike/dev/imperium/packages/babel-preset-imperium/prod.js": {"path":"/home/mike/dev/imperium/packages/babel-preset-imperium/prod.js","statementMap":{"0":{"start":{"line":2,"column":15},"end":{"line":2,"column":34}},"1":{"start":{"line":4,"column":0},"end":{"line":6,"column":2}},"2":{"start":{"line":5,"column":1},"end":{"line":5,"column":40}}},"fnMap":{"0":{"name":"(anonymous_0)","decl":{"start":{"line":4,"column":17},"end":{"line":4,"column":18}},"loc":{"start":{"line":4,"column":37},"end":{"line":6,"column":1}},"line":4}},"branchMap":{},"s":{"0":0,"1":0,"2":0},"f":{"0":0},"b":{}}
,"/home/mike/dev/imperium/packages/babel-preset-imperium/test.js": {"path":"/home/mike/dev/imperium/packages/babel-preset-imperium/test.js","statementMap":{"0":{"start":{"line":2,"column":15},"end":{"line":2,"column":34}},"1":{"start":{"line":4,"column":0},"end":{"line":6,"column":2}},"2":{"start":{"line":5,"column":1},"end":{"line":5,"column":34}}},"fnMap":{"0":{"name":"(anonymous_0)","decl":{"start":{"line":4,"column":17},"end":{"line":4,"column":18}},"loc":{"start":{"line":4,"column":37},"end":{"line":6,"column":1}},"line":4}},"branchMap":{},"s":{"0":0,"1":0,"2":0},"f":{"0":0},"b":{}}
}
