TN:
SF:/home/mike/dev/imperium/packages/babel-preset-imperium/create.js
FN:3,(anonymous_0)
FN:13,(anonymous_1)
FNF:2
FNH:2
FNDA:15,(anonymous_0)
FNDA:3,(anonymous_1)
DA:3,1
DA:4,15
DA:5,15
DA:7,15
DA:8,0
DA:10,15
DA:13,1
DA:14,3
DA:15,3
DA:19,3
DA:20,3
DA:21,3
DA:24,3
DA:25,3
DA:26,3
DA:27,3
DA:28,3
DA:30,3
DA:31,0
DA:40,3
LF:20
LH:18
BRDA:4,0,0,15
BRDA:4,0,1,0
BRDA:7,1,0,0
BRDA:7,1,1,15
BRDA:14,2,0,3
BRDA:14,2,1,0
BRDA:30,3,0,0
BRDA:30,3,1,3
BRDA:30,4,0,3
BRDA:30,4,1,2
BRDA:30,4,2,1
BRDA:43,5,0,3
BRDA:43,5,1,3
BRDA:53,6,0,2
BRDA:53,6,1,1
BRDA:53,7,0,3
BRDA:53,7,1,3
BRDA:53,7,2,2
BRDA:58,8,0,3
BRDA:58,8,1,0
BRDA:73,9,0,3
BRDA:73,9,1,3
BRDA:73,9,2,0
BRDA:78,10,0,0
BRDA:78,10,1,0
BRDA:86,11,0,3
BRDA:86,11,1,0
BRDA:131,12,0,3
BRDA:131,12,1,1
BRDA:131,12,2,0
BRDA:153,13,0,3
BRDA:153,13,1,1
BRDA:157,14,0,3
BRDA:157,14,1,3
BRF:34
BRH:24
end_of_record
TN:
SF:/home/mike/dev/imperium/packages/babel-preset-imperium/dependencies.js
FN:2,(anonymous_0)
FNF:1
FNH:0
FNDA:0,(anonymous_0)
DA:2,0
DA:3,0
DA:4,0
DA:13,0
DA:14,0
DA:15,0
DA:16,0
DA:17,0
DA:18,0
DA:27,0
LF:10
LH:0
BRDA:3,0,0,0
BRDA:3,0,1,0
BRDA:13,1,0,0
BRDA:13,1,1,0
BRDA:17,2,0,0
BRDA:17,2,1,0
BRDA:17,3,0,0
BRDA:17,3,1,0
BRDA:17,3,2,0
BRDA:29,4,0,0
BRDA:29,4,1,0
BRDA:40,5,0,0
BRDA:40,5,1,0
BRDA:40,5,2,0
BRF:14
BRH:0
end_of_record
TN:
SF:/home/mike/dev/imperium/packages/babel-preset-imperium/dev.js
FN:4,(anonymous_0)
FNF:1
FNH:0
FNDA:0,(anonymous_0)
DA:2,0
DA:4,0
DA:5,0
LF:3
LH:0
BRF:0
BRH:0
end_of_record
TN:
SF:/home/mike/dev/imperium/packages/babel-preset-imperium/index.js
FN:4,(anonymous_0)
FNF:1
FNH:0
FNDA:0,(anonymous_0)
DA:2,0
DA:4,0
DA:11,0
DA:12,0
LF:4
LH:0
BRDA:11,0,0,0
BRDA:11,0,1,0
BRF:2
BRH:0
end_of_record
TN:
SF:/home/mike/dev/imperium/packages/babel-preset-imperium/prod.js
FN:4,(anonymous_0)
FNF:1
FNH:0
FNDA:0,(anonymous_0)
DA:2,0
DA:4,0
DA:5,0
LF:3
LH:0
BRF:0
BRH:0
end_of_record
TN:
SF:/home/mike/dev/imperium/packages/babel-preset-imperium/test.js
FN:4,(anonymous_0)
FNF:1
FNH:0
FNDA:0,(anonymous_0)
DA:2,0
DA:4,0
DA:5,0
LF:3
LH:0
BRF:0
BRH:0
end_of_record
