<?xml version="1.0" encoding="UTF-8"?>
<coverage generated="1574367877142" clover="3.2.0">
  <project timestamp="1574367877142" name="All files">
    <metrics statements="8" coveredstatements="3" conditionals="16" coveredconditionals="14" methods="6" coveredmethods="2" elements="30" coveredelements="19" complexity="0" loc="8" ncloc="8" packages="1" files="4" classes="4"/>
    <file name="commonWebpack.ts" path="/home/mike/dev/imperium/packages/util/src/commonWebpack.ts">
      <metrics statements="1" coveredstatements="1" conditionals="14" coveredconditionals="14" methods="1" coveredmethods="1"/>
      <line num="15" count="4" type="stmt"/>
    </file>
    <file name="index.ts" path="/home/mike/dev/imperium/packages/util/src/index.ts">
      <metrics statements="0" coveredstatements="0" conditionals="0" coveredconditionals="0" methods="0" coveredmethods="0"/>
    </file>
    <file name="inspectLoader.ts" path="/home/mike/dev/imperium/packages/util/src/inspectLoader.ts">
      <metrics statements="4" coveredstatements="2" conditionals="0" coveredconditionals="0" methods="3" coveredmethods="1"/>
      <line num="7" count="1" type="stmt"/>
      <line num="10" count="0" type="stmt"/>
      <line num="25" count="8" type="stmt"/>
      <line num="30" count="0" type="stmt"/>
    </file>
    <file name="typeguards.ts" path="/home/mike/dev/imperium/packages/util/src/typeguards.ts">
      <metrics statements="3" coveredstatements="0" conditionals="2" coveredconditionals="0" methods="2" coveredmethods="0"/>
      <line num="3" count="0" type="stmt"/>
      <line num="8" count="0" type="cond" truecount="0" falsecount="2"/>
      <line num="9" count="0" type="stmt"/>
    </file>
  </project>
</coverage>
