{"/home/mike/dev/imperium/packages/util/src/commonWebpack.ts": {"path":"/home/mike/dev/imperium/packages/util/src/commonWebpack.ts","statementMap":{"0":{"start":{"line":15,"column":1},"end":{"line":70,"column":3}}},"fnMap":{"0":{"name":"commonWebpack","decl":{"start":{"line":14,"column":24},"end":{"line":14,"column":37}},"loc":{"start":{"line":14,"column":117},"end":{"line":71,"column":1}},"line":14}},"branchMap":{"0":{"loc":{"start":{"line":17,"column":8},"end":{"line":17,"column":51}},"type":"cond-expr","locations":[{"start":{"line":17,"column":23},"end":{"line":17,"column":35}},{"start":{"line":17,"column":38},"end":{"line":17,"column":51}}],"line":17},"1":{"loc":{"start":{"line":19,"column":10},"end":{"line":19,"column":35}},"type":"cond-expr","locations":[{"start":{"line":19,"column":21},"end":{"line":19,"column":26}},{"start":{"line":19,"column":29},"end":{"line":19,"column":35}}],"line":19},"2":{"loc":{"start":{"line":20,"column":11},"end":{"line":20,"column":60}},"type":"cond-expr","locations":[{"start":{"line":20,"column":26},"end":{"line":20,"column":38}},{"start":{"line":20,"column":41},"end":{"line":20,"column":60}}],"line":20},"3":{"loc":{"start":{"line":26,"column":13},"end":{"line":26,"column":104}},"type":"cond-expr","locations":[{"start":{"line":26,"column":28},"end":{"line":26,"column":91}},{"start":{"line":26,"column":94},"end":{"line":26,"column":104}}],"line":26},"4":{"loc":{"start":{"line":32,"column":54},"end":{"line":32,"column":78}},"type":"cond-expr","locations":[{"start":{"line":32,"column":65},"end":{"line":32,"column":73}},{"start":{"line":32,"column":76},"end":{"line":32,"column":78}}],"line":32},"5":{"loc":{"start":{"line":55,"column":11},"end":{"line":55,"column":41}},"type":"cond-expr","locations":[{"start":{"line":55,"column":22},"end":{"line":55,"column":31}},{"start":{"line":55,"column":34},"end":{"line":55,"column":41}}],"line":55},"6":{"loc":{"start":{"line":68,"column":12},"end":{"line":68,"column":23}},"type":"binary-expr","locations":[{"start":{"line":68,"column":12},"end":{"line":68,"column":17}},{"start":{"line":68,"column":21},"end":{"line":68,"column":23}}],"line":68}},"s":{"0":4},"f":{"0":4},"b":{"0":[2,2],"1":[2,2],"2":[2,2],"3":[2,2],"4":[2,2],"5":[2,2],"6":[4,4]},"_coverageSchema":"43e27e138ebf9cfc5966b082cf9a028302ed4184","hash":"d9f46db1bb7329cb88f3a250546809bf46350910"}
,"/home/mike/dev/imperium/packages/util/src/index.ts": {"path":"/home/mike/dev/imperium/packages/util/src/index.ts","statementMap":{},"fnMap":{},"branchMap":{},"s":{},"f":{},"b":{},"hash":"3470160a0067f8d1d564d28af13bac1eab47520a"}
,"/home/mike/dev/imperium/packages/util/src/inspectLoader.ts": {"path":"/home/mike/dev/imperium/packages/util/src/inspectLoader.ts","statementMap":{"0":{"start":{"line":7,"column":10},"end":{"line":7,"column":32}},"1":{"start":{"line":10,"column":1},"end":{"line":10,"column":28}},"2":{"start":{"line":25,"column":1},"end":{"line":33,"column":3}},"3":{"start":{"line":30,"column":4},"end":{"line":30,"column":70}}},"fnMap":{"0":{"name":"log","decl":{"start":{"line":9,"column":16},"end":{"line":9,"column":19}},"loc":{"start":{"line":9,"column":52},"end":{"line":11,"column":1}},"line":9},"1":{"name":"inspectLoader","decl":{"start":{"line":24,"column":24},"end":{"line":24,"column":37}},"loc":{"start":{"line":24,"column":58},"end":{"line":34,"column":1}},"line":24},"2":{"name":"(anonymous_2)","decl":{"start":{"line":29,"column":3},"end":{"line":29,"column":4}},"loc":{"start":{"line":29,"column":33},"end":{"line":31,"column":4}},"line":29}},"branchMap":{},"s":{"0":1,"1":0,"2":8,"3":0},"f":{"0":0,"1":8,"2":0},"b":{},"_coverageSchema":"43e27e138ebf9cfc5966b082cf9a028302ed4184","hash":"72998b641046215feab8d0c192bfdb5f901116ce"}
,"/home/mike/dev/imperium/packages/util/src/typeguards.ts": {"path":"/home/mike/dev/imperium/packages/util/src/typeguards.ts","statementMap":{"0":{"start":{"line":3,"column":1},"end":{"line":3,"column":30}},"1":{"start":{"line":8,"column":1},"end":{"line":8,"column":27}},"2":{"start":{"line":8,"column":18},"end":{"line":8,"column":27}},"3":{"start":{"line":9,"column":1},"end":{"line":9,"column":42}}},"fnMap":{"0":{"name":"isString","decl":{"start":{"line":2,"column":16},"end":{"line":2,"column":24}},"loc":{"start":{"line":2,"column":46},"end":{"line":4,"column":1}},"line":2},"1":{"name":"toString","decl":{"start":{"line":7,"column":16},"end":{"line":7,"column":24}},"loc":{"start":{"line":7,"column":41},"end":{"line":10,"column":1}},"line":7}},"branchMap":{"0":{"loc":{"start":{"line":8,"column":1},"end":{"line":8,"column":27}},"type":"if","locations":[{"start":{"line":8,"column":1},"end":{"line":8,"column":27}},{"start":{"line":8,"column":1},"end":{"line":8,"column":27}}],"line":8}},"s":{"0":0,"1":0,"2":0,"3":0},"f":{"0":0,"1":0},"b":{"0":[0,0]},"hash":"b428d94acf13c26a6a8e55e0570a4fc0f4e0eda7"}
}
