TN:
SF:/home/mike/dev/imperium/packages/util/src/commonWebpack.ts
FN:14,commonWebpack
FNF:1
FNH:1
FNDA:4,commonWebpack
DA:15,4
LF:1
LH:1
BRDA:17,0,0,2
BRDA:17,0,1,2
BRDA:19,1,0,2
BRDA:19,1,1,2
BRDA:20,2,0,2
BRDA:20,2,1,2
BRDA:26,3,0,2
BRDA:26,3,1,2
BRDA:32,4,0,2
BRDA:32,4,1,2
BRDA:55,5,0,2
BRDA:55,5,1,2
BRDA:68,6,0,4
BRDA:68,6,1,4
BRF:14
BRH:14
end_of_record
TN:
SF:/home/mike/dev/imperium/packages/util/src/index.ts
FNF:0
FNH:0
LF:0
LH:0
BRF:0
BRH:0
end_of_record
TN:
SF:/home/mike/dev/imperium/packages/util/src/inspectLoader.ts
FN:9,log
FN:24,inspectLoader
FN:29,(anonymous_2)
FNF:3
FNH:1
FNDA:0,log
FNDA:8,inspectLoader
FNDA:0,(anonymous_2)
DA:7,1
DA:10,0
DA:25,8
DA:30,0
LF:4
LH:2
BRF:0
BRH:0
end_of_record
TN:
SF:/home/mike/dev/imperium/packages/util/src/typeguards.ts
FN:2,isString
FN:7,toString
FNF:2
FNH:0
FNDA:0,isString
FNDA:0,toString
DA:3,0
DA:8,0
DA:9,0
LF:3
LH:0
BRDA:8,0,0,0
BRDA:8,0,1,0
BRF:2
BRH:0
end_of_record
